[0.032s] Invoking command in '/home/liyuhang/Desktop/TUP-Vision-2023-Based/build/global_interface': CMAKE_PREFIX_PATH=${CMAKE_PREFIX_PATH}:/opt/ros/galactic /usr/local/bin/cmake --build /home/liyuhang/Desktop/TUP-Vision-2023-Based/build/global_interface -- -j8 -l8
[0.062s] [  1%] Built target global_interface__cpp
[0.064s] [ 12%] Built target global_interface__rosidl_generator_c
[0.077s] [ 23%] Built target global_interface__rosidl_typesupport_cpp
[0.077s] [ 35%] Built target global_interface__rosidl_typesupport_fastrtps_cpp
[0.078s] [ 49%] Built target global_interface__rosidl_typesupport_introspection_cpp
[0.078s] [ 57%] Built target global_interface__rosidl_typesupport_c
[0.081s] [ 69%] Built target global_interface__rosidl_typesupport_introspection_c
[0.091s] [ 80%] Built target global_interface__rosidl_typesupport_fastrtps_c
[0.102s] [ 80%] Built target global_interface
[0.115s] [ 81%] Built target global_interface__py
[0.130s] [ 91%] Built target global_interface__python
[0.142s] [ 97%] Built target global_interface__rosidl_typesupport_c__pyext
[0.143s] [ 97%] Built target global_interface__rosidl_typesupport_introspection_c__pyext
[0.143s] [100%] Built target global_interface__rosidl_typesupport_fastrtps_c__pyext
[0.150s] Invoked command in '/home/liyuhang/Desktop/TUP-Vision-2023-Based/build/global_interface' returned '0': CMAKE_PREFIX_PATH=${CMAKE_PREFIX_PATH}:/opt/ros/galactic /usr/local/bin/cmake --build /home/liyuhang/Desktop/TUP-Vision-2023-Based/build/global_interface -- -j8 -l8
[0.299s] Invoking command in '/home/liyuhang/Desktop/TUP-Vision-2023-Based/build/global_interface': CMAKE_PREFIX_PATH=${CMAKE_PREFIX_PATH}:/opt/ros/galactic /usr/local/bin/cmake --install /home/liyuhang/Desktop/TUP-Vision-2023-Based/build/global_interface
[0.304s] -- Install configuration: ""
[0.304s] -- Up-to-date: /home/liyuhang/Desktop/TUP-Vision-2023-Based/install/global_interface/share/ament_index/resource_index/rosidl_interfaces/global_interface
[0.305s] -- Up-to-date: /home/liyuhang/Desktop/TUP-Vision-2023-Based/install/global_interface/include/global_interface
[0.305s] -- Up-to-date: /home/liyuhang/Desktop/TUP-Vision-2023-Based/install/global_interface/include/global_interface/msg
[0.305s] -- Up-to-date: /home/liyuhang/Desktop/TUP-Vision-2023-Based/install/global_interface/include/global_interface/msg/spin_info.h
[0.305s] -- Up-to-date: /home/liyuhang/Desktop/TUP-Vision-2023-Based/install/global_interface/include/global_interface/msg/detail
[0.305s] -- Up-to-date: /home/liyuhang/Desktop/TUP-Vision-2023-Based/install/global_interface/include/global_interface/msg/detail/armor__struct.h
[0.306s] -- Up-to-date: /home/liyuhang/Desktop/TUP-Vision-2023-Based/install/global_interface/include/global_interface/msg/detail/armors__struct.h
[0.306s] -- Up-to-date: /home/liyuhang/Desktop/TUP-Vision-2023-Based/install/global_interface/include/global_interface/msg/detail/target__type_support.h
[0.306s] -- Up-to-date: /home/liyuhang/Desktop/TUP-Vision-2023-Based/install/global_interface/include/global_interface/msg/detail/gimbal__functions.c
[0.306s] -- Up-to-date: /home/liyuhang/Desktop/TUP-Vision-2023-Based/install/global_interface/include/global_interface/msg/detail/gimbal__type_support.h
[0.306s] -- Up-to-date: /home/liyuhang/Desktop/TUP-Vision-2023-Based/install/global_interface/include/global_interface/msg/detail/imu__type_support.h
[0.306s] -- Up-to-date: /home/liyuhang/Desktop/TUP-Vision-2023-Based/install/global_interface/include/global_interface/msg/detail/imu__functions.h
[0.306s] -- Up-to-date: /home/liyuhang/Desktop/TUP-Vision-2023-Based/install/global_interface/include/global_interface/msg/detail/armor__type_support.h
[0.307s] -- Up-to-date: /home/liyuhang/Desktop/TUP-Vision-2023-Based/install/global_interface/include/global_interface/msg/detail/imu__functions.c
[0.307s] -- Up-to-date: /home/liyuhang/Desktop/TUP-Vision-2023-Based/install/global_interface/include/global_interface/msg/detail/armor__functions.c
[0.307s] -- Up-to-date: /home/liyuhang/Desktop/TUP-Vision-2023-Based/install/global_interface/include/global_interface/msg/detail/spin_info__type_support.h
[0.307s] -- Up-to-date: /home/liyuhang/Desktop/TUP-Vision-2023-Based/install/global_interface/include/global_interface/msg/detail/target__functions.c
[0.307s] -- Up-to-date: /home/liyuhang/Desktop/TUP-Vision-2023-Based/install/global_interface/include/global_interface/msg/detail/armors__type_support.h
[0.307s] -- Up-to-date: /home/liyuhang/Desktop/TUP-Vision-2023-Based/install/global_interface/include/global_interface/msg/detail/armors__functions.h
[0.307s] -- Up-to-date: /home/liyuhang/Desktop/TUP-Vision-2023-Based/install/global_interface/include/global_interface/msg/detail/spin_info__struct.h
[0.307s] -- Up-to-date: /home/liyuhang/Desktop/TUP-Vision-2023-Based/install/global_interface/include/global_interface/msg/detail/armors__functions.c
[0.307s] -- Up-to-date: /home/liyuhang/Desktop/TUP-Vision-2023-Based/install/global_interface/include/global_interface/msg/detail/target__functions.h
[0.308s] -- Up-to-date: /home/liyuhang/Desktop/TUP-Vision-2023-Based/install/global_interface/include/global_interface/msg/detail/spin_info__functions.c
[0.308s] -- Up-to-date: /home/liyuhang/Desktop/TUP-Vision-2023-Based/install/global_interface/include/global_interface/msg/detail/gimbal__functions.h
[0.308s] -- Up-to-date: /home/liyuhang/Desktop/TUP-Vision-2023-Based/install/global_interface/include/global_interface/msg/detail/spin_info__functions.h
[0.308s] -- Up-to-date: /home/liyuhang/Desktop/TUP-Vision-2023-Based/install/global_interface/include/global_interface/msg/detail/target__struct.h
[0.308s] -- Up-to-date: /home/liyuhang/Desktop/TUP-Vision-2023-Based/install/global_interface/include/global_interface/msg/detail/gimbal__struct.h
[0.308s] -- Up-to-date: /home/liyuhang/Desktop/TUP-Vision-2023-Based/install/global_interface/include/global_interface/msg/detail/armor__functions.h
[0.308s] -- Up-to-date: /home/liyuhang/Desktop/TUP-Vision-2023-Based/install/global_interface/include/global_interface/msg/detail/imu__struct.h
[0.308s] -- Up-to-date: /home/liyuhang/Desktop/TUP-Vision-2023-Based/install/global_interface/include/global_interface/msg/rosidl_generator_c__visibility_control.h
[0.308s] -- Up-to-date: /home/liyuhang/Desktop/TUP-Vision-2023-Based/install/global_interface/include/global_interface/msg/armors.h
[0.309s] -- Up-to-date: /home/liyuhang/Desktop/TUP-Vision-2023-Based/install/global_interface/include/global_interface/msg/armor.h
[0.309s] -- Up-to-date: /home/liyuhang/Desktop/TUP-Vision-2023-Based/install/global_interface/include/global_interface/msg/gimbal.h
[0.309s] -- Up-to-date: /home/liyuhang/Desktop/TUP-Vision-2023-Based/install/global_interface/include/global_interface/msg/imu.h
[0.309s] -- Up-to-date: /home/liyuhang/Desktop/TUP-Vision-2023-Based/install/global_interface/include/global_interface/msg/target.h
[0.309s] -- Up-to-date: /home/liyuhang/Desktop/TUP-Vision-2023-Based/install/global_interface/share/global_interface/environment/library_path.sh
[0.309s] -- Up-to-date: /home/liyuhang/Desktop/TUP-Vision-2023-Based/install/global_interface/share/global_interface/environment/library_path.dsv
[0.309s] -- Up-to-date: /home/liyuhang/Desktop/TUP-Vision-2023-Based/install/global_interface/lib/libglobal_interface__rosidl_generator_c.so
[0.309s] -- Up-to-date: /home/liyuhang/Desktop/TUP-Vision-2023-Based/install/global_interface/include/global_interface
[0.309s] -- Up-to-date: /home/liyuhang/Desktop/TUP-Vision-2023-Based/install/global_interface/include/global_interface/msg
[0.309s] -- Up-to-date: /home/liyuhang/Desktop/TUP-Vision-2023-Based/install/global_interface/include/global_interface/msg/rosidl_typesupport_fastrtps_c__visibility_control.h
[0.310s] -- Up-to-date: /home/liyuhang/Desktop/TUP-Vision-2023-Based/install/global_interface/include/global_interface/msg/detail
[0.310s] -- Up-to-date: /home/liyuhang/Desktop/TUP-Vision-2023-Based/install/global_interface/include/global_interface/msg/detail/target__rosidl_typesupport_fastrtps_c.h
[0.310s] -- Up-to-date: /home/liyuhang/Desktop/TUP-Vision-2023-Based/install/global_interface/include/global_interface/msg/detail/spin_info__rosidl_typesupport_fastrtps_c.h
[0.310s] -- Up-to-date: /home/liyuhang/Desktop/TUP-Vision-2023-Based/install/global_interface/include/global_interface/msg/detail/armor__rosidl_typesupport_fastrtps_c.h
[0.310s] -- Up-to-date: /home/liyuhang/Desktop/TUP-Vision-2023-Based/install/global_interface/include/global_interface/msg/detail/armors__rosidl_typesupport_fastrtps_c.h
[0.310s] -- Up-to-date: /home/liyuhang/Desktop/TUP-Vision-2023-Based/install/global_interface/include/global_interface/msg/detail/gimbal__rosidl_typesupport_fastrtps_c.h
[0.310s] -- Up-to-date: /home/liyuhang/Desktop/TUP-Vision-2023-Based/install/global_interface/include/global_interface/msg/detail/imu__rosidl_typesupport_fastrtps_c.h
[0.311s] -- Up-to-date: /home/liyuhang/Desktop/TUP-Vision-2023-Based/install/global_interface/lib/libglobal_interface__rosidl_typesupport_fastrtps_c.so
[0.311s] -- Up-to-date: /home/liyuhang/Desktop/TUP-Vision-2023-Based/install/global_interface/include/global_interface
[0.311s] -- Up-to-date: /home/liyuhang/Desktop/TUP-Vision-2023-Based/install/global_interface/include/global_interface/msg
[0.312s] -- Up-to-date: /home/liyuhang/Desktop/TUP-Vision-2023-Based/install/global_interface/include/global_interface/msg/detail
[0.312s] -- Up-to-date: /home/liyuhang/Desktop/TUP-Vision-2023-Based/install/global_interface/include/global_interface/msg/detail/dds_fastrtps
[0.312s] -- Up-to-date: /home/liyuhang/Desktop/TUP-Vision-2023-Based/install/global_interface/include/global_interface/msg/detail/target__rosidl_typesupport_fastrtps_cpp.hpp
[0.312s] -- Up-to-date: /home/liyuhang/Desktop/TUP-Vision-2023-Based/install/global_interface/include/global_interface/msg/detail/gimbal__rosidl_typesupport_fastrtps_cpp.hpp
[0.312s] -- Up-to-date: /home/liyuhang/Desktop/TUP-Vision-2023-Based/install/global_interface/include/global_interface/msg/detail/armors__rosidl_typesupport_fastrtps_cpp.hpp
[0.312s] -- Up-to-date: /home/liyuhang/Desktop/TUP-Vision-2023-Based/install/global_interface/include/global_interface/msg/detail/spin_info__rosidl_typesupport_fastrtps_cpp.hpp
[0.313s] -- Up-to-date: /home/liyuhang/Desktop/TUP-Vision-2023-Based/install/global_interface/include/global_interface/msg/detail/armor__rosidl_typesupport_fastrtps_cpp.hpp
[0.313s] -- Up-to-date: /home/liyuhang/Desktop/TUP-Vision-2023-Based/install/global_interface/include/global_interface/msg/detail/imu__rosidl_typesupport_fastrtps_cpp.hpp
[0.313s] -- Up-to-date: /home/liyuhang/Desktop/TUP-Vision-2023-Based/install/global_interface/include/global_interface/msg/rosidl_typesupport_fastrtps_cpp__visibility_control.h
[0.313s] -- Up-to-date: /home/liyuhang/Desktop/TUP-Vision-2023-Based/install/global_interface/lib/libglobal_interface__rosidl_typesupport_fastrtps_cpp.so
[0.313s] -- Up-to-date: /home/liyuhang/Desktop/TUP-Vision-2023-Based/install/global_interface/include/global_interface
[0.313s] -- Up-to-date: /home/liyuhang/Desktop/TUP-Vision-2023-Based/install/global_interface/include/global_interface/msg
[0.313s] -- Up-to-date: /home/liyuhang/Desktop/TUP-Vision-2023-Based/install/global_interface/include/global_interface/msg/detail
[0.313s] -- Up-to-date: /home/liyuhang/Desktop/TUP-Vision-2023-Based/install/global_interface/include/global_interface/msg/detail/spin_info__rosidl_typesupport_introspection_c.h
[0.314s] -- Up-to-date: /home/liyuhang/Desktop/TUP-Vision-2023-Based/install/global_interface/include/global_interface/msg/detail/spin_info__type_support.c
[0.314s] -- Up-to-date: /home/liyuhang/Desktop/TUP-Vision-2023-Based/install/global_interface/include/global_interface/msg/detail/armors__type_support.c
[0.314s] -- Up-to-date: /home/liyuhang/Desktop/TUP-Vision-2023-Based/install/global_interface/include/global_interface/msg/detail/armor__type_support.c
[0.314s] -- Up-to-date: /home/liyuhang/Desktop/TUP-Vision-2023-Based/install/global_interface/include/global_interface/msg/detail/imu__type_support.c
[0.314s] -- Up-to-date: /home/liyuhang/Desktop/TUP-Vision-2023-Based/install/global_interface/include/global_interface/msg/detail/gimbal__rosidl_typesupport_introspection_c.h
[0.314s] -- Up-to-date: /home/liyuhang/Desktop/TUP-Vision-2023-Based/install/global_interface/include/global_interface/msg/detail/target__rosidl_typesupport_introspection_c.h
[0.314s] -- Up-to-date: /home/liyuhang/Desktop/TUP-Vision-2023-Based/install/global_interface/include/global_interface/msg/detail/gimbal__type_support.c
[0.314s] -- Up-to-date: /home/liyuhang/Desktop/TUP-Vision-2023-Based/install/global_interface/include/global_interface/msg/detail/armors__rosidl_typesupport_introspection_c.h
[0.314s] -- Up-to-date: /home/liyuhang/Desktop/TUP-Vision-2023-Based/install/global_interface/include/global_interface/msg/detail/target__type_support.c
[0.314s] -- Up-to-date: /home/liyuhang/Desktop/TUP-Vision-2023-Based/install/global_interface/include/global_interface/msg/detail/armor__rosidl_typesupport_introspection_c.h
[0.314s] -- Up-to-date: /home/liyuhang/Desktop/TUP-Vision-2023-Based/install/global_interface/include/global_interface/msg/detail/imu__rosidl_typesupport_introspection_c.h
[0.314s] -- Up-to-date: /home/liyuhang/Desktop/TUP-Vision-2023-Based/install/global_interface/include/global_interface/msg/rosidl_typesupport_introspection_c__visibility_control.h
[0.314s] -- Up-to-date: /home/liyuhang/Desktop/TUP-Vision-2023-Based/install/global_interface/lib/libglobal_interface__rosidl_typesupport_introspection_c.so
[0.314s] -- Up-to-date: /home/liyuhang/Desktop/TUP-Vision-2023-Based/install/global_interface/lib/libglobal_interface__rosidl_typesupport_c.so
[0.314s] -- Up-to-date: /home/liyuhang/Desktop/TUP-Vision-2023-Based/install/global_interface/include/global_interface
[0.314s] -- Up-to-date: /home/liyuhang/Desktop/TUP-Vision-2023-Based/install/global_interface/include/global_interface/msg
[0.315s] -- Up-to-date: /home/liyuhang/Desktop/TUP-Vision-2023-Based/install/global_interface/include/global_interface/msg/gimbal.hpp
[0.315s] -- Up-to-date: /home/liyuhang/Desktop/TUP-Vision-2023-Based/install/global_interface/include/global_interface/msg/detail
[0.315s] -- Up-to-date: /home/liyuhang/Desktop/TUP-Vision-2023-Based/install/global_interface/include/global_interface/msg/detail/target__traits.hpp
[0.315s] -- Up-to-date: /home/liyuhang/Desktop/TUP-Vision-2023-Based/install/global_interface/include/global_interface/msg/detail/target__struct.hpp
[0.315s] -- Up-to-date: /home/liyuhang/Desktop/TUP-Vision-2023-Based/install/global_interface/include/global_interface/msg/detail/imu__struct.hpp
[0.315s] -- Up-to-date: /home/liyuhang/Desktop/TUP-Vision-2023-Based/install/global_interface/include/global_interface/msg/detail/spin_info__traits.hpp
[0.315s] -- Up-to-date: /home/liyuhang/Desktop/TUP-Vision-2023-Based/install/global_interface/include/global_interface/msg/detail/armors__struct.hpp
[0.315s] -- Up-to-date: /home/liyuhang/Desktop/TUP-Vision-2023-Based/install/global_interface/include/global_interface/msg/detail/target__builder.hpp
[0.315s] -- Up-to-date: /home/liyuhang/Desktop/TUP-Vision-2023-Based/install/global_interface/include/global_interface/msg/detail/spin_info__builder.hpp
[0.315s] -- Up-to-date: /home/liyuhang/Desktop/TUP-Vision-2023-Based/install/global_interface/include/global_interface/msg/detail/armors__builder.hpp
[0.315s] -- Up-to-date: /home/liyuhang/Desktop/TUP-Vision-2023-Based/install/global_interface/include/global_interface/msg/detail/armor__builder.hpp
[0.315s] -- Up-to-date: /home/liyuhang/Desktop/TUP-Vision-2023-Based/install/global_interface/include/global_interface/msg/detail/imu__traits.hpp
[0.315s] -- Up-to-date: /home/liyuhang/Desktop/TUP-Vision-2023-Based/install/global_interface/include/global_interface/msg/detail/armors__traits.hpp
[0.315s] -- Up-to-date: /home/liyuhang/Desktop/TUP-Vision-2023-Based/install/global_interface/include/global_interface/msg/detail/gimbal__builder.hpp
[0.315s] -- Up-to-date: /home/liyuhang/Desktop/TUP-Vision-2023-Based/install/global_interface/include/global_interface/msg/detail/gimbal__traits.hpp
[0.315s] -- Up-to-date: /home/liyuhang/Desktop/TUP-Vision-2023-Based/install/global_interface/include/global_interface/msg/detail/armor__struct.hpp
[0.315s] -- Up-to-date: /home/liyuhang/Desktop/TUP-Vision-2023-Based/install/global_interface/include/global_interface/msg/detail/spin_info__struct.hpp
[0.316s] -- Up-to-date: /home/liyuhang/Desktop/TUP-Vision-2023-Based/install/global_interface/include/global_interface/msg/detail/imu__builder.hpp
[0.316s] -- Up-to-date: /home/liyuhang/Desktop/TUP-Vision-2023-Based/install/global_interface/include/global_interface/msg/detail/armor__traits.hpp
[0.316s] -- Up-to-date: /home/liyuhang/Desktop/TUP-Vision-2023-Based/install/global_interface/include/global_interface/msg/detail/gimbal__struct.hpp
[0.316s] -- Up-to-date: /home/liyuhang/Desktop/TUP-Vision-2023-Based/install/global_interface/include/global_interface/msg/armors.hpp
[0.316s] -- Up-to-date: /home/liyuhang/Desktop/TUP-Vision-2023-Based/install/global_interface/include/global_interface/msg/armor.hpp
[0.316s] -- Up-to-date: /home/liyuhang/Desktop/TUP-Vision-2023-Based/install/global_interface/include/global_interface/msg/spin_info.hpp
[0.316s] -- Up-to-date: /home/liyuhang/Desktop/TUP-Vision-2023-Based/install/global_interface/include/global_interface/msg/target.hpp
[0.316s] -- Up-to-date: /home/liyuhang/Desktop/TUP-Vision-2023-Based/install/global_interface/include/global_interface/msg/imu.hpp
[0.316s] -- Up-to-date: /home/liyuhang/Desktop/TUP-Vision-2023-Based/install/global_interface/include/global_interface
[0.316s] -- Up-to-date: /home/liyuhang/Desktop/TUP-Vision-2023-Based/install/global_interface/include/global_interface/msg
[0.316s] -- Up-to-date: /home/liyuhang/Desktop/TUP-Vision-2023-Based/install/global_interface/include/global_interface/msg/detail
[0.316s] -- Up-to-date: /home/liyuhang/Desktop/TUP-Vision-2023-Based/install/global_interface/include/global_interface/msg/detail/target__type_support.cpp
[0.316s] -- Up-to-date: /home/liyuhang/Desktop/TUP-Vision-2023-Based/install/global_interface/include/global_interface/msg/detail/armor__type_support.cpp
[0.316s] -- Up-to-date: /home/liyuhang/Desktop/TUP-Vision-2023-Based/install/global_interface/include/global_interface/msg/detail/armor__rosidl_typesupport_introspection_cpp.hpp
[0.316s] -- Up-to-date: /home/liyuhang/Desktop/TUP-Vision-2023-Based/install/global_interface/include/global_interface/msg/detail/target__rosidl_typesupport_introspection_cpp.hpp
[0.316s] -- Up-to-date: /home/liyuhang/Desktop/TUP-Vision-2023-Based/install/global_interface/include/global_interface/msg/detail/armors__rosidl_typesupport_introspection_cpp.hpp
[0.317s] -- Up-to-date: /home/liyuhang/Desktop/TUP-Vision-2023-Based/install/global_interface/include/global_interface/msg/detail/armors__type_support.cpp
[0.317s] -- Up-to-date: /home/liyuhang/Desktop/TUP-Vision-2023-Based/install/global_interface/include/global_interface/msg/detail/spin_info__type_support.cpp
[0.317s] -- Up-to-date: /home/liyuhang/Desktop/TUP-Vision-2023-Based/install/global_interface/include/global_interface/msg/detail/gimbal__rosidl_typesupport_introspection_cpp.hpp
[0.317s] -- Up-to-date: /home/liyuhang/Desktop/TUP-Vision-2023-Based/install/global_interface/include/global_interface/msg/detail/imu__rosidl_typesupport_introspection_cpp.hpp
[0.317s] -- Up-to-date: /home/liyuhang/Desktop/TUP-Vision-2023-Based/install/global_interface/include/global_interface/msg/detail/gimbal__type_support.cpp
[0.317s] -- Up-to-date: /home/liyuhang/Desktop/TUP-Vision-2023-Based/install/global_interface/include/global_interface/msg/detail/imu__type_support.cpp
[0.317s] -- Up-to-date: /home/liyuhang/Desktop/TUP-Vision-2023-Based/install/global_interface/include/global_interface/msg/detail/spin_info__rosidl_typesupport_introspection_cpp.hpp
[0.317s] -- Up-to-date: /home/liyuhang/Desktop/TUP-Vision-2023-Based/install/global_interface/lib/libglobal_interface__rosidl_typesupport_introspection_cpp.so
[0.317s] -- Up-to-date: /home/liyuhang/Desktop/TUP-Vision-2023-Based/install/global_interface/lib/libglobal_interface__rosidl_typesupport_cpp.so
[0.317s] -- Up-to-date: /home/liyuhang/Desktop/TUP-Vision-2023-Based/install/global_interface/share/global_interface/environment/pythonpath.sh
[0.317s] -- Up-to-date: /home/liyuhang/Desktop/TUP-Vision-2023-Based/install/global_interface/share/global_interface/environment/pythonpath.dsv
[0.317s] -- Up-to-date: /home/liyuhang/Desktop/TUP-Vision-2023-Based/install/global_interface/lib/python3.8/site-packages/global_interface/__init__.py
[0.353s] -- Up-to-date: /home/liyuhang/Desktop/TUP-Vision-2023-Based/install/global_interface/lib/python3.8/site-packages/global_interface/msg
[0.353s] -- Up-to-date: /home/liyuhang/Desktop/TUP-Vision-2023-Based/install/global_interface/lib/python3.8/site-packages/global_interface/msg/_armor_s.c
[0.353s] -- Up-to-date: /home/liyuhang/Desktop/TUP-Vision-2023-Based/install/global_interface/lib/python3.8/site-packages/global_interface/msg/_gimbal_s.c
[0.353s] -- Up-to-date: /home/liyuhang/Desktop/TUP-Vision-2023-Based/install/global_interface/lib/python3.8/site-packages/global_interface/msg/_armor.py
[0.353s] -- Up-to-date: /home/liyuhang/Desktop/TUP-Vision-2023-Based/install/global_interface/lib/python3.8/site-packages/global_interface/msg/_imu.py
[0.353s] -- Up-to-date: /home/liyuhang/Desktop/TUP-Vision-2023-Based/install/global_interface/lib/python3.8/site-packages/global_interface/msg/_armors.py
[0.353s] -- Up-to-date: /home/liyuhang/Desktop/TUP-Vision-2023-Based/install/global_interface/lib/python3.8/site-packages/global_interface/msg/_target_s.c
[0.354s] -- Up-to-date: /home/liyuhang/Desktop/TUP-Vision-2023-Based/install/global_interface/lib/python3.8/site-packages/global_interface/msg/_spin_info.py
[0.354s] -- Up-to-date: /home/liyuhang/Desktop/TUP-Vision-2023-Based/install/global_interface/lib/python3.8/site-packages/global_interface/msg/_imu_s.c
[0.354s] -- Up-to-date: /home/liyuhang/Desktop/TUP-Vision-2023-Based/install/global_interface/lib/python3.8/site-packages/global_interface/msg/_gimbal.py
[0.354s] -- Up-to-date: /home/liyuhang/Desktop/TUP-Vision-2023-Based/install/global_interface/lib/python3.8/site-packages/global_interface/msg/_armors_s.c
[0.354s] -- Up-to-date: /home/liyuhang/Desktop/TUP-Vision-2023-Based/install/global_interface/lib/python3.8/site-packages/global_interface/msg/_spin_info_s.c
[0.354s] -- Up-to-date: /home/liyuhang/Desktop/TUP-Vision-2023-Based/install/global_interface/lib/python3.8/site-packages/global_interface/msg/__init__.py
[0.354s] -- Up-to-date: /home/liyuhang/Desktop/TUP-Vision-2023-Based/install/global_interface/lib/python3.8/site-packages/global_interface/msg/_target.py
[0.354s] -- Up-to-date: /home/liyuhang/Desktop/TUP-Vision-2023-Based/install/global_interface/lib/python3.8/site-packages/global_interface/global_interface_s__rosidl_typesupport_fastrtps_c.cpython-38-x86_64-linux-gnu.so
[0.355s] -- Up-to-date: /home/liyuhang/Desktop/TUP-Vision-2023-Based/install/global_interface/lib/python3.8/site-packages/global_interface/global_interface_s__rosidl_typesupport_introspection_c.cpython-38-x86_64-linux-gnu.so
[0.355s] -- Up-to-date: /home/liyuhang/Desktop/TUP-Vision-2023-Based/install/global_interface/lib/python3.8/site-packages/global_interface/global_interface_s__rosidl_typesupport_c.cpython-38-x86_64-linux-gnu.so
[0.356s] -- Up-to-date: /home/liyuhang/Desktop/TUP-Vision-2023-Based/install/global_interface/lib/libglobal_interface__python.so
[0.356s] -- Up-to-date: /home/liyuhang/Desktop/TUP-Vision-2023-Based/install/global_interface/share/global_interface/msg/Gimbal.idl
[0.356s] -- Up-to-date: /home/liyuhang/Desktop/TUP-Vision-2023-Based/install/global_interface/share/global_interface/msg/Armor.idl
[0.356s] -- Up-to-date: /home/liyuhang/Desktop/TUP-Vision-2023-Based/install/global_interface/share/global_interface/msg/Armors.idl
[0.357s] -- Up-to-date: /home/liyuhang/Desktop/TUP-Vision-2023-Based/install/global_interface/share/global_interface/msg/Target.idl
[0.357s] -- Up-to-date: /home/liyuhang/Desktop/TUP-Vision-2023-Based/install/global_interface/share/global_interface/msg/SpinInfo.idl
[0.357s] -- Up-to-date: /home/liyuhang/Desktop/TUP-Vision-2023-Based/install/global_interface/share/global_interface/msg/Imu.idl
[0.357s] -- Up-to-date: /home/liyuhang/Desktop/TUP-Vision-2023-Based/install/global_interface/share/global_interface/msg/Gimbal.msg
[0.357s] -- Up-to-date: /home/liyuhang/Desktop/TUP-Vision-2023-Based/install/global_interface/share/global_interface/msg/Armor.msg
[0.357s] -- Up-to-date: /home/liyuhang/Desktop/TUP-Vision-2023-Based/install/global_interface/share/global_interface/msg/Armors.msg
[0.358s] -- Up-to-date: /home/liyuhang/Desktop/TUP-Vision-2023-Based/install/global_interface/share/global_interface/msg/Target.msg
[0.358s] -- Up-to-date: /home/liyuhang/Desktop/TUP-Vision-2023-Based/install/global_interface/share/global_interface/msg/SpinInfo.msg
[0.358s] -- Up-to-date: /home/liyuhang/Desktop/TUP-Vision-2023-Based/install/global_interface/share/global_interface/msg/Imu.msg
[0.358s] -- Up-to-date: /home/liyuhang/Desktop/TUP-Vision-2023-Based/install/global_interface/share/ament_index/resource_index/package_run_dependencies/global_interface
[0.358s] -- Up-to-date: /home/liyuhang/Desktop/TUP-Vision-2023-Based/install/global_interface/share/ament_index/resource_index/parent_prefix_path/global_interface
[0.358s] -- Up-to-date: /home/liyuhang/Desktop/TUP-Vision-2023-Based/install/global_interface/share/global_interface/environment/ament_prefix_path.sh
[0.358s] -- Up-to-date: /home/liyuhang/Desktop/TUP-Vision-2023-Based/install/global_interface/share/global_interface/environment/ament_prefix_path.dsv
[0.359s] -- Up-to-date: /home/liyuhang/Desktop/TUP-Vision-2023-Based/install/global_interface/share/global_interface/environment/path.sh
[0.359s] -- Up-to-date: /home/liyuhang/Desktop/TUP-Vision-2023-Based/install/global_interface/share/global_interface/environment/path.dsv
[0.359s] -- Up-to-date: /home/liyuhang/Desktop/TUP-Vision-2023-Based/install/global_interface/share/global_interface/local_setup.bash
[0.359s] -- Up-to-date: /home/liyuhang/Desktop/TUP-Vision-2023-Based/install/global_interface/share/global_interface/local_setup.sh
[0.359s] -- Up-to-date: /home/liyuhang/Desktop/TUP-Vision-2023-Based/install/global_interface/share/global_interface/local_setup.zsh
[0.359s] -- Up-to-date: /home/liyuhang/Desktop/TUP-Vision-2023-Based/install/global_interface/share/global_interface/local_setup.dsv
[0.360s] -- Installing: /home/liyuhang/Desktop/TUP-Vision-2023-Based/install/global_interface/share/global_interface/package.dsv
[0.360s] -- Up-to-date: /home/liyuhang/Desktop/TUP-Vision-2023-Based/install/global_interface/share/ament_index/resource_index/packages/global_interface
[0.360s] -- Up-to-date: /home/liyuhang/Desktop/TUP-Vision-2023-Based/install/global_interface/share/global_interface/cmake/global_interface__rosidl_generator_cExport.cmake
[0.360s] -- Up-to-date: /home/liyuhang/Desktop/TUP-Vision-2023-Based/install/global_interface/share/global_interface/cmake/global_interface__rosidl_generator_cExport-noconfig.cmake
[0.360s] -- Up-to-date: /home/liyuhang/Desktop/TUP-Vision-2023-Based/install/global_interface/share/global_interface/cmake/global_interface__rosidl_typesupport_introspection_cExport.cmake
[0.360s] -- Up-to-date: /home/liyuhang/Desktop/TUP-Vision-2023-Based/install/global_interface/share/global_interface/cmake/global_interface__rosidl_typesupport_introspection_cExport-noconfig.cmake
[0.360s] -- Up-to-date: /home/liyuhang/Desktop/TUP-Vision-2023-Based/install/global_interface/share/global_interface/cmake/global_interface__rosidl_typesupport_cExport.cmake
[0.360s] -- Up-to-date: /home/liyuhang/Desktop/TUP-Vision-2023-Based/install/global_interface/share/global_interface/cmake/global_interface__rosidl_typesupport_cExport-noconfig.cmake
[0.361s] -- Up-to-date: /home/liyuhang/Desktop/TUP-Vision-2023-Based/install/global_interface/share/global_interface/cmake/global_interface__rosidl_generator_cppExport.cmake
[0.361s] -- Up-to-date: /home/liyuhang/Desktop/TUP-Vision-2023-Based/install/global_interface/share/global_interface/cmake/global_interface__rosidl_typesupport_introspection_cppExport.cmake
[0.361s] -- Up-to-date: /home/liyuhang/Desktop/TUP-Vision-2023-Based/install/global_interface/share/global_interface/cmake/global_interface__rosidl_typesupport_introspection_cppExport-noconfig.cmake
[0.361s] -- Up-to-date: /home/liyuhang/Desktop/TUP-Vision-2023-Based/install/global_interface/share/global_interface/cmake/global_interface__rosidl_typesupport_cppExport.cmake
[0.361s] -- Up-to-date: /home/liyuhang/Desktop/TUP-Vision-2023-Based/install/global_interface/share/global_interface/cmake/global_interface__rosidl_typesupport_cppExport-noconfig.cmake
[0.361s] -- Up-to-date: /home/liyuhang/Desktop/TUP-Vision-2023-Based/install/global_interface/share/global_interface/cmake/rosidl_cmake-extras.cmake
[0.361s] -- Up-to-date: /home/liyuhang/Desktop/TUP-Vision-2023-Based/install/global_interface/share/global_interface/cmake/ament_cmake_export_dependencies-extras.cmake
[0.361s] -- Up-to-date: /home/liyuhang/Desktop/TUP-Vision-2023-Based/install/global_interface/share/global_interface/cmake/ament_cmake_export_libraries-extras.cmake
[0.362s] -- Up-to-date: /home/liyuhang/Desktop/TUP-Vision-2023-Based/install/global_interface/share/global_interface/cmake/ament_cmake_export_targets-extras.cmake
[0.362s] -- Up-to-date: /home/liyuhang/Desktop/TUP-Vision-2023-Based/install/global_interface/share/global_interface/cmake/ament_cmake_export_include_directories-extras.cmake
[0.362s] -- Up-to-date: /home/liyuhang/Desktop/TUP-Vision-2023-Based/install/global_interface/share/global_interface/cmake/rosidl_cmake_export_typesupport_libraries-extras.cmake
[0.362s] -- Up-to-date: /home/liyuhang/Desktop/TUP-Vision-2023-Based/install/global_interface/share/global_interface/cmake/rosidl_cmake_export_typesupport_targets-extras.cmake
[0.362s] -- Up-to-date: /home/liyuhang/Desktop/TUP-Vision-2023-Based/install/global_interface/share/global_interface/cmake/global_interfaceConfig.cmake
[0.362s] -- Up-to-date: /home/liyuhang/Desktop/TUP-Vision-2023-Based/install/global_interface/share/global_interface/cmake/global_interfaceConfig-version.cmake
[0.362s] -- Up-to-date: /home/liyuhang/Desktop/TUP-Vision-2023-Based/install/global_interface/share/global_interface/package.xml
[0.364s] Invoked command in '/home/liyuhang/Desktop/TUP-Vision-2023-Based/build/global_interface' returned '0': CMAKE_PREFIX_PATH=${CMAKE_PREFIX_PATH}:/opt/ros/galactic /usr/local/bin/cmake --install /home/liyuhang/Desktop/TUP-Vision-2023-Based/build/global_interface
