[ 40%] Built target camera_driver
[ 60%] Built target daheng_cam_driver_node
[ 80%] Built target usb_cam_driver_node
[100%] Built target hik_cam_driver_node
-- Install configuration: ""
-- Up-to-date: /home/liyuhang/Desktop/TUP-Vision-2023-Based/install/camera_driver/lib/libcamera_driver.so
-- Up-to-date: /home/liyuhang/Desktop/TUP-Vision-2023-Based/install/camera_driver/lib/camera_driver/usb_cam_driver_node
-- Up-to-date: /home/liyuhang/Desktop/TUP-Vision-2023-Based/install/camera_driver/lib/camera_driver/hik_cam_driver_node
-- Up-to-date: /home/liyuhang/Desktop/TUP-Vision-2023-Based/install/camera_driver/lib/camera_driver/daheng_cam_driver_node
-- Up-to-date: /home/liyuhang/Desktop/TUP-Vision-2023-Based/install/camera_driver/share/camera_driver/launch
-- Up-to-date: /home/liyuhang/Desktop/TUP-Vision-2023-Based/install/camera_driver/share/camera_driver/launch/hik_cam_node.launch.py
-- Up-to-date: /home/liyuhang/Desktop/TUP-Vision-2023-Based/install/camera_driver/share/camera_driver/launch/daheng_cam_node.launch.py
-- Up-to-date: /home/liyuhang/Desktop/TUP-Vision-2023-Based/install/camera_driver/share/camera_driver/launch/usb_cam_node.launch.py
-- Up-to-date: /home/liyuhang/Desktop/TUP-Vision-2023-Based/install/camera_driver/share/camera_driver/config
-- Up-to-date: /home/liyuhang/Desktop/TUP-Vision-2023-Based/install/camera_driver/share/camera_driver/config/camera.yaml
-- Up-to-date: /home/liyuhang/Desktop/TUP-Vision-2023-Based/install/camera_driver/share/ament_index/resource_index/package_run_dependencies/camera_driver
-- Up-to-date: /home/liyuhang/Desktop/TUP-Vision-2023-Based/install/camera_driver/share/ament_index/resource_index/parent_prefix_path/camera_driver
-- Up-to-date: /home/liyuhang/Desktop/TUP-Vision-2023-Based/install/camera_driver/share/camera_driver/environment/ament_prefix_path.sh
-- Up-to-date: /home/liyuhang/Desktop/TUP-Vision-2023-Based/install/camera_driver/share/camera_driver/environment/ament_prefix_path.dsv
-- Up-to-date: /home/liyuhang/Desktop/TUP-Vision-2023-Based/install/camera_driver/share/camera_driver/environment/path.sh
-- Up-to-date: /home/liyuhang/Desktop/TUP-Vision-2023-Based/install/camera_driver/share/camera_driver/environment/path.dsv
-- Up-to-date: /home/liyuhang/Desktop/TUP-Vision-2023-Based/install/camera_driver/share/camera_driver/local_setup.bash
-- Up-to-date: /home/liyuhang/Desktop/TUP-Vision-2023-Based/install/camera_driver/share/camera_driver/local_setup.sh
-- Up-to-date: /home/liyuhang/Desktop/TUP-Vision-2023-Based/install/camera_driver/share/camera_driver/local_setup.zsh
-- Up-to-date: /home/liyuhang/Desktop/TUP-Vision-2023-Based/install/camera_driver/share/camera_driver/local_setup.dsv
-- Installing: /home/liyuhang/Desktop/TUP-Vision-2023-Based/install/camera_driver/share/camera_driver/package.dsv
-- Up-to-date: /home/liyuhang/Desktop/TUP-Vision-2023-Based/install/camera_driver/share/ament_index/resource_index/packages/camera_driver
-- Up-to-date: /home/liyuhang/Desktop/TUP-Vision-2023-Based/install/camera_driver/share/ament_index/resource_index/rclcpp_components/camera_driver
-- Up-to-date: /home/liyuhang/Desktop/TUP-Vision-2023-Based/install/camera_driver/share/camera_driver/cmake/camera_driverConfig.cmake
-- Up-to-date: /home/liyuhang/Desktop/TUP-Vision-2023-Based/install/camera_driver/share/camera_driver/cmake/camera_driverConfig-version.cmake
-- Up-to-date: /home/liyuhang/Desktop/TUP-Vision-2023-Based/install/camera_driver/share/camera_driver/package.xml
