[0.026s] Invoking command in '/home/zhengtu/Desktop/TUP-Vision-2023-Based/build/camera_driver': AMENT_PREFIX_PATH=/home/zhengtu/Desktop/TUP-Vision-2023-Based/install/global_user:/home/zhengtu/Desktop/TUP-Vision-2023-Based/install/global_interface:${AMENT_PREFIX_PATH} CMAKE_PREFIX_PATH=/home/zhengtu/Desktop/TUP-Vision-2023-Based/install/global_user:/home/zhengtu/Desktop/TUP-Vision-2023-Based/install/global_interface:/opt/ros/galactic LD_LIBRARY_PATH=/home/zhengtu/Desktop/TUP-Vision-2023-Based/install/global_user/lib:/home/zhengtu/Desktop/TUP-Vision-2023-Based/install/global_interface/lib:/opt/MVS/lib/64:/opt/MVS/lib/32:/opt/ros/galactic/opt/yaml_cpp_vendor/lib:/opt/ros/galactic/opt/rviz_ogre_vendor/lib:/opt/ros/galactic/lib/x86_64-linux-gnu:/opt/ros/galactic/lib:/opt/MVS/lib/64:/opt/MVS/lib/32:/opt/MVS/lib/64:/opt/MVS/lib/32:/opt/MVS/lib/64:/opt/MVS/lib/32 PYTHONPATH=/home/zhengtu/Desktop/TUP-Vision-2023-Based/install/global_interface/lib/python3.8/site-packages:${PYTHONPATH} /usr/bin/cmake --build /home/zhengtu/Desktop/TUP-Vision-2023-Based/build/camera_driver -- -j16 -l16
[0.104s] [ 40%] Built target camera_driver
[0.152s] [ 60%] Built target usb_cam_driver_node
[0.154s] [ 80%] Built target daheng_cam_driver_node
[0.167s] [100%] Built target hik_cam_driver_node
[0.185s] Invoked command in '/home/zhengtu/Desktop/TUP-Vision-2023-Based/build/camera_driver' returned '0': AMENT_PREFIX_PATH=/home/zhengtu/Desktop/TUP-Vision-2023-Based/install/global_user:/home/zhengtu/Desktop/TUP-Vision-2023-Based/install/global_interface:${AMENT_PREFIX_PATH} CMAKE_PREFIX_PATH=/home/zhengtu/Desktop/TUP-Vision-2023-Based/install/global_user:/home/zhengtu/Desktop/TUP-Vision-2023-Based/install/global_interface:/opt/ros/galactic LD_LIBRARY_PATH=/home/zhengtu/Desktop/TUP-Vision-2023-Based/install/global_user/lib:/home/zhengtu/Desktop/TUP-Vision-2023-Based/install/global_interface/lib:/opt/MVS/lib/64:/opt/MVS/lib/32:/opt/ros/galactic/opt/yaml_cpp_vendor/lib:/opt/ros/galactic/opt/rviz_ogre_vendor/lib:/opt/ros/galactic/lib/x86_64-linux-gnu:/opt/ros/galactic/lib:/opt/MVS/lib/64:/opt/MVS/lib/32:/opt/MVS/lib/64:/opt/MVS/lib/32:/opt/MVS/lib/64:/opt/MVS/lib/32 PYTHONPATH=/home/zhengtu/Desktop/TUP-Vision-2023-Based/install/global_interface/lib/python3.8/site-packages:${PYTHONPATH} /usr/bin/cmake --build /home/zhengtu/Desktop/TUP-Vision-2023-Based/build/camera_driver -- -j16 -l16
[0.253s] Invoking command in '/home/zhengtu/Desktop/TUP-Vision-2023-Based/build/camera_driver': AMENT_PREFIX_PATH=/home/zhengtu/Desktop/TUP-Vision-2023-Based/install/global_user:/home/zhengtu/Desktop/TUP-Vision-2023-Based/install/global_interface:${AMENT_PREFIX_PATH} CMAKE_PREFIX_PATH=/home/zhengtu/Desktop/TUP-Vision-2023-Based/install/global_user:/home/zhengtu/Desktop/TUP-Vision-2023-Based/install/global_interface:/opt/ros/galactic LD_LIBRARY_PATH=/home/zhengtu/Desktop/TUP-Vision-2023-Based/install/global_user/lib:/home/zhengtu/Desktop/TUP-Vision-2023-Based/install/global_interface/lib:/opt/MVS/lib/64:/opt/MVS/lib/32:/opt/ros/galactic/opt/yaml_cpp_vendor/lib:/opt/ros/galactic/opt/rviz_ogre_vendor/lib:/opt/ros/galactic/lib/x86_64-linux-gnu:/opt/ros/galactic/lib:/opt/MVS/lib/64:/opt/MVS/lib/32:/opt/MVS/lib/64:/opt/MVS/lib/32:/opt/MVS/lib/64:/opt/MVS/lib/32 PYTHONPATH=/home/zhengtu/Desktop/TUP-Vision-2023-Based/install/global_interface/lib/python3.8/site-packages:${PYTHONPATH} /usr/bin/cmake --install /home/zhengtu/Desktop/TUP-Vision-2023-Based/build/camera_driver
[0.265s] -- Install configuration: ""
[0.265s] -- Up-to-date: /home/zhengtu/Desktop/TUP-Vision-2023-Based/install/camera_driver/lib/libcamera_driver.so
[0.265s] -- Up-to-date: /home/zhengtu/Desktop/TUP-Vision-2023-Based/install/camera_driver/lib/camera_driver/usb_cam_driver_node
[0.266s] -- Up-to-date: /home/zhengtu/Desktop/TUP-Vision-2023-Based/install/camera_driver/lib/camera_driver/hik_cam_driver_node
[0.266s] -- Up-to-date: /home/zhengtu/Desktop/TUP-Vision-2023-Based/install/camera_driver/lib/camera_driver/daheng_cam_driver_node
[0.267s] -- Up-to-date: /home/zhengtu/Desktop/TUP-Vision-2023-Based/install/camera_driver/share/camera_driver/launch
[0.267s] -- Up-to-date: /home/zhengtu/Desktop/TUP-Vision-2023-Based/install/camera_driver/share/camera_driver/launch/daheng_cam_node.launch.py
[0.267s] -- Up-to-date: /home/zhengtu/Desktop/TUP-Vision-2023-Based/install/camera_driver/share/camera_driver/launch/usb_cam_node.launch.py
[0.268s] -- Up-to-date: /home/zhengtu/Desktop/TUP-Vision-2023-Based/install/camera_driver/share/camera_driver/launch/hik_cam_node.launch.py
[0.268s] -- Up-to-date: /home/zhengtu/Desktop/TUP-Vision-2023-Based/install/camera_driver/share/camera_driver/config
[0.268s] -- Up-to-date: /home/zhengtu/Desktop/TUP-Vision-2023-Based/install/camera_driver/share/camera_driver/config/camera.yaml
[0.268s] -- Up-to-date: /home/zhengtu/Desktop/TUP-Vision-2023-Based/install/camera_driver/share/ament_index/resource_index/package_run_dependencies/camera_driver
[0.269s] -- Up-to-date: /home/zhengtu/Desktop/TUP-Vision-2023-Based/install/camera_driver/share/ament_index/resource_index/parent_prefix_path/camera_driver
[0.269s] -- Up-to-date: /home/zhengtu/Desktop/TUP-Vision-2023-Based/install/camera_driver/share/camera_driver/environment/ament_prefix_path.sh
[0.269s] -- Up-to-date: /home/zhengtu/Desktop/TUP-Vision-2023-Based/install/camera_driver/share/camera_driver/environment/ament_prefix_path.dsv
[0.269s] -- Up-to-date: /home/zhengtu/Desktop/TUP-Vision-2023-Based/install/camera_driver/share/camera_driver/environment/path.sh
[0.269s] -- Up-to-date: /home/zhengtu/Desktop/TUP-Vision-2023-Based/install/camera_driver/share/camera_driver/environment/path.dsv
[0.270s] -- Up-to-date: /home/zhengtu/Desktop/TUP-Vision-2023-Based/install/camera_driver/share/camera_driver/local_setup.bash
[0.270s] -- Up-to-date: /home/zhengtu/Desktop/TUP-Vision-2023-Based/install/camera_driver/share/camera_driver/local_setup.sh
[0.270s] -- Up-to-date: /home/zhengtu/Desktop/TUP-Vision-2023-Based/install/camera_driver/share/camera_driver/local_setup.zsh
[0.271s] -- Up-to-date: /home/zhengtu/Desktop/TUP-Vision-2023-Based/install/camera_driver/share/camera_driver/local_setup.dsv
[0.271s] -- Installing: /home/zhengtu/Desktop/TUP-Vision-2023-Based/install/camera_driver/share/camera_driver/package.dsv
[0.271s] -- Up-to-date: /home/zhengtu/Desktop/TUP-Vision-2023-Based/install/camera_driver/share/ament_index/resource_index/packages/camera_driver
[0.272s] -- Up-to-date: /home/zhengtu/Desktop/TUP-Vision-2023-Based/install/camera_driver/share/ament_index/resource_index/rclcpp_components/camera_driver
[0.272s] -- Up-to-date: /home/zhengtu/Desktop/TUP-Vision-2023-Based/install/camera_driver/share/camera_driver/cmake/camera_driverConfig.cmake
[0.272s] -- Up-to-date: /home/zhengtu/Desktop/TUP-Vision-2023-Based/install/camera_driver/share/camera_driver/cmake/camera_driverConfig-version.cmake
[0.272s] -- Up-to-date: /home/zhengtu/Desktop/TUP-Vision-2023-Based/install/camera_driver/share/camera_driver/package.xml
[0.276s] Invoked command in '/home/zhengtu/Desktop/TUP-Vision-2023-Based/build/camera_driver' returned '0': AMENT_PREFIX_PATH=/home/zhengtu/Desktop/TUP-Vision-2023-Based/install/global_user:/home/zhengtu/Desktop/TUP-Vision-2023-Based/install/global_interface:${AMENT_PREFIX_PATH} CMAKE_PREFIX_PATH=/home/zhengtu/Desktop/TUP-Vision-2023-Based/install/global_user:/home/zhengtu/Desktop/TUP-Vision-2023-Based/install/global_interface:/opt/ros/galactic LD_LIBRARY_PATH=/home/zhengtu/Desktop/TUP-Vision-2023-Based/install/global_user/lib:/home/zhengtu/Desktop/TUP-Vision-2023-Based/install/global_interface/lib:/opt/MVS/lib/64:/opt/MVS/lib/32:/opt/ros/galactic/opt/yaml_cpp_vendor/lib:/opt/ros/galactic/opt/rviz_ogre_vendor/lib:/opt/ros/galactic/lib/x86_64-linux-gnu:/opt/ros/galactic/lib:/opt/MVS/lib/64:/opt/MVS/lib/32:/opt/MVS/lib/64:/opt/MVS/lib/32:/opt/MVS/lib/64:/opt/MVS/lib/32 PYTHONPATH=/home/zhengtu/Desktop/TUP-Vision-2023-Based/install/global_interface/lib/python3.8/site-packages:${PYTHONPATH} /usr/bin/cmake --install /home/zhengtu/Desktop/TUP-Vision-2023-Based/build/camera_driver
