[0.021s] Invoking command in '/home/zhengtu/Desktop/TUP-Vision-2023-Based/build/global_interface': CMAKE_PREFIX_PATH=/opt/ros/galactic /usr/bin/cmake /home/zhengtu/Desktop/TUP-Vision-2023-Based/src/global_interface -DCMAKE_INSTALL_PREFIX=/home/zhengtu/Desktop/TUP-Vision-2023-Based/install/global_interface
[0.106s] -- The C compiler identification is GNU 9.4.0
[0.166s] -- The CXX compiler identification is GNU 9.4.0
[0.173s] -- Check for working C compiler: /usr/bin/cc
[0.257s] -- Check for working C compiler: /usr/bin/cc -- works
[0.259s] -- Detecting C compiler ABI info
[0.361s] -- Detecting C compiler ABI info - done
[0.379s] -- Detecting C compile features
[0.379s] -- Detecting C compile features - done
[0.381s] -- Check for working CXX compiler: /usr/bin/c++
[0.479s] -- Check for working CXX compiler: /usr/bin/c++ -- works
[0.480s] -- Detecting CXX compiler ABI info
[0.567s] -- Detecting CXX compiler ABI info - done
[0.586s] -- Detecting CXX compile features
[0.587s] -- Detecting CXX compile features - done
[0.588s] -- Found ament_cmake: 1.1.5 (/opt/ros/galactic/share/ament_cmake/cmake)
[0.615s] -- Found PythonInterp: /usr/bin/python3 (found suitable version "3.8.10", minimum required is "3") 
[0.615s] -- Using PYTHON_EXECUTABLE: /usr/bin/python3
[0.695s] -- Found rosidl_default_generators: 1.1.1 (/opt/ros/galactic/share/rosidl_default_generators/cmake)
[0.697s] -- Using all available rosidl_typesupport_c: rosidl_typesupport_fastrtps_c;rosidl_typesupport_introspection_c
[0.702s] -- Found rosidl_adapter: 2.2.2 (/opt/ros/galactic/share/rosidl_adapter/cmake)
[0.826s] -- Found OpenSSL: /usr/lib/x86_64-linux-gnu/libcrypto.so (found version "1.1.1f")  
[0.858s] -- Found FastRTPS: /opt/ros/galactic/include  
[0.930s] -- Using all available rosidl_typesupport_cpp: rosidl_typesupport_fastrtps_cpp;rosidl_typesupport_introspection_cpp
[0.950s] -- Found rclcpp: 9.2.1 (/opt/ros/galactic/share/rclcpp/cmake)
[1.004s] -- Found rmw_implementation_cmake: 3.3.1 (/opt/ros/galactic/share/rmw_implementation_cmake/cmake)
[1.006s] -- Found rmw_cyclonedds_cpp: 0.22.5 (/opt/ros/galactic/share/rmw_cyclonedds_cpp/cmake)
[1.021s] -- Using RMW implementation 'rmw_cyclonedds_cpp' as default
[1.022s] -- Looking for pthread.h
[1.115s] -- Looking for pthread.h - found
[1.115s] -- Performing Test CMAKE_HAVE_LIBC_PTHREAD
[1.215s] -- Performing Test CMAKE_HAVE_LIBC_PTHREAD - Failed
[1.215s] -- Looking for pthread_create in pthreads
[1.306s] -- Looking for pthread_create in pthreads - not found
[1.306s] -- Looking for pthread_create in pthread
[1.415s] -- Looking for pthread_create in pthread - found
[1.417s] -- Found Threads: TRUE  
[1.538s] -- Found geometry_msgs: 2.2.4 (/opt/ros/galactic/share/geometry_msgs/cmake)
[1.565s] -- Found sensor_msgs: 2.2.4 (/opt/ros/galactic/share/sensor_msgs/cmake)
[1.648s] -- Found PythonInterp: /usr/bin/python3 (found version "3.8.10") 
[1.856s] -- Found ament_cmake_ros: 0.9.2 (/opt/ros/galactic/share/ament_cmake_ros/cmake)
[2.120s] -- Using all available rosidl_typesupport_c: rosidl_typesupport_fastrtps_c;rosidl_typesupport_introspection_c
[2.249s] -- Using all available rosidl_typesupport_cpp: rosidl_typesupport_fastrtps_cpp;rosidl_typesupport_introspection_cpp
[2.281s] -- Found PythonInterp: /usr/bin/python3 (found suitable version "3.8.10", minimum required is "3.5") 
[2.283s] -- Found python_cmake_module: 0.8.1 (/opt/ros/galactic/share/python_cmake_module/cmake)
[2.313s] -- Found PythonLibs: /usr/lib/x86_64-linux-gnu/libpython3.8.so (found suitable version "3.8.10", minimum required is "3.5") 
[2.313s] -- Using PYTHON_EXECUTABLE: /usr/bin/python3
[2.314s] -- Using PYTHON_INCLUDE_DIRS: /usr/include/python3.8
[2.314s] -- Using PYTHON_LIBRARIES: /usr/lib/x86_64-linux-gnu/libpython3.8.so
[2.339s] -- Found PythonExtra: .so  
[2.452s] -- Found ament_lint_auto: 0.10.7 (/opt/ros/galactic/share/ament_lint_auto/cmake)
[2.467s] -- Added test 'copyright' to check source files copyright and LICENSE
[2.468s] -- Added test 'lint_cmake' to check CMake code style
[2.469s] -- Added test 'xmllint' to check XML markup files
[2.473s] -- Configuring done
[2.532s] -- Generating done
[2.535s] -- Build files have been written to: /home/zhengtu/Desktop/TUP-Vision-2023-Based/build/global_interface
[2.548s] Invoked command in '/home/zhengtu/Desktop/TUP-Vision-2023-Based/build/global_interface' returned '0': CMAKE_PREFIX_PATH=/opt/ros/galactic /usr/bin/cmake /home/zhengtu/Desktop/TUP-Vision-2023-Based/src/global_interface -DCMAKE_INSTALL_PREFIX=/home/zhengtu/Desktop/TUP-Vision-2023-Based/install/global_interface
[2.552s] Invoking command in '/home/zhengtu/Desktop/TUP-Vision-2023-Based/build/global_interface': CMAKE_PREFIX_PATH=/opt/ros/galactic /usr/bin/cmake --build /home/zhengtu/Desktop/TUP-Vision-2023-Based/build/global_interface -- -j16 -l16
[2.621s] [35m[1mScanning dependencies of target global_interface__cpp[0m
[2.623s] [  1%] [34m[1mGenerating C code for ROS interfaces[0m
[2.638s] [  3%] [34m[1mGenerating C++ code for ROS interfaces[0m
[2.949s] [  3%] Built target global_interface__cpp
[2.968s] [  5%] [34m[1mGenerating C++ type support for eProsima Fast-RTPS[0m
[2.968s] [  7%] [34m[1mGenerating C++ type support dispatch for ROS interfaces[0m
[2.970s] [  9%] [34m[1mGenerating C++ introspection for ROS interfaces[0m
[2.977s] [35m[1mScanning dependencies of target global_interface__rosidl_generator_c[0m
[2.996s] [ 10%] [32mBuilding C object CMakeFiles/global_interface__rosidl_generator_c.dir/rosidl_generator_c/global_interface/msg/detail/armor__functions.c.o[0m
[2.998s] [ 16%] [32mBuilding C object CMakeFiles/global_interface__rosidl_generator_c.dir/rosidl_generator_c/global_interface/msg/detail/target__functions.c.o[0m
[2.998s] [ 16%] [32mBuilding C object CMakeFiles/global_interface__rosidl_generator_c.dir/rosidl_generator_c/global_interface/msg/detail/gimbal__functions.c.o[0m
[2.998s] [ 16%] [32mBuilding C object CMakeFiles/global_interface__rosidl_generator_c.dir/rosidl_generator_c/global_interface/msg/detail/armors__functions.c.o[0m
[3.060s] [ 18%] [32m[1mLinking C shared library libglobal_interface__rosidl_generator_c.so[0m
[3.113s] [ 18%] Built target global_interface__rosidl_generator_c
[3.128s] [ 21%] [34m[1mGenerating C introspection for ROS interfaces[0m
[3.128s] [ 21%] [34m[1mGenerating C type support dispatch for ROS interfaces[0m
[3.243s] [35m[1mScanning dependencies of target global_interface__rosidl_typesupport_cpp[0m
[3.267s] [ 25%] [32mBuilding CXX object CMakeFiles/global_interface__rosidl_typesupport_cpp.dir/rosidl_typesupport_cpp/global_interface/msg/gimbal__type_support.cpp.o[0m
[3.267s] [ 25%] [32mBuilding CXX object CMakeFiles/global_interface__rosidl_typesupport_cpp.dir/rosidl_typesupport_cpp/global_interface/msg/armors__type_support.cpp.o[0m
[3.267s] [ 27%] [32mBuilding CXX object CMakeFiles/global_interface__rosidl_typesupport_cpp.dir/rosidl_typesupport_cpp/global_interface/msg/armor__type_support.cpp.o[0m
[3.269s] [ 29%] [32mBuilding CXX object CMakeFiles/global_interface__rosidl_typesupport_cpp.dir/rosidl_typesupport_cpp/global_interface/msg/target__type_support.cpp.o[0m
[3.279s] [35m[1mScanning dependencies of target global_interface__rosidl_typesupport_introspection_cpp[0m
[3.305s] [ 30%] [32mBuilding CXX object CMakeFiles/global_interface__rosidl_typesupport_introspection_cpp.dir/rosidl_typesupport_introspection_cpp/global_interface/msg/detail/gimbal__type_support.cpp.o[0m
[3.309s] [ 32%] [32mBuilding CXX object CMakeFiles/global_interface__rosidl_typesupport_introspection_cpp.dir/rosidl_typesupport_introspection_cpp/global_interface/msg/detail/armor__type_support.cpp.o[0m
[3.310s] [ 34%] [32mBuilding CXX object CMakeFiles/global_interface__rosidl_typesupport_introspection_cpp.dir/rosidl_typesupport_introspection_cpp/global_interface/msg/detail/target__type_support.cpp.o[0m
[3.312s] [ 36%] [32mBuilding CXX object CMakeFiles/global_interface__rosidl_typesupport_introspection_cpp.dir/rosidl_typesupport_introspection_cpp/global_interface/msg/detail/armors__type_support.cpp.o[0m
[3.314s] [35m[1mScanning dependencies of target global_interface__rosidl_typesupport_fastrtps_cpp[0m
[3.344s] [ 38%] [32mBuilding CXX object CMakeFiles/global_interface__rosidl_typesupport_fastrtps_cpp.dir/rosidl_typesupport_fastrtps_cpp/global_interface/msg/detail/dds_fastrtps/gimbal__type_support.cpp.o[0m
[3.352s] [ 40%] [32mBuilding CXX object CMakeFiles/global_interface__rosidl_typesupport_fastrtps_cpp.dir/rosidl_typesupport_fastrtps_cpp/global_interface/msg/detail/dds_fastrtps/armor__type_support.cpp.o[0m
[3.359s] [ 41%] [32mBuilding CXX object CMakeFiles/global_interface__rosidl_typesupport_fastrtps_cpp.dir/rosidl_typesupport_fastrtps_cpp/global_interface/msg/detail/dds_fastrtps/armors__type_support.cpp.o[0m
[3.361s] [ 43%] [32mBuilding CXX object CMakeFiles/global_interface__rosidl_typesupport_fastrtps_cpp.dir/rosidl_typesupport_fastrtps_cpp/global_interface/msg/detail/dds_fastrtps/target__type_support.cpp.o[0m
[3.681s] [35m[1mScanning dependencies of target global_interface__rosidl_typesupport_introspection_c[0m
[3.694s] [35m[1mScanning dependencies of target global_interface__rosidl_typesupport_c[0m
[3.720s] [ 45%] [32mBuilding C object CMakeFiles/global_interface__rosidl_typesupport_introspection_c.dir/rosidl_typesupport_introspection_c/global_interface/msg/detail/gimbal__type_support.c.o[0m
[3.728s] [ 47%] [32mBuilding CXX object CMakeFiles/global_interface__rosidl_typesupport_c.dir/rosidl_typesupport_c/global_interface/msg/gimbal__type_support.cpp.o[0m
[3.738s] [ 49%] [32mBuilding C object CMakeFiles/global_interface__rosidl_typesupport_introspection_c.dir/rosidl_typesupport_introspection_c/global_interface/msg/detail/armor__type_support.c.o[0m
[3.739s] [ 50%] [32mBuilding CXX object CMakeFiles/global_interface__rosidl_typesupport_c.dir/rosidl_typesupport_c/global_interface/msg/armors__type_support.cpp.o[0m
[3.743s] [ 52%] [32mBuilding CXX object CMakeFiles/global_interface__rosidl_typesupport_c.dir/rosidl_typesupport_c/global_interface/msg/armor__type_support.cpp.o[0m
[3.749s] [ 54%] [32m[1mLinking CXX shared library libglobal_interface__rosidl_typesupport_cpp.so[0m
[3.755s] [ 56%] [32mBuilding CXX object CMakeFiles/global_interface__rosidl_typesupport_c.dir/rosidl_typesupport_c/global_interface/msg/target__type_support.cpp.o[0m
[3.757s] [ 58%] [32mBuilding C object CMakeFiles/global_interface__rosidl_typesupport_introspection_c.dir/rosidl_typesupport_introspection_c/global_interface/msg/detail/armors__type_support.c.o[0m
[3.757s] [ 60%] [32mBuilding C object CMakeFiles/global_interface__rosidl_typesupport_introspection_c.dir/rosidl_typesupport_introspection_c/global_interface/msg/detail/target__type_support.c.o[0m
[3.827s] [ 61%] [32m[1mLinking CXX shared library libglobal_interface__rosidl_typesupport_c.so[0m
[3.844s] [ 61%] Built target global_interface__rosidl_typesupport_cpp
[3.846s] [ 63%] [32m[1mLinking C shared library libglobal_interface__rosidl_typesupport_introspection_c.so[0m
[3.889s] [ 63%] Built target global_interface__rosidl_typesupport_c
[3.898s] [ 63%] Built target global_interface__rosidl_typesupport_introspection_c
[3.909s] [ 65%] [32m[1mLinking CXX shared library libglobal_interface__rosidl_typesupport_introspection_cpp.so[0m
[4.039s] [ 65%] Built target global_interface__rosidl_typesupport_introspection_cpp
[4.061s] [ 67%] [32m[1mLinking CXX shared library libglobal_interface__rosidl_typesupport_fastrtps_cpp.so[0m
[4.188s] [ 67%] Built target global_interface__rosidl_typesupport_fastrtps_cpp
[4.205s] [ 69%] [34m[1mGenerating C type support for eProsima Fast-RTPS[0m
[4.479s] [35m[1mScanning dependencies of target global_interface__rosidl_typesupport_fastrtps_c[0m
[4.503s] [ 70%] [32mBuilding CXX object CMakeFiles/global_interface__rosidl_typesupport_fastrtps_c.dir/rosidl_typesupport_fastrtps_c/global_interface/msg/detail/armor__type_support_c.cpp.o[0m
[4.507s] [ 74%] [32mBuilding CXX object CMakeFiles/global_interface__rosidl_typesupport_fastrtps_c.dir/rosidl_typesupport_fastrtps_c/global_interface/msg/detail/armors__type_support_c.cpp.o[0m
[4.507s] [ 74%] [32mBuilding CXX object CMakeFiles/global_interface__rosidl_typesupport_fastrtps_c.dir/rosidl_typesupport_fastrtps_c/global_interface/msg/detail/gimbal__type_support_c.cpp.o[0m
[4.507s] [ 76%] [32mBuilding CXX object CMakeFiles/global_interface__rosidl_typesupport_fastrtps_c.dir/rosidl_typesupport_fastrtps_c/global_interface/msg/detail/target__type_support_c.cpp.o[0m
[4.856s] [ 78%] [32m[1mLinking CXX shared library libglobal_interface__rosidl_typesupport_fastrtps_c.so[0m
[4.985s] [ 78%] Built target global_interface__rosidl_typesupport_fastrtps_c
[5.002s] [35m[1mScanning dependencies of target global_interface[0m
[5.022s] [ 78%] Built target global_interface
[5.041s] [35m[1mScanning dependencies of target global_interface__py[0m
[5.058s] [ 80%] [34m[1mGenerating Python code for ROS interfaces[0m
[5.560s] [ 80%] Built target global_interface__py
[5.573s] [35m[1mScanning dependencies of target global_interface__python[0m
[5.601s] [ 81%] [32mBuilding C object CMakeFiles/global_interface__python.dir/rosidl_generator_py/global_interface/msg/_armors_s.c.o[0m
[5.602s] [ 85%] [32mBuilding C object CMakeFiles/global_interface__python.dir/rosidl_generator_py/global_interface/msg/_gimbal_s.c.o[0m
[5.603s] [ 85%] [32mBuilding C object CMakeFiles/global_interface__python.dir/rosidl_generator_py/global_interface/msg/_target_s.c.o[0m
[5.603s] [ 87%] [32mBuilding C object CMakeFiles/global_interface__python.dir/rosidl_generator_py/global_interface/msg/_armor_s.c.o[0m
[5.696s] [ 89%] [32m[1mLinking C shared library rosidl_generator_py/global_interface/libglobal_interface__python.so[0m
[5.758s] [ 89%] Built target global_interface__python
[5.770s] [35m[1mScanning dependencies of target global_interface__rosidl_typesupport_c__pyext[0m
[5.774s] [35m[1mScanning dependencies of target global_interface__rosidl_typesupport_fastrtps_c__pyext[0m
[5.775s] [35m[1mScanning dependencies of target global_interface__rosidl_typesupport_introspection_c__pyext[0m
[5.791s] [ 90%] [32mBuilding C object CMakeFiles/global_interface__rosidl_typesupport_c__pyext.dir/rosidl_generator_py/global_interface/_global_interface_s.ep.rosidl_typesupport_c.c.o[0m
[5.794s] [ 92%] [32mBuilding C object CMakeFiles/global_interface__rosidl_typesupport_introspection_c__pyext.dir/rosidl_generator_py/global_interface/_global_interface_s.ep.rosidl_typesupport_introspection_c.c.o[0m
[5.795s] [ 94%] [32mBuilding C object CMakeFiles/global_interface__rosidl_typesupport_fastrtps_c__pyext.dir/rosidl_generator_py/global_interface/_global_interface_s.ep.rosidl_typesupport_fastrtps_c.c.o[0m
[5.876s] [ 96%] [32m[1mLinking C shared library rosidl_generator_py/global_interface/global_interface_s__rosidl_typesupport_c.cpython-38-x86_64-linux-gnu.so[0m
[5.882s] [100%] [32m[1mLinking C shared library rosidl_generator_py/global_interface/global_interface_s__rosidl_typesupport_introspection_c.cpython-38-x86_64-linux-gnu.so[0m
[5.883s] [100%] [32m[1mLinking CXX shared library rosidl_generator_py/global_interface/global_interface_s__rosidl_typesupport_fastrtps_c.cpython-38-x86_64-linux-gnu.so[0m
[5.926s] [100%] Built target global_interface__rosidl_typesupport_c__pyext
[5.927s] [100%] Built target global_interface__rosidl_typesupport_introspection_c__pyext
[5.946s] [100%] Built target global_interface__rosidl_typesupport_fastrtps_c__pyext
[5.965s] Invoked command in '/home/zhengtu/Desktop/TUP-Vision-2023-Based/build/global_interface' returned '0': CMAKE_PREFIX_PATH=/opt/ros/galactic /usr/bin/cmake --build /home/zhengtu/Desktop/TUP-Vision-2023-Based/build/global_interface -- -j16 -l16
[6.088s] Invoking command in '/home/zhengtu/Desktop/TUP-Vision-2023-Based/build/global_interface': CMAKE_PREFIX_PATH=/opt/ros/galactic /usr/bin/cmake --install /home/zhengtu/Desktop/TUP-Vision-2023-Based/build/global_interface
[6.096s] -- Install configuration: ""
[6.096s] -- Installing: /home/zhengtu/Desktop/TUP-Vision-2023-Based/install/global_interface/share/ament_index/resource_index/rosidl_interfaces/global_interface
[6.097s] -- Installing: /home/zhengtu/Desktop/TUP-Vision-2023-Based/install/global_interface/include/global_interface
[6.097s] -- Installing: /home/zhengtu/Desktop/TUP-Vision-2023-Based/install/global_interface/include/global_interface/msg
[6.097s] -- Installing: /home/zhengtu/Desktop/TUP-Vision-2023-Based/install/global_interface/include/global_interface/msg/gimbal.h
[6.097s] -- Installing: /home/zhengtu/Desktop/TUP-Vision-2023-Based/install/global_interface/include/global_interface/msg/rosidl_generator_c__visibility_control.h
[6.097s] -- Installing: /home/zhengtu/Desktop/TUP-Vision-2023-Based/install/global_interface/include/global_interface/msg/detail
[6.097s] -- Installing: /home/zhengtu/Desktop/TUP-Vision-2023-Based/install/global_interface/include/global_interface/msg/detail/gimbal__struct.h
[6.098s] -- Installing: /home/zhengtu/Desktop/TUP-Vision-2023-Based/install/global_interface/include/global_interface/msg/detail/target__functions.h
[6.098s] -- Installing: /home/zhengtu/Desktop/TUP-Vision-2023-Based/install/global_interface/include/global_interface/msg/detail/armors__type_support.h
[6.098s] -- Installing: /home/zhengtu/Desktop/TUP-Vision-2023-Based/install/global_interface/include/global_interface/msg/detail/target__functions.c
[6.098s] -- Installing: /home/zhengtu/Desktop/TUP-Vision-2023-Based/install/global_interface/include/global_interface/msg/detail/armors__struct.h
[6.098s] -- Installing: /home/zhengtu/Desktop/TUP-Vision-2023-Based/install/global_interface/include/global_interface/msg/detail/armor__functions.c
[6.098s] -- Installing: /home/zhengtu/Desktop/TUP-Vision-2023-Based/install/global_interface/include/global_interface/msg/detail/armor__type_support.h
[6.099s] -- Installing: /home/zhengtu/Desktop/TUP-Vision-2023-Based/install/global_interface/include/global_interface/msg/detail/target__type_support.h
[6.099s] -- Installing: /home/zhengtu/Desktop/TUP-Vision-2023-Based/install/global_interface/include/global_interface/msg/detail/armor__struct.h
[6.099s] -- Installing: /home/zhengtu/Desktop/TUP-Vision-2023-Based/install/global_interface/include/global_interface/msg/detail/armors__functions.c
[6.099s] -- Installing: /home/zhengtu/Desktop/TUP-Vision-2023-Based/install/global_interface/include/global_interface/msg/detail/gimbal__functions.c
[6.099s] -- Installing: /home/zhengtu/Desktop/TUP-Vision-2023-Based/install/global_interface/include/global_interface/msg/detail/armors__functions.h
[6.099s] -- Installing: /home/zhengtu/Desktop/TUP-Vision-2023-Based/install/global_interface/include/global_interface/msg/detail/armor__functions.h
[6.099s] -- Installing: /home/zhengtu/Desktop/TUP-Vision-2023-Based/install/global_interface/include/global_interface/msg/detail/target__struct.h
[6.100s] -- Installing: /home/zhengtu/Desktop/TUP-Vision-2023-Based/install/global_interface/include/global_interface/msg/detail/gimbal__functions.h
[6.100s] -- Installing: /home/zhengtu/Desktop/TUP-Vision-2023-Based/install/global_interface/include/global_interface/msg/detail/gimbal__type_support.h
[6.100s] -- Installing: /home/zhengtu/Desktop/TUP-Vision-2023-Based/install/global_interface/include/global_interface/msg/target.h
[6.100s] -- Installing: /home/zhengtu/Desktop/TUP-Vision-2023-Based/install/global_interface/include/global_interface/msg/armor.h
[6.100s] -- Installing: /home/zhengtu/Desktop/TUP-Vision-2023-Based/install/global_interface/include/global_interface/msg/armors.h
[6.100s] -- Installing: /home/zhengtu/Desktop/TUP-Vision-2023-Based/install/global_interface/share/global_interface/environment/library_path.sh
[6.101s] -- Installing: /home/zhengtu/Desktop/TUP-Vision-2023-Based/install/global_interface/share/global_interface/environment/library_path.dsv
[6.101s] -- Installing: /home/zhengtu/Desktop/TUP-Vision-2023-Based/install/global_interface/lib/libglobal_interface__rosidl_generator_c.so
[6.101s] -- Set runtime path of "/home/zhengtu/Desktop/TUP-Vision-2023-Based/install/global_interface/lib/libglobal_interface__rosidl_generator_c.so" to ""
[6.101s] -- Up-to-date: /home/zhengtu/Desktop/TUP-Vision-2023-Based/install/global_interface/include/global_interface
[6.101s] -- Up-to-date: /home/zhengtu/Desktop/TUP-Vision-2023-Based/install/global_interface/include/global_interface/msg
[6.101s] -- Installing: /home/zhengtu/Desktop/TUP-Vision-2023-Based/install/global_interface/include/global_interface/msg/rosidl_typesupport_fastrtps_c__visibility_control.h
[6.102s] -- Up-to-date: /home/zhengtu/Desktop/TUP-Vision-2023-Based/install/global_interface/include/global_interface/msg/detail
[6.102s] -- Installing: /home/zhengtu/Desktop/TUP-Vision-2023-Based/install/global_interface/include/global_interface/msg/detail/target__rosidl_typesupport_fastrtps_c.h
[6.102s] -- Installing: /home/zhengtu/Desktop/TUP-Vision-2023-Based/install/global_interface/include/global_interface/msg/detail/armors__rosidl_typesupport_fastrtps_c.h
[6.102s] -- Installing: /home/zhengtu/Desktop/TUP-Vision-2023-Based/install/global_interface/include/global_interface/msg/detail/gimbal__rosidl_typesupport_fastrtps_c.h
[6.102s] -- Installing: /home/zhengtu/Desktop/TUP-Vision-2023-Based/install/global_interface/include/global_interface/msg/detail/armor__rosidl_typesupport_fastrtps_c.h
[6.102s] -- Installing: /home/zhengtu/Desktop/TUP-Vision-2023-Based/install/global_interface/lib/libglobal_interface__rosidl_typesupport_fastrtps_c.so
[6.102s] -- Set runtime path of "/home/zhengtu/Desktop/TUP-Vision-2023-Based/install/global_interface/lib/libglobal_interface__rosidl_typesupport_fastrtps_c.so" to ""
[6.102s] -- Up-to-date: /home/zhengtu/Desktop/TUP-Vision-2023-Based/install/global_interface/include/global_interface
[6.103s] -- Up-to-date: /home/zhengtu/Desktop/TUP-Vision-2023-Based/install/global_interface/include/global_interface/msg
[6.103s] -- Installing: /home/zhengtu/Desktop/TUP-Vision-2023-Based/install/global_interface/include/global_interface/msg/rosidl_typesupport_fastrtps_cpp__visibility_control.h
[6.103s] -- Up-to-date: /home/zhengtu/Desktop/TUP-Vision-2023-Based/install/global_interface/include/global_interface/msg/detail
[6.103s] -- Installing: /home/zhengtu/Desktop/TUP-Vision-2023-Based/install/global_interface/include/global_interface/msg/detail/dds_fastrtps
[6.103s] -- Installing: /home/zhengtu/Desktop/TUP-Vision-2023-Based/install/global_interface/include/global_interface/msg/detail/gimbal__rosidl_typesupport_fastrtps_cpp.hpp
[6.103s] -- Installing: /home/zhengtu/Desktop/TUP-Vision-2023-Based/install/global_interface/include/global_interface/msg/detail/target__rosidl_typesupport_fastrtps_cpp.hpp
[6.103s] -- Installing: /home/zhengtu/Desktop/TUP-Vision-2023-Based/install/global_interface/include/global_interface/msg/detail/armor__rosidl_typesupport_fastrtps_cpp.hpp
[6.103s] -- Installing: /home/zhengtu/Desktop/TUP-Vision-2023-Based/install/global_interface/include/global_interface/msg/detail/armors__rosidl_typesupport_fastrtps_cpp.hpp
[6.103s] -- Installing: /home/zhengtu/Desktop/TUP-Vision-2023-Based/install/global_interface/lib/libglobal_interface__rosidl_typesupport_fastrtps_cpp.so
[6.103s] -- Set runtime path of "/home/zhengtu/Desktop/TUP-Vision-2023-Based/install/global_interface/lib/libglobal_interface__rosidl_typesupport_fastrtps_cpp.so" to ""
[6.103s] -- Up-to-date: /home/zhengtu/Desktop/TUP-Vision-2023-Based/install/global_interface/include/global_interface
[6.103s] -- Up-to-date: /home/zhengtu/Desktop/TUP-Vision-2023-Based/install/global_interface/include/global_interface/msg
[6.104s] -- Up-to-date: /home/zhengtu/Desktop/TUP-Vision-2023-Based/install/global_interface/include/global_interface/msg/detail
[6.104s] -- Installing: /home/zhengtu/Desktop/TUP-Vision-2023-Based/install/global_interface/include/global_interface/msg/detail/armor__type_support.c
[6.104s] -- Installing: /home/zhengtu/Desktop/TUP-Vision-2023-Based/install/global_interface/include/global_interface/msg/detail/target__type_support.c
[6.104s] -- Installing: /home/zhengtu/Desktop/TUP-Vision-2023-Based/install/global_interface/include/global_interface/msg/detail/armors__type_support.c
[6.104s] -- Installing: /home/zhengtu/Desktop/TUP-Vision-2023-Based/install/global_interface/include/global_interface/msg/detail/armors__rosidl_typesupport_introspection_c.h
[6.104s] -- Installing: /home/zhengtu/Desktop/TUP-Vision-2023-Based/install/global_interface/include/global_interface/msg/detail/armor__rosidl_typesupport_introspection_c.h
[6.104s] -- Installing: /home/zhengtu/Desktop/TUP-Vision-2023-Based/install/global_interface/include/global_interface/msg/detail/target__rosidl_typesupport_introspection_c.h
[6.104s] -- Installing: /home/zhengtu/Desktop/TUP-Vision-2023-Based/install/global_interface/include/global_interface/msg/detail/gimbal__type_support.c
[6.104s] -- Installing: /home/zhengtu/Desktop/TUP-Vision-2023-Based/install/global_interface/include/global_interface/msg/detail/gimbal__rosidl_typesupport_introspection_c.h
[6.104s] -- Installing: /home/zhengtu/Desktop/TUP-Vision-2023-Based/install/global_interface/include/global_interface/msg/rosidl_typesupport_introspection_c__visibility_control.h
[6.105s] -- Installing: /home/zhengtu/Desktop/TUP-Vision-2023-Based/install/global_interface/lib/libglobal_interface__rosidl_typesupport_introspection_c.so
[6.105s] -- Set runtime path of "/home/zhengtu/Desktop/TUP-Vision-2023-Based/install/global_interface/lib/libglobal_interface__rosidl_typesupport_introspection_c.so" to ""
[6.105s] -- Installing: /home/zhengtu/Desktop/TUP-Vision-2023-Based/install/global_interface/lib/libglobal_interface__rosidl_typesupport_c.so
[6.105s] -- Set runtime path of "/home/zhengtu/Desktop/TUP-Vision-2023-Based/install/global_interface/lib/libglobal_interface__rosidl_typesupport_c.so" to ""
[6.105s] -- Up-to-date: /home/zhengtu/Desktop/TUP-Vision-2023-Based/install/global_interface/include/global_interface
[6.105s] -- Up-to-date: /home/zhengtu/Desktop/TUP-Vision-2023-Based/install/global_interface/include/global_interface/msg
[6.105s] -- Installing: /home/zhengtu/Desktop/TUP-Vision-2023-Based/install/global_interface/include/global_interface/msg/armor.hpp
[6.105s] -- Installing: /home/zhengtu/Desktop/TUP-Vision-2023-Based/install/global_interface/include/global_interface/msg/target.hpp
[6.105s] -- Up-to-date: /home/zhengtu/Desktop/TUP-Vision-2023-Based/install/global_interface/include/global_interface/msg/detail
[6.105s] -- Installing: /home/zhengtu/Desktop/TUP-Vision-2023-Based/install/global_interface/include/global_interface/msg/detail/target__builder.hpp
[6.105s] -- Installing: /home/zhengtu/Desktop/TUP-Vision-2023-Based/install/global_interface/include/global_interface/msg/detail/target__struct.hpp
[6.106s] -- Installing: /home/zhengtu/Desktop/TUP-Vision-2023-Based/install/global_interface/include/global_interface/msg/detail/armor__traits.hpp
[6.106s] -- Installing: /home/zhengtu/Desktop/TUP-Vision-2023-Based/install/global_interface/include/global_interface/msg/detail/armor__struct.hpp
[6.106s] -- Installing: /home/zhengtu/Desktop/TUP-Vision-2023-Based/install/global_interface/include/global_interface/msg/detail/gimbal__traits.hpp
[6.106s] -- Installing: /home/zhengtu/Desktop/TUP-Vision-2023-Based/install/global_interface/include/global_interface/msg/detail/armors__traits.hpp
[6.106s] -- Installing: /home/zhengtu/Desktop/TUP-Vision-2023-Based/install/global_interface/include/global_interface/msg/detail/gimbal__struct.hpp
[6.106s] -- Installing: /home/zhengtu/Desktop/TUP-Vision-2023-Based/install/global_interface/include/global_interface/msg/detail/armors__builder.hpp
[6.106s] -- Installing: /home/zhengtu/Desktop/TUP-Vision-2023-Based/install/global_interface/include/global_interface/msg/detail/armors__struct.hpp
[6.106s] -- Installing: /home/zhengtu/Desktop/TUP-Vision-2023-Based/install/global_interface/include/global_interface/msg/detail/armor__builder.hpp
[6.106s] -- Installing: /home/zhengtu/Desktop/TUP-Vision-2023-Based/install/global_interface/include/global_interface/msg/detail/target__traits.hpp
[6.106s] -- Installing: /home/zhengtu/Desktop/TUP-Vision-2023-Based/install/global_interface/include/global_interface/msg/detail/gimbal__builder.hpp
[6.106s] -- Installing: /home/zhengtu/Desktop/TUP-Vision-2023-Based/install/global_interface/include/global_interface/msg/gimbal.hpp
[6.106s] -- Installing: /home/zhengtu/Desktop/TUP-Vision-2023-Based/install/global_interface/include/global_interface/msg/armors.hpp
[6.107s] -- Up-to-date: /home/zhengtu/Desktop/TUP-Vision-2023-Based/install/global_interface/include/global_interface
[6.107s] -- Up-to-date: /home/zhengtu/Desktop/TUP-Vision-2023-Based/install/global_interface/include/global_interface/msg
[6.107s] -- Up-to-date: /home/zhengtu/Desktop/TUP-Vision-2023-Based/install/global_interface/include/global_interface/msg/detail
[6.107s] -- Installing: /home/zhengtu/Desktop/TUP-Vision-2023-Based/install/global_interface/include/global_interface/msg/detail/gimbal__rosidl_typesupport_introspection_cpp.hpp
[6.107s] -- Installing: /home/zhengtu/Desktop/TUP-Vision-2023-Based/install/global_interface/include/global_interface/msg/detail/gimbal__type_support.cpp
[6.107s] -- Installing: /home/zhengtu/Desktop/TUP-Vision-2023-Based/install/global_interface/include/global_interface/msg/detail/armor__type_support.cpp
[6.107s] -- Installing: /home/zhengtu/Desktop/TUP-Vision-2023-Based/install/global_interface/include/global_interface/msg/detail/target__type_support.cpp
[6.107s] -- Installing: /home/zhengtu/Desktop/TUP-Vision-2023-Based/install/global_interface/include/global_interface/msg/detail/armors__type_support.cpp
[6.107s] -- Installing: /home/zhengtu/Desktop/TUP-Vision-2023-Based/install/global_interface/include/global_interface/msg/detail/target__rosidl_typesupport_introspection_cpp.hpp
[6.107s] -- Installing: /home/zhengtu/Desktop/TUP-Vision-2023-Based/install/global_interface/include/global_interface/msg/detail/armors__rosidl_typesupport_introspection_cpp.hpp
[6.107s] -- Installing: /home/zhengtu/Desktop/TUP-Vision-2023-Based/install/global_interface/include/global_interface/msg/detail/armor__rosidl_typesupport_introspection_cpp.hpp
[6.107s] -- Installing: /home/zhengtu/Desktop/TUP-Vision-2023-Based/install/global_interface/lib/libglobal_interface__rosidl_typesupport_introspection_cpp.so
[6.107s] -- Set runtime path of "/home/zhengtu/Desktop/TUP-Vision-2023-Based/install/global_interface/lib/libglobal_interface__rosidl_typesupport_introspection_cpp.so" to ""
[6.108s] -- Installing: /home/zhengtu/Desktop/TUP-Vision-2023-Based/install/global_interface/lib/libglobal_interface__rosidl_typesupport_cpp.so
[6.108s] -- Set runtime path of "/home/zhengtu/Desktop/TUP-Vision-2023-Based/install/global_interface/lib/libglobal_interface__rosidl_typesupport_cpp.so" to ""
[6.108s] -- Installing: /home/zhengtu/Desktop/TUP-Vision-2023-Based/install/global_interface/share/global_interface/environment/pythonpath.sh
[6.108s] -- Installing: /home/zhengtu/Desktop/TUP-Vision-2023-Based/install/global_interface/share/global_interface/environment/pythonpath.dsv
[6.108s] -- Installing: /home/zhengtu/Desktop/TUP-Vision-2023-Based/install/global_interface/lib/python3.8/site-packages/global_interface/__init__.py
[6.134s] Compiling '/home/zhengtu/Desktop/TUP-Vision-2023-Based/install/global_interface/lib/python3.8/site-packages/global_interface/__init__.py'...
[6.139s] -- Installing: /home/zhengtu/Desktop/TUP-Vision-2023-Based/install/global_interface/lib/python3.8/site-packages/global_interface/msg
[6.139s] -- Installing: /home/zhengtu/Desktop/TUP-Vision-2023-Based/install/global_interface/lib/python3.8/site-packages/global_interface/msg/_target_s.c
[6.139s] -- Installing: /home/zhengtu/Desktop/TUP-Vision-2023-Based/install/global_interface/lib/python3.8/site-packages/global_interface/msg/_target.py
[6.140s] -- Installing: /home/zhengtu/Desktop/TUP-Vision-2023-Based/install/global_interface/lib/python3.8/site-packages/global_interface/msg/_gimbal.py
[6.140s] -- Installing: /home/zhengtu/Desktop/TUP-Vision-2023-Based/install/global_interface/lib/python3.8/site-packages/global_interface/msg/_armors_s.c
[6.140s] -- Installing: /home/zhengtu/Desktop/TUP-Vision-2023-Based/install/global_interface/lib/python3.8/site-packages/global_interface/msg/__init__.py
[6.140s] -- Installing: /home/zhengtu/Desktop/TUP-Vision-2023-Based/install/global_interface/lib/python3.8/site-packages/global_interface/msg/_gimbal_s.c
[6.140s] -- Installing: /home/zhengtu/Desktop/TUP-Vision-2023-Based/install/global_interface/lib/python3.8/site-packages/global_interface/msg/_armor.py
[6.140s] -- Installing: /home/zhengtu/Desktop/TUP-Vision-2023-Based/install/global_interface/lib/python3.8/site-packages/global_interface/msg/_armor_s.c
[6.140s] -- Installing: /home/zhengtu/Desktop/TUP-Vision-2023-Based/install/global_interface/lib/python3.8/site-packages/global_interface/msg/_armors.py
[6.141s] -- Installing: /home/zhengtu/Desktop/TUP-Vision-2023-Based/install/global_interface/lib/python3.8/site-packages/global_interface/global_interface_s__rosidl_typesupport_fastrtps_c.cpython-38-x86_64-linux-gnu.so
[6.141s] -- Set runtime path of "/home/zhengtu/Desktop/TUP-Vision-2023-Based/install/global_interface/lib/python3.8/site-packages/global_interface/global_interface_s__rosidl_typesupport_fastrtps_c.cpython-38-x86_64-linux-gnu.so" to ""
[6.142s] -- Installing: /home/zhengtu/Desktop/TUP-Vision-2023-Based/install/global_interface/lib/python3.8/site-packages/global_interface/global_interface_s__rosidl_typesupport_introspection_c.cpython-38-x86_64-linux-gnu.so
[6.143s] -- Set runtime path of "/home/zhengtu/Desktop/TUP-Vision-2023-Based/install/global_interface/lib/python3.8/site-packages/global_interface/global_interface_s__rosidl_typesupport_introspection_c.cpython-38-x86_64-linux-gnu.so" to ""
[6.144s] -- Installing: /home/zhengtu/Desktop/TUP-Vision-2023-Based/install/global_interface/lib/python3.8/site-packages/global_interface/global_interface_s__rosidl_typesupport_c.cpython-38-x86_64-linux-gnu.so
[6.145s] -- Set runtime path of "/home/zhengtu/Desktop/TUP-Vision-2023-Based/install/global_interface/lib/python3.8/site-packages/global_interface/global_interface_s__rosidl_typesupport_c.cpython-38-x86_64-linux-gnu.so" to ""
[6.145s] -- Installing: /home/zhengtu/Desktop/TUP-Vision-2023-Based/install/global_interface/lib/libglobal_interface__python.so
[6.146s] -- Set runtime path of "/home/zhengtu/Desktop/TUP-Vision-2023-Based/install/global_interface/lib/libglobal_interface__python.so" to ""
[6.146s] -- Installing: /home/zhengtu/Desktop/TUP-Vision-2023-Based/install/global_interface/share/global_interface/msg/Gimbal.idl
[6.147s] -- Installing: /home/zhengtu/Desktop/TUP-Vision-2023-Based/install/global_interface/share/global_interface/msg/Armor.idl
[6.147s] -- Installing: /home/zhengtu/Desktop/TUP-Vision-2023-Based/install/global_interface/share/global_interface/msg/Armors.idl
[6.147s] -- Installing: /home/zhengtu/Desktop/TUP-Vision-2023-Based/install/global_interface/share/global_interface/msg/Target.idl
[6.147s] -- Installing: /home/zhengtu/Desktop/TUP-Vision-2023-Based/install/global_interface/share/global_interface/msg/Gimbal.msg
[6.147s] -- Installing: /home/zhengtu/Desktop/TUP-Vision-2023-Based/install/global_interface/share/global_interface/msg/Armor.msg
[6.148s] -- Installing: /home/zhengtu/Desktop/TUP-Vision-2023-Based/install/global_interface/share/global_interface/msg/Armors.msg
[6.148s] -- Installing: /home/zhengtu/Desktop/TUP-Vision-2023-Based/install/global_interface/share/global_interface/msg/Target.msg
[6.148s] -- Installing: /home/zhengtu/Desktop/TUP-Vision-2023-Based/install/global_interface/share/ament_index/resource_index/package_run_dependencies/global_interface
[6.148s] -- Installing: /home/zhengtu/Desktop/TUP-Vision-2023-Based/install/global_interface/share/ament_index/resource_index/parent_prefix_path/global_interface
[6.148s] -- Installing: /home/zhengtu/Desktop/TUP-Vision-2023-Based/install/global_interface/share/global_interface/environment/ament_prefix_path.sh
[6.148s] -- Installing: /home/zhengtu/Desktop/TUP-Vision-2023-Based/install/global_interface/share/global_interface/environment/ament_prefix_path.dsv
[6.148s] -- Installing: /home/zhengtu/Desktop/TUP-Vision-2023-Based/install/global_interface/share/global_interface/environment/path.sh
[6.148s] -- Installing: /home/zhengtu/Desktop/TUP-Vision-2023-Based/install/global_interface/share/global_interface/environment/path.dsv
[6.149s] -- Installing: /home/zhengtu/Desktop/TUP-Vision-2023-Based/install/global_interface/share/global_interface/local_setup.bash
[6.149s] -- Installing: /home/zhengtu/Desktop/TUP-Vision-2023-Based/install/global_interface/share/global_interface/local_setup.sh
[6.149s] -- Installing: /home/zhengtu/Desktop/TUP-Vision-2023-Based/install/global_interface/share/global_interface/local_setup.zsh
[6.149s] -- Installing: /home/zhengtu/Desktop/TUP-Vision-2023-Based/install/global_interface/share/global_interface/local_setup.dsv
[6.149s] -- Installing: /home/zhengtu/Desktop/TUP-Vision-2023-Based/install/global_interface/share/global_interface/package.dsv
[6.150s] -- Installing: /home/zhengtu/Desktop/TUP-Vision-2023-Based/install/global_interface/share/ament_index/resource_index/packages/global_interface
[6.150s] -- Installing: /home/zhengtu/Desktop/TUP-Vision-2023-Based/install/global_interface/share/global_interface/cmake/global_interface__rosidl_generator_cExport.cmake
[6.150s] -- Installing: /home/zhengtu/Desktop/TUP-Vision-2023-Based/install/global_interface/share/global_interface/cmake/global_interface__rosidl_generator_cExport-noconfig.cmake
[6.150s] -- Installing: /home/zhengtu/Desktop/TUP-Vision-2023-Based/install/global_interface/share/global_interface/cmake/global_interface__rosidl_typesupport_introspection_cExport.cmake
[6.150s] -- Installing: /home/zhengtu/Desktop/TUP-Vision-2023-Based/install/global_interface/share/global_interface/cmake/global_interface__rosidl_typesupport_introspection_cExport-noconfig.cmake
[6.151s] -- Installing: /home/zhengtu/Desktop/TUP-Vision-2023-Based/install/global_interface/share/global_interface/cmake/global_interface__rosidl_typesupport_cExport.cmake
[6.151s] -- Installing: /home/zhengtu/Desktop/TUP-Vision-2023-Based/install/global_interface/share/global_interface/cmake/global_interface__rosidl_typesupport_cExport-noconfig.cmake
[6.151s] -- Installing: /home/zhengtu/Desktop/TUP-Vision-2023-Based/install/global_interface/share/global_interface/cmake/global_interface__rosidl_generator_cppExport.cmake
[6.151s] -- Installing: /home/zhengtu/Desktop/TUP-Vision-2023-Based/install/global_interface/share/global_interface/cmake/global_interface__rosidl_typesupport_introspection_cppExport.cmake
[6.151s] -- Installing: /home/zhengtu/Desktop/TUP-Vision-2023-Based/install/global_interface/share/global_interface/cmake/global_interface__rosidl_typesupport_introspection_cppExport-noconfig.cmake
[6.151s] -- Installing: /home/zhengtu/Desktop/TUP-Vision-2023-Based/install/global_interface/share/global_interface/cmake/global_interface__rosidl_typesupport_cppExport.cmake
[6.152s] -- Installing: /home/zhengtu/Desktop/TUP-Vision-2023-Based/install/global_interface/share/global_interface/cmake/global_interface__rosidl_typesupport_cppExport-noconfig.cmake
[6.152s] -- Installing: /home/zhengtu/Desktop/TUP-Vision-2023-Based/install/global_interface/share/global_interface/cmake/rosidl_cmake-extras.cmake
[6.152s] -- Installing: /home/zhengtu/Desktop/TUP-Vision-2023-Based/install/global_interface/share/global_interface/cmake/ament_cmake_export_dependencies-extras.cmake
[6.152s] -- Installing: /home/zhengtu/Desktop/TUP-Vision-2023-Based/install/global_interface/share/global_interface/cmake/ament_cmake_export_libraries-extras.cmake
[6.152s] -- Installing: /home/zhengtu/Desktop/TUP-Vision-2023-Based/install/global_interface/share/global_interface/cmake/ament_cmake_export_targets-extras.cmake
[6.152s] -- Installing: /home/zhengtu/Desktop/TUP-Vision-2023-Based/install/global_interface/share/global_interface/cmake/ament_cmake_export_include_directories-extras.cmake
[6.153s] -- Installing: /home/zhengtu/Desktop/TUP-Vision-2023-Based/install/global_interface/share/global_interface/cmake/rosidl_cmake_export_typesupport_libraries-extras.cmake
[6.153s] -- Installing: /home/zhengtu/Desktop/TUP-Vision-2023-Based/install/global_interface/share/global_interface/cmake/rosidl_cmake_export_typesupport_targets-extras.cmake
[6.153s] -- Installing: /home/zhengtu/Desktop/TUP-Vision-2023-Based/install/global_interface/share/global_interface/cmake/global_interfaceConfig.cmake
[6.153s] -- Installing: /home/zhengtu/Desktop/TUP-Vision-2023-Based/install/global_interface/share/global_interface/cmake/global_interfaceConfig-version.cmake
[6.153s] -- Installing: /home/zhengtu/Desktop/TUP-Vision-2023-Based/install/global_interface/share/global_interface/package.xml
[6.156s] Invoked command in '/home/zhengtu/Desktop/TUP-Vision-2023-Based/build/global_interface' returned '0': CMAKE_PREFIX_PATH=/opt/ros/galactic /usr/bin/cmake --install /home/zhengtu/Desktop/TUP-Vision-2023-Based/build/global_interface
