[35m[1mScanning dependencies of target armor_detector_node[0m
[ 16%] [32mBuilding CXX object CMakeFiles/armor_detector_node.dir/src/armor_detector/detector.cpp.o[0m
[ 33%] [32mBuilding CXX object CMakeFiles/armor_detector_node.dir/src/armor_detector/detector_node.cpp.o[0m
In file included from [01m[K/home/liyuhang/Desktop/TUP-Vision-2023-Based/src/vehicle_system/autoaim/armor_detector/src/armor_detector/detector.cpp:8[m[K:
[01m[K/home/liyuhang/Desktop/TUP-Vision-2023-Based/src/vehicle_system/autoaim/armor_detector/src/armor_detector/../../include/armor_detector/detector.hpp:[m[K In constructor ‘[01m[Karmor_detector::detector::detector(const string&, const string&, const string&, const armor_detector::detector_params&, const armor_detector::debug_params&, const armor_detector::gyro_params&)[m[K’:
[01m[K/home/liyuhang/Desktop/TUP-Vision-2023-Based/src/vehicle_system/autoaim/armor_detector/src/armor_detector/../../include/armor_detector/detector.hpp:135:27:[m[K [01;35m[Kwarning: [m[K‘[01m[Karmor_detector::detector::spinning_detector_[m[K’ will be initialized after [[01;35m[K-Wreorder[m[K]
  135 |         spinning_detector [01;35m[Kspinning_detector_[m[K;
      |                           [01;35m[K^~~~~~~~~~~~~~~~~~[m[K
In file included from [01m[K/home/liyuhang/Desktop/TUP-Vision-2023-Based/src/vehicle_system/autoaim/armor_detector/src/armor_detector/detector.cpp:8[m[K:
[01m[K/home/liyuhang/Desktop/TUP-Vision-2023-Based/src/vehicle_system/autoaim/armor_detector/src/armor_detector/../../include/armor_detector/detector.hpp:110:25:[m[K [01;35m[Kwarning: [m[K  ‘[01m[Karmor_detector::detector_params armor_detector::detector::detector_params_[m[K’ [[01;35m[K-Wreorder[m[K]
  110 |         detector_params [01;35m[Kdetector_params_[m[K;
      |                         [01;35m[K^~~~~~~~~~~~~~~~[m[K
[01m[K/home/liyuhang/Desktop/TUP-Vision-2023-Based/src/vehicle_system/autoaim/armor_detector/src/armor_detector/detector.cpp:14:5:[m[K [01;35m[Kwarning: [m[K  when initialized here [[01;35m[K-Wreorder[m[K]
   14 |     [01;35m[Kdetector[m[K::detector(const std::string& camera_name_, const std::string& camera_param_path_, const std::string& network_path_,
      |     [01;35m[K^~~~~~~~[m[K
[01m[K/home/liyuhang/Desktop/TUP-Vision-2023-Based/src/vehicle_system/autoaim/armor_detector/src/armor_detector/detector.cpp:[m[K In member function ‘[01m[Kvoid armor_detector::detector::debugParams(const armor_detector::detector_params&, const armor_detector::debug_params&, const armor_detector::gyro_params&)[m[K’:
[01m[K/home/liyuhang/Desktop/TUP-Vision-2023-Based/src/vehicle_system/autoaim/armor_detector/src/armor_detector/detector.cpp:66:125:[m[K [01;35m[Kwarning: [m[Kunused parameter ‘[01m[Kgyro_params[m[K’ [[01;35m[K-Wunused-parameter[m[K]
   66 |     void detector::debugParams(const detector_params& detector_params, const debug_params& debug_params, [01;35m[Kconst gyro_params& gyro_params[m[K)
      |                                                                                                          [01;35m[K~~~~~~~~~~~~~~~~~~~^~~~~~~~~~~[m[K
[01m[K/home/liyuhang/Desktop/TUP-Vision-2023-Based/src/vehicle_system/autoaim/armor_detector/src/armor_detector/detector.cpp:[m[K In member function ‘[01m[Kbool armor_detector::detector::armor_detect(global_user::TaskData&)[m[K’:
[01m[K/home/liyuhang/Desktop/TUP-Vision-2023-Based/src/vehicle_system/autoaim/armor_detector/src/armor_detector/detector.cpp:186:28:[m[K [01;35m[Kwarning: [m[Kcomparison of integer expressions of different signedness: ‘[01m[Kstd::vector<ArmorObject>::size_type[m[K’ {aka ‘[01m[Klong unsigned int[m[K’} and ‘[01m[Kint[m[K’ [[01;35m[K-Wsign-compare[m[K]
  186 |         if ([01;35m[Kobjects.size() > this->detector_params_.max_armors_cnt[m[K)
      |             [01;35m[K~~~~~~~~~~~~~~~^~~~~~~~~~~~~~~~~~~~~~~~~~~~~~~~~~~~~~~[m[K
[01m[K/home/liyuhang/Desktop/TUP-Vision-2023-Based/src/vehicle_system/autoaim/armor_detector/src/armor_detector/detector.cpp:283:17:[m[K [01;35m[Kwarning: [m[Kvariable ‘[01m[Kpnp_method[m[K’ set but not used [[01;35m[K-Wunused-but-set-variable[m[K]
  283 |             int [01;35m[Kpnp_method[m[K;
      |                 [01;35m[K^~~~~~~~~~[m[K
[01m[K/home/liyuhang/Desktop/TUP-Vision-2023-Based/src/vehicle_system/autoaim/armor_detector/src/armor_detector/detector.cpp:[m[K In member function ‘[01m[Kbool armor_detector::detector::gyro_detector(global_user::TaskData&, global_interface::msg::Target&)[m[K’:
[01m[K/home/liyuhang/Desktop/TUP-Vision-2023-Based/src/vehicle_system/autoaim/armor_detector/src/armor_detector/detector.cpp:445:18:[m[K [01;35m[Kwarning: [m[Kunused variable ‘[01m[Kavailable_candidates_cnt[m[K’ [[01;35m[K-Wunused-variable[m[K]
  445 |             auto [01;35m[Kavailable_candidates_cnt[m[K = 0;
      |                  [01;35m[K^~~~~~~~~~~~~~~~~~~~~~~~[m[K
[01m[K/home/liyuhang/Desktop/TUP-Vision-2023-Based/src/vehicle_system/autoaim/armor_detector/src/armor_detector/detector.cpp:480:18:[m[K [01;35m[Kwarning: [m[Kunused variable ‘[01m[Kvelocity[m[K’ [[01;35m[K-Wunused-variable[m[K]
  480 |             auto [01;35m[Kvelocity[m[K = (delta_dist / delta_t) * 1e3;
      |                  [01;35m[K^~~~~~~~[m[K
[01m[K/home/liyuhang/Desktop/TUP-Vision-2023-Based/src/vehicle_system/autoaim/armor_detector/src/armor_detector/detector.cpp:512:18:[m[K [01;35m[Kwarning: [m[Kunused variable ‘[01m[Kvelocity[m[K’ [[01;35m[K-Wunused-variable[m[K]
  512 |             auto [01;35m[Kvelocity[m[K = (delta_dist / delta_t) * 1e3;
      |                  [01;35m[K^~~~~~~~[m[K
[01m[K/home/liyuhang/Desktop/TUP-Vision-2023-Based/src/vehicle_system/autoaim/armor_detector/src/armor_detector/detector.cpp:[m[K In member function ‘[01m[Karmor_detector::ArmorTracker* armor_detector::detector::chooseTargetTracker(std::vector<armor_detector::ArmorTracker*>, int)[m[K’:
[01m[K/home/liyuhang/Desktop/TUP-Vision-2023-Based/src/vehicle_system/autoaim/armor_detector/src/armor_detector/detector.cpp:788:27:[m[K [01;35m[Kwarning: [m[Kcomparison of integer expressions of different signedness: ‘[01m[Kint[m[K’ and ‘[01m[Kstd::vector<armor_detector::ArmorTracker*>::size_type[m[K’ {aka ‘[01m[Klong unsigned int[m[K’} [[01;35m[K-Wsign-compare[m[K]
  788 |         for (int i = 0; [01;35m[Ki < trackers.size()[m[K; i++)
      |                         [01;35m[K~~^~~~~~~~~~~~~~~~~[m[K
[ 50%] [32m[1mLinking CXX executable armor_detector_node[0m
/usr/bin/ld: warning: libopencv_imgproc.so.4.2, needed by /opt/ros/galactic/lib/libcv_bridge.so, may conflict with libopencv_imgproc.so.405
/usr/bin/ld: warning: libopencv_core.so.4.2, needed by /opt/ros/galactic/lib/libcv_bridge.so, may conflict with libopencv_core.so.405
[100%] Built target armor_detector_node
-- Install configuration: ""
-- Installing: /home/liyuhang/Desktop/TUP-Vision-2023-Based/install/armor_detector/lib/armor_detector/armor_detector_node
-- Set runtime path of "/home/liyuhang/Desktop/TUP-Vision-2023-Based/install/armor_detector/lib/armor_detector/armor_detector_node" to ""
-- Up-to-date: /home/liyuhang/Desktop/TUP-Vision-2023-Based/install/armor_detector/share/armor_detector/launch
-- Up-to-date: /home/liyuhang/Desktop/TUP-Vision-2023-Based/install/armor_detector/share/armor_detector/launch/armor_detector.launch.py
-- Up-to-date: /home/liyuhang/Desktop/TUP-Vision-2023-Based/install/armor_detector/share/ament_index/resource_index/package_run_dependencies/armor_detector
-- Up-to-date: /home/liyuhang/Desktop/TUP-Vision-2023-Based/install/armor_detector/share/ament_index/resource_index/parent_prefix_path/armor_detector
-- Up-to-date: /home/liyuhang/Desktop/TUP-Vision-2023-Based/install/armor_detector/share/armor_detector/environment/ament_prefix_path.sh
-- Up-to-date: /home/liyuhang/Desktop/TUP-Vision-2023-Based/install/armor_detector/share/armor_detector/environment/ament_prefix_path.dsv
-- Up-to-date: /home/liyuhang/Desktop/TUP-Vision-2023-Based/install/armor_detector/share/armor_detector/environment/path.sh
-- Up-to-date: /home/liyuhang/Desktop/TUP-Vision-2023-Based/install/armor_detector/share/armor_detector/environment/path.dsv
-- Up-to-date: /home/liyuhang/Desktop/TUP-Vision-2023-Based/install/armor_detector/share/armor_detector/local_setup.bash
-- Up-to-date: /home/liyuhang/Desktop/TUP-Vision-2023-Based/install/armor_detector/share/armor_detector/local_setup.sh
-- Up-to-date: /home/liyuhang/Desktop/TUP-Vision-2023-Based/install/armor_detector/share/armor_detector/local_setup.zsh
-- Up-to-date: /home/liyuhang/Desktop/TUP-Vision-2023-Based/install/armor_detector/share/armor_detector/local_setup.dsv
-- Installing: /home/liyuhang/Desktop/TUP-Vision-2023-Based/install/armor_detector/share/armor_detector/package.dsv
-- Up-to-date: /home/liyuhang/Desktop/TUP-Vision-2023-Based/install/armor_detector/share/ament_index/resource_index/packages/armor_detector
-- Up-to-date: /home/liyuhang/Desktop/TUP-Vision-2023-Based/install/armor_detector/share/armor_detector/cmake/armor_detectorConfig.cmake
-- Up-to-date: /home/liyuhang/Desktop/TUP-Vision-2023-Based/install/armor_detector/share/armor_detector/cmake/armor_detectorConfig-version.cmake
-- Up-to-date: /home/liyuhang/Desktop/TUP-Vision-2023-Based/install/armor_detector/share/armor_detector/package.xml
