[01m[K/home/liyuhang/Desktop/TUP-Vision-2023-Based/src/vehicle_system/autoaim/armor_detector/src/armor_detector/inference_api2.cpp:199:[m[K [01;35m[Kwarning: [m[Kignoring #pragma omp parallel [[01;35m[K-Wunknown-pragmas[m[K]
  199 |     #pragma omp parallel sections
      | 
[01m[K/home/liyuhang/Desktop/TUP-Vision-2023-Based/src/vehicle_system/autoaim/armor_detector/src/armor_detector/inference_api2.cpp:201:[m[K [01;35m[Kwarning: [m[Kignoring #pragma omp section [[01;35m[K-Wunknown-pragmas[m[K]
  201 |         #pragma omp section
      | 
[01m[K/home/liyuhang/Desktop/TUP-Vision-2023-Based/src/vehicle_system/autoaim/armor_detector/src/armor_detector/inference_api2.cpp:205:[m[K [01;35m[Kwarning: [m[Kignoring #pragma omp section [[01;35m[K-Wunknown-pragmas[m[K]
  205 |         #pragma omp section
      | 
[01m[K/home/liyuhang/Desktop/TUP-Vision-2023-Based/src/vehicle_system/autoaim/armor_detector/src/armor_detector/spinning_detector.cpp:[m[K In member function ‘[01m[Kvoid armor_detector::spinning_detector::create_armor_tracker(std::multimap<std::__cxx11::basic_string<char>, armor_detector::ArmorTracker>&, std::vector<armor_detector::Armor>&, std::map<std::__cxx11::basic_string<char>, int>&, int, int)[m[K’:
[01m[K/home/liyuhang/Desktop/TUP-Vision-2023-Based/src/vehicle_system/autoaim/armor_detector/src/armor_detector/spinning_detector.cpp:141:22:[m[K [01;35m[Kwarning: [m[Kvariable ‘[01m[Ktarget_predictor[m[K’ set but not used [[01;35m[K-Wunused-but-set-variable[m[K]
  141 |                 auto [01;35m[Ktarget_predictor[m[K = trackers_map.insert(make_pair((*armor).key, tracker));
      |                      [01;35m[K^~~~~~~~~~~~~~~~[m[K
[01m[K/home/liyuhang/Desktop/TUP-Vision-2023-Based/src/vehicle_system/autoaim/armor_detector/src/armor_detector/spinning_detector.cpp:180:26:[m[K [01;35m[Kwarning: [m[Kunused variable ‘[01m[Kvelocity[m[K’ [[01;35m[K-Wunused-variable[m[K]
  180 |                     auto [01;35m[Kvelocity[m[K = (delta_dist / delta_t) * 1e3;
      |                          [01;35m[K^~~~~~~~[m[K
[01m[K/home/liyuhang/Desktop/TUP-Vision-2023-Based/src/vehicle_system/autoaim/armor_detector/src/armor_detector/spinning_detector.cpp:196:26:[m[K [01;35m[Kwarning: [m[Kunused variable ‘[01m[Kvelocity[m[K’ [[01;35m[K-Wunused-variable[m[K]
  196 |                     auto [01;35m[Kvelocity[m[K = min_delta_dist;
      |                          [01;35m[K^~~~~~~~[m[K
[01m[K/home/liyuhang/Desktop/TUP-Vision-2023-Based/src/vehicle_system/autoaim/armor_detector/src/armor_detector/spinning_detector.cpp:197:26:[m[K [01;35m[Kwarning: [m[Kunused variable ‘[01m[Kdelta_t[m[K’ [[01;35m[K-Wunused-variable[m[K]
  197 |                     auto [01;35m[Kdelta_t[m[K = min_delta_t;
      |                          [01;35m[K^~~~~~~[m[K
[01m[K/home/liyuhang/Desktop/TUP-Vision-2023-Based/src/vehicle_system/autoaim/armor_detector/src/armor_detector/armor_tracker.cpp:[m[K In member function ‘[01m[Kbool armor_detector::ArmorTracker::update(armor_detector::Armor, int)[m[K’:
[01m[K/home/liyuhang/Desktop/TUP-Vision-2023-Based/src/vehicle_system/autoaim/armor_detector/src/armor_detector/armor_tracker.cpp:29:33:[m[K [01;35m[Kwarning: [m[Kcomparison of integer expressions of different signedness: ‘[01m[Kstd::deque<armor_detector::Armor>::size_type[m[K’ {aka ‘[01m[Klong unsigned int[m[K’} and ‘[01m[Kconst int[m[K’ [[01;35m[K-Wsign-compare[m[K]
   29 |         if ([01;35m[Khistory_info.size() <= max_history_len[m[K)
      |             [01;35m[K~~~~~~~~~~~~~~~~~~~~^~~~~~~~~~~~~~~~~~[m[K
[01m[K/home/liyuhang/Desktop/TUP-Vision-2023-Based/src/vehicle_system/autoaim/armor_detector/src/armor_detector/inference_api2.cpp:[m[K In function ‘[01m[Kvoid generate_grids_and_stride(int, int, std::vector<int>&, std::vector<GridAndStride>&)[m[K’:
[01m[K/home/liyuhang/Desktop/TUP-Vision-2023-Based/src/vehicle_system/autoaim/armor_detector/src/armor_detector/inference_api2.cpp:80:70:[m[K [01;35m[Kwarning: [m[KISO C++ forbids compound-literals [[01;35m[K-Wpedantic[m[K]
   80 |                 grid_strides.push_back((GridAndStride){g0, g1, stride[01;35m[K}[m[K);
      |                                                                      [01;35m[K^[m[K
[01m[K/home/liyuhang/Desktop/TUP-Vision-2023-Based/src/vehicle_system/autoaim/armor_detector/src/armor_detector/inference_api2.cpp:[m[K In function ‘[01m[Kvoid generateYoloxProposals(std::vector<GridAndStride>, const float*, Eigen::Matrix<float, 3, 3>&, float, std::vector<ArmorObject>&)[m[K’:
[01m[K/home/liyuhang/Desktop/TUP-Vision-2023-Based/src/vehicle_system/autoaim/armor_detector/src/armor_detector/inference_api2.cpp:125:15:[m[K [01;35m[Kwarning: [m[Kunused variable ‘[01m[Kcolor_conf[m[K’ [[01;35m[K-Wunused-variable[m[K]
  125 |         float [01;35m[Kcolor_conf[m[K = (feat_ptr[basic_pos + 9 + box_color]);
      |               [01;35m[K^~~~~~~~~~[m[K
[01m[K/home/liyuhang/Desktop/TUP-Vision-2023-Based/src/vehicle_system/autoaim/armor_detector/src/armor_detector/inference_api2.cpp:126:15:[m[K [01;35m[Kwarning: [m[Kunused variable ‘[01m[Kcls_conf[m[K’ [[01;35m[K-Wunused-variable[m[K]
  126 |         float [01;35m[Kcls_conf[m[K = (feat_ptr[basic_pos + 9 + NUM_COLORS + box_class]);
      |               [01;35m[K^~~~~~~~[m[K
[01m[K/home/liyuhang/Desktop/TUP-Vision-2023-Based/src/vehicle_system/autoaim/armor_detector/src/armor_detector/inference_api2.cpp:[m[K In function ‘[01m[Kvoid decodeOutputs(const float*, std::vector<ArmorObject>&, Eigen::Matrix<float, 3, 3>&, int, int)[m[K’:
[01m[K/home/liyuhang/Desktop/TUP-Vision-2023-Based/src/vehicle_system/autoaim/armor_detector/src/armor_detector/inference_api2.cpp:277:83:[m[K [01;35m[Kwarning: [m[Kunused parameter ‘[01m[Kimg_w[m[K’ [[01;35m[K-Wunused-parameter[m[K]
  277 |                             Eigen::Matrix<float,3,3> &transform_matrix, [01;35m[Kconst int img_w[m[K, const int img_h)
      |                                                                         [01;35m[K~~~~~~~~~~^~~~~[m[K
[01m[K/home/liyuhang/Desktop/TUP-Vision-2023-Based/src/vehicle_system/autoaim/armor_detector/src/armor_detector/inference_api2.cpp:277:100:[m[K [01;35m[Kwarning: [m[Kunused parameter ‘[01m[Kimg_h[m[K’ [[01;35m[K-Wunused-parameter[m[K]
  277 |                             Eigen::Matrix<float,3,3> &transform_matrix, const int img_w, [01;35m[Kconst int img_h[m[K)
      |                                                                                          [01;35m[K~~~~~~~~~~^~~~~[m[K
In file included from [01m[K/home/liyuhang/Desktop/TUP-Vision-2023-Based/src/vehicle_system/autoaim/armor_detector/src/armor_detector/detector.cpp:8[m[K:
[01m[K/home/liyuhang/Desktop/TUP-Vision-2023-Based/src/vehicle_system/autoaim/armor_detector/src/armor_detector/../../include/armor_detector/detector.hpp:[m[K In constructor ‘[01m[Karmor_detector::detector::detector(const string&, const string&, const string&, const armor_detector::detector_params&, const armor_detector::debug_params&, const armor_detector::gyro_params&)[m[K’:
[01m[K/home/liyuhang/Desktop/TUP-Vision-2023-Based/src/vehicle_system/autoaim/armor_detector/src/armor_detector/../../include/armor_detector/detector.hpp:135:27:[m[K [01;35m[Kwarning: [m[K‘[01m[Karmor_detector::detector::spinning_detector_[m[K’ will be initialized after [[01;35m[K-Wreorder[m[K]
  135 |         spinning_detector [01;35m[Kspinning_detector_[m[K;
      |                           [01;35m[K^~~~~~~~~~~~~~~~~~[m[K
In file included from [01m[K/home/liyuhang/Desktop/TUP-Vision-2023-Based/src/vehicle_system/autoaim/armor_detector/src/armor_detector/detector.cpp:8[m[K:
[01m[K/home/liyuhang/Desktop/TUP-Vision-2023-Based/src/vehicle_system/autoaim/armor_detector/src/armor_detector/../../include/armor_detector/detector.hpp:110:25:[m[K [01;35m[Kwarning: [m[K  ‘[01m[Karmor_detector::detector_params armor_detector::detector::detector_params_[m[K’ [[01;35m[K-Wreorder[m[K]
  110 |         detector_params [01;35m[Kdetector_params_[m[K;
      |                         [01;35m[K^~~~~~~~~~~~~~~~[m[K
[01m[K/home/liyuhang/Desktop/TUP-Vision-2023-Based/src/vehicle_system/autoaim/armor_detector/src/armor_detector/detector.cpp:14:5:[m[K [01;35m[Kwarning: [m[K  when initialized here [[01;35m[K-Wreorder[m[K]
   14 |     [01;35m[Kdetector[m[K::detector(const std::string& camera_name_, const std::string& camera_param_path_, const std::string& network_path_,
      |     [01;35m[K^~~~~~~~[m[K
[01m[K/home/liyuhang/Desktop/TUP-Vision-2023-Based/src/vehicle_system/autoaim/armor_detector/src/armor_detector/detector.cpp:[m[K In member function ‘[01m[Kvoid armor_detector::detector::debugParams(const armor_detector::detector_params&, const armor_detector::debug_params&, const armor_detector::gyro_params&)[m[K’:
[01m[K/home/liyuhang/Desktop/TUP-Vision-2023-Based/src/vehicle_system/autoaim/armor_detector/src/armor_detector/detector.cpp:66:125:[m[K [01;35m[Kwarning: [m[Kunused parameter ‘[01m[Kgyro_params[m[K’ [[01;35m[K-Wunused-parameter[m[K]
   66 |     void detector::debugParams(const detector_params& detector_params, const debug_params& debug_params, [01;35m[Kconst gyro_params& gyro_params[m[K)
      |                                                                                                          [01;35m[K~~~~~~~~~~~~~~~~~~~^~~~~~~~~~~[m[K
[01m[K/home/liyuhang/Desktop/TUP-Vision-2023-Based/src/vehicle_system/autoaim/armor_detector/src/armor_detector/detector.cpp:[m[K In member function ‘[01m[Kbool armor_detector::detector::armor_detect(global_user::TaskData&)[m[K’:
[01m[K/home/liyuhang/Desktop/TUP-Vision-2023-Based/src/vehicle_system/autoaim/armor_detector/src/armor_detector/detector.cpp:186:28:[m[K [01;35m[Kwarning: [m[Kcomparison of integer expressions of different signedness: ‘[01m[Kstd::vector<ArmorObject>::size_type[m[K’ {aka ‘[01m[Klong unsigned int[m[K’} and ‘[01m[Kint[m[K’ [[01;35m[K-Wsign-compare[m[K]
  186 |         if ([01;35m[Kobjects.size() > this->detector_params_.max_armors_cnt[m[K)
      |             [01;35m[K~~~~~~~~~~~~~~~^~~~~~~~~~~~~~~~~~~~~~~~~~~~~~~~~~~~~~~[m[K
[01m[K/home/liyuhang/Desktop/TUP-Vision-2023-Based/src/vehicle_system/autoaim/armor_detector/src/armor_detector/detector.cpp:283:17:[m[K [01;35m[Kwarning: [m[Kvariable ‘[01m[Kpnp_method[m[K’ set but not used [[01;35m[K-Wunused-but-set-variable[m[K]
  283 |             int [01;35m[Kpnp_method[m[K;
      |                 [01;35m[K^~~~~~~~~~[m[K
[01m[K/home/liyuhang/Desktop/TUP-Vision-2023-Based/src/vehicle_system/autoaim/armor_detector/src/armor_detector/detector.cpp:[m[K In member function ‘[01m[Kbool armor_detector::detector::gyro_detector(global_user::TaskData&, global_interface::msg::Target&)[m[K’:
[01m[K/home/liyuhang/Desktop/TUP-Vision-2023-Based/src/vehicle_system/autoaim/armor_detector/src/armor_detector/detector.cpp:445:18:[m[K [01;35m[Kwarning: [m[Kunused variable ‘[01m[Kavailable_candidates_cnt[m[K’ [[01;35m[K-Wunused-variable[m[K]
  445 |             auto [01;35m[Kavailable_candidates_cnt[m[K = 0;
      |                  [01;35m[K^~~~~~~~~~~~~~~~~~~~~~~~[m[K
[01m[K/home/liyuhang/Desktop/TUP-Vision-2023-Based/src/vehicle_system/autoaim/armor_detector/src/armor_detector/detector.cpp:480:18:[m[K [01;35m[Kwarning: [m[Kunused variable ‘[01m[Kvelocity[m[K’ [[01;35m[K-Wunused-variable[m[K]
  480 |             auto [01;35m[Kvelocity[m[K = (delta_dist / delta_t) * 1e3;
      |                  [01;35m[K^~~~~~~~[m[K
[01m[K/home/liyuhang/Desktop/TUP-Vision-2023-Based/src/vehicle_system/autoaim/armor_detector/src/armor_detector/detector.cpp:512:18:[m[K [01;35m[Kwarning: [m[Kunused variable ‘[01m[Kvelocity[m[K’ [[01;35m[K-Wunused-variable[m[K]
  512 |             auto [01;35m[Kvelocity[m[K = (delta_dist / delta_t) * 1e3;
      |                  [01;35m[K^~~~~~~~[m[K
[01m[K/home/liyuhang/Desktop/TUP-Vision-2023-Based/src/vehicle_system/autoaim/armor_detector/src/armor_detector/detector.cpp:[m[K In member function ‘[01m[Karmor_detector::ArmorTracker* armor_detector::detector::chooseTargetTracker(std::vector<armor_detector::ArmorTracker*>, int)[m[K’:
[01m[K/home/liyuhang/Desktop/TUP-Vision-2023-Based/src/vehicle_system/autoaim/armor_detector/src/armor_detector/detector.cpp:788:27:[m[K [01;35m[Kwarning: [m[Kcomparison of integer expressions of different signedness: ‘[01m[Kint[m[K’ and ‘[01m[Kstd::vector<armor_detector::ArmorTracker*>::size_type[m[K’ {aka ‘[01m[Klong unsigned int[m[K’} [[01;35m[K-Wsign-compare[m[K]
  788 |         for (int i = 0; [01;35m[Ki < trackers.size()[m[K; i++)
      |                         [01;35m[K~~^~~~~~~~~~~~~~~~~[m[K
/usr/bin/ld: warning: libopencv_imgproc.so.4.2, needed by /opt/ros/galactic/lib/libcv_bridge.so, may conflict with libopencv_imgproc.so.405
/usr/bin/ld: warning: libopencv_core.so.4.2, needed by /opt/ros/galactic/lib/libcv_bridge.so, may conflict with libopencv_core.so.405
