[0.016s] Invoking command in '/home/liyuhang/Desktop/TUP-Vision-2023-Based/build/armor_detector': CMAKE_PREFIX_PATH=${CMAKE_PREFIX_PATH}:/opt/ros/galactic /usr/local/bin/cmake /home/liyuhang/Desktop/TUP-Vision-2023-Based/src/vehicle_system/autoaim/armor_detector -DCMAKE_INSTALL_PREFIX=/home/liyuhang/Desktop/TUP-Vision-2023-Based/install/armor_detector
[0.027s] -- Found ament_cmake: 1.1.5 (/opt/ros/galactic/share/ament_cmake/cmake)
[0.051s] -- Using PYTHON_EXECUTABLE: /usr/bin/python3
[0.111s] -- Found rclcpp: 9.2.1 (/opt/ros/galactic/share/rclcpp/cmake)
[0.145s] -- Using all available rosidl_typesupport_c: rosidl_typesupport_fastrtps_c;rosidl_typesupport_introspection_c
[0.148s] -- Found rosidl_adapter: 2.2.2 (/opt/ros/galactic/share/rosidl_adapter/cmake)
[0.260s] -- Using all available rosidl_typesupport_cpp: rosidl_typesupport_fastrtps_cpp;rosidl_typesupport_introspection_cpp
[0.306s] -- Found rmw_implementation_cmake: 3.3.1 (/opt/ros/galactic/share/rmw_implementation_cmake/cmake)
[0.309s] -- Found rmw_cyclonedds_cpp: 0.22.5 (/opt/ros/galactic/share/rmw_cyclonedds_cpp/cmake)
[0.325s] -- Using RMW implementation 'rmw_cyclonedds_cpp' as default
[0.443s] -- Found rclpy: 1.9.2 (/opt/ros/galactic/share/rclpy/cmake)
[0.447s] -- Found message_filters: 3.2.6 (/opt/ros/galactic/share/message_filters/cmake)
[0.454s] -- Found image_transport: 2.5.0 (/opt/ros/galactic/share/image_transport/cmake)
[0.654s] -- Found AMD headers in: /usr/include/suitesparse
[0.654s] -- Found AMD library: /usr/lib/x86_64-linux-gnu/libamd.so
[0.655s] -- Found CAMD headers in: /usr/include/suitesparse
[0.655s] -- Found CAMD library: /usr/lib/x86_64-linux-gnu/libcamd.so
[0.655s] -- Found CCOLAMD headers in: /usr/include/suitesparse
[0.655s] -- Found CCOLAMD library: /usr/lib/x86_64-linux-gnu/libccolamd.so
[0.655s] -- Found CHOLMOD headers in: /usr/include/suitesparse
[0.655s] -- Found CHOLMOD library: /usr/lib/x86_64-linux-gnu/libcholmod.so
[0.655s] -- Found COLAMD headers in: /usr/include/suitesparse
[0.656s] -- Found COLAMD library: /usr/lib/x86_64-linux-gnu/libcolamd.so
[0.656s] -- Found SPQR headers in: /usr/include/suitesparse
[0.656s] -- Found SPQR library: /usr/lib/x86_64-linux-gnu/libspqr.so
[0.656s] -- Found Config headers in: /usr/include/suitesparse
[0.656s] -- Found Config library: /usr/lib/x86_64-linux-gnu/libsuitesparseconfig.so
[0.657s] -- Found Intel Thread Building Blocks (TBB) library (2020.2 / 11102) include location: . Assuming SuiteSparseQR was compiled with TBB.
[0.657s] -- Adding librt to SuiteSparse_config libraries (required on Linux & Unix [not OSX] if SuiteSparse is compiled with timing).
[0.660s] -- Found required Ceres dependency: Eigen version 3.4.0 in /usr/local/share/eigen3/cmake
[0.661s] -- Found required Ceres dependency: glog
[0.663s] -- Found required Ceres dependency: gflags
[0.663s] -- Found Ceres version: 2.1.0 installed in: /usr/local with components: [EigenSparse, SparseLinearAlgebraLibrary, LAPACK, SuiteSparse, CXSparse, SchurSpecializations, Multithreading]
[0.664s] -- Found cv_bridge: 3.1.3 (/opt/ros/galactic/share/cv_bridge/cmake)
[0.673s] -- Found global_interface: 0.0.0 (/home/liyuhang/Desktop/TUP-Vision-2023-Based/install/global_interface/share/global_interface/cmake)
[0.778s] -- Found global_user: 0.0.0 (/home/liyuhang/Desktop/TUP-Vision-2023-Based/install/global_user/share/global_user/cmake)
[0.852s] -- Found eigen3_cmake_module: 0.1.1 (/opt/ros/galactic/share/eigen3_cmake_module/cmake)
[0.853s] -- Found Eigen3: TRUE (found version "3.4.0") 
[1.308s] -- Found ament_lint_auto: 0.10.7 (/opt/ros/galactic/share/ament_lint_auto/cmake)
[1.376s] -- Added test 'copyright' to check source files copyright and LICENSE
[1.378s] -- Added test 'cppcheck' to perform static code analysis on C / C++ code
[1.378s] -- Configured cppcheck include dirs: /home/liyuhang/Desktop/TUP-Vision-2023-Based/src/vehicle_system/autoaim/armor_detector/include
[1.378s] -- Configured cppcheck exclude dirs and/or files: 
[1.380s] -- Added test 'cpplint' to check C / C++ code against the Google style
[1.380s] -- Configured cpplint exclude dirs and/or files: 
[1.380s] -- Added test 'flake8' to check Python code syntax and style conventions
[1.381s] -- Added test 'lint_cmake' to check CMake code style
[1.382s] -- Added test 'pep257' to check Python code against some of the style conventions in PEP 257
[1.383s] -- Added test 'uncrustify' to check C / C++ code style
[1.383s] -- Configured uncrustify additional arguments: 
[1.384s] -- Added test 'xmllint' to check XML markup files
[1.385s] -- Configuring done
[1.409s] -- Generating done
[1.410s] -- Build files have been written to: /home/liyuhang/Desktop/TUP-Vision-2023-Based/build/armor_detector
[1.417s] Invoked command in '/home/liyuhang/Desktop/TUP-Vision-2023-Based/build/armor_detector' returned '0': CMAKE_PREFIX_PATH=${CMAKE_PREFIX_PATH}:/opt/ros/galactic /usr/local/bin/cmake /home/liyuhang/Desktop/TUP-Vision-2023-Based/src/vehicle_system/autoaim/armor_detector -DCMAKE_INSTALL_PREFIX=/home/liyuhang/Desktop/TUP-Vision-2023-Based/install/armor_detector
[1.419s] Invoking command in '/home/liyuhang/Desktop/TUP-Vision-2023-Based/build/armor_detector': CMAKE_PREFIX_PATH=${CMAKE_PREFIX_PATH}:/opt/ros/galactic /usr/local/bin/cmake --build /home/liyuhang/Desktop/TUP-Vision-2023-Based/build/armor_detector -- -j8 -l8
[1.441s] [35m[1mScanning dependencies of target armor_detector_node[0m
[1.575s] [ 16%] [32mBuilding CXX object CMakeFiles/armor_detector_node.dir/src/armor_detector/armor_tracker.cpp.o[0m
[1.577s] [ 33%] [32mBuilding CXX object CMakeFiles/armor_detector_node.dir/src/armor_detector/detector.cpp.o[0m
[1.577s] [ 50%] [32mBuilding CXX object CMakeFiles/armor_detector_node.dir/src/armor_detector/spinning_detector.cpp.o[0m
[1.578s] [ 66%] [32mBuilding CXX object CMakeFiles/armor_detector_node.dir/src/armor_detector/inference_api2.cpp.o[0m
[1.579s] [ 83%] [32mBuilding CXX object CMakeFiles/armor_detector_node.dir/src/armor_detector/detector_node.cpp.o[0m
[2.023s] [01m[K/home/liyuhang/Desktop/TUP-Vision-2023-Based/src/vehicle_system/autoaim/armor_detector/src/armor_detector/inference_api2.cpp:199:[m[K [01;35m[Kwarning: [m[Kignoring #pragma omp parallel [[01;35m[K-Wunknown-pragmas[m[K]
[2.023s]   199 |     #pragma omp parallel sections
[2.023s]       | 
[2.023s] [01m[K/home/liyuhang/Desktop/TUP-Vision-2023-Based/src/vehicle_system/autoaim/armor_detector/src/armor_detector/inference_api2.cpp:201:[m[K [01;35m[Kwarning: [m[Kignoring #pragma omp section [[01;35m[K-Wunknown-pragmas[m[K]
[2.023s]   201 |         #pragma omp section
[2.023s]       | 
[2.024s] [01m[K/home/liyuhang/Desktop/TUP-Vision-2023-Based/src/vehicle_system/autoaim/armor_detector/src/armor_detector/inference_api2.cpp:205:[m[K [01;35m[Kwarning: [m[Kignoring #pragma omp section [[01;35m[K-Wunknown-pragmas[m[K]
[2.024s]   205 |         #pragma omp section
[2.024s]       | 
[4.353s] [01m[K/home/liyuhang/Desktop/TUP-Vision-2023-Based/src/vehicle_system/autoaim/armor_detector/src/armor_detector/spinning_detector.cpp:[m[K In member function ‘[01m[Kvoid armor_detector::spinning_detector::create_armor_tracker(std::multimap<std::__cxx11::basic_string<char>, armor_detector::ArmorTracker>&, std::vector<armor_detector::Armor>&, std::map<std::__cxx11::basic_string<char>, int>&, int, int)[m[K’:
[4.354s] [01m[K/home/liyuhang/Desktop/TUP-Vision-2023-Based/src/vehicle_system/autoaim/armor_detector/src/armor_detector/spinning_detector.cpp:141:22:[m[K [01;35m[Kwarning: [m[Kvariable ‘[01m[Ktarget_predictor[m[K’ set but not used [[01;35m[K-Wunused-but-set-variable[m[K]
[4.354s]   141 |                 auto [01;35m[Ktarget_predictor[m[K = trackers_map.insert(make_pair((*armor).key, tracker));
[4.354s]       |                      [01;35m[K^~~~~~~~~~~~~~~~[m[K
[4.373s] [01m[K/home/liyuhang/Desktop/TUP-Vision-2023-Based/src/vehicle_system/autoaim/armor_detector/src/armor_detector/spinning_detector.cpp:180:26:[m[K [01;35m[Kwarning: [m[Kunused variable ‘[01m[Kvelocity[m[K’ [[01;35m[K-Wunused-variable[m[K]
[4.373s]   180 |                     auto [01;35m[Kvelocity[m[K = (delta_dist / delta_t) * 1e3;
[4.374s]       |                          [01;35m[K^~~~~~~~[m[K
[4.374s] [01m[K/home/liyuhang/Desktop/TUP-Vision-2023-Based/src/vehicle_system/autoaim/armor_detector/src/armor_detector/spinning_detector.cpp:196:26:[m[K [01;35m[Kwarning: [m[Kunused variable ‘[01m[Kvelocity[m[K’ [[01;35m[K-Wunused-variable[m[K]
[4.374s]   196 |                     auto [01;35m[Kvelocity[m[K = min_delta_dist;
[4.374s]       |                          [01;35m[K^~~~~~~~[m[K
[4.374s] [01m[K/home/liyuhang/Desktop/TUP-Vision-2023-Based/src/vehicle_system/autoaim/armor_detector/src/armor_detector/spinning_detector.cpp:197:26:[m[K [01;35m[Kwarning: [m[Kunused variable ‘[01m[Kdelta_t[m[K’ [[01;35m[K-Wunused-variable[m[K]
[4.374s]   197 |                     auto [01;35m[Kdelta_t[m[K = min_delta_t;
[4.374s]       |                          [01;35m[K^~~~~~~[m[K
[5.548s] [01m[K/home/liyuhang/Desktop/TUP-Vision-2023-Based/src/vehicle_system/autoaim/armor_detector/src/armor_detector/armor_tracker.cpp:[m[K In member function ‘[01m[Kbool armor_detector::ArmorTracker::update(armor_detector::Armor, int)[m[K’:
[5.549s] [01m[K/home/liyuhang/Desktop/TUP-Vision-2023-Based/src/vehicle_system/autoaim/armor_detector/src/armor_detector/armor_tracker.cpp:29:33:[m[K [01;35m[Kwarning: [m[Kcomparison of integer expressions of different signedness: ‘[01m[Kstd::deque<armor_detector::Armor>::size_type[m[K’ {aka ‘[01m[Klong unsigned int[m[K’} and ‘[01m[Kconst int[m[K’ [[01;35m[K-Wsign-compare[m[K]
[5.549s]    29 |         if ([01;35m[Khistory_info.size() <= max_history_len[m[K)
[5.549s]       |             [01;35m[K~~~~~~~~~~~~~~~~~~~~^~~~~~~~~~~~~~~~~~[m[K
[5.683s] [01m[K/home/liyuhang/Desktop/TUP-Vision-2023-Based/src/vehicle_system/autoaim/armor_detector/src/armor_detector/inference_api2.cpp:[m[K In function ‘[01m[Kvoid generate_grids_and_stride(int, int, std::vector<int>&, std::vector<GridAndStride>&)[m[K’:
[5.683s] [01m[K/home/liyuhang/Desktop/TUP-Vision-2023-Based/src/vehicle_system/autoaim/armor_detector/src/armor_detector/inference_api2.cpp:80:70:[m[K [01;35m[Kwarning: [m[KISO C++ forbids compound-literals [[01;35m[K-Wpedantic[m[K]
[5.683s]    80 |                 grid_strides.push_back((GridAndStride){g0, g1, stride[01;35m[K}[m[K);
[5.683s]       |                                                                      [01;35m[K^[m[K
[5.758s] [01m[K/home/liyuhang/Desktop/TUP-Vision-2023-Based/src/vehicle_system/autoaim/armor_detector/src/armor_detector/inference_api2.cpp:[m[K In function ‘[01m[Kvoid generateYoloxProposals(std::vector<GridAndStride>, const float*, Eigen::Matrix<float, 3, 3>&, float, std::vector<ArmorObject>&)[m[K’:
[5.758s] [01m[K/home/liyuhang/Desktop/TUP-Vision-2023-Based/src/vehicle_system/autoaim/armor_detector/src/armor_detector/inference_api2.cpp:125:15:[m[K [01;35m[Kwarning: [m[Kunused variable ‘[01m[Kcolor_conf[m[K’ [[01;35m[K-Wunused-variable[m[K]
[5.758s]   125 |         float [01;35m[Kcolor_conf[m[K = (feat_ptr[basic_pos + 9 + box_color]);
[5.758s]       |               [01;35m[K^~~~~~~~~~[m[K
[5.758s] [01m[K/home/liyuhang/Desktop/TUP-Vision-2023-Based/src/vehicle_system/autoaim/armor_detector/src/armor_detector/inference_api2.cpp:126:15:[m[K [01;35m[Kwarning: [m[Kunused variable ‘[01m[Kcls_conf[m[K’ [[01;35m[K-Wunused-variable[m[K]
[5.759s]   126 |         float [01;35m[Kcls_conf[m[K = (feat_ptr[basic_pos + 9 + NUM_COLORS + box_class]);
[5.759s]       |               [01;35m[K^~~~~~~~[m[K
[5.764s] [01m[K/home/liyuhang/Desktop/TUP-Vision-2023-Based/src/vehicle_system/autoaim/armor_detector/src/armor_detector/inference_api2.cpp:[m[K In function ‘[01m[Kvoid decodeOutputs(const float*, std::vector<ArmorObject>&, Eigen::Matrix<float, 3, 3>&, int, int)[m[K’:
[5.764s] [01m[K/home/liyuhang/Desktop/TUP-Vision-2023-Based/src/vehicle_system/autoaim/armor_detector/src/armor_detector/inference_api2.cpp:277:83:[m[K [01;35m[Kwarning: [m[Kunused parameter ‘[01m[Kimg_w[m[K’ [[01;35m[K-Wunused-parameter[m[K]
[5.764s]   277 |                             Eigen::Matrix<float,3,3> &transform_matrix, [01;35m[Kconst int img_w[m[K, const int img_h)
[5.764s]       |                                                                         [01;35m[K~~~~~~~~~~^~~~~[m[K
[5.764s] [01m[K/home/liyuhang/Desktop/TUP-Vision-2023-Based/src/vehicle_system/autoaim/armor_detector/src/armor_detector/inference_api2.cpp:277:100:[m[K [01;35m[Kwarning: [m[Kunused parameter ‘[01m[Kimg_h[m[K’ [[01;35m[K-Wunused-parameter[m[K]
[5.764s]   277 |                             Eigen::Matrix<float,3,3> &transform_matrix, const int img_w, [01;35m[Kconst int img_h[m[K)
[5.764s]       |                                                                                          [01;35m[K~~~~~~~~~~^~~~~[m[K
[6.991s] In file included from [01m[K/home/liyuhang/Desktop/TUP-Vision-2023-Based/src/vehicle_system/autoaim/armor_detector/src/armor_detector/detector.cpp:8[m[K:
[6.991s] [01m[K/home/liyuhang/Desktop/TUP-Vision-2023-Based/src/vehicle_system/autoaim/armor_detector/src/armor_detector/../../include/armor_detector/detector.hpp:[m[K In constructor ‘[01m[Karmor_detector::detector::detector(const string&, const string&, const string&, const armor_detector::detector_params&, const armor_detector::debug_params&, const armor_detector::gyro_params&)[m[K’:
[6.991s] [01m[K/home/liyuhang/Desktop/TUP-Vision-2023-Based/src/vehicle_system/autoaim/armor_detector/src/armor_detector/../../include/armor_detector/detector.hpp:135:27:[m[K [01;35m[Kwarning: [m[K‘[01m[Karmor_detector::detector::spinning_detector_[m[K’ will be initialized after [[01;35m[K-Wreorder[m[K]
[6.991s]   135 |         spinning_detector [01;35m[Kspinning_detector_[m[K;
[6.991s]       |                           [01;35m[K^~~~~~~~~~~~~~~~~~[m[K
[6.992s] In file included from [01m[K/home/liyuhang/Desktop/TUP-Vision-2023-Based/src/vehicle_system/autoaim/armor_detector/src/armor_detector/detector.cpp:8[m[K:
[6.992s] [01m[K/home/liyuhang/Desktop/TUP-Vision-2023-Based/src/vehicle_system/autoaim/armor_detector/src/armor_detector/../../include/armor_detector/detector.hpp:110:25:[m[K [01;35m[Kwarning: [m[K  ‘[01m[Karmor_detector::detector_params armor_detector::detector::detector_params_[m[K’ [[01;35m[K-Wreorder[m[K]
[6.992s]   110 |         detector_params [01;35m[Kdetector_params_[m[K;
[6.992s]       |                         [01;35m[K^~~~~~~~~~~~~~~~[m[K
[6.992s] [01m[K/home/liyuhang/Desktop/TUP-Vision-2023-Based/src/vehicle_system/autoaim/armor_detector/src/armor_detector/detector.cpp:14:5:[m[K [01;35m[Kwarning: [m[K  when initialized here [[01;35m[K-Wreorder[m[K]
[6.992s]    14 |     [01;35m[Kdetector[m[K::detector(const std::string& camera_name_, const std::string& camera_param_path_, const std::string& network_path_,
[6.992s]       |     [01;35m[K^~~~~~~~[m[K
[6.995s] [01m[K/home/liyuhang/Desktop/TUP-Vision-2023-Based/src/vehicle_system/autoaim/armor_detector/src/armor_detector/detector.cpp:[m[K In member function ‘[01m[Kvoid armor_detector::detector::debugParams(const armor_detector::detector_params&, const armor_detector::debug_params&, const armor_detector::gyro_params&)[m[K’:
[6.996s] [01m[K/home/liyuhang/Desktop/TUP-Vision-2023-Based/src/vehicle_system/autoaim/armor_detector/src/armor_detector/detector.cpp:66:125:[m[K [01;35m[Kwarning: [m[Kunused parameter ‘[01m[Kgyro_params[m[K’ [[01;35m[K-Wunused-parameter[m[K]
[6.996s]    66 |     void detector::debugParams(const detector_params& detector_params, const debug_params& debug_params, [01;35m[Kconst gyro_params& gyro_params[m[K)
[6.996s]       |                                                                                                          [01;35m[K~~~~~~~~~~~~~~~~~~~^~~~~~~~~~~[m[K
[7.047s] [01m[K/home/liyuhang/Desktop/TUP-Vision-2023-Based/src/vehicle_system/autoaim/armor_detector/src/armor_detector/detector.cpp:[m[K In member function ‘[01m[Kbool armor_detector::detector::armor_detect(global_user::TaskData&)[m[K’:
[7.048s] [01m[K/home/liyuhang/Desktop/TUP-Vision-2023-Based/src/vehicle_system/autoaim/armor_detector/src/armor_detector/detector.cpp:186:28:[m[K [01;35m[Kwarning: [m[Kcomparison of integer expressions of different signedness: ‘[01m[Kstd::vector<ArmorObject>::size_type[m[K’ {aka ‘[01m[Klong unsigned int[m[K’} and ‘[01m[Kint[m[K’ [[01;35m[K-Wsign-compare[m[K]
[7.048s]   186 |         if ([01;35m[Kobjects.size() > this->detector_params_.max_armors_cnt[m[K)
[7.048s]       |             [01;35m[K~~~~~~~~~~~~~~~^~~~~~~~~~~~~~~~~~~~~~~~~~~~~~~~~~~~~~~[m[K
[7.056s] [01m[K/home/liyuhang/Desktop/TUP-Vision-2023-Based/src/vehicle_system/autoaim/armor_detector/src/armor_detector/detector.cpp:283:17:[m[K [01;35m[Kwarning: [m[Kvariable ‘[01m[Kpnp_method[m[K’ set but not used [[01;35m[K-Wunused-but-set-variable[m[K]
[7.057s]   283 |             int [01;35m[Kpnp_method[m[K;
[7.057s]       |                 [01;35m[K^~~~~~~~~~[m[K
[7.085s] [01m[K/home/liyuhang/Desktop/TUP-Vision-2023-Based/src/vehicle_system/autoaim/armor_detector/src/armor_detector/detector.cpp:[m[K In member function ‘[01m[Kbool armor_detector::detector::gyro_detector(global_user::TaskData&, global_interface::msg::Target&)[m[K’:
[7.085s] [01m[K/home/liyuhang/Desktop/TUP-Vision-2023-Based/src/vehicle_system/autoaim/armor_detector/src/armor_detector/detector.cpp:445:18:[m[K [01;35m[Kwarning: [m[Kunused variable ‘[01m[Kavailable_candidates_cnt[m[K’ [[01;35m[K-Wunused-variable[m[K]
[7.085s]   445 |             auto [01;35m[Kavailable_candidates_cnt[m[K = 0;
[7.085s]       |                  [01;35m[K^~~~~~~~~~~~~~~~~~~~~~~~[m[K
[7.085s] [01m[K/home/liyuhang/Desktop/TUP-Vision-2023-Based/src/vehicle_system/autoaim/armor_detector/src/armor_detector/detector.cpp:480:18:[m[K [01;35m[Kwarning: [m[Kunused variable ‘[01m[Kvelocity[m[K’ [[01;35m[K-Wunused-variable[m[K]
[7.085s]   480 |             auto [01;35m[Kvelocity[m[K = (delta_dist / delta_t) * 1e3;
[7.085s]       |                  [01;35m[K^~~~~~~~[m[K
[7.086s] [01m[K/home/liyuhang/Desktop/TUP-Vision-2023-Based/src/vehicle_system/autoaim/armor_detector/src/armor_detector/detector.cpp:512:18:[m[K [01;35m[Kwarning: [m[Kunused variable ‘[01m[Kvelocity[m[K’ [[01;35m[K-Wunused-variable[m[K]
[7.086s]   512 |             auto [01;35m[Kvelocity[m[K = (delta_dist / delta_t) * 1e3;
[7.086s]       |                  [01;35m[K^~~~~~~~[m[K
[7.102s] [01m[K/home/liyuhang/Desktop/TUP-Vision-2023-Based/src/vehicle_system/autoaim/armor_detector/src/armor_detector/detector.cpp:[m[K In member function ‘[01m[Karmor_detector::ArmorTracker* armor_detector::detector::chooseTargetTracker(std::vector<armor_detector::ArmorTracker*>, int)[m[K’:
[7.102s] [01m[K/home/liyuhang/Desktop/TUP-Vision-2023-Based/src/vehicle_system/autoaim/armor_detector/src/armor_detector/detector.cpp:788:27:[m[K [01;35m[Kwarning: [m[Kcomparison of integer expressions of different signedness: ‘[01m[Kint[m[K’ and ‘[01m[Kstd::vector<armor_detector::ArmorTracker*>::size_type[m[K’ {aka ‘[01m[Klong unsigned int[m[K’} [[01;35m[K-Wsign-compare[m[K]
[7.102s]   788 |         for (int i = 0; [01;35m[Ki < trackers.size()[m[K; i++)
[7.102s]       |                         [01;35m[K~~^~~~~~~~~~~~~~~~~[m[K
[13.903s] [100%] [32m[1mLinking CXX executable armor_detector_node[0m
[14.862s] /usr/bin/ld: warning: libopencv_imgproc.so.4.2, needed by /opt/ros/galactic/lib/libcv_bridge.so, may conflict with libopencv_imgproc.so.405
[14.862s] /usr/bin/ld: warning: libopencv_core.so.4.2, needed by /opt/ros/galactic/lib/libcv_bridge.so, may conflict with libopencv_core.so.405
[14.867s] [100%] Built target armor_detector_node
[14.873s] Invoked command in '/home/liyuhang/Desktop/TUP-Vision-2023-Based/build/armor_detector' returned '0': CMAKE_PREFIX_PATH=${CMAKE_PREFIX_PATH}:/opt/ros/galactic /usr/local/bin/cmake --build /home/liyuhang/Desktop/TUP-Vision-2023-Based/build/armor_detector -- -j8 -l8
[14.910s] Invoking command in '/home/liyuhang/Desktop/TUP-Vision-2023-Based/build/armor_detector': CMAKE_PREFIX_PATH=${CMAKE_PREFIX_PATH}:/opt/ros/galactic /usr/local/bin/cmake --install /home/liyuhang/Desktop/TUP-Vision-2023-Based/build/armor_detector
[14.914s] -- Install configuration: ""
[14.914s] -- Installing: /home/liyuhang/Desktop/TUP-Vision-2023-Based/install/armor_detector/lib/armor_detector/armor_detector_node
[14.936s] -- Set runtime path of "/home/liyuhang/Desktop/TUP-Vision-2023-Based/install/armor_detector/lib/armor_detector/armor_detector_node" to ""
[14.937s] -- Installing: /home/liyuhang/Desktop/TUP-Vision-2023-Based/install/armor_detector/share/armor_detector/launch
[14.937s] -- Installing: /home/liyuhang/Desktop/TUP-Vision-2023-Based/install/armor_detector/share/armor_detector/launch/armor_detector.launch.py
[14.937s] -- Installing: /home/liyuhang/Desktop/TUP-Vision-2023-Based/install/armor_detector/share/ament_index/resource_index/package_run_dependencies/armor_detector
[14.937s] -- Installing: /home/liyuhang/Desktop/TUP-Vision-2023-Based/install/armor_detector/share/ament_index/resource_index/parent_prefix_path/armor_detector
[14.937s] -- Installing: /home/liyuhang/Desktop/TUP-Vision-2023-Based/install/armor_detector/share/armor_detector/environment/ament_prefix_path.sh
[14.937s] -- Installing: /home/liyuhang/Desktop/TUP-Vision-2023-Based/install/armor_detector/share/armor_detector/environment/ament_prefix_path.dsv
[14.938s] -- Installing: /home/liyuhang/Desktop/TUP-Vision-2023-Based/install/armor_detector/share/armor_detector/environment/path.sh
[14.938s] -- Installing: /home/liyuhang/Desktop/TUP-Vision-2023-Based/install/armor_detector/share/armor_detector/environment/path.dsv
[14.938s] -- Installing: /home/liyuhang/Desktop/TUP-Vision-2023-Based/install/armor_detector/share/armor_detector/local_setup.bash
[14.938s] -- Installing: /home/liyuhang/Desktop/TUP-Vision-2023-Based/install/armor_detector/share/armor_detector/local_setup.sh
[14.938s] -- Installing: /home/liyuhang/Desktop/TUP-Vision-2023-Based/install/armor_detector/share/armor_detector/local_setup.zsh
[14.938s] -- Installing: /home/liyuhang/Desktop/TUP-Vision-2023-Based/install/armor_detector/share/armor_detector/local_setup.dsv
[14.939s] -- Installing: /home/liyuhang/Desktop/TUP-Vision-2023-Based/install/armor_detector/share/armor_detector/package.dsv
[14.939s] -- Installing: /home/liyuhang/Desktop/TUP-Vision-2023-Based/install/armor_detector/share/ament_index/resource_index/packages/armor_detector
[14.939s] -- Installing: /home/liyuhang/Desktop/TUP-Vision-2023-Based/install/armor_detector/share/armor_detector/cmake/armor_detectorConfig.cmake
[14.939s] -- Installing: /home/liyuhang/Desktop/TUP-Vision-2023-Based/install/armor_detector/share/armor_detector/cmake/armor_detectorConfig-version.cmake
[14.939s] -- Installing: /home/liyuhang/Desktop/TUP-Vision-2023-Based/install/armor_detector/share/armor_detector/package.xml
[14.941s] Invoked command in '/home/liyuhang/Desktop/TUP-Vision-2023-Based/build/armor_detector' returned '0': CMAKE_PREFIX_PATH=${CMAKE_PREFIX_PATH}:/opt/ros/galactic /usr/local/bin/cmake --install /home/liyuhang/Desktop/TUP-Vision-2023-Based/build/armor_detector
