[0.026s] Invoking command in '/home/zhengtu/Desktop/TUP-Vision-2023-Based/build/global_user': CMAKE_PREFIX_PATH=/opt/ros/galactic /usr/bin/cmake --build /home/zhengtu/Desktop/TUP-Vision-2023-Based/build/global_user -- -j16 -l16
[0.105s] [100%] Built target global_user
[0.122s] Invoked command in '/home/zhengtu/Desktop/TUP-Vision-2023-Based/build/global_user' returned '0': CMAKE_PREFIX_PATH=/opt/ros/galactic /usr/bin/cmake --build /home/zhengtu/Desktop/TUP-Vision-2023-Based/build/global_user -- -j16 -l16
[0.175s] Invoking command in '/home/zhengtu/Desktop/TUP-Vision-2023-Based/build/global_user': CMAKE_PREFIX_PATH=/opt/ros/galactic /usr/bin/cmake --install /home/zhengtu/Desktop/TUP-Vision-2023-Based/build/global_user
[0.188s] -- Install configuration: ""
[0.188s] -- Up-to-date: /home/zhengtu/Desktop/TUP-Vision-2023-Based/install/global_user/share/global_user/environment/library_path.sh
[0.188s] -- Up-to-date: /home/zhengtu/Desktop/TUP-Vision-2023-Based/install/global_user/share/global_user/environment/library_path.dsv
[0.188s] -- Up-to-date: /home/zhengtu/Desktop/TUP-Vision-2023-Based/install/global_user/include
[0.189s] -- Up-to-date: /home/zhengtu/Desktop/TUP-Vision-2023-Based/install/global_user/include/global_user
[0.189s] -- Up-to-date: /home/zhengtu/Desktop/TUP-Vision-2023-Based/install/global_user/include/global_user/global_user.hpp
[0.190s] -- Up-to-date: /home/zhengtu/Desktop/TUP-Vision-2023-Based/install/global_user/include/coordsolver.hpp
[0.190s] -- Up-to-date: /home/zhengtu/Desktop/TUP-Vision-2023-Based/install/global_user/lib/libglobal_user.so
[0.190s] -- Up-to-date: /home/zhengtu/Desktop/TUP-Vision-2023-Based/install/global_user/share/global_user/config
[0.190s] -- Installing: /home/zhengtu/Desktop/TUP-Vision-2023-Based/install/global_user/share/global_user/config/autoaim.yaml
[0.190s] -- Up-to-date: /home/zhengtu/Desktop/TUP-Vision-2023-Based/install/global_user/share/global_user/config/buff.yaml
[0.190s] -- Up-to-date: /home/zhengtu/Desktop/TUP-Vision-2023-Based/install/global_user/share/global_user/config/camera_ros.yaml
[0.190s] -- Up-to-date: /home/zhengtu/Desktop/TUP-Vision-2023-Based/install/global_user/share/global_user/config/camera.yaml
[0.190s] -- Up-to-date: /home/zhengtu/Desktop/TUP-Vision-2023-Based/install/global_user/share/ament_index/resource_index/package_run_dependencies/global_user
[0.190s] -- Up-to-date: /home/zhengtu/Desktop/TUP-Vision-2023-Based/install/global_user/share/ament_index/resource_index/parent_prefix_path/global_user
[0.191s] -- Up-to-date: /home/zhengtu/Desktop/TUP-Vision-2023-Based/install/global_user/share/global_user/environment/ament_prefix_path.sh
[0.191s] -- Up-to-date: /home/zhengtu/Desktop/TUP-Vision-2023-Based/install/global_user/share/global_user/environment/ament_prefix_path.dsv
[0.191s] -- Up-to-date: /home/zhengtu/Desktop/TUP-Vision-2023-Based/install/global_user/share/global_user/environment/path.sh
[0.191s] -- Up-to-date: /home/zhengtu/Desktop/TUP-Vision-2023-Based/install/global_user/share/global_user/environment/path.dsv
[0.191s] -- Up-to-date: /home/zhengtu/Desktop/TUP-Vision-2023-Based/install/global_user/share/global_user/local_setup.bash
[0.192s] -- Up-to-date: /home/zhengtu/Desktop/TUP-Vision-2023-Based/install/global_user/share/global_user/local_setup.sh
[0.192s] -- Up-to-date: /home/zhengtu/Desktop/TUP-Vision-2023-Based/install/global_user/share/global_user/local_setup.zsh
[0.193s] -- Up-to-date: /home/zhengtu/Desktop/TUP-Vision-2023-Based/install/global_user/share/global_user/local_setup.dsv
[0.193s] -- Installing: /home/zhengtu/Desktop/TUP-Vision-2023-Based/install/global_user/share/global_user/package.dsv
[0.193s] -- Up-to-date: /home/zhengtu/Desktop/TUP-Vision-2023-Based/install/global_user/share/ament_index/resource_index/packages/global_user
[0.194s] -- Up-to-date: /home/zhengtu/Desktop/TUP-Vision-2023-Based/install/global_user/share/global_user/cmake/global_userExport.cmake
[0.195s] -- Up-to-date: /home/zhengtu/Desktop/TUP-Vision-2023-Based/install/global_user/share/global_user/cmake/global_userExport-noconfig.cmake
[0.197s] -- Up-to-date: /home/zhengtu/Desktop/TUP-Vision-2023-Based/install/global_user/share/global_user/cmake/ament_cmake_export_include_directories-extras.cmake
[0.197s] -- Up-to-date: /home/zhengtu/Desktop/TUP-Vision-2023-Based/install/global_user/share/global_user/cmake/ament_cmake_export_libraries-extras.cmake
[0.198s] -- Up-to-date: /home/zhengtu/Desktop/TUP-Vision-2023-Based/install/global_user/share/global_user/cmake/ament_cmake_export_targets-extras.cmake
[0.198s] -- Up-to-date: /home/zhengtu/Desktop/TUP-Vision-2023-Based/install/global_user/share/global_user/cmake/ament_cmake_export_dependencies-extras.cmake
[0.198s] -- Up-to-date: /home/zhengtu/Desktop/TUP-Vision-2023-Based/install/global_user/share/global_user/cmake/global_userConfig.cmake
[0.199s] -- Up-to-date: /home/zhengtu/Desktop/TUP-Vision-2023-Based/install/global_user/share/global_user/cmake/global_userConfig-version.cmake
[0.199s] -- Up-to-date: /home/zhengtu/Desktop/TUP-Vision-2023-Based/install/global_user/share/global_user/package.xml
[0.200s] Invoked command in '/home/zhengtu/Desktop/TUP-Vision-2023-Based/build/global_user' returned '0': CMAKE_PREFIX_PATH=/opt/ros/galactic /usr/bin/cmake --install /home/zhengtu/Desktop/TUP-Vision-2023-Based/build/global_user
