[0.022s] Invoking command in '/home/liyuhang/Desktop/TUP-Vision-2023-Based/build/armor_detector': CMAKE_PREFIX_PATH=${CMAKE_PREFIX_PATH}:/opt/ros/galactic /usr/local/bin/cmake --build /home/liyuhang/Desktop/TUP-Vision-2023-Based/build/armor_detector -- -j8 -l8
[0.072s] [100%] Built target armor_detector_node
[0.076s] Invoked command in '/home/liyuhang/Desktop/TUP-Vision-2023-Based/build/armor_detector' returned '0': CMAKE_PREFIX_PATH=${CMAKE_PREFIX_PATH}:/opt/ros/galactic /usr/local/bin/cmake --build /home/liyuhang/Desktop/TUP-Vision-2023-Based/build/armor_detector -- -j8 -l8
[0.112s] Invoking command in '/home/liyuhang/Desktop/TUP-Vision-2023-Based/build/armor_detector': CMAKE_PREFIX_PATH=${CMAKE_PREFIX_PATH}:/opt/ros/galactic /usr/local/bin/cmake --install /home/liyuhang/Desktop/TUP-Vision-2023-Based/build/armor_detector
[0.115s] -- Install configuration: ""
[0.116s] -- Up-to-date: /home/liyuhang/Desktop/TUP-Vision-2023-Based/install/armor_detector/lib/armor_detector/armor_detector_node
[0.117s] -- Up-to-date: /home/liyuhang/Desktop/TUP-Vision-2023-Based/install/armor_detector/share/armor_detector/launch
[0.117s] -- Up-to-date: /home/liyuhang/Desktop/TUP-Vision-2023-Based/install/armor_detector/share/armor_detector/launch/armor_detector.launch.py
[0.117s] -- Up-to-date: /home/liyuhang/Desktop/TUP-Vision-2023-Based/install/armor_detector/share/ament_index/resource_index/package_run_dependencies/armor_detector
[0.117s] -- Up-to-date: /home/liyuhang/Desktop/TUP-Vision-2023-Based/install/armor_detector/share/ament_index/resource_index/parent_prefix_path/armor_detector
[0.117s] -- Up-to-date: /home/liyuhang/Desktop/TUP-Vision-2023-Based/install/armor_detector/share/armor_detector/environment/ament_prefix_path.sh
[0.117s] -- Up-to-date: /home/liyuhang/Desktop/TUP-Vision-2023-Based/install/armor_detector/share/armor_detector/environment/ament_prefix_path.dsv
[0.118s] -- Up-to-date: /home/liyuhang/Desktop/TUP-Vision-2023-Based/install/armor_detector/share/armor_detector/environment/path.sh
[0.118s] -- Up-to-date: /home/liyuhang/Desktop/TUP-Vision-2023-Based/install/armor_detector/share/armor_detector/environment/path.dsv
[0.118s] -- Up-to-date: /home/liyuhang/Desktop/TUP-Vision-2023-Based/install/armor_detector/share/armor_detector/local_setup.bash
[0.118s] -- Up-to-date: /home/liyuhang/Desktop/TUP-Vision-2023-Based/install/armor_detector/share/armor_detector/local_setup.sh
[0.118s] -- Up-to-date: /home/liyuhang/Desktop/TUP-Vision-2023-Based/install/armor_detector/share/armor_detector/local_setup.zsh
[0.118s] -- Up-to-date: /home/liyuhang/Desktop/TUP-Vision-2023-Based/install/armor_detector/share/armor_detector/local_setup.dsv
[0.119s] -- Installing: /home/liyuhang/Desktop/TUP-Vision-2023-Based/install/armor_detector/share/armor_detector/package.dsv
[0.119s] -- Up-to-date: /home/liyuhang/Desktop/TUP-Vision-2023-Based/install/armor_detector/share/ament_index/resource_index/packages/armor_detector
[0.119s] -- Up-to-date: /home/liyuhang/Desktop/TUP-Vision-2023-Based/install/armor_detector/share/armor_detector/cmake/armor_detectorConfig.cmake
[0.119s] -- Up-to-date: /home/liyuhang/Desktop/TUP-Vision-2023-Based/install/armor_detector/share/armor_detector/cmake/armor_detectorConfig-version.cmake
[0.121s] -- Up-to-date: /home/liyuhang/Desktop/TUP-Vision-2023-Based/install/armor_detector/share/armor_detector/package.xml
[0.123s] Invoked command in '/home/liyuhang/Desktop/TUP-Vision-2023-Based/build/armor_detector' returned '0': CMAKE_PREFIX_PATH=${CMAKE_PREFIX_PATH}:/opt/ros/galactic /usr/local/bin/cmake --install /home/liyuhang/Desktop/TUP-Vision-2023-Based/build/armor_detector
