[0.130s] DEBUG:colcon:Command line arguments: ['/usr/bin/colcon', 'build', '--packages-select', 'camera_driver']
[0.130s] DEBUG:colcon:Parsed command line arguments: Namespace(allow_overriding=[], ament_cmake_args=None, base_paths=['.'], build_base='build', catkin_cmake_args=None, catkin_skip_building_tests=False, cmake_args=None, cmake_clean_cache=False, cmake_clean_first=False, cmake_force_configure=False, cmake_target=None, cmake_target_skip_unavailable=False, continue_on_error=False, event_handlers=None, executor='parallel', ignore_user_meta=False, install_base='install', log_base=None, log_level=None, main=<bound method BuildVerb.main of <colcon_core.verb.build.BuildVerb object at 0x7f1503abe7c0>>, merge_install=False, metas=['./colcon.meta'], packages_above=None, packages_above_and_dependencies=None, packages_above_depth=None, packages_end=None, packages_ignore=None, packages_ignore_regex=None, packages_select=['camera_driver'], packages_select_build_failed=False, packages_select_by_dep=None, packages_select_regex=None, packages_select_test_failures=False, packages_skip=None, packages_skip_build_finished=False, packages_skip_by_dep=None, packages_skip_regex=None, packages_skip_test_passed=False, packages_skip_up_to=None, packages_start=None, packages_up_to=None, packages_up_to_regex=None, parallel_workers=8, paths=None, symlink_install=False, test_result_base=None, verb_extension=<colcon_core.verb.build.BuildVerb object at 0x7f1503abe7c0>, verb_name='build', verb_parser=<colcon_defaults.argument_parser.defaults.DefaultArgumentsDecorator object at 0x7f1503aca4c0>)
[0.151s] Level 1:colcon.colcon_core.package_discovery:discover_packages(colcon_meta) check parameters
[0.152s] Level 1:colcon.colcon_core.package_discovery:discover_packages(recursive) check parameters
[0.152s] Level 1:colcon.colcon_core.package_discovery:discover_packages(ignore) check parameters
[0.152s] Level 1:colcon.colcon_core.package_discovery:discover_packages(path) check parameters
[0.152s] Level 1:colcon.colcon_core.package_discovery:discover_packages(colcon_meta) discover
[0.152s] Level 1:colcon.colcon_core.package_discovery:discover_packages(recursive) discover
[0.152s] INFO:colcon.colcon_core.package_discovery:Crawling recursively for packages in '/home/liyuhang/Desktop/TUP-Vision-2023-Based'
[0.152s] Level 1:colcon.colcon_core.package_identification:_identify(.) by extensions ['ignore', 'ignore_ament_install']
[0.152s] Level 1:colcon.colcon_core.package_identification:_identify(.) by extension 'ignore'
[0.152s] Level 1:colcon.colcon_core.package_identification:_identify(.) by extension 'ignore_ament_install'
[0.152s] Level 1:colcon.colcon_core.package_identification:_identify(.) by extensions ['colcon_pkg']
[0.152s] Level 1:colcon.colcon_core.package_identification:_identify(.) by extension 'colcon_pkg'
[0.152s] Level 1:colcon.colcon_core.package_identification:_identify(.) by extensions ['colcon_meta']
[0.152s] Level 1:colcon.colcon_core.package_identification:_identify(.) by extension 'colcon_meta'
[0.152s] Level 1:colcon.colcon_core.package_identification:_identify(.) by extensions ['ros']
[0.152s] Level 1:colcon.colcon_core.package_identification:_identify(.) by extension 'ros'
[0.168s] Level 1:colcon.colcon_core.package_identification:_identify(.) by extensions ['cmake', 'python']
[0.168s] Level 1:colcon.colcon_core.package_identification:_identify(.) by extension 'cmake'
[0.168s] Level 1:colcon.colcon_core.package_identification:_identify(.) by extension 'python'
[0.168s] Level 1:colcon.colcon_core.package_identification:_identify(.) by extensions ['python_setup_py']
[0.168s] Level 1:colcon.colcon_core.package_identification:_identify(.) by extension 'python_setup_py'
[0.169s] Level 1:colcon.colcon_core.package_identification:_identify(build) by extensions ['ignore', 'ignore_ament_install']
[0.169s] Level 1:colcon.colcon_core.package_identification:_identify(build) by extension 'ignore'
[0.169s] Level 1:colcon.colcon_core.package_identification:_identify(build) ignored
[0.169s] Level 1:colcon.colcon_core.package_identification:_identify(install) by extensions ['ignore', 'ignore_ament_install']
[0.169s] Level 1:colcon.colcon_core.package_identification:_identify(install) by extension 'ignore'
[0.169s] Level 1:colcon.colcon_core.package_identification:_identify(install) ignored
[0.169s] Level 1:colcon.colcon_core.package_identification:_identify(log) by extensions ['ignore', 'ignore_ament_install']
[0.169s] Level 1:colcon.colcon_core.package_identification:_identify(log) by extension 'ignore'
[0.169s] Level 1:colcon.colcon_core.package_identification:_identify(log) ignored
[0.169s] Level 1:colcon.colcon_core.package_identification:_identify(src) by extensions ['ignore', 'ignore_ament_install']
[0.169s] Level 1:colcon.colcon_core.package_identification:_identify(src) by extension 'ignore'
[0.170s] Level 1:colcon.colcon_core.package_identification:_identify(src) by extension 'ignore_ament_install'
[0.170s] Level 1:colcon.colcon_core.package_identification:_identify(src) by extensions ['colcon_pkg']
[0.170s] Level 1:colcon.colcon_core.package_identification:_identify(src) by extension 'colcon_pkg'
[0.170s] Level 1:colcon.colcon_core.package_identification:_identify(src) by extensions ['colcon_meta']
[0.170s] Level 1:colcon.colcon_core.package_identification:_identify(src) by extension 'colcon_meta'
[0.170s] Level 1:colcon.colcon_core.package_identification:_identify(src) by extensions ['ros']
[0.170s] Level 1:colcon.colcon_core.package_identification:_identify(src) by extension 'ros'
[0.170s] Level 1:colcon.colcon_core.package_identification:_identify(src) by extensions ['cmake', 'python']
[0.170s] Level 1:colcon.colcon_core.package_identification:_identify(src) by extension 'cmake'
[0.170s] Level 1:colcon.colcon_core.package_identification:_identify(src) by extension 'python'
[0.170s] Level 1:colcon.colcon_core.package_identification:_identify(src) by extensions ['python_setup_py']
[0.170s] Level 1:colcon.colcon_core.package_identification:_identify(src) by extension 'python_setup_py'
[0.170s] Level 1:colcon.colcon_core.package_identification:_identify(src/arm_controller) by extensions ['ignore', 'ignore_ament_install']
[0.170s] Level 1:colcon.colcon_core.package_identification:_identify(src/arm_controller) by extension 'ignore'
[0.170s] Level 1:colcon.colcon_core.package_identification:_identify(src/arm_controller) by extension 'ignore_ament_install'
[0.170s] Level 1:colcon.colcon_core.package_identification:_identify(src/arm_controller) by extensions ['colcon_pkg']
[0.170s] Level 1:colcon.colcon_core.package_identification:_identify(src/arm_controller) by extension 'colcon_pkg'
[0.170s] Level 1:colcon.colcon_core.package_identification:_identify(src/arm_controller) by extensions ['colcon_meta']
[0.170s] Level 1:colcon.colcon_core.package_identification:_identify(src/arm_controller) by extension 'colcon_meta'
[0.170s] Level 1:colcon.colcon_core.package_identification:_identify(src/arm_controller) by extensions ['ros']
[0.170s] Level 1:colcon.colcon_core.package_identification:_identify(src/arm_controller) by extension 'ros'
[0.175s] DEBUG:colcon.colcon_core.package_identification:Package 'src/arm_controller' with type 'ros.ament_cmake' and name 'arm_controller'
[0.175s] Level 1:colcon.colcon_core.package_identification:_identify(src/auto_navigation) by extensions ['ignore', 'ignore_ament_install']
[0.175s] Level 1:colcon.colcon_core.package_identification:_identify(src/auto_navigation) by extension 'ignore'
[0.175s] Level 1:colcon.colcon_core.package_identification:_identify(src/auto_navigation) by extension 'ignore_ament_install'
[0.175s] Level 1:colcon.colcon_core.package_identification:_identify(src/auto_navigation) by extensions ['colcon_pkg']
[0.175s] Level 1:colcon.colcon_core.package_identification:_identify(src/auto_navigation) by extension 'colcon_pkg'
[0.175s] Level 1:colcon.colcon_core.package_identification:_identify(src/auto_navigation) by extensions ['colcon_meta']
[0.175s] Level 1:colcon.colcon_core.package_identification:_identify(src/auto_navigation) by extension 'colcon_meta'
[0.175s] Level 1:colcon.colcon_core.package_identification:_identify(src/auto_navigation) by extensions ['ros']
[0.175s] Level 1:colcon.colcon_core.package_identification:_identify(src/auto_navigation) by extension 'ros'
[0.177s] DEBUG:colcon.colcon_core.package_identification:Package 'src/auto_navigation' with type 'ros.ament_cmake' and name 'auto_navigation'
[0.177s] Level 1:colcon.colcon_core.package_identification:_identify(src/camera_driver) by extensions ['ignore', 'ignore_ament_install']
[0.177s] Level 1:colcon.colcon_core.package_identification:_identify(src/camera_driver) by extension 'ignore'
[0.177s] Level 1:colcon.colcon_core.package_identification:_identify(src/camera_driver) by extension 'ignore_ament_install'
[0.178s] Level 1:colcon.colcon_core.package_identification:_identify(src/camera_driver) by extensions ['colcon_pkg']
[0.178s] Level 1:colcon.colcon_core.package_identification:_identify(src/camera_driver) by extension 'colcon_pkg'
[0.178s] Level 1:colcon.colcon_core.package_identification:_identify(src/camera_driver) by extensions ['colcon_meta']
[0.178s] Level 1:colcon.colcon_core.package_identification:_identify(src/camera_driver) by extension 'colcon_meta'
[0.178s] Level 1:colcon.colcon_core.package_identification:_identify(src/camera_driver) by extensions ['ros']
[0.178s] Level 1:colcon.colcon_core.package_identification:_identify(src/camera_driver) by extension 'ros'
[0.180s] DEBUG:colcon.colcon_core.package_identification:Package 'src/camera_driver' with type 'ros.ament_cmake' and name 'camera_driver'
[0.180s] Level 1:colcon.colcon_core.package_identification:_identify(src/global_interface) by extensions ['ignore', 'ignore_ament_install']
[0.180s] Level 1:colcon.colcon_core.package_identification:_identify(src/global_interface) by extension 'ignore'
[0.180s] Level 1:colcon.colcon_core.package_identification:_identify(src/global_interface) by extension 'ignore_ament_install'
[0.180s] Level 1:colcon.colcon_core.package_identification:_identify(src/global_interface) by extensions ['colcon_pkg']
[0.180s] Level 1:colcon.colcon_core.package_identification:_identify(src/global_interface) by extension 'colcon_pkg'
[0.180s] Level 1:colcon.colcon_core.package_identification:_identify(src/global_interface) by extensions ['colcon_meta']
[0.180s] Level 1:colcon.colcon_core.package_identification:_identify(src/global_interface) by extension 'colcon_meta'
[0.181s] Level 1:colcon.colcon_core.package_identification:_identify(src/global_interface) by extensions ['ros']
[0.181s] Level 1:colcon.colcon_core.package_identification:_identify(src/global_interface) by extension 'ros'
[0.181s] DEBUG:colcon.colcon_core.package_identification:Package 'src/global_interface' with type 'ros.ament_cmake' and name 'global_interface'
[0.181s] Level 1:colcon.colcon_core.package_identification:_identify(src/global_user) by extensions ['ignore', 'ignore_ament_install']
[0.182s] Level 1:colcon.colcon_core.package_identification:_identify(src/global_user) by extension 'ignore'
[0.182s] Level 1:colcon.colcon_core.package_identification:_identify(src/global_user) by extension 'ignore_ament_install'
[0.182s] Level 1:colcon.colcon_core.package_identification:_identify(src/global_user) by extensions ['colcon_pkg']
[0.182s] Level 1:colcon.colcon_core.package_identification:_identify(src/global_user) by extension 'colcon_pkg'
[0.182s] Level 1:colcon.colcon_core.package_identification:_identify(src/global_user) by extensions ['colcon_meta']
[0.182s] Level 1:colcon.colcon_core.package_identification:_identify(src/global_user) by extension 'colcon_meta'
[0.182s] Level 1:colcon.colcon_core.package_identification:_identify(src/global_user) by extensions ['ros']
[0.182s] Level 1:colcon.colcon_core.package_identification:_identify(src/global_user) by extension 'ros'
[0.183s] DEBUG:colcon.colcon_core.package_identification:Package 'src/global_user' with type 'ros.ament_cmake' and name 'global_user'
[0.184s] Level 1:colcon.colcon_core.package_identification:_identify(src/rmoss_master) by extensions ['ignore', 'ignore_ament_install']
[0.184s] Level 1:colcon.colcon_core.package_identification:_identify(src/rmoss_master) by extension 'ignore'
[0.184s] Level 1:colcon.colcon_core.package_identification:_identify(src/rmoss_master) by extension 'ignore_ament_install'
[0.184s] Level 1:colcon.colcon_core.package_identification:_identify(src/rmoss_master) by extensions ['colcon_pkg']
[0.184s] Level 1:colcon.colcon_core.package_identification:_identify(src/rmoss_master) by extension 'colcon_pkg'
[0.184s] Level 1:colcon.colcon_core.package_identification:_identify(src/rmoss_master) by extensions ['colcon_meta']
[0.184s] Level 1:colcon.colcon_core.package_identification:_identify(src/rmoss_master) by extension 'colcon_meta'
[0.184s] Level 1:colcon.colcon_core.package_identification:_identify(src/rmoss_master) by extensions ['ros']
[0.184s] Level 1:colcon.colcon_core.package_identification:_identify(src/rmoss_master) by extension 'ros'
[0.184s] Level 1:colcon.colcon_core.package_identification:_identify(src/rmoss_master) by extensions ['cmake', 'python']
[0.184s] Level 1:colcon.colcon_core.package_identification:_identify(src/rmoss_master) by extension 'cmake'
[0.184s] Level 1:colcon.colcon_core.package_identification:_identify(src/rmoss_master) by extension 'python'
[0.184s] Level 1:colcon.colcon_core.package_identification:_identify(src/rmoss_master) by extensions ['python_setup_py']
[0.184s] Level 1:colcon.colcon_core.package_identification:_identify(src/rmoss_master) by extension 'python_setup_py'
[0.185s] Level 1:colcon.colcon_core.package_identification:_identify(src/rmoss_master/rmoss_contrib) by extensions ['ignore', 'ignore_ament_install']
[0.185s] Level 1:colcon.colcon_core.package_identification:_identify(src/rmoss_master/rmoss_contrib) by extension 'ignore'
[0.185s] Level 1:colcon.colcon_core.package_identification:_identify(src/rmoss_master/rmoss_contrib) by extension 'ignore_ament_install'
[0.185s] Level 1:colcon.colcon_core.package_identification:_identify(src/rmoss_master/rmoss_contrib) by extensions ['colcon_pkg']
[0.185s] Level 1:colcon.colcon_core.package_identification:_identify(src/rmoss_master/rmoss_contrib) by extension 'colcon_pkg'
[0.185s] Level 1:colcon.colcon_core.package_identification:_identify(src/rmoss_master/rmoss_contrib) by extensions ['colcon_meta']
[0.185s] Level 1:colcon.colcon_core.package_identification:_identify(src/rmoss_master/rmoss_contrib) by extension 'colcon_meta'
[0.185s] Level 1:colcon.colcon_core.package_identification:_identify(src/rmoss_master/rmoss_contrib) by extensions ['ros']
[0.185s] Level 1:colcon.colcon_core.package_identification:_identify(src/rmoss_master/rmoss_contrib) by extension 'ros'
[0.185s] Level 1:colcon.colcon_core.package_identification:_identify(src/rmoss_master/rmoss_contrib) by extensions ['cmake', 'python']
[0.185s] Level 1:colcon.colcon_core.package_identification:_identify(src/rmoss_master/rmoss_contrib) by extension 'cmake'
[0.185s] Level 1:colcon.colcon_core.package_identification:_identify(src/rmoss_master/rmoss_contrib) by extension 'python'
[0.185s] Level 1:colcon.colcon_core.package_identification:_identify(src/rmoss_master/rmoss_contrib) by extensions ['python_setup_py']
[0.185s] Level 1:colcon.colcon_core.package_identification:_identify(src/rmoss_master/rmoss_contrib) by extension 'python_setup_py'
[0.185s] Level 1:colcon.colcon_core.package_identification:_identify(src/rmoss_master/rmoss_contrib/rmoss_auto_aim) by extensions ['ignore', 'ignore_ament_install']
[0.185s] Level 1:colcon.colcon_core.package_identification:_identify(src/rmoss_master/rmoss_contrib/rmoss_auto_aim) by extension 'ignore'
[0.185s] Level 1:colcon.colcon_core.package_identification:_identify(src/rmoss_master/rmoss_contrib/rmoss_auto_aim) by extension 'ignore_ament_install'
[0.185s] Level 1:colcon.colcon_core.package_identification:_identify(src/rmoss_master/rmoss_contrib/rmoss_auto_aim) by extensions ['colcon_pkg']
[0.185s] Level 1:colcon.colcon_core.package_identification:_identify(src/rmoss_master/rmoss_contrib/rmoss_auto_aim) by extension 'colcon_pkg'
[0.185s] Level 1:colcon.colcon_core.package_identification:_identify(src/rmoss_master/rmoss_contrib/rmoss_auto_aim) by extensions ['colcon_meta']
[0.185s] Level 1:colcon.colcon_core.package_identification:_identify(src/rmoss_master/rmoss_contrib/rmoss_auto_aim) by extension 'colcon_meta'
[0.186s] Level 1:colcon.colcon_core.package_identification:_identify(src/rmoss_master/rmoss_contrib/rmoss_auto_aim) by extensions ['ros']
[0.186s] Level 1:colcon.colcon_core.package_identification:_identify(src/rmoss_master/rmoss_contrib/rmoss_auto_aim) by extension 'ros'
[0.186s] DEBUG:colcon.colcon_core.package_identification:Package 'src/rmoss_master/rmoss_contrib/rmoss_auto_aim' with type 'ros.ament_cmake' and name 'rmoss_auto_aim'
[0.186s] Level 1:colcon.colcon_core.package_identification:_identify(src/rmoss_master/rmoss_contrib/rmoss_power_rune2019) by extensions ['ignore', 'ignore_ament_install']
[0.186s] Level 1:colcon.colcon_core.package_identification:_identify(src/rmoss_master/rmoss_contrib/rmoss_power_rune2019) by extension 'ignore'
[0.186s] Level 1:colcon.colcon_core.package_identification:_identify(src/rmoss_master/rmoss_contrib/rmoss_power_rune2019) by extension 'ignore_ament_install'
[0.186s] Level 1:colcon.colcon_core.package_identification:_identify(src/rmoss_master/rmoss_contrib/rmoss_power_rune2019) by extensions ['colcon_pkg']
[0.186s] Level 1:colcon.colcon_core.package_identification:_identify(src/rmoss_master/rmoss_contrib/rmoss_power_rune2019) by extension 'colcon_pkg'
[0.186s] Level 1:colcon.colcon_core.package_identification:_identify(src/rmoss_master/rmoss_contrib/rmoss_power_rune2019) by extensions ['colcon_meta']
[0.186s] Level 1:colcon.colcon_core.package_identification:_identify(src/rmoss_master/rmoss_contrib/rmoss_power_rune2019) by extension 'colcon_meta'
[0.186s] Level 1:colcon.colcon_core.package_identification:_identify(src/rmoss_master/rmoss_contrib/rmoss_power_rune2019) by extensions ['ros']
[0.187s] Level 1:colcon.colcon_core.package_identification:_identify(src/rmoss_master/rmoss_contrib/rmoss_power_rune2019) by extension 'ros'
[0.187s] Level 1:colcon.colcon_core.package_identification:_identify(src/rmoss_master/rmoss_contrib/rmoss_power_rune2019) ignored
[0.187s] Level 1:colcon.colcon_core.package_identification:_identify(src/rmoss_master/rmoss_core) by extensions ['ignore', 'ignore_ament_install']
[0.187s] Level 1:colcon.colcon_core.package_identification:_identify(src/rmoss_master/rmoss_core) by extension 'ignore'
[0.187s] Level 1:colcon.colcon_core.package_identification:_identify(src/rmoss_master/rmoss_core) by extension 'ignore_ament_install'
[0.187s] Level 1:colcon.colcon_core.package_identification:_identify(src/rmoss_master/rmoss_core) by extensions ['colcon_pkg']
[0.187s] Level 1:colcon.colcon_core.package_identification:_identify(src/rmoss_master/rmoss_core) by extension 'colcon_pkg'
[0.187s] Level 1:colcon.colcon_core.package_identification:_identify(src/rmoss_master/rmoss_core) by extensions ['colcon_meta']
[0.187s] Level 1:colcon.colcon_core.package_identification:_identify(src/rmoss_master/rmoss_core) by extension 'colcon_meta'
[0.187s] Level 1:colcon.colcon_core.package_identification:_identify(src/rmoss_master/rmoss_core) by extensions ['ros']
[0.187s] Level 1:colcon.colcon_core.package_identification:_identify(src/rmoss_master/rmoss_core) by extension 'ros'
[0.187s] Level 1:colcon.colcon_core.package_identification:_identify(src/rmoss_master/rmoss_core) by extensions ['cmake', 'python']
[0.187s] Level 1:colcon.colcon_core.package_identification:_identify(src/rmoss_master/rmoss_core) by extension 'cmake'
[0.187s] Level 1:colcon.colcon_core.package_identification:_identify(src/rmoss_master/rmoss_core) by extension 'python'
[0.187s] Level 1:colcon.colcon_core.package_identification:_identify(src/rmoss_master/rmoss_core) by extensions ['python_setup_py']
[0.187s] Level 1:colcon.colcon_core.package_identification:_identify(src/rmoss_master/rmoss_core) by extension 'python_setup_py'
[0.187s] Level 1:colcon.colcon_core.package_identification:_identify(src/rmoss_master/rmoss_core/rmoss_base) by extensions ['ignore', 'ignore_ament_install']
[0.187s] Level 1:colcon.colcon_core.package_identification:_identify(src/rmoss_master/rmoss_core/rmoss_base) by extension 'ignore'
[0.187s] Level 1:colcon.colcon_core.package_identification:_identify(src/rmoss_master/rmoss_core/rmoss_base) by extension 'ignore_ament_install'
[0.188s] Level 1:colcon.colcon_core.package_identification:_identify(src/rmoss_master/rmoss_core/rmoss_base) by extensions ['colcon_pkg']
[0.188s] Level 1:colcon.colcon_core.package_identification:_identify(src/rmoss_master/rmoss_core/rmoss_base) by extension 'colcon_pkg'
[0.188s] Level 1:colcon.colcon_core.package_identification:_identify(src/rmoss_master/rmoss_core/rmoss_base) by extensions ['colcon_meta']
[0.188s] Level 1:colcon.colcon_core.package_identification:_identify(src/rmoss_master/rmoss_core/rmoss_base) by extension 'colcon_meta'
[0.188s] Level 1:colcon.colcon_core.package_identification:_identify(src/rmoss_master/rmoss_core/rmoss_base) by extensions ['ros']
[0.188s] Level 1:colcon.colcon_core.package_identification:_identify(src/rmoss_master/rmoss_core/rmoss_base) by extension 'ros'
[0.188s] DEBUG:colcon.colcon_core.package_identification:Package 'src/rmoss_master/rmoss_core/rmoss_base' with type 'ros.ament_cmake' and name 'rmoss_base'
[0.188s] Level 1:colcon.colcon_core.package_identification:_identify(src/rmoss_master/rmoss_core/rmoss_cam) by extensions ['ignore', 'ignore_ament_install']
[0.188s] Level 1:colcon.colcon_core.package_identification:_identify(src/rmoss_master/rmoss_core/rmoss_cam) by extension 'ignore'
[0.188s] Level 1:colcon.colcon_core.package_identification:_identify(src/rmoss_master/rmoss_core/rmoss_cam) by extension 'ignore_ament_install'
[0.188s] Level 1:colcon.colcon_core.package_identification:_identify(src/rmoss_master/rmoss_core/rmoss_cam) by extensions ['colcon_pkg']
[0.188s] Level 1:colcon.colcon_core.package_identification:_identify(src/rmoss_master/rmoss_core/rmoss_cam) by extension 'colcon_pkg'
[0.189s] Level 1:colcon.colcon_core.package_identification:_identify(src/rmoss_master/rmoss_core/rmoss_cam) by extensions ['colcon_meta']
[0.189s] Level 1:colcon.colcon_core.package_identification:_identify(src/rmoss_master/rmoss_core/rmoss_cam) by extension 'colcon_meta'
[0.189s] Level 1:colcon.colcon_core.package_identification:_identify(src/rmoss_master/rmoss_core/rmoss_cam) by extensions ['ros']
[0.189s] Level 1:colcon.colcon_core.package_identification:_identify(src/rmoss_master/rmoss_core/rmoss_cam) by extension 'ros'
[0.190s] DEBUG:colcon.colcon_core.package_identification:Package 'src/rmoss_master/rmoss_core/rmoss_cam' with type 'ros.ament_cmake' and name 'rmoss_cam'
[0.190s] Level 1:colcon.colcon_core.package_identification:_identify(src/rmoss_master/rmoss_core/rmoss_core) by extensions ['ignore', 'ignore_ament_install']
[0.190s] Level 1:colcon.colcon_core.package_identification:_identify(src/rmoss_master/rmoss_core/rmoss_core) by extension 'ignore'
[0.190s] Level 1:colcon.colcon_core.package_identification:_identify(src/rmoss_master/rmoss_core/rmoss_core) by extension 'ignore_ament_install'
[0.190s] Level 1:colcon.colcon_core.package_identification:_identify(src/rmoss_master/rmoss_core/rmoss_core) by extensions ['colcon_pkg']
[0.190s] Level 1:colcon.colcon_core.package_identification:_identify(src/rmoss_master/rmoss_core/rmoss_core) by extension 'colcon_pkg'
[0.190s] Level 1:colcon.colcon_core.package_identification:_identify(src/rmoss_master/rmoss_core/rmoss_core) by extensions ['colcon_meta']
[0.190s] Level 1:colcon.colcon_core.package_identification:_identify(src/rmoss_master/rmoss_core/rmoss_core) by extension 'colcon_meta'
[0.190s] Level 1:colcon.colcon_core.package_identification:_identify(src/rmoss_master/rmoss_core/rmoss_core) by extensions ['ros']
[0.190s] Level 1:colcon.colcon_core.package_identification:_identify(src/rmoss_master/rmoss_core/rmoss_core) by extension 'ros'
[0.190s] DEBUG:colcon.colcon_core.package_identification:Package 'src/rmoss_master/rmoss_core/rmoss_core' with type 'ros.ament_cmake' and name 'rmoss_core'
[0.191s] Level 1:colcon.colcon_core.package_identification:_identify(src/rmoss_master/rmoss_core/rmoss_projectile_motion) by extensions ['ignore', 'ignore_ament_install']
[0.191s] Level 1:colcon.colcon_core.package_identification:_identify(src/rmoss_master/rmoss_core/rmoss_projectile_motion) by extension 'ignore'
[0.191s] Level 1:colcon.colcon_core.package_identification:_identify(src/rmoss_master/rmoss_core/rmoss_projectile_motion) by extension 'ignore_ament_install'
[0.191s] Level 1:colcon.colcon_core.package_identification:_identify(src/rmoss_master/rmoss_core/rmoss_projectile_motion) by extensions ['colcon_pkg']
[0.191s] Level 1:colcon.colcon_core.package_identification:_identify(src/rmoss_master/rmoss_core/rmoss_projectile_motion) by extension 'colcon_pkg'
[0.191s] Level 1:colcon.colcon_core.package_identification:_identify(src/rmoss_master/rmoss_core/rmoss_projectile_motion) by extensions ['colcon_meta']
[0.191s] Level 1:colcon.colcon_core.package_identification:_identify(src/rmoss_master/rmoss_core/rmoss_projectile_motion) by extension 'colcon_meta'
[0.191s] Level 1:colcon.colcon_core.package_identification:_identify(src/rmoss_master/rmoss_core/rmoss_projectile_motion) by extensions ['ros']
[0.191s] Level 1:colcon.colcon_core.package_identification:_identify(src/rmoss_master/rmoss_core/rmoss_projectile_motion) by extension 'ros'
[0.191s] DEBUG:colcon.colcon_core.package_identification:Package 'src/rmoss_master/rmoss_core/rmoss_projectile_motion' with type 'ros.ament_cmake' and name 'rmoss_projectile_motion'
[0.192s] Level 1:colcon.colcon_core.package_identification:_identify(src/rmoss_master/rmoss_core/rmoss_util) by extensions ['ignore', 'ignore_ament_install']
[0.192s] Level 1:colcon.colcon_core.package_identification:_identify(src/rmoss_master/rmoss_core/rmoss_util) by extension 'ignore'
[0.192s] Level 1:colcon.colcon_core.package_identification:_identify(src/rmoss_master/rmoss_core/rmoss_util) by extension 'ignore_ament_install'
[0.192s] Level 1:colcon.colcon_core.package_identification:_identify(src/rmoss_master/rmoss_core/rmoss_util) by extensions ['colcon_pkg']
[0.192s] Level 1:colcon.colcon_core.package_identification:_identify(src/rmoss_master/rmoss_core/rmoss_util) by extension 'colcon_pkg'
[0.192s] Level 1:colcon.colcon_core.package_identification:_identify(src/rmoss_master/rmoss_core/rmoss_util) by extensions ['colcon_meta']
[0.192s] Level 1:colcon.colcon_core.package_identification:_identify(src/rmoss_master/rmoss_core/rmoss_util) by extension 'colcon_meta'
[0.192s] Level 1:colcon.colcon_core.package_identification:_identify(src/rmoss_master/rmoss_core/rmoss_util) by extensions ['ros']
[0.192s] Level 1:colcon.colcon_core.package_identification:_identify(src/rmoss_master/rmoss_core/rmoss_util) by extension 'ros'
[0.192s] DEBUG:colcon.colcon_core.package_identification:Package 'src/rmoss_master/rmoss_core/rmoss_util' with type 'ros.ament_cmake' and name 'rmoss_util'
[0.193s] Level 1:colcon.colcon_core.package_identification:_identify(src/rmoss_master/rmoss_core/tools) by extensions ['ignore', 'ignore_ament_install']
[0.193s] Level 1:colcon.colcon_core.package_identification:_identify(src/rmoss_master/rmoss_core/tools) by extension 'ignore'
[0.193s] Level 1:colcon.colcon_core.package_identification:_identify(src/rmoss_master/rmoss_core/tools) by extension 'ignore_ament_install'
[0.193s] Level 1:colcon.colcon_core.package_identification:_identify(src/rmoss_master/rmoss_core/tools) by extensions ['colcon_pkg']
[0.193s] Level 1:colcon.colcon_core.package_identification:_identify(src/rmoss_master/rmoss_core/tools) by extension 'colcon_pkg'
[0.193s] Level 1:colcon.colcon_core.package_identification:_identify(src/rmoss_master/rmoss_core/tools) by extensions ['colcon_meta']
[0.193s] Level 1:colcon.colcon_core.package_identification:_identify(src/rmoss_master/rmoss_core/tools) by extension 'colcon_meta'
[0.193s] Level 1:colcon.colcon_core.package_identification:_identify(src/rmoss_master/rmoss_core/tools) by extensions ['ros']
[0.193s] Level 1:colcon.colcon_core.package_identification:_identify(src/rmoss_master/rmoss_core/tools) by extension 'ros'
[0.193s] Level 1:colcon.colcon_core.package_identification:_identify(src/rmoss_master/rmoss_core/tools) by extensions ['cmake', 'python']
[0.193s] Level 1:colcon.colcon_core.package_identification:_identify(src/rmoss_master/rmoss_core/tools) by extension 'cmake'
[0.193s] Level 1:colcon.colcon_core.package_identification:_identify(src/rmoss_master/rmoss_core/tools) by extension 'python'
[0.193s] Level 1:colcon.colcon_core.package_identification:_identify(src/rmoss_master/rmoss_core/tools) by extensions ['python_setup_py']
[0.193s] Level 1:colcon.colcon_core.package_identification:_identify(src/rmoss_master/rmoss_core/tools) by extension 'python_setup_py'
[0.193s] Level 1:colcon.colcon_core.package_identification:_identify(src/rmoss_master/rmoss_daheng_driver) by extensions ['ignore', 'ignore_ament_install']
[0.193s] Level 1:colcon.colcon_core.package_identification:_identify(src/rmoss_master/rmoss_daheng_driver) by extension 'ignore'
[0.193s] Level 1:colcon.colcon_core.package_identification:_identify(src/rmoss_master/rmoss_daheng_driver) by extension 'ignore_ament_install'
[0.193s] Level 1:colcon.colcon_core.package_identification:_identify(src/rmoss_master/rmoss_daheng_driver) by extensions ['colcon_pkg']
[0.193s] Level 1:colcon.colcon_core.package_identification:_identify(src/rmoss_master/rmoss_daheng_driver) by extension 'colcon_pkg'
[0.194s] Level 1:colcon.colcon_core.package_identification:_identify(src/rmoss_master/rmoss_daheng_driver) by extensions ['colcon_meta']
[0.194s] Level 1:colcon.colcon_core.package_identification:_identify(src/rmoss_master/rmoss_daheng_driver) by extension 'colcon_meta'
[0.194s] Level 1:colcon.colcon_core.package_identification:_identify(src/rmoss_master/rmoss_daheng_driver) by extensions ['ros']
[0.194s] Level 1:colcon.colcon_core.package_identification:_identify(src/rmoss_master/rmoss_daheng_driver) by extension 'ros'
[0.194s] DEBUG:colcon.colcon_core.package_identification:Package 'src/rmoss_master/rmoss_daheng_driver' with type 'ros.ament_cmake' and name 'rmoss_daheng_driver'
[0.194s] Level 1:colcon.colcon_core.package_identification:_identify(src/rmoss_master/rmoss_ign) by extensions ['ignore', 'ignore_ament_install']
[0.195s] Level 1:colcon.colcon_core.package_identification:_identify(src/rmoss_master/rmoss_ign) by extension 'ignore'
[0.195s] Level 1:colcon.colcon_core.package_identification:_identify(src/rmoss_master/rmoss_ign) by extension 'ignore_ament_install'
[0.195s] Level 1:colcon.colcon_core.package_identification:_identify(src/rmoss_master/rmoss_ign) by extensions ['colcon_pkg']
[0.195s] Level 1:colcon.colcon_core.package_identification:_identify(src/rmoss_master/rmoss_ign) by extension 'colcon_pkg'
[0.195s] Level 1:colcon.colcon_core.package_identification:_identify(src/rmoss_master/rmoss_ign) by extensions ['colcon_meta']
[0.195s] Level 1:colcon.colcon_core.package_identification:_identify(src/rmoss_master/rmoss_ign) by extension 'colcon_meta'
[0.195s] Level 1:colcon.colcon_core.package_identification:_identify(src/rmoss_master/rmoss_ign) by extensions ['ros']
[0.195s] Level 1:colcon.colcon_core.package_identification:_identify(src/rmoss_master/rmoss_ign) by extension 'ros'
[0.195s] Level 1:colcon.colcon_core.package_identification:_identify(src/rmoss_master/rmoss_ign) ignored
[0.195s] Level 1:colcon.colcon_core.package_identification:_identify(src/rmoss_master/rmoss_ign_resources) by extensions ['ignore', 'ignore_ament_install']
[0.195s] Level 1:colcon.colcon_core.package_identification:_identify(src/rmoss_master/rmoss_ign_resources) by extension 'ignore'
[0.195s] Level 1:colcon.colcon_core.package_identification:_identify(src/rmoss_master/rmoss_ign_resources) by extension 'ignore_ament_install'
[0.195s] Level 1:colcon.colcon_core.package_identification:_identify(src/rmoss_master/rmoss_ign_resources) by extensions ['colcon_pkg']
[0.195s] Level 1:colcon.colcon_core.package_identification:_identify(src/rmoss_master/rmoss_ign_resources) by extension 'colcon_pkg'
[0.195s] Level 1:colcon.colcon_core.package_identification:_identify(src/rmoss_master/rmoss_ign_resources) by extensions ['colcon_meta']
[0.195s] Level 1:colcon.colcon_core.package_identification:_identify(src/rmoss_master/rmoss_ign_resources) by extension 'colcon_meta'
[0.195s] Level 1:colcon.colcon_core.package_identification:_identify(src/rmoss_master/rmoss_ign_resources) by extensions ['ros']
[0.195s] Level 1:colcon.colcon_core.package_identification:_identify(src/rmoss_master/rmoss_ign_resources) by extension 'ros'
[0.195s] Level 1:colcon.colcon_core.package_identification:_identify(src/rmoss_master/rmoss_ign_resources) ignored
[0.195s] Level 1:colcon.colcon_core.package_identification:_identify(src/rmoss_master/rmoss_interfaces) by extensions ['ignore', 'ignore_ament_install']
[0.196s] Level 1:colcon.colcon_core.package_identification:_identify(src/rmoss_master/rmoss_interfaces) by extension 'ignore'
[0.196s] Level 1:colcon.colcon_core.package_identification:_identify(src/rmoss_master/rmoss_interfaces) by extension 'ignore_ament_install'
[0.196s] Level 1:colcon.colcon_core.package_identification:_identify(src/rmoss_master/rmoss_interfaces) by extensions ['colcon_pkg']
[0.196s] Level 1:colcon.colcon_core.package_identification:_identify(src/rmoss_master/rmoss_interfaces) by extension 'colcon_pkg'
[0.196s] Level 1:colcon.colcon_core.package_identification:_identify(src/rmoss_master/rmoss_interfaces) by extensions ['colcon_meta']
[0.196s] Level 1:colcon.colcon_core.package_identification:_identify(src/rmoss_master/rmoss_interfaces) by extension 'colcon_meta'
[0.196s] Level 1:colcon.colcon_core.package_identification:_identify(src/rmoss_master/rmoss_interfaces) by extensions ['ros']
[0.196s] Level 1:colcon.colcon_core.package_identification:_identify(src/rmoss_master/rmoss_interfaces) by extension 'ros'
[0.196s] DEBUG:colcon.colcon_core.package_identification:Package 'src/rmoss_master/rmoss_interfaces' with type 'ros.ament_cmake' and name 'rmoss_interfaces'
[0.196s] Level 1:colcon.colcon_core.package_identification:_identify(src/serialport) by extensions ['ignore', 'ignore_ament_install']
[0.197s] Level 1:colcon.colcon_core.package_identification:_identify(src/serialport) by extension 'ignore'
[0.197s] Level 1:colcon.colcon_core.package_identification:_identify(src/serialport) by extension 'ignore_ament_install'
[0.197s] Level 1:colcon.colcon_core.package_identification:_identify(src/serialport) by extensions ['colcon_pkg']
[0.197s] Level 1:colcon.colcon_core.package_identification:_identify(src/serialport) by extension 'colcon_pkg'
[0.197s] Level 1:colcon.colcon_core.package_identification:_identify(src/serialport) by extensions ['colcon_meta']
[0.197s] Level 1:colcon.colcon_core.package_identification:_identify(src/serialport) by extension 'colcon_meta'
[0.197s] Level 1:colcon.colcon_core.package_identification:_identify(src/serialport) by extensions ['ros']
[0.197s] Level 1:colcon.colcon_core.package_identification:_identify(src/serialport) by extension 'ros'
[0.198s] DEBUG:colcon.colcon_core.package_identification:Package 'src/serialport' with type 'ros.ament_cmake' and name 'serialport'
[0.199s] Level 1:colcon.colcon_core.package_identification:_identify(src/vehicle_system) by extensions ['ignore', 'ignore_ament_install']
[0.199s] Level 1:colcon.colcon_core.package_identification:_identify(src/vehicle_system) by extension 'ignore'
[0.199s] Level 1:colcon.colcon_core.package_identification:_identify(src/vehicle_system) by extension 'ignore_ament_install'
[0.199s] Level 1:colcon.colcon_core.package_identification:_identify(src/vehicle_system) by extensions ['colcon_pkg']
[0.199s] Level 1:colcon.colcon_core.package_identification:_identify(src/vehicle_system) by extension 'colcon_pkg'
[0.199s] Level 1:colcon.colcon_core.package_identification:_identify(src/vehicle_system) by extensions ['colcon_meta']
[0.199s] Level 1:colcon.colcon_core.package_identification:_identify(src/vehicle_system) by extension 'colcon_meta'
[0.199s] Level 1:colcon.colcon_core.package_identification:_identify(src/vehicle_system) by extensions ['ros']
[0.199s] Level 1:colcon.colcon_core.package_identification:_identify(src/vehicle_system) by extension 'ros'
[0.199s] Level 1:colcon.colcon_core.package_identification:_identify(src/vehicle_system) by extensions ['cmake', 'python']
[0.199s] Level 1:colcon.colcon_core.package_identification:_identify(src/vehicle_system) by extension 'cmake'
[0.199s] Level 1:colcon.colcon_core.package_identification:_identify(src/vehicle_system) by extension 'python'
[0.199s] Level 1:colcon.colcon_core.package_identification:_identify(src/vehicle_system) by extensions ['python_setup_py']
[0.199s] Level 1:colcon.colcon_core.package_identification:_identify(src/vehicle_system) by extension 'python_setup_py'
[0.199s] Level 1:colcon.colcon_core.package_identification:_identify(src/vehicle_system/autoaim) by extensions ['ignore', 'ignore_ament_install']
[0.199s] Level 1:colcon.colcon_core.package_identification:_identify(src/vehicle_system/autoaim) by extension 'ignore'
[0.199s] Level 1:colcon.colcon_core.package_identification:_identify(src/vehicle_system/autoaim) by extension 'ignore_ament_install'
[0.199s] Level 1:colcon.colcon_core.package_identification:_identify(src/vehicle_system/autoaim) by extensions ['colcon_pkg']
[0.199s] Level 1:colcon.colcon_core.package_identification:_identify(src/vehicle_system/autoaim) by extension 'colcon_pkg'
[0.199s] Level 1:colcon.colcon_core.package_identification:_identify(src/vehicle_system/autoaim) by extensions ['colcon_meta']
[0.200s] Level 1:colcon.colcon_core.package_identification:_identify(src/vehicle_system/autoaim) by extension 'colcon_meta'
[0.200s] Level 1:colcon.colcon_core.package_identification:_identify(src/vehicle_system/autoaim) by extensions ['ros']
[0.200s] Level 1:colcon.colcon_core.package_identification:_identify(src/vehicle_system/autoaim) by extension 'ros'
[0.200s] Level 1:colcon.colcon_core.package_identification:_identify(src/vehicle_system/autoaim) by extensions ['cmake', 'python']
[0.200s] Level 1:colcon.colcon_core.package_identification:_identify(src/vehicle_system/autoaim) by extension 'cmake'
[0.200s] Level 1:colcon.colcon_core.package_identification:_identify(src/vehicle_system/autoaim) by extension 'python'
[0.200s] Level 1:colcon.colcon_core.package_identification:_identify(src/vehicle_system/autoaim) by extensions ['python_setup_py']
[0.200s] Level 1:colcon.colcon_core.package_identification:_identify(src/vehicle_system/autoaim) by extension 'python_setup_py'
[0.200s] Level 1:colcon.colcon_core.package_identification:_identify(src/vehicle_system/autoaim/armor_detector) by extensions ['ignore', 'ignore_ament_install']
[0.200s] Level 1:colcon.colcon_core.package_identification:_identify(src/vehicle_system/autoaim/armor_detector) by extension 'ignore'
[0.200s] Level 1:colcon.colcon_core.package_identification:_identify(src/vehicle_system/autoaim/armor_detector) by extension 'ignore_ament_install'
[0.200s] Level 1:colcon.colcon_core.package_identification:_identify(src/vehicle_system/autoaim/armor_detector) by extensions ['colcon_pkg']
[0.200s] Level 1:colcon.colcon_core.package_identification:_identify(src/vehicle_system/autoaim/armor_detector) by extension 'colcon_pkg'
[0.200s] Level 1:colcon.colcon_core.package_identification:_identify(src/vehicle_system/autoaim/armor_detector) by extensions ['colcon_meta']
[0.200s] Level 1:colcon.colcon_core.package_identification:_identify(src/vehicle_system/autoaim/armor_detector) by extension 'colcon_meta'
[0.200s] Level 1:colcon.colcon_core.package_identification:_identify(src/vehicle_system/autoaim/armor_detector) by extensions ['ros']
[0.200s] Level 1:colcon.colcon_core.package_identification:_identify(src/vehicle_system/autoaim/armor_detector) by extension 'ros'
[0.201s] DEBUG:colcon.colcon_core.package_identification:Package 'src/vehicle_system/autoaim/armor_detector' with type 'ros.ament_cmake' and name 'armor_detector'
[0.201s] Level 1:colcon.colcon_core.package_identification:_identify(src/vehicle_system/autoaim/armor_processor) by extensions ['ignore', 'ignore_ament_install']
[0.201s] Level 1:colcon.colcon_core.package_identification:_identify(src/vehicle_system/autoaim/armor_processor) by extension 'ignore'
[0.201s] Level 1:colcon.colcon_core.package_identification:_identify(src/vehicle_system/autoaim/armor_processor) by extension 'ignore_ament_install'
[0.202s] Level 1:colcon.colcon_core.package_identification:_identify(src/vehicle_system/autoaim/armor_processor) by extensions ['colcon_pkg']
[0.202s] Level 1:colcon.colcon_core.package_identification:_identify(src/vehicle_system/autoaim/armor_processor) by extension 'colcon_pkg'
[0.202s] Level 1:colcon.colcon_core.package_identification:_identify(src/vehicle_system/autoaim/armor_processor) by extensions ['colcon_meta']
[0.202s] Level 1:colcon.colcon_core.package_identification:_identify(src/vehicle_system/autoaim/armor_processor) by extension 'colcon_meta'
[0.202s] Level 1:colcon.colcon_core.package_identification:_identify(src/vehicle_system/autoaim/armor_processor) by extensions ['ros']
[0.202s] Level 1:colcon.colcon_core.package_identification:_identify(src/vehicle_system/autoaim/armor_processor) by extension 'ros'
[0.203s] DEBUG:colcon.colcon_core.package_identification:Package 'src/vehicle_system/autoaim/armor_processor' with type 'ros.ament_cmake' and name 'armor_processor'
[0.203s] Level 1:colcon.colcon_core.package_identification:_identify(src/vehicle_system/binocular) by extensions ['ignore', 'ignore_ament_install']
[0.203s] Level 1:colcon.colcon_core.package_identification:_identify(src/vehicle_system/binocular) by extension 'ignore'
[0.203s] Level 1:colcon.colcon_core.package_identification:_identify(src/vehicle_system/binocular) by extension 'ignore_ament_install'
[0.203s] Level 1:colcon.colcon_core.package_identification:_identify(src/vehicle_system/binocular) by extensions ['colcon_pkg']
[0.203s] Level 1:colcon.colcon_core.package_identification:_identify(src/vehicle_system/binocular) by extension 'colcon_pkg'
[0.204s] Level 1:colcon.colcon_core.package_identification:_identify(src/vehicle_system/binocular) by extensions ['colcon_meta']
[0.204s] Level 1:colcon.colcon_core.package_identification:_identify(src/vehicle_system/binocular) by extension 'colcon_meta'
[0.204s] Level 1:colcon.colcon_core.package_identification:_identify(src/vehicle_system/binocular) by extensions ['ros']
[0.204s] Level 1:colcon.colcon_core.package_identification:_identify(src/vehicle_system/binocular) by extension 'ros'
[0.205s] DEBUG:colcon.colcon_core.package_identification:Package 'src/vehicle_system/binocular' with type 'ros.ament_cmake' and name 'binocular'
[0.206s] Level 1:colcon.colcon_core.package_identification:_identify(src/vehicle_system/buff) by extensions ['ignore', 'ignore_ament_install']
[0.206s] Level 1:colcon.colcon_core.package_identification:_identify(src/vehicle_system/buff) by extension 'ignore'
[0.206s] Level 1:colcon.colcon_core.package_identification:_identify(src/vehicle_system/buff) by extension 'ignore_ament_install'
[0.206s] Level 1:colcon.colcon_core.package_identification:_identify(src/vehicle_system/buff) by extensions ['colcon_pkg']
[0.206s] Level 1:colcon.colcon_core.package_identification:_identify(src/vehicle_system/buff) by extension 'colcon_pkg'
[0.206s] Level 1:colcon.colcon_core.package_identification:_identify(src/vehicle_system/buff) by extensions ['colcon_meta']
[0.206s] Level 1:colcon.colcon_core.package_identification:_identify(src/vehicle_system/buff) by extension 'colcon_meta'
[0.206s] Level 1:colcon.colcon_core.package_identification:_identify(src/vehicle_system/buff) by extensions ['ros']
[0.206s] Level 1:colcon.colcon_core.package_identification:_identify(src/vehicle_system/buff) by extension 'ros'
[0.208s] DEBUG:colcon.colcon_core.package_identification:Package 'src/vehicle_system/buff' with type 'ros.ament_cmake' and name 'buff'
[0.208s] Level 1:colcon.colcon_core.package_identification:_identify(src/vehicle_system/filter) by extensions ['ignore', 'ignore_ament_install']
[0.208s] Level 1:colcon.colcon_core.package_identification:_identify(src/vehicle_system/filter) by extension 'ignore'
[0.208s] Level 1:colcon.colcon_core.package_identification:_identify(src/vehicle_system/filter) by extension 'ignore_ament_install'
[0.208s] Level 1:colcon.colcon_core.package_identification:_identify(src/vehicle_system/filter) by extensions ['colcon_pkg']
[0.208s] Level 1:colcon.colcon_core.package_identification:_identify(src/vehicle_system/filter) by extension 'colcon_pkg'
[0.208s] Level 1:colcon.colcon_core.package_identification:_identify(src/vehicle_system/filter) by extensions ['colcon_meta']
[0.208s] Level 1:colcon.colcon_core.package_identification:_identify(src/vehicle_system/filter) by extension 'colcon_meta'
[0.209s] Level 1:colcon.colcon_core.package_identification:_identify(src/vehicle_system/filter) by extensions ['ros']
[0.209s] Level 1:colcon.colcon_core.package_identification:_identify(src/vehicle_system/filter) by extension 'ros'
[0.210s] DEBUG:colcon.colcon_core.package_identification:Package 'src/vehicle_system/filter' with type 'ros.ament_cmake' and name 'filter'
[0.210s] Level 1:colcon.colcon_core.package_discovery:discover_packages(recursive) using defaults
[0.210s] Level 1:colcon.colcon_core.package_discovery:discover_packages(ignore) discover
[0.210s] Level 1:colcon.colcon_core.package_discovery:discover_packages(ignore) using defaults
[0.210s] Level 1:colcon.colcon_core.package_discovery:discover_packages(path) discover
[0.210s] Level 1:colcon.colcon_core.package_discovery:discover_packages(path) using defaults
[0.228s] INFO:colcon.colcon_core.package_selection:Skipping not selected package 'arm_controller' in 'src/arm_controller'
[0.228s] INFO:colcon.colcon_core.package_selection:Skipping not selected package 'armor_detector' in 'src/vehicle_system/autoaim/armor_detector'
[0.228s] INFO:colcon.colcon_core.package_selection:Skipping not selected package 'auto_navigation' in 'src/auto_navigation'
[0.228s] INFO:colcon.colcon_core.package_selection:Skipping not selected package 'binocular' in 'src/vehicle_system/binocular'
[0.228s] INFO:colcon.colcon_core.package_selection:Skipping not selected package 'buff' in 'src/vehicle_system/buff'
[0.228s] INFO:colcon.colcon_core.package_selection:Skipping not selected package 'global_interface' in 'src/global_interface'
[0.228s] INFO:colcon.colcon_core.package_selection:Skipping not selected package 'global_user' in 'src/global_user'
[0.228s] INFO:colcon.colcon_core.package_selection:Skipping not selected package 'rmoss_interfaces' in 'src/rmoss_master/rmoss_interfaces'
[0.228s] INFO:colcon.colcon_core.package_selection:Skipping not selected package 'rmoss_projectile_motion' in 'src/rmoss_master/rmoss_core/rmoss_projectile_motion'
[0.229s] INFO:colcon.colcon_core.package_selection:Skipping not selected package 'armor_processor' in 'src/vehicle_system/autoaim/armor_processor'
[0.229s] INFO:colcon.colcon_core.package_selection:Skipping not selected package 'filter' in 'src/vehicle_system/filter'
[0.229s] INFO:colcon.colcon_core.package_selection:Skipping not selected package 'rmoss_base' in 'src/rmoss_master/rmoss_core/rmoss_base'
[0.229s] INFO:colcon.colcon_core.package_selection:Skipping not selected package 'rmoss_util' in 'src/rmoss_master/rmoss_core/rmoss_util'
[0.229s] INFO:colcon.colcon_core.package_selection:Skipping not selected package 'serialport' in 'src/serialport'
[0.229s] INFO:colcon.colcon_core.package_selection:Skipping not selected package 'rmoss_cam' in 'src/rmoss_master/rmoss_core/rmoss_cam'
[0.229s] INFO:colcon.colcon_core.package_selection:Skipping not selected package 'rmoss_auto_aim' in 'src/rmoss_master/rmoss_contrib/rmoss_auto_aim'
[0.229s] INFO:colcon.colcon_core.package_selection:Skipping not selected package 'rmoss_core' in 'src/rmoss_master/rmoss_core/rmoss_core'
[0.229s] INFO:colcon.colcon_core.package_selection:Skipping not selected package 'rmoss_daheng_driver' in 'src/rmoss_master/rmoss_daheng_driver'
[0.229s] Level 1:colcon.colcon_core.package_discovery:discover_packages(prefix_path) check parameters
[0.229s] Level 1:colcon.colcon_core.package_discovery:discover_packages(prefix_path) discover
[0.232s] DEBUG:colcon.colcon_installed_package_information.package_discovery:Found 272 installed packages in /opt/ros/galactic
[0.233s] Level 1:colcon.colcon_core.package_discovery:discover_packages(prefix_path) using defaults
[0.300s] Level 5:colcon.colcon_core.verb:set package 'camera_driver' build argument 'cmake_args' from command line to 'None'
[0.300s] Level 5:colcon.colcon_core.verb:set package 'camera_driver' build argument 'cmake_target' from command line to 'None'
[0.300s] Level 5:colcon.colcon_core.verb:set package 'camera_driver' build argument 'cmake_target_skip_unavailable' from command line to 'False'
[0.301s] Level 5:colcon.colcon_core.verb:set package 'camera_driver' build argument 'cmake_clean_cache' from command line to 'False'
[0.301s] Level 5:colcon.colcon_core.verb:set package 'camera_driver' build argument 'cmake_clean_first' from command line to 'False'
[0.301s] Level 5:colcon.colcon_core.verb:set package 'camera_driver' build argument 'cmake_force_configure' from command line to 'False'
[0.301s] Level 5:colcon.colcon_core.verb:set package 'camera_driver' build argument 'ament_cmake_args' from command line to 'None'
[0.301s] Level 5:colcon.colcon_core.verb:set package 'camera_driver' build argument 'catkin_cmake_args' from command line to 'None'
[0.301s] Level 5:colcon.colcon_core.verb:set package 'camera_driver' build argument 'catkin_skip_building_tests' from command line to 'False'
[0.301s] DEBUG:colcon.colcon_core.verb:Building package 'camera_driver' with the following arguments: {'ament_cmake_args': None, 'build_base': '/home/liyuhang/Desktop/TUP-Vision-2023-Based/build/camera_driver', 'catkin_cmake_args': None, 'catkin_skip_building_tests': False, 'cmake_args': None, 'cmake_clean_cache': False, 'cmake_clean_first': False, 'cmake_force_configure': False, 'cmake_target': None, 'cmake_target_skip_unavailable': False, 'install_base': '/home/liyuhang/Desktop/TUP-Vision-2023-Based/install/camera_driver', 'merge_install': False, 'path': '/home/liyuhang/Desktop/TUP-Vision-2023-Based/src/camera_driver', 'symlink_install': False, 'test_result_base': None}
[0.301s] INFO:colcon.colcon_core.executor:Executing jobs using 'parallel' executor
[0.305s] DEBUG:colcon.colcon_parallel_executor.executor.parallel:run_until_complete
[0.305s] INFO:colcon.colcon_ros.task.ament_cmake.build:Building ROS package in '/home/liyuhang/Desktop/TUP-Vision-2023-Based/src/camera_driver' with build type 'ament_cmake'
[0.305s] INFO:colcon.colcon_cmake.task.cmake.build:Building CMake package in '/home/liyuhang/Desktop/TUP-Vision-2023-Based/src/camera_driver'
[0.311s] INFO:colcon.colcon_core.plugin_system:Skipping extension 'colcon_core.shell.bat': Not used on non-Windows systems
[0.311s] INFO:colcon.colcon_core.shell:Skip shell extension 'powershell' for command environment: Not usable outside of PowerShell
[0.312s] DEBUG:colcon.colcon_core.shell:Skip shell extension 'dsv' for command environment
[0.326s] DEBUG:colcon.colcon_core.event_handler.log_command:Invoking command in '/home/liyuhang/Desktop/TUP-Vision-2023-Based/build/camera_driver': AMENT_PREFIX_PATH=/home/liyuhang/Desktop/TUP-Vision-2023-Based/install/global_user:/home/liyuhang/Desktop/TUP-Vision-2023-Based/install/global_interface:${AMENT_PREFIX_PATH} CMAKE_PREFIX_PATH=/home/liyuhang/Desktop/TUP-Vision-2023-Based/install/global_user:/home/liyuhang/Desktop/TUP-Vision-2023-Based/install/global_interface:/opt/ros/galactic LD_LIBRARY_PATH=/home/liyuhang/Desktop/TUP-Vision-2023-Based/install/global_user/lib:/home/liyuhang/Desktop/TUP-Vision-2023-Based/install/global_interface/lib:/opt/ros/galactic/opt/yaml_cpp_vendor/lib:/opt/ros/galactic/opt/rviz_ogre_vendor/lib:/opt/ros/galactic/lib/x86_64-linux-gnu:/opt/ros/galactic/lib:/opt/MVS/lib/64:/opt/MVS/lib/32:/opt/intel/openvino_2022/tools/compile_tool:/opt/intel/openvino_2022/runtime/3rdparty/tbb/lib:/opt/intel/openvino_2022/runtime/3rdparty/hddl/lib:/opt/intel/openvino_2022/runtime/lib/intel64:/opt/MVS/lib/64:/opt/MVS/lib/32:/opt/MVS/lib/64:/opt/MVS/lib/32 PYTHONPATH=/home/liyuhang/Desktop/TUP-Vision-2023-Based/install/global_interface/lib/python3.8/site-packages:/opt/intel/openvino_2022/python/python3.8:/opt/intel/openvino_2022/python/python3:/opt/ros/galactic/lib/python3.8/site-packages:/opt/intel/openvino_2022/python/python3.8:/opt/intel/openvino_2022/python/python3 /usr/local/bin/cmake /home/liyuhang/Desktop/TUP-Vision-2023-Based/src/camera_driver -DCMAKE_INSTALL_PREFIX=/home/liyuhang/Desktop/TUP-Vision-2023-Based/install/camera_driver
[4.540s] DEBUG:colcon.colcon_core.event_handler.log_command:Invoked command in '/home/liyuhang/Desktop/TUP-Vision-2023-Based/build/camera_driver' returned '0': AMENT_PREFIX_PATH=/home/liyuhang/Desktop/TUP-Vision-2023-Based/install/global_user:/home/liyuhang/Desktop/TUP-Vision-2023-Based/install/global_interface:${AMENT_PREFIX_PATH} CMAKE_PREFIX_PATH=/home/liyuhang/Desktop/TUP-Vision-2023-Based/install/global_user:/home/liyuhang/Desktop/TUP-Vision-2023-Based/install/global_interface:/opt/ros/galactic LD_LIBRARY_PATH=/home/liyuhang/Desktop/TUP-Vision-2023-Based/install/global_user/lib:/home/liyuhang/Desktop/TUP-Vision-2023-Based/install/global_interface/lib:/opt/ros/galactic/opt/yaml_cpp_vendor/lib:/opt/ros/galactic/opt/rviz_ogre_vendor/lib:/opt/ros/galactic/lib/x86_64-linux-gnu:/opt/ros/galactic/lib:/opt/MVS/lib/64:/opt/MVS/lib/32:/opt/intel/openvino_2022/tools/compile_tool:/opt/intel/openvino_2022/runtime/3rdparty/tbb/lib:/opt/intel/openvino_2022/runtime/3rdparty/hddl/lib:/opt/intel/openvino_2022/runtime/lib/intel64:/opt/MVS/lib/64:/opt/MVS/lib/32:/opt/MVS/lib/64:/opt/MVS/lib/32 PYTHONPATH=/home/liyuhang/Desktop/TUP-Vision-2023-Based/install/global_interface/lib/python3.8/site-packages:/opt/intel/openvino_2022/python/python3.8:/opt/intel/openvino_2022/python/python3:/opt/ros/galactic/lib/python3.8/site-packages:/opt/intel/openvino_2022/python/python3.8:/opt/intel/openvino_2022/python/python3 /usr/local/bin/cmake /home/liyuhang/Desktop/TUP-Vision-2023-Based/src/camera_driver -DCMAKE_INSTALL_PREFIX=/home/liyuhang/Desktop/TUP-Vision-2023-Based/install/camera_driver
[4.543s] DEBUG:colcon.colcon_core.event_handler.log_command:Invoking command in '/home/liyuhang/Desktop/TUP-Vision-2023-Based/build/camera_driver': AMENT_PREFIX_PATH=/home/liyuhang/Desktop/TUP-Vision-2023-Based/install/global_user:/home/liyuhang/Desktop/TUP-Vision-2023-Based/install/global_interface:${AMENT_PREFIX_PATH} CMAKE_PREFIX_PATH=/home/liyuhang/Desktop/TUP-Vision-2023-Based/install/global_user:/home/liyuhang/Desktop/TUP-Vision-2023-Based/install/global_interface:/opt/ros/galactic LD_LIBRARY_PATH=/home/liyuhang/Desktop/TUP-Vision-2023-Based/install/global_user/lib:/home/liyuhang/Desktop/TUP-Vision-2023-Based/install/global_interface/lib:/opt/ros/galactic/opt/yaml_cpp_vendor/lib:/opt/ros/galactic/opt/rviz_ogre_vendor/lib:/opt/ros/galactic/lib/x86_64-linux-gnu:/opt/ros/galactic/lib:/opt/MVS/lib/64:/opt/MVS/lib/32:/opt/intel/openvino_2022/tools/compile_tool:/opt/intel/openvino_2022/runtime/3rdparty/tbb/lib:/opt/intel/openvino_2022/runtime/3rdparty/hddl/lib:/opt/intel/openvino_2022/runtime/lib/intel64:/opt/MVS/lib/64:/opt/MVS/lib/32:/opt/MVS/lib/64:/opt/MVS/lib/32 PYTHONPATH=/home/liyuhang/Desktop/TUP-Vision-2023-Based/install/global_interface/lib/python3.8/site-packages:/opt/intel/openvino_2022/python/python3.8:/opt/intel/openvino_2022/python/python3:/opt/ros/galactic/lib/python3.8/site-packages:/opt/intel/openvino_2022/python/python3.8:/opt/intel/openvino_2022/python/python3 /usr/local/bin/cmake --build /home/liyuhang/Desktop/TUP-Vision-2023-Based/build/camera_driver -- -j8 -l8
[16.057s] DEBUG:colcon.colcon_core.event_handler.log_command:Invoked command in '/home/liyuhang/Desktop/TUP-Vision-2023-Based/build/camera_driver' returned '0': AMENT_PREFIX_PATH=/home/liyuhang/Desktop/TUP-Vision-2023-Based/install/global_user:/home/liyuhang/Desktop/TUP-Vision-2023-Based/install/global_interface:${AMENT_PREFIX_PATH} CMAKE_PREFIX_PATH=/home/liyuhang/Desktop/TUP-Vision-2023-Based/install/global_user:/home/liyuhang/Desktop/TUP-Vision-2023-Based/install/global_interface:/opt/ros/galactic LD_LIBRARY_PATH=/home/liyuhang/Desktop/TUP-Vision-2023-Based/install/global_user/lib:/home/liyuhang/Desktop/TUP-Vision-2023-Based/install/global_interface/lib:/opt/ros/galactic/opt/yaml_cpp_vendor/lib:/opt/ros/galactic/opt/rviz_ogre_vendor/lib:/opt/ros/galactic/lib/x86_64-linux-gnu:/opt/ros/galactic/lib:/opt/MVS/lib/64:/opt/MVS/lib/32:/opt/intel/openvino_2022/tools/compile_tool:/opt/intel/openvino_2022/runtime/3rdparty/tbb/lib:/opt/intel/openvino_2022/runtime/3rdparty/hddl/lib:/opt/intel/openvino_2022/runtime/lib/intel64:/opt/MVS/lib/64:/opt/MVS/lib/32:/opt/MVS/lib/64:/opt/MVS/lib/32 PYTHONPATH=/home/liyuhang/Desktop/TUP-Vision-2023-Based/install/global_interface/lib/python3.8/site-packages:/opt/intel/openvino_2022/python/python3.8:/opt/intel/openvino_2022/python/python3:/opt/ros/galactic/lib/python3.8/site-packages:/opt/intel/openvino_2022/python/python3.8:/opt/intel/openvino_2022/python/python3 /usr/local/bin/cmake --build /home/liyuhang/Desktop/TUP-Vision-2023-Based/build/camera_driver -- -j8 -l8
[16.096s] DEBUG:colcon.colcon_core.event_handler.log_command:Invoking command in '/home/liyuhang/Desktop/TUP-Vision-2023-Based/build/camera_driver': AMENT_PREFIX_PATH=/home/liyuhang/Desktop/TUP-Vision-2023-Based/install/global_user:/home/liyuhang/Desktop/TUP-Vision-2023-Based/install/global_interface:${AMENT_PREFIX_PATH} CMAKE_PREFIX_PATH=/home/liyuhang/Desktop/TUP-Vision-2023-Based/install/global_user:/home/liyuhang/Desktop/TUP-Vision-2023-Based/install/global_interface:/opt/ros/galactic LD_LIBRARY_PATH=/home/liyuhang/Desktop/TUP-Vision-2023-Based/install/global_user/lib:/home/liyuhang/Desktop/TUP-Vision-2023-Based/install/global_interface/lib:/opt/ros/galactic/opt/yaml_cpp_vendor/lib:/opt/ros/galactic/opt/rviz_ogre_vendor/lib:/opt/ros/galactic/lib/x86_64-linux-gnu:/opt/ros/galactic/lib:/opt/MVS/lib/64:/opt/MVS/lib/32:/opt/intel/openvino_2022/tools/compile_tool:/opt/intel/openvino_2022/runtime/3rdparty/tbb/lib:/opt/intel/openvino_2022/runtime/3rdparty/hddl/lib:/opt/intel/openvino_2022/runtime/lib/intel64:/opt/MVS/lib/64:/opt/MVS/lib/32:/opt/MVS/lib/64:/opt/MVS/lib/32 PYTHONPATH=/home/liyuhang/Desktop/TUP-Vision-2023-Based/install/global_interface/lib/python3.8/site-packages:/opt/intel/openvino_2022/python/python3.8:/opt/intel/openvino_2022/python/python3:/opt/ros/galactic/lib/python3.8/site-packages:/opt/intel/openvino_2022/python/python3.8:/opt/intel/openvino_2022/python/python3 /usr/local/bin/cmake --install /home/liyuhang/Desktop/TUP-Vision-2023-Based/build/camera_driver
[16.108s] Level 1:colcon.colcon_core.environment:create_environment_scripts_only(camera_driver)
[16.109s] DEBUG:colcon.colcon_core.event_handler.log_command:Invoked command in '/home/liyuhang/Desktop/TUP-Vision-2023-Based/build/camera_driver' returned '0': AMENT_PREFIX_PATH=/home/liyuhang/Desktop/TUP-Vision-2023-Based/install/global_user:/home/liyuhang/Desktop/TUP-Vision-2023-Based/install/global_interface:${AMENT_PREFIX_PATH} CMAKE_PREFIX_PATH=/home/liyuhang/Desktop/TUP-Vision-2023-Based/install/global_user:/home/liyuhang/Desktop/TUP-Vision-2023-Based/install/global_interface:/opt/ros/galactic LD_LIBRARY_PATH=/home/liyuhang/Desktop/TUP-Vision-2023-Based/install/global_user/lib:/home/liyuhang/Desktop/TUP-Vision-2023-Based/install/global_interface/lib:/opt/ros/galactic/opt/yaml_cpp_vendor/lib:/opt/ros/galactic/opt/rviz_ogre_vendor/lib:/opt/ros/galactic/lib/x86_64-linux-gnu:/opt/ros/galactic/lib:/opt/MVS/lib/64:/opt/MVS/lib/32:/opt/intel/openvino_2022/tools/compile_tool:/opt/intel/openvino_2022/runtime/3rdparty/tbb/lib:/opt/intel/openvino_2022/runtime/3rdparty/hddl/lib:/opt/intel/openvino_2022/runtime/lib/intel64:/opt/MVS/lib/64:/opt/MVS/lib/32:/opt/MVS/lib/64:/opt/MVS/lib/32 PYTHONPATH=/home/liyuhang/Desktop/TUP-Vision-2023-Based/install/global_interface/lib/python3.8/site-packages:/opt/intel/openvino_2022/python/python3.8:/opt/intel/openvino_2022/python/python3:/opt/ros/galactic/lib/python3.8/site-packages:/opt/intel/openvino_2022/python/python3.8:/opt/intel/openvino_2022/python/python3 /usr/local/bin/cmake --install /home/liyuhang/Desktop/TUP-Vision-2023-Based/build/camera_driver
[16.114s] Level 1:colcon.colcon_core.environment:checking '/home/liyuhang/Desktop/TUP-Vision-2023-Based/install/camera_driver' for CMake module files
[16.115s] Level 1:colcon.colcon_core.environment:checking '/home/liyuhang/Desktop/TUP-Vision-2023-Based/install/camera_driver' for CMake config files
[16.115s] Level 1:colcon.colcon_core.shell:create_environment_hook('camera_driver', 'cmake_prefix_path')
[16.116s] INFO:colcon.colcon_core.shell:Creating environment hook '/home/liyuhang/Desktop/TUP-Vision-2023-Based/install/camera_driver/share/camera_driver/hook/cmake_prefix_path.ps1'
[16.117s] INFO:colcon.colcon_core.shell:Creating environment descriptor '/home/liyuhang/Desktop/TUP-Vision-2023-Based/install/camera_driver/share/camera_driver/hook/cmake_prefix_path.dsv'
[16.117s] INFO:colcon.colcon_core.shell:Creating environment hook '/home/liyuhang/Desktop/TUP-Vision-2023-Based/install/camera_driver/share/camera_driver/hook/cmake_prefix_path.sh'
[16.118s] Level 1:colcon.colcon_core.environment:checking '/home/liyuhang/Desktop/TUP-Vision-2023-Based/install/camera_driver/lib'
[16.118s] Level 1:colcon.colcon_core.shell:create_environment_hook('camera_driver', 'ld_library_path_lib')
[16.119s] INFO:colcon.colcon_core.shell:Creating environment hook '/home/liyuhang/Desktop/TUP-Vision-2023-Based/install/camera_driver/share/camera_driver/hook/ld_library_path_lib.ps1'
[16.119s] INFO:colcon.colcon_core.shell:Creating environment descriptor '/home/liyuhang/Desktop/TUP-Vision-2023-Based/install/camera_driver/share/camera_driver/hook/ld_library_path_lib.dsv'
[16.120s] INFO:colcon.colcon_core.shell:Creating environment hook '/home/liyuhang/Desktop/TUP-Vision-2023-Based/install/camera_driver/share/camera_driver/hook/ld_library_path_lib.sh'
[16.120s] Level 1:colcon.colcon_core.environment:checking '/home/liyuhang/Desktop/TUP-Vision-2023-Based/install/camera_driver/bin'
[16.120s] Level 1:colcon.colcon_core.environment:checking '/home/liyuhang/Desktop/TUP-Vision-2023-Based/install/camera_driver/lib/pkgconfig/camera_driver.pc'
[16.120s] Level 1:colcon.colcon_core.environment:checking '/home/liyuhang/Desktop/TUP-Vision-2023-Based/install/camera_driver/lib/python3.8/site-packages'
[16.120s] Level 1:colcon.colcon_core.environment:checking '/home/liyuhang/Desktop/TUP-Vision-2023-Based/install/camera_driver/bin'
[16.121s] INFO:colcon.colcon_core.shell:Creating package script '/home/liyuhang/Desktop/TUP-Vision-2023-Based/install/camera_driver/share/camera_driver/package.ps1'
[16.122s] INFO:colcon.colcon_core.shell:Creating package descriptor '/home/liyuhang/Desktop/TUP-Vision-2023-Based/install/camera_driver/share/camera_driver/package.dsv'
[16.123s] INFO:colcon.colcon_core.shell:Creating package script '/home/liyuhang/Desktop/TUP-Vision-2023-Based/install/camera_driver/share/camera_driver/package.sh'
[16.123s] INFO:colcon.colcon_core.shell:Creating package script '/home/liyuhang/Desktop/TUP-Vision-2023-Based/install/camera_driver/share/camera_driver/package.bash'
[16.124s] INFO:colcon.colcon_core.shell:Creating package script '/home/liyuhang/Desktop/TUP-Vision-2023-Based/install/camera_driver/share/camera_driver/package.zsh'
[16.125s] Level 1:colcon.colcon_core.environment:create_file_with_runtime_dependencies(/home/liyuhang/Desktop/TUP-Vision-2023-Based/install/camera_driver/share/colcon-core/packages/camera_driver)
[16.157s] Level 1:colcon.colcon_core.environment:create_environment_scripts_only(camera_driver)
[16.159s] Level 1:colcon.colcon_core.environment:checking '/home/liyuhang/Desktop/TUP-Vision-2023-Based/install/camera_driver' for CMake module files
[16.160s] Level 1:colcon.colcon_core.environment:checking '/home/liyuhang/Desktop/TUP-Vision-2023-Based/install/camera_driver' for CMake config files
[16.161s] Level 1:colcon.colcon_core.shell:create_environment_hook('camera_driver', 'cmake_prefix_path')
[16.163s] INFO:colcon.colcon_core.shell:Creating environment hook '/home/liyuhang/Desktop/TUP-Vision-2023-Based/install/camera_driver/share/camera_driver/hook/cmake_prefix_path.ps1'
[16.163s] INFO:colcon.colcon_core.shell:Creating environment descriptor '/home/liyuhang/Desktop/TUP-Vision-2023-Based/install/camera_driver/share/camera_driver/hook/cmake_prefix_path.dsv'
[16.164s] INFO:colcon.colcon_core.shell:Creating environment hook '/home/liyuhang/Desktop/TUP-Vision-2023-Based/install/camera_driver/share/camera_driver/hook/cmake_prefix_path.sh'
[16.164s] Level 1:colcon.colcon_core.environment:checking '/home/liyuhang/Desktop/TUP-Vision-2023-Based/install/camera_driver/lib'
[16.164s] Level 1:colcon.colcon_core.shell:create_environment_hook('camera_driver', 'ld_library_path_lib')
[16.166s] INFO:colcon.colcon_core.shell:Creating environment hook '/home/liyuhang/Desktop/TUP-Vision-2023-Based/install/camera_driver/share/camera_driver/hook/ld_library_path_lib.ps1'
[16.166s] INFO:colcon.colcon_core.shell:Creating environment descriptor '/home/liyuhang/Desktop/TUP-Vision-2023-Based/install/camera_driver/share/camera_driver/hook/ld_library_path_lib.dsv'
[16.166s] INFO:colcon.colcon_core.shell:Creating environment hook '/home/liyuhang/Desktop/TUP-Vision-2023-Based/install/camera_driver/share/camera_driver/hook/ld_library_path_lib.sh'
[16.166s] Level 1:colcon.colcon_core.environment:checking '/home/liyuhang/Desktop/TUP-Vision-2023-Based/install/camera_driver/bin'
[16.167s] Level 1:colcon.colcon_core.environment:checking '/home/liyuhang/Desktop/TUP-Vision-2023-Based/install/camera_driver/lib/pkgconfig/camera_driver.pc'
[16.167s] Level 1:colcon.colcon_core.environment:checking '/home/liyuhang/Desktop/TUP-Vision-2023-Based/install/camera_driver/lib/python3.8/site-packages'
[16.167s] Level 1:colcon.colcon_core.environment:checking '/home/liyuhang/Desktop/TUP-Vision-2023-Based/install/camera_driver/bin'
[16.170s] INFO:colcon.colcon_core.shell:Creating package script '/home/liyuhang/Desktop/TUP-Vision-2023-Based/install/camera_driver/share/camera_driver/package.ps1'
[16.170s] INFO:colcon.colcon_core.shell:Creating package descriptor '/home/liyuhang/Desktop/TUP-Vision-2023-Based/install/camera_driver/share/camera_driver/package.dsv'
[16.170s] INFO:colcon.colcon_core.shell:Creating package script '/home/liyuhang/Desktop/TUP-Vision-2023-Based/install/camera_driver/share/camera_driver/package.sh'
[16.171s] INFO:colcon.colcon_core.shell:Creating package script '/home/liyuhang/Desktop/TUP-Vision-2023-Based/install/camera_driver/share/camera_driver/package.bash'
[16.171s] INFO:colcon.colcon_core.shell:Creating package script '/home/liyuhang/Desktop/TUP-Vision-2023-Based/install/camera_driver/share/camera_driver/package.zsh'
[16.171s] Level 1:colcon.colcon_core.environment:create_file_with_runtime_dependencies(/home/liyuhang/Desktop/TUP-Vision-2023-Based/install/camera_driver/share/colcon-core/packages/camera_driver)
[16.172s] DEBUG:colcon.colcon_parallel_executor.executor.parallel:closing loop
[16.172s] DEBUG:colcon.colcon_parallel_executor.executor.parallel:loop closed
[16.172s] DEBUG:colcon.colcon_parallel_executor.executor.parallel:run_until_complete finished with '0'
[16.172s] DEBUG:colcon.colcon_core.event_reactor:joining thread
[16.182s] INFO:colcon.colcon_core.plugin_system:Skipping extension 'colcon_notification.desktop_notification.terminal_notifier': Not used on non-Darwin systems
[16.182s] INFO:colcon.colcon_core.plugin_system:Skipping extension 'colcon_notification.desktop_notification.win32': Not used on non-Windows systems
[16.182s] INFO:colcon.colcon_notification.desktop_notification:Sending desktop notification using 'notify2'
[16.200s] DEBUG:colcon.colcon_core.event_reactor:joined thread
[16.201s] INFO:colcon.colcon_core.shell:Creating prefix script '/home/liyuhang/Desktop/TUP-Vision-2023-Based/install/local_setup.ps1'
[16.202s] INFO:colcon.colcon_core.shell:Creating prefix util module '/home/liyuhang/Desktop/TUP-Vision-2023-Based/install/_local_setup_util_ps1.py'
[16.204s] INFO:colcon.colcon_core.shell:Creating prefix chain script '/home/liyuhang/Desktop/TUP-Vision-2023-Based/install/setup.ps1'
[16.205s] INFO:colcon.colcon_core.shell:Creating prefix script '/home/liyuhang/Desktop/TUP-Vision-2023-Based/install/local_setup.sh'
[16.206s] INFO:colcon.colcon_core.shell:Creating prefix util module '/home/liyuhang/Desktop/TUP-Vision-2023-Based/install/_local_setup_util_sh.py'
[16.206s] INFO:colcon.colcon_core.shell:Creating prefix chain script '/home/liyuhang/Desktop/TUP-Vision-2023-Based/install/setup.sh'
[16.207s] INFO:colcon.colcon_core.shell:Creating prefix script '/home/liyuhang/Desktop/TUP-Vision-2023-Based/install/local_setup.bash'
[16.208s] INFO:colcon.colcon_core.shell:Creating prefix chain script '/home/liyuhang/Desktop/TUP-Vision-2023-Based/install/setup.bash'
[16.210s] INFO:colcon.colcon_core.shell:Creating prefix script '/home/liyuhang/Desktop/TUP-Vision-2023-Based/install/local_setup.zsh'
[16.210s] INFO:colcon.colcon_core.shell:Creating prefix chain script '/home/liyuhang/Desktop/TUP-Vision-2023-Based/install/setup.zsh'
