-- The C compiler identification is GNU 9.4.0
-- The CXX compiler identification is GNU 9.4.0
-- Check for working C compiler: /usr/bin/cc
-- Check for working C compiler: /usr/bin/cc -- works
-- Detecting C compiler ABI info
-- Detecting C compiler ABI info - done
-- Detecting C compile features
-- Detecting C compile features - done
-- Check for working CXX compiler: /usr/bin/c++
-- Check for working CXX compiler: /usr/bin/c++ -- works
-- Detecting CXX compiler ABI info
-- Detecting CXX compiler ABI info - done
-- Detecting CXX compile features
-- Detecting CXX compile features - done
-- Found ament_cmake: 1.1.5 (/opt/ros/galactic/share/ament_cmake/cmake)
-- Found PythonInterp: /usr/bin/python3 (found suitable version "3.8.10", minimum required is "3") 
-- Using PYTHON_EXECUTABLE: /usr/bin/python3
-- Found rclcpp: 9.2.1 (/opt/ros/galactic/share/rclcpp/cmake)
-- Using all available rosidl_typesupport_c: rosidl_typesupport_fastrtps_c;rosidl_typesupport_introspection_c
-- Found rosidl_adapter: 2.2.2 (/opt/ros/galactic/share/rosidl_adapter/cmake)
-- Found OpenSSL: /usr/lib/x86_64-linux-gnu/libcrypto.so (found version "1.1.1f")  
-- Found FastRTPS: /opt/ros/galactic/include  
-- Using all available rosidl_typesupport_cpp: rosidl_typesupport_fastrtps_cpp;rosidl_typesupport_introspection_cpp
-- Found rmw_implementation_cmake: 3.3.1 (/opt/ros/galactic/share/rmw_implementation_cmake/cmake)
-- Found rmw_cyclonedds_cpp: 0.22.5 (/opt/ros/galactic/share/rmw_cyclonedds_cpp/cmake)
-- Using RMW implementation 'rmw_cyclonedds_cpp' as default
-- Looking for pthread.h
-- Looking for pthread.h - found
-- Performing Test CMAKE_HAVE_LIBC_PTHREAD
-- Performing Test CMAKE_HAVE_LIBC_PTHREAD - Failed
-- Looking for pthread_create in pthreads
-- Looking for pthread_create in pthreads - not found
-- Looking for pthread_create in pthread
-- Looking for pthread_create in pthread - found
-- Found Threads: TRUE  
-- Found rclcpp_components: 9.2.1 (/opt/ros/galactic/share/rclcpp_components/cmake)
-- Found OpenCV: /usr/local (found version "4.5.5") 
-- Found geometry_msgs: 2.2.4 (/opt/ros/galactic/share/geometry_msgs/cmake)
-- Found tf2_geometry_msgs: 0.17.4 (/opt/ros/galactic/share/tf2_geometry_msgs/cmake)
-- Found eigen3_cmake_module: 0.1.1 (/opt/ros/galactic/share/eigen3_cmake_module/cmake)
-- Found Eigen3: TRUE (found version "3.4.0") 
-- Found rclpy: 1.9.2 (/opt/ros/galactic/share/rclpy/cmake)
-- Found rclcpp_lifecycle: 9.2.1 (/opt/ros/galactic/share/rclcpp_lifecycle/cmake)
-- Found laser_geometry: 2.2.1 (/opt/ros/galactic/share/laser_geometry/cmake)
-- Found sensor_msgs: 2.2.4 (/opt/ros/galactic/share/sensor_msgs/cmake)
-- Found tf2_sensor_msgs: 0.17.4 (/opt/ros/galactic/share/tf2_sensor_msgs/cmake)
-- Found visualization_msgs: 2.2.4 (/opt/ros/galactic/share/visualization_msgs/cmake)
-- Found angles: 1.14.0 (/opt/ros/galactic/share/angles/cmake)
-- Found robot_state_publisher: 2.5.3 (/opt/ros/galactic/share/robot_state_publisher/cmake)
-- Found required Ceres dependency: Eigen version 3.4.0 in /usr/local/share/eigen3/cmake
-- Found required Ceres dependency: glog
-- Found Ceres version: 2.1.0 installed in: /usr/local with components: [EigenSparse, SparseLinearAlgebraLibrary, SchurSpecializations, Multithreading]
-- Found ament_lint_auto: 0.10.7 (/opt/ros/galactic/share/ament_lint_auto/cmake)
-- Added test 'copyright' to check source files copyright and LICENSE
-- Added test 'cppcheck' to perform static code analysis on C / C++ code
-- Configured cppcheck include dirs: /home/zhengtu/Desktop/TUP-Vision-2023-Based/src/global_user/include;$<BUILD_INTERFACE:/home/zhengtu/Desktop/TUP-Vision-2023-Based/src/global_user/include>
-- Configured cppcheck exclude dirs and/or files: 
-- Added test 'cpplint' to check C / C++ code against the Google style
-- Configured cpplint exclude dirs and/or files: 
-- Added test 'lint_cmake' to check CMake code style
-- Added test 'uncrustify' to check C / C++ code style
-- Configured uncrustify additional arguments: 
-- Added test 'xmllint' to check XML markup files
-- Configuring done
-- Generating done
-- Build files have been written to: /home/zhengtu/Desktop/TUP-Vision-2023-Based/build/global_user
[35m[1mScanning dependencies of target global_user[0m
[ 66%] [32mBuilding CXX object CMakeFiles/global_user.dir/src/coordsolver.cpp.o[0m
[ 66%] [32mBuilding CXX object CMakeFiles/global_user.dir/src/global_user.cpp.o[0m
[01m[K/home/zhengtu/Desktop/TUP-Vision-2023-Based/src/global_user/src/global_user.cpp:[m[K In function ‘[01m[Kstd::string global_user::getParent(std::string)[m[K’:
[01m[K/home/zhengtu/Desktop/TUP-Vision-2023-Based/src/global_user/src/global_user.cpp:203:51:[m[K [01;35m[Kwarning: [m[Kcomparison of integer expressions of different signedness: ‘[01m[Kint[m[K’ and ‘[01m[Kconst size_type[m[K’ {aka ‘[01m[Kconst long unsigned int[m[K’} [[01;35m[K-Wsign-compare[m[K]
  203 |         for(auto i = 0; i = path_tmp.find("/"), i != path_tmp.npos; path_tmp = path_tmp.substr(i + 1))
[01m[K/home/zhengtu/Desktop/TUP-Vision-2023-Based/src/global_user/src/global_user.cpp:[m[K In function ‘[01m[Kstd::vector<std::__cxx11::basic_string<char> > global_user::generatePathTree(std::string)[m[K’:
[01m[K/home/zhengtu/Desktop/TUP-Vision-2023-Based/src/global_user/src/global_user.cpp:223:47:[m[K [01;35m[Kwarning: [m[Kcomparison of integer expressions of different signedness: ‘[01m[Kint[m[K’ and ‘[01m[Kconst size_type[m[K’ {aka ‘[01m[Kconst long unsigned int[m[K’} [[01;35m[K-Wsign-compare[m[K]
  223 |         for(auto i = 0; i = path.find("/"), i != path.npos; path = path.substr(i + 1))
[100%] [32m[1mLinking CXX shared library libglobal_user.so[0m
[100%] Built target global_user
-- Install configuration: ""
-- Installing: /home/zhengtu/Desktop/TUP-Vision-2023-Based/install/global_user/share/global_user/environment/library_path.sh
-- Installing: /home/zhengtu/Desktop/TUP-Vision-2023-Based/install/global_user/share/global_user/environment/library_path.dsv
-- Installing: /home/zhengtu/Desktop/TUP-Vision-2023-Based/install/global_user/include
-- Installing: /home/zhengtu/Desktop/TUP-Vision-2023-Based/install/global_user/include/global_user
-- Installing: /home/zhengtu/Desktop/TUP-Vision-2023-Based/install/global_user/include/global_user/global_user.hpp
-- Installing: /home/zhengtu/Desktop/TUP-Vision-2023-Based/install/global_user/include/coordsolver.hpp
-- Installing: /home/zhengtu/Desktop/TUP-Vision-2023-Based/install/global_user/lib/libglobal_user.so
-- Set runtime path of "/home/zhengtu/Desktop/TUP-Vision-2023-Based/install/global_user/lib/libglobal_user.so" to ""
-- Installing: /home/zhengtu/Desktop/TUP-Vision-2023-Based/install/global_user/share/global_user/config
-- Installing: /home/zhengtu/Desktop/TUP-Vision-2023-Based/install/global_user/share/global_user/config/autoaim.yaml
-- Installing: /home/zhengtu/Desktop/TUP-Vision-2023-Based/install/global_user/share/global_user/config/buff.yaml
-- Installing: /home/zhengtu/Desktop/TUP-Vision-2023-Based/install/global_user/share/global_user/config/camera_ros.yaml
-- Installing: /home/zhengtu/Desktop/TUP-Vision-2023-Based/install/global_user/share/global_user/config/camera.yaml
-- Installing: /home/zhengtu/Desktop/TUP-Vision-2023-Based/install/global_user/share/ament_index/resource_index/package_run_dependencies/global_user
-- Installing: /home/zhengtu/Desktop/TUP-Vision-2023-Based/install/global_user/share/ament_index/resource_index/parent_prefix_path/global_user
-- Installing: /home/zhengtu/Desktop/TUP-Vision-2023-Based/install/global_user/share/global_user/environment/ament_prefix_path.sh
-- Installing: /home/zhengtu/Desktop/TUP-Vision-2023-Based/install/global_user/share/global_user/environment/ament_prefix_path.dsv
-- Installing: /home/zhengtu/Desktop/TUP-Vision-2023-Based/install/global_user/share/global_user/environment/path.sh
-- Installing: /home/zhengtu/Desktop/TUP-Vision-2023-Based/install/global_user/share/global_user/environment/path.dsv
-- Installing: /home/zhengtu/Desktop/TUP-Vision-2023-Based/install/global_user/share/global_user/local_setup.bash
-- Installing: /home/zhengtu/Desktop/TUP-Vision-2023-Based/install/global_user/share/global_user/local_setup.sh
-- Installing: /home/zhengtu/Desktop/TUP-Vision-2023-Based/install/global_user/share/global_user/local_setup.zsh
-- Installing: /home/zhengtu/Desktop/TUP-Vision-2023-Based/install/global_user/share/global_user/local_setup.dsv
-- Installing: /home/zhengtu/Desktop/TUP-Vision-2023-Based/install/global_user/share/global_user/package.dsv
-- Installing: /home/zhengtu/Desktop/TUP-Vision-2023-Based/install/global_user/share/ament_index/resource_index/packages/global_user
-- Installing: /home/zhengtu/Desktop/TUP-Vision-2023-Based/install/global_user/share/global_user/cmake/global_userExport.cmake
-- Installing: /home/zhengtu/Desktop/TUP-Vision-2023-Based/install/global_user/share/global_user/cmake/global_userExport-noconfig.cmake
-- Installing: /home/zhengtu/Desktop/TUP-Vision-2023-Based/install/global_user/share/global_user/cmake/ament_cmake_export_include_directories-extras.cmake
-- Installing: /home/zhengtu/Desktop/TUP-Vision-2023-Based/install/global_user/share/global_user/cmake/ament_cmake_export_libraries-extras.cmake
-- Installing: /home/zhengtu/Desktop/TUP-Vision-2023-Based/install/global_user/share/global_user/cmake/ament_cmake_export_targets-extras.cmake
-- Installing: /home/zhengtu/Desktop/TUP-Vision-2023-Based/install/global_user/share/global_user/cmake/ament_cmake_export_dependencies-extras.cmake
-- Installing: /home/zhengtu/Desktop/TUP-Vision-2023-Based/install/global_user/share/global_user/cmake/global_userConfig.cmake
-- Installing: /home/zhengtu/Desktop/TUP-Vision-2023-Based/install/global_user/share/global_user/cmake/global_userConfig-version.cmake
-- Installing: /home/zhengtu/Desktop/TUP-Vision-2023-Based/install/global_user/share/global_user/package.xml
