[0.015s] Invoking command in '/home/liyuhang/Desktop/TUP-Vision-2023-Based/build/armor_detector': CMAKE_PREFIX_PATH=${CMAKE_PREFIX_PATH}:/opt/ros/galactic /usr/local/bin/cmake --build /home/liyuhang/Desktop/TUP-Vision-2023-Based/build/armor_detector -- -j8 -l8
[0.053s] [35m[1mScanning dependencies of target armor_detector_node[0m
[0.084s] [ 16%] [32mBuilding CXX object CMakeFiles/armor_detector_node.dir/src/armor_detector/inference_api2.cpp.o[0m
[0.334s] [01m[K/home/liyuhang/Desktop/TUP-Vision-2023-Based/src/vehicle_system/autoaim/armor_detector/src/armor_detector/inference_api2.cpp:199:[m[K [01;35m[Kwarning: [m[Kignoring #pragma omp parallel [[01;35m[K-Wunknown-pragmas[m[K]
[0.334s]   199 |     #pragma omp parallel sections
[0.334s]       | 
[0.334s] [01m[K/home/liyuhang/Desktop/TUP-Vision-2023-Based/src/vehicle_system/autoaim/armor_detector/src/armor_detector/inference_api2.cpp:201:[m[K [01;35m[Kwarning: [m[Kignoring #pragma omp section [[01;35m[K-Wunknown-pragmas[m[K]
[0.334s]   201 |         #pragma omp section
[0.334s]       | 
[0.334s] [01m[K/home/liyuhang/Desktop/TUP-Vision-2023-Based/src/vehicle_system/autoaim/armor_detector/src/armor_detector/inference_api2.cpp:205:[m[K [01;35m[Kwarning: [m[Kignoring #pragma omp section [[01;35m[K-Wunknown-pragmas[m[K]
[0.334s]   205 |         #pragma omp section
[0.334s]       | 
[2.495s] [01m[K/home/liyuhang/Desktop/TUP-Vision-2023-Based/src/vehicle_system/autoaim/armor_detector/src/armor_detector/inference_api2.cpp:[m[K In function ‘[01m[Kvoid generate_grids_and_stride(int, int, std::vector<int>&, std::vector<GridAndStride>&)[m[K’:
[2.495s] [01m[K/home/liyuhang/Desktop/TUP-Vision-2023-Based/src/vehicle_system/autoaim/armor_detector/src/armor_detector/inference_api2.cpp:80:70:[m[K [01;35m[Kwarning: [m[KISO C++ forbids compound-literals [[01;35m[K-Wpedantic[m[K]
[2.495s]    80 |                 grid_strides.push_back((GridAndStride){g0, g1, stride[01;35m[K}[m[K);
[2.496s]       |                                                                      [01;35m[K^[m[K
[2.539s] [01m[K/home/liyuhang/Desktop/TUP-Vision-2023-Based/src/vehicle_system/autoaim/armor_detector/src/armor_detector/inference_api2.cpp:[m[K In function ‘[01m[Kvoid generateYoloxProposals(std::vector<GridAndStride>, const float*, Eigen::Matrix<float, 3, 3>&, float, std::vector<ArmorObject>&)[m[K’:
[2.539s] [01m[K/home/liyuhang/Desktop/TUP-Vision-2023-Based/src/vehicle_system/autoaim/armor_detector/src/armor_detector/inference_api2.cpp:125:15:[m[K [01;35m[Kwarning: [m[Kunused variable ‘[01m[Kcolor_conf[m[K’ [[01;35m[K-Wunused-variable[m[K]
[2.539s]   125 |         float [01;35m[Kcolor_conf[m[K = (feat_ptr[basic_pos + 9 + box_color]);
[2.539s]       |               [01;35m[K^~~~~~~~~~[m[K
[2.539s] [01m[K/home/liyuhang/Desktop/TUP-Vision-2023-Based/src/vehicle_system/autoaim/armor_detector/src/armor_detector/inference_api2.cpp:126:15:[m[K [01;35m[Kwarning: [m[Kunused variable ‘[01m[Kcls_conf[m[K’ [[01;35m[K-Wunused-variable[m[K]
[2.539s]   126 |         float [01;35m[Kcls_conf[m[K = (feat_ptr[basic_pos + 9 + NUM_COLORS + box_class]);
[2.539s]       |               [01;35m[K^~~~~~~~[m[K
[2.542s] [01m[K/home/liyuhang/Desktop/TUP-Vision-2023-Based/src/vehicle_system/autoaim/armor_detector/src/armor_detector/inference_api2.cpp:[m[K In function ‘[01m[Kvoid decodeOutputs(const float*, std::vector<ArmorObject>&, Eigen::Matrix<float, 3, 3>&, int, int)[m[K’:
[2.543s] [01m[K/home/liyuhang/Desktop/TUP-Vision-2023-Based/src/vehicle_system/autoaim/armor_detector/src/armor_detector/inference_api2.cpp:277:83:[m[K [01;35m[Kwarning: [m[Kunused parameter ‘[01m[Kimg_w[m[K’ [[01;35m[K-Wunused-parameter[m[K]
[2.543s]   277 |                             Eigen::Matrix<float,3,3> &transform_matrix, [01;35m[Kconst int img_w[m[K, const int img_h)
[2.543s]       |                                                                         [01;35m[K~~~~~~~~~~^~~~~[m[K
[2.543s] [01m[K/home/liyuhang/Desktop/TUP-Vision-2023-Based/src/vehicle_system/autoaim/armor_detector/src/armor_detector/inference_api2.cpp:277:100:[m[K [01;35m[Kwarning: [m[Kunused parameter ‘[01m[Kimg_h[m[K’ [[01;35m[K-Wunused-parameter[m[K]
[2.543s]   277 |                             Eigen::Matrix<float,3,3> &transform_matrix, const int img_w, [01;35m[Kconst int img_h[m[K)
[2.543s]       |                                                                                          [01;35m[K~~~~~~~~~~^~~~~[m[K
[2.551s] [01m[K/home/liyuhang/Desktop/TUP-Vision-2023-Based/src/vehicle_system/autoaim/armor_detector/src/armor_detector/inference_api2.cpp:[m[K In member function ‘[01m[Kbool ArmorDetector::detect(cv::Mat&, std::vector<ArmorObject>&)[m[K’:
[2.551s] [01m[K/home/liyuhang/Desktop/TUP-Vision-2023-Based/src/vehicle_system/autoaim/armor_detector/src/armor_detector/inference_api2.cpp:472:31:[m[K [01;35m[Kwarning: [m[Kcomparison of integer expressions of different signedness: ‘[01m[Kint[m[K’ and ‘[01m[Klong unsigned int[m[K’ [[01;35m[K-Wsign-compare[m[K]
[2.551s]   472 |             for (int i = 0; [01;35m[Ki < N[m[K; i++)
[2.551s]       |                             [01;35m[K~~^~~[m[K
[7.647s] [ 33%] [32m[1mLinking CXX executable armor_detector_node[0m
[8.571s] /usr/bin/ld: warning: libopencv_imgproc.so.4.2, needed by /opt/ros/galactic/lib/libcv_bridge.so, may conflict with libopencv_imgproc.so.405
[8.571s] /usr/bin/ld: warning: libopencv_core.so.4.2, needed by /opt/ros/galactic/lib/libcv_bridge.so, may conflict with libopencv_core.so.405
[8.576s] [100%] Built target armor_detector_node
[8.581s] Invoked command in '/home/liyuhang/Desktop/TUP-Vision-2023-Based/build/armor_detector' returned '0': CMAKE_PREFIX_PATH=${CMAKE_PREFIX_PATH}:/opt/ros/galactic /usr/local/bin/cmake --build /home/liyuhang/Desktop/TUP-Vision-2023-Based/build/armor_detector -- -j8 -l8
[8.615s] Invoking command in '/home/liyuhang/Desktop/TUP-Vision-2023-Based/build/armor_detector': CMAKE_PREFIX_PATH=${CMAKE_PREFIX_PATH}:/opt/ros/galactic /usr/local/bin/cmake --install /home/liyuhang/Desktop/TUP-Vision-2023-Based/build/armor_detector
[8.618s] -- Install configuration: ""
[8.618s] -- Installing: /home/liyuhang/Desktop/TUP-Vision-2023-Based/install/armor_detector/lib/armor_detector/armor_detector_node
[8.639s] -- Set runtime path of "/home/liyuhang/Desktop/TUP-Vision-2023-Based/install/armor_detector/lib/armor_detector/armor_detector_node" to ""
[8.639s] -- Up-to-date: /home/liyuhang/Desktop/TUP-Vision-2023-Based/install/armor_detector/share/armor_detector/launch
[8.639s] -- Up-to-date: /home/liyuhang/Desktop/TUP-Vision-2023-Based/install/armor_detector/share/armor_detector/launch/armor_detector.launch.py
[8.640s] -- Up-to-date: /home/liyuhang/Desktop/TUP-Vision-2023-Based/install/armor_detector/share/ament_index/resource_index/package_run_dependencies/armor_detector
[8.640s] -- Up-to-date: /home/liyuhang/Desktop/TUP-Vision-2023-Based/install/armor_detector/share/ament_index/resource_index/parent_prefix_path/armor_detector
[8.640s] -- Up-to-date: /home/liyuhang/Desktop/TUP-Vision-2023-Based/install/armor_detector/share/armor_detector/environment/ament_prefix_path.sh
[8.640s] -- Up-to-date: /home/liyuhang/Desktop/TUP-Vision-2023-Based/install/armor_detector/share/armor_detector/environment/ament_prefix_path.dsv
[8.640s] -- Up-to-date: /home/liyuhang/Desktop/TUP-Vision-2023-Based/install/armor_detector/share/armor_detector/environment/path.sh
[8.640s] -- Up-to-date: /home/liyuhang/Desktop/TUP-Vision-2023-Based/install/armor_detector/share/armor_detector/environment/path.dsv
[8.640s] -- Up-to-date: /home/liyuhang/Desktop/TUP-Vision-2023-Based/install/armor_detector/share/armor_detector/local_setup.bash
[8.641s] -- Up-to-date: /home/liyuhang/Desktop/TUP-Vision-2023-Based/install/armor_detector/share/armor_detector/local_setup.sh
[8.641s] -- Up-to-date: /home/liyuhang/Desktop/TUP-Vision-2023-Based/install/armor_detector/share/armor_detector/local_setup.zsh
[8.641s] -- Up-to-date: /home/liyuhang/Desktop/TUP-Vision-2023-Based/install/armor_detector/share/armor_detector/local_setup.dsv
[8.641s] -- Installing: /home/liyuhang/Desktop/TUP-Vision-2023-Based/install/armor_detector/share/armor_detector/package.dsv
[8.641s] -- Up-to-date: /home/liyuhang/Desktop/TUP-Vision-2023-Based/install/armor_detector/share/ament_index/resource_index/packages/armor_detector
[8.642s] -- Up-to-date: /home/liyuhang/Desktop/TUP-Vision-2023-Based/install/armor_detector/share/armor_detector/cmake/armor_detectorConfig.cmake
[8.642s] -- Up-to-date: /home/liyuhang/Desktop/TUP-Vision-2023-Based/install/armor_detector/share/armor_detector/cmake/armor_detectorConfig-version.cmake
[8.644s] -- Up-to-date: /home/liyuhang/Desktop/TUP-Vision-2023-Based/install/armor_detector/share/armor_detector/package.xml
[8.645s] Invoked command in '/home/liyuhang/Desktop/TUP-Vision-2023-Based/build/armor_detector' returned '0': CMAKE_PREFIX_PATH=${CMAKE_PREFIX_PATH}:/opt/ros/galactic /usr/local/bin/cmake --install /home/liyuhang/Desktop/TUP-Vision-2023-Based/build/armor_detector
