[0.186s] DEBUG:colcon:Command line arguments: ['/usr/bin/colcon', 'list', '-p', '--base-paths', '/home/zhengtu/Documents/code/TUP-Vision-2023']
[0.186s] DEBUG:colcon:Parsed command line arguments: Namespace(allow_overriding=[], base_paths=['/home/zhengtu/Documents/code/TUP-Vision-2023'], build_base='build', ignore_user_meta=False, log_base=None, log_level=None, main=<bound method ListVerb.main of <colcon_package_information.verb.list.ListVerb object at 0x7fa75ebd3520>>, metas=['./colcon.meta'], names_only=False, packages_above=None, packages_above_and_dependencies=None, packages_above_depth=None, packages_end=None, packages_ignore=None, packages_ignore_regex=None, packages_select=None, packages_select_build_failed=False, packages_select_by_dep=None, packages_select_regex=None, packages_select_test_failures=False, packages_skip=None, packages_skip_build_finished=False, packages_skip_by_dep=None, packages_skip_regex=None, packages_skip_test_passed=False, packages_skip_up_to=None, packages_start=None, packages_up_to=None, packages_up_to_regex=None, paths=None, paths_only=True, topological_graph=False, topological_graph_density=False, topological_graph_dot=False, topological_graph_dot_cluster=False, topological_graph_dot_include_skipped=False, topological_graph_legend=False, topological_order=False, verb_extension=<colcon_package_information.verb.list.ListVerb object at 0x7fa75ebd3520>, verb_name='list', verb_parser=<colcon_defaults.argument_parser.defaults.DefaultArgumentsDecorator object at 0x7fa75eb37d60>)
[0.225s] Level 1:colcon.colcon_core.package_discovery:discover_packages(colcon_meta) check parameters
[0.225s] Level 1:colcon.colcon_core.package_discovery:discover_packages(recursive) check parameters
[0.225s] Level 1:colcon.colcon_core.package_discovery:discover_packages(ignore) check parameters
[0.225s] Level 1:colcon.colcon_core.package_discovery:discover_packages(path) check parameters
[0.225s] Level 1:colcon.colcon_core.package_discovery:discover_packages(recursive) discover
[0.225s] INFO:colcon.colcon_core.package_discovery:Crawling recursively for packages in '/home/zhengtu/Documents/code/TUP-Vision-2023'
[0.226s] Level 1:colcon.colcon_core.package_identification:_identify(/home/zhengtu/Documents/code/TUP-Vision-2023) by extensions ['ignore', 'ignore_ament_install']
[0.226s] Level 1:colcon.colcon_core.package_identification:_identify(/home/zhengtu/Documents/code/TUP-Vision-2023) by extension 'ignore'
[0.226s] Level 1:colcon.colcon_core.package_identification:_identify(/home/zhengtu/Documents/code/TUP-Vision-2023) by extension 'ignore_ament_install'
[0.226s] Level 1:colcon.colcon_core.package_identification:_identify(/home/zhengtu/Documents/code/TUP-Vision-2023) by extensions ['colcon_pkg']
[0.226s] Level 1:colcon.colcon_core.package_identification:_identify(/home/zhengtu/Documents/code/TUP-Vision-2023) by extension 'colcon_pkg'
[0.226s] Level 1:colcon.colcon_core.package_identification:_identify(/home/zhengtu/Documents/code/TUP-Vision-2023) by extensions ['colcon_meta']
[0.226s] Level 1:colcon.colcon_core.package_identification:_identify(/home/zhengtu/Documents/code/TUP-Vision-2023) by extension 'colcon_meta'
[0.226s] Level 1:colcon.colcon_core.package_identification:_identify(/home/zhengtu/Documents/code/TUP-Vision-2023) by extensions ['ros']
[0.226s] Level 1:colcon.colcon_core.package_identification:_identify(/home/zhengtu/Documents/code/TUP-Vision-2023) by extension 'ros'
[0.244s] Level 1:colcon.colcon_core.package_identification:_identify(/home/zhengtu/Documents/code/TUP-Vision-2023) by extensions ['cmake', 'python']
[0.244s] Level 1:colcon.colcon_core.package_identification:_identify(/home/zhengtu/Documents/code/TUP-Vision-2023) by extension 'cmake'
[0.244s] Level 1:colcon.colcon_core.package_identification:_identify(/home/zhengtu/Documents/code/TUP-Vision-2023) by extension 'python'
[0.244s] Level 1:colcon.colcon_core.package_identification:_identify(/home/zhengtu/Documents/code/TUP-Vision-2023) by extensions ['python_setup_py']
[0.244s] Level 1:colcon.colcon_core.package_identification:_identify(/home/zhengtu/Documents/code/TUP-Vision-2023) by extension 'python_setup_py'
[0.244s] Level 1:colcon.colcon_core.package_identification:_identify(/home/zhengtu/Documents/code/TUP-Vision-2023/log) by extensions ['ignore', 'ignore_ament_install']
[0.245s] Level 1:colcon.colcon_core.package_identification:_identify(/home/zhengtu/Documents/code/TUP-Vision-2023/log) by extension 'ignore'
[0.245s] Level 1:colcon.colcon_core.package_identification:_identify(/home/zhengtu/Documents/code/TUP-Vision-2023/log) ignored
[0.245s] Level 1:colcon.colcon_core.package_identification:_identify(/home/zhengtu/Documents/code/TUP-Vision-2023/src) by extensions ['ignore', 'ignore_ament_install']
[0.245s] Level 1:colcon.colcon_core.package_identification:_identify(/home/zhengtu/Documents/code/TUP-Vision-2023/src) by extension 'ignore'
[0.245s] Level 1:colcon.colcon_core.package_identification:_identify(/home/zhengtu/Documents/code/TUP-Vision-2023/src) by extension 'ignore_ament_install'
[0.245s] Level 1:colcon.colcon_core.package_identification:_identify(/home/zhengtu/Documents/code/TUP-Vision-2023/src) by extensions ['colcon_pkg']
[0.245s] Level 1:colcon.colcon_core.package_identification:_identify(/home/zhengtu/Documents/code/TUP-Vision-2023/src) by extension 'colcon_pkg'
[0.245s] Level 1:colcon.colcon_core.package_identification:_identify(/home/zhengtu/Documents/code/TUP-Vision-2023/src) by extensions ['colcon_meta']
[0.245s] Level 1:colcon.colcon_core.package_identification:_identify(/home/zhengtu/Documents/code/TUP-Vision-2023/src) by extension 'colcon_meta'
[0.245s] Level 1:colcon.colcon_core.package_identification:_identify(/home/zhengtu/Documents/code/TUP-Vision-2023/src) by extensions ['ros']
[0.245s] Level 1:colcon.colcon_core.package_identification:_identify(/home/zhengtu/Documents/code/TUP-Vision-2023/src) by extension 'ros'
[0.245s] Level 1:colcon.colcon_core.package_identification:_identify(/home/zhengtu/Documents/code/TUP-Vision-2023/src) by extensions ['cmake', 'python']
[0.246s] Level 1:colcon.colcon_core.package_identification:_identify(/home/zhengtu/Documents/code/TUP-Vision-2023/src) by extension 'cmake'
[0.246s] Level 1:colcon.colcon_core.package_identification:_identify(/home/zhengtu/Documents/code/TUP-Vision-2023/src) by extension 'python'
[0.246s] Level 1:colcon.colcon_core.package_identification:_identify(/home/zhengtu/Documents/code/TUP-Vision-2023/src) by extensions ['python_setup_py']
[0.246s] Level 1:colcon.colcon_core.package_identification:_identify(/home/zhengtu/Documents/code/TUP-Vision-2023/src) by extension 'python_setup_py'
[0.246s] Level 1:colcon.colcon_core.package_identification:_identify(/home/zhengtu/Documents/code/TUP-Vision-2023/src/arm_controller) by extensions ['ignore', 'ignore_ament_install']
[0.246s] Level 1:colcon.colcon_core.package_identification:_identify(/home/zhengtu/Documents/code/TUP-Vision-2023/src/arm_controller) by extension 'ignore'
[0.246s] Level 1:colcon.colcon_core.package_identification:_identify(/home/zhengtu/Documents/code/TUP-Vision-2023/src/arm_controller) by extension 'ignore_ament_install'
[0.246s] Level 1:colcon.colcon_core.package_identification:_identify(/home/zhengtu/Documents/code/TUP-Vision-2023/src/arm_controller) by extensions ['colcon_pkg']
[0.246s] Level 1:colcon.colcon_core.package_identification:_identify(/home/zhengtu/Documents/code/TUP-Vision-2023/src/arm_controller) by extension 'colcon_pkg'
[0.246s] Level 1:colcon.colcon_core.package_identification:_identify(/home/zhengtu/Documents/code/TUP-Vision-2023/src/arm_controller) by extensions ['colcon_meta']
[0.246s] Level 1:colcon.colcon_core.package_identification:_identify(/home/zhengtu/Documents/code/TUP-Vision-2023/src/arm_controller) by extension 'colcon_meta'
[0.246s] Level 1:colcon.colcon_core.package_identification:_identify(/home/zhengtu/Documents/code/TUP-Vision-2023/src/arm_controller) by extensions ['ros']
[0.246s] Level 1:colcon.colcon_core.package_identification:_identify(/home/zhengtu/Documents/code/TUP-Vision-2023/src/arm_controller) by extension 'ros'
[0.254s] DEBUG:colcon.colcon_core.package_identification:Package '/home/zhengtu/Documents/code/TUP-Vision-2023/src/arm_controller' with type 'ros.ament_cmake' and name 'arm_controller'
[0.254s] Level 1:colcon.colcon_core.package_identification:_identify(/home/zhengtu/Documents/code/TUP-Vision-2023/src/auto_navigation) by extensions ['ignore', 'ignore_ament_install']
[0.255s] Level 1:colcon.colcon_core.package_identification:_identify(/home/zhengtu/Documents/code/TUP-Vision-2023/src/auto_navigation) by extension 'ignore'
[0.255s] Level 1:colcon.colcon_core.package_identification:_identify(/home/zhengtu/Documents/code/TUP-Vision-2023/src/auto_navigation) by extension 'ignore_ament_install'
[0.255s] Level 1:colcon.colcon_core.package_identification:_identify(/home/zhengtu/Documents/code/TUP-Vision-2023/src/auto_navigation) by extensions ['colcon_pkg']
[0.255s] Level 1:colcon.colcon_core.package_identification:_identify(/home/zhengtu/Documents/code/TUP-Vision-2023/src/auto_navigation) by extension 'colcon_pkg'
[0.255s] Level 1:colcon.colcon_core.package_identification:_identify(/home/zhengtu/Documents/code/TUP-Vision-2023/src/auto_navigation) by extensions ['colcon_meta']
[0.255s] Level 1:colcon.colcon_core.package_identification:_identify(/home/zhengtu/Documents/code/TUP-Vision-2023/src/auto_navigation) by extension 'colcon_meta'
[0.255s] Level 1:colcon.colcon_core.package_identification:_identify(/home/zhengtu/Documents/code/TUP-Vision-2023/src/auto_navigation) by extensions ['ros']
[0.255s] Level 1:colcon.colcon_core.package_identification:_identify(/home/zhengtu/Documents/code/TUP-Vision-2023/src/auto_navigation) by extension 'ros'
[0.258s] DEBUG:colcon.colcon_core.package_identification:Package '/home/zhengtu/Documents/code/TUP-Vision-2023/src/auto_navigation' with type 'ros.ament_cmake' and name 'auto_navigation'
[0.259s] Level 1:colcon.colcon_core.package_identification:_identify(/home/zhengtu/Documents/code/TUP-Vision-2023/src/camera_driver) by extensions ['ignore', 'ignore_ament_install']
[0.259s] Level 1:colcon.colcon_core.package_identification:_identify(/home/zhengtu/Documents/code/TUP-Vision-2023/src/camera_driver) by extension 'ignore'
[0.259s] Level 1:colcon.colcon_core.package_identification:_identify(/home/zhengtu/Documents/code/TUP-Vision-2023/src/camera_driver) by extension 'ignore_ament_install'
[0.259s] Level 1:colcon.colcon_core.package_identification:_identify(/home/zhengtu/Documents/code/TUP-Vision-2023/src/camera_driver) by extensions ['colcon_pkg']
[0.259s] Level 1:colcon.colcon_core.package_identification:_identify(/home/zhengtu/Documents/code/TUP-Vision-2023/src/camera_driver) by extension 'colcon_pkg'
[0.259s] Level 1:colcon.colcon_core.package_identification:_identify(/home/zhengtu/Documents/code/TUP-Vision-2023/src/camera_driver) by extensions ['colcon_meta']
[0.259s] Level 1:colcon.colcon_core.package_identification:_identify(/home/zhengtu/Documents/code/TUP-Vision-2023/src/camera_driver) by extension 'colcon_meta'
[0.259s] Level 1:colcon.colcon_core.package_identification:_identify(/home/zhengtu/Documents/code/TUP-Vision-2023/src/camera_driver) by extensions ['ros']
[0.259s] Level 1:colcon.colcon_core.package_identification:_identify(/home/zhengtu/Documents/code/TUP-Vision-2023/src/camera_driver) by extension 'ros'
[0.263s] DEBUG:colcon.colcon_core.package_identification:Package '/home/zhengtu/Documents/code/TUP-Vision-2023/src/camera_driver' with type 'ros.ament_cmake' and name 'camera_driver'
[0.263s] Level 1:colcon.colcon_core.package_identification:_identify(/home/zhengtu/Documents/code/TUP-Vision-2023/src/global_interface) by extensions ['ignore', 'ignore_ament_install']
[0.264s] Level 1:colcon.colcon_core.package_identification:_identify(/home/zhengtu/Documents/code/TUP-Vision-2023/src/global_interface) by extension 'ignore'
[0.264s] Level 1:colcon.colcon_core.package_identification:_identify(/home/zhengtu/Documents/code/TUP-Vision-2023/src/global_interface) by extension 'ignore_ament_install'
[0.264s] Level 1:colcon.colcon_core.package_identification:_identify(/home/zhengtu/Documents/code/TUP-Vision-2023/src/global_interface) by extensions ['colcon_pkg']
[0.264s] Level 1:colcon.colcon_core.package_identification:_identify(/home/zhengtu/Documents/code/TUP-Vision-2023/src/global_interface) by extension 'colcon_pkg'
[0.264s] Level 1:colcon.colcon_core.package_identification:_identify(/home/zhengtu/Documents/code/TUP-Vision-2023/src/global_interface) by extensions ['colcon_meta']
[0.264s] Level 1:colcon.colcon_core.package_identification:_identify(/home/zhengtu/Documents/code/TUP-Vision-2023/src/global_interface) by extension 'colcon_meta'
[0.264s] Level 1:colcon.colcon_core.package_identification:_identify(/home/zhengtu/Documents/code/TUP-Vision-2023/src/global_interface) by extensions ['ros']
[0.264s] Level 1:colcon.colcon_core.package_identification:_identify(/home/zhengtu/Documents/code/TUP-Vision-2023/src/global_interface) by extension 'ros'
[0.265s] DEBUG:colcon.colcon_core.package_identification:Package '/home/zhengtu/Documents/code/TUP-Vision-2023/src/global_interface' with type 'ros.ament_cmake' and name 'global_interface'
[0.265s] Level 1:colcon.colcon_core.package_identification:_identify(/home/zhengtu/Documents/code/TUP-Vision-2023/src/global_user) by extensions ['ignore', 'ignore_ament_install']
[0.265s] Level 1:colcon.colcon_core.package_identification:_identify(/home/zhengtu/Documents/code/TUP-Vision-2023/src/global_user) by extension 'ignore'
[0.265s] Level 1:colcon.colcon_core.package_identification:_identify(/home/zhengtu/Documents/code/TUP-Vision-2023/src/global_user) by extension 'ignore_ament_install'
[0.266s] Level 1:colcon.colcon_core.package_identification:_identify(/home/zhengtu/Documents/code/TUP-Vision-2023/src/global_user) by extensions ['colcon_pkg']
[0.266s] Level 1:colcon.colcon_core.package_identification:_identify(/home/zhengtu/Documents/code/TUP-Vision-2023/src/global_user) by extension 'colcon_pkg'
[0.266s] Level 1:colcon.colcon_core.package_identification:_identify(/home/zhengtu/Documents/code/TUP-Vision-2023/src/global_user) by extensions ['colcon_meta']
[0.266s] Level 1:colcon.colcon_core.package_identification:_identify(/home/zhengtu/Documents/code/TUP-Vision-2023/src/global_user) by extension 'colcon_meta'
[0.266s] Level 1:colcon.colcon_core.package_identification:_identify(/home/zhengtu/Documents/code/TUP-Vision-2023/src/global_user) by extensions ['ros']
[0.266s] Level 1:colcon.colcon_core.package_identification:_identify(/home/zhengtu/Documents/code/TUP-Vision-2023/src/global_user) by extension 'ros'
[0.268s] DEBUG:colcon.colcon_core.package_identification:Package '/home/zhengtu/Documents/code/TUP-Vision-2023/src/global_user' with type 'ros.ament_cmake' and name 'global_user'
[0.268s] Level 1:colcon.colcon_core.package_identification:_identify(/home/zhengtu/Documents/code/TUP-Vision-2023/src/rmoss_master) by extensions ['ignore', 'ignore_ament_install']
[0.269s] Level 1:colcon.colcon_core.package_identification:_identify(/home/zhengtu/Documents/code/TUP-Vision-2023/src/rmoss_master) by extension 'ignore'
[0.269s] Level 1:colcon.colcon_core.package_identification:_identify(/home/zhengtu/Documents/code/TUP-Vision-2023/src/rmoss_master) by extension 'ignore_ament_install'
[0.269s] Level 1:colcon.colcon_core.package_identification:_identify(/home/zhengtu/Documents/code/TUP-Vision-2023/src/rmoss_master) by extensions ['colcon_pkg']
[0.269s] Level 1:colcon.colcon_core.package_identification:_identify(/home/zhengtu/Documents/code/TUP-Vision-2023/src/rmoss_master) by extension 'colcon_pkg'
[0.269s] Level 1:colcon.colcon_core.package_identification:_identify(/home/zhengtu/Documents/code/TUP-Vision-2023/src/rmoss_master) by extensions ['colcon_meta']
[0.269s] Level 1:colcon.colcon_core.package_identification:_identify(/home/zhengtu/Documents/code/TUP-Vision-2023/src/rmoss_master) by extension 'colcon_meta'
[0.269s] Level 1:colcon.colcon_core.package_identification:_identify(/home/zhengtu/Documents/code/TUP-Vision-2023/src/rmoss_master) by extensions ['ros']
[0.269s] Level 1:colcon.colcon_core.package_identification:_identify(/home/zhengtu/Documents/code/TUP-Vision-2023/src/rmoss_master) by extension 'ros'
[0.269s] Level 1:colcon.colcon_core.package_identification:_identify(/home/zhengtu/Documents/code/TUP-Vision-2023/src/rmoss_master) by extensions ['cmake', 'python']
[0.269s] Level 1:colcon.colcon_core.package_identification:_identify(/home/zhengtu/Documents/code/TUP-Vision-2023/src/rmoss_master) by extension 'cmake'
[0.269s] Level 1:colcon.colcon_core.package_identification:_identify(/home/zhengtu/Documents/code/TUP-Vision-2023/src/rmoss_master) by extension 'python'
[0.269s] Level 1:colcon.colcon_core.package_identification:_identify(/home/zhengtu/Documents/code/TUP-Vision-2023/src/rmoss_master) by extensions ['python_setup_py']
[0.269s] Level 1:colcon.colcon_core.package_identification:_identify(/home/zhengtu/Documents/code/TUP-Vision-2023/src/rmoss_master) by extension 'python_setup_py'
[0.269s] Level 1:colcon.colcon_core.package_identification:_identify(/home/zhengtu/Documents/code/TUP-Vision-2023/src/rmoss_master/rmoss_contrib) by extensions ['ignore', 'ignore_ament_install']
[0.269s] Level 1:colcon.colcon_core.package_identification:_identify(/home/zhengtu/Documents/code/TUP-Vision-2023/src/rmoss_master/rmoss_contrib) by extension 'ignore'
[0.270s] Level 1:colcon.colcon_core.package_identification:_identify(/home/zhengtu/Documents/code/TUP-Vision-2023/src/rmoss_master/rmoss_contrib) by extension 'ignore_ament_install'
[0.270s] Level 1:colcon.colcon_core.package_identification:_identify(/home/zhengtu/Documents/code/TUP-Vision-2023/src/rmoss_master/rmoss_contrib) by extensions ['colcon_pkg']
[0.270s] Level 1:colcon.colcon_core.package_identification:_identify(/home/zhengtu/Documents/code/TUP-Vision-2023/src/rmoss_master/rmoss_contrib) by extension 'colcon_pkg'
[0.270s] Level 1:colcon.colcon_core.package_identification:_identify(/home/zhengtu/Documents/code/TUP-Vision-2023/src/rmoss_master/rmoss_contrib) by extensions ['colcon_meta']
[0.270s] Level 1:colcon.colcon_core.package_identification:_identify(/home/zhengtu/Documents/code/TUP-Vision-2023/src/rmoss_master/rmoss_contrib) by extension 'colcon_meta'
[0.270s] Level 1:colcon.colcon_core.package_identification:_identify(/home/zhengtu/Documents/code/TUP-Vision-2023/src/rmoss_master/rmoss_contrib) by extensions ['ros']
[0.270s] Level 1:colcon.colcon_core.package_identification:_identify(/home/zhengtu/Documents/code/TUP-Vision-2023/src/rmoss_master/rmoss_contrib) by extension 'ros'
[0.270s] Level 1:colcon.colcon_core.package_identification:_identify(/home/zhengtu/Documents/code/TUP-Vision-2023/src/rmoss_master/rmoss_contrib) by extensions ['cmake', 'python']
[0.270s] Level 1:colcon.colcon_core.package_identification:_identify(/home/zhengtu/Documents/code/TUP-Vision-2023/src/rmoss_master/rmoss_contrib) by extension 'cmake'
[0.270s] Level 1:colcon.colcon_core.package_identification:_identify(/home/zhengtu/Documents/code/TUP-Vision-2023/src/rmoss_master/rmoss_contrib) by extension 'python'
[0.270s] Level 1:colcon.colcon_core.package_identification:_identify(/home/zhengtu/Documents/code/TUP-Vision-2023/src/rmoss_master/rmoss_contrib) by extensions ['python_setup_py']
[0.270s] Level 1:colcon.colcon_core.package_identification:_identify(/home/zhengtu/Documents/code/TUP-Vision-2023/src/rmoss_master/rmoss_contrib) by extension 'python_setup_py'
[0.270s] Level 1:colcon.colcon_core.package_identification:_identify(/home/zhengtu/Documents/code/TUP-Vision-2023/src/rmoss_master/rmoss_contrib/rmoss_auto_aim) by extensions ['ignore', 'ignore_ament_install']
[0.270s] Level 1:colcon.colcon_core.package_identification:_identify(/home/zhengtu/Documents/code/TUP-Vision-2023/src/rmoss_master/rmoss_contrib/rmoss_auto_aim) by extension 'ignore'
[0.271s] Level 1:colcon.colcon_core.package_identification:_identify(/home/zhengtu/Documents/code/TUP-Vision-2023/src/rmoss_master/rmoss_contrib/rmoss_auto_aim) by extension 'ignore_ament_install'
[0.271s] Level 1:colcon.colcon_core.package_identification:_identify(/home/zhengtu/Documents/code/TUP-Vision-2023/src/rmoss_master/rmoss_contrib/rmoss_auto_aim) by extensions ['colcon_pkg']
[0.271s] Level 1:colcon.colcon_core.package_identification:_identify(/home/zhengtu/Documents/code/TUP-Vision-2023/src/rmoss_master/rmoss_contrib/rmoss_auto_aim) by extension 'colcon_pkg'
[0.271s] Level 1:colcon.colcon_core.package_identification:_identify(/home/zhengtu/Documents/code/TUP-Vision-2023/src/rmoss_master/rmoss_contrib/rmoss_auto_aim) by extensions ['colcon_meta']
[0.271s] Level 1:colcon.colcon_core.package_identification:_identify(/home/zhengtu/Documents/code/TUP-Vision-2023/src/rmoss_master/rmoss_contrib/rmoss_auto_aim) by extension 'colcon_meta'
[0.271s] Level 1:colcon.colcon_core.package_identification:_identify(/home/zhengtu/Documents/code/TUP-Vision-2023/src/rmoss_master/rmoss_contrib/rmoss_auto_aim) by extensions ['ros']
[0.271s] Level 1:colcon.colcon_core.package_identification:_identify(/home/zhengtu/Documents/code/TUP-Vision-2023/src/rmoss_master/rmoss_contrib/rmoss_auto_aim) by extension 'ros'
[0.272s] DEBUG:colcon.colcon_core.package_identification:Package '/home/zhengtu/Documents/code/TUP-Vision-2023/src/rmoss_master/rmoss_contrib/rmoss_auto_aim' with type 'ros.ament_cmake' and name 'rmoss_auto_aim'
[0.272s] Level 1:colcon.colcon_core.package_identification:_identify(/home/zhengtu/Documents/code/TUP-Vision-2023/src/rmoss_master/rmoss_contrib/rmoss_power_rune2019) by extensions ['ignore', 'ignore_ament_install']
[0.272s] Level 1:colcon.colcon_core.package_identification:_identify(/home/zhengtu/Documents/code/TUP-Vision-2023/src/rmoss_master/rmoss_contrib/rmoss_power_rune2019) by extension 'ignore'
[0.272s] Level 1:colcon.colcon_core.package_identification:_identify(/home/zhengtu/Documents/code/TUP-Vision-2023/src/rmoss_master/rmoss_contrib/rmoss_power_rune2019) by extension 'ignore_ament_install'
[0.273s] Level 1:colcon.colcon_core.package_identification:_identify(/home/zhengtu/Documents/code/TUP-Vision-2023/src/rmoss_master/rmoss_contrib/rmoss_power_rune2019) by extensions ['colcon_pkg']
[0.273s] Level 1:colcon.colcon_core.package_identification:_identify(/home/zhengtu/Documents/code/TUP-Vision-2023/src/rmoss_master/rmoss_contrib/rmoss_power_rune2019) by extension 'colcon_pkg'
[0.273s] Level 1:colcon.colcon_core.package_identification:_identify(/home/zhengtu/Documents/code/TUP-Vision-2023/src/rmoss_master/rmoss_contrib/rmoss_power_rune2019) by extensions ['colcon_meta']
[0.273s] Level 1:colcon.colcon_core.package_identification:_identify(/home/zhengtu/Documents/code/TUP-Vision-2023/src/rmoss_master/rmoss_contrib/rmoss_power_rune2019) by extension 'colcon_meta'
[0.273s] Level 1:colcon.colcon_core.package_identification:_identify(/home/zhengtu/Documents/code/TUP-Vision-2023/src/rmoss_master/rmoss_contrib/rmoss_power_rune2019) by extensions ['ros']
[0.273s] Level 1:colcon.colcon_core.package_identification:_identify(/home/zhengtu/Documents/code/TUP-Vision-2023/src/rmoss_master/rmoss_contrib/rmoss_power_rune2019) by extension 'ros'
[0.273s] Level 1:colcon.colcon_core.package_identification:_identify(/home/zhengtu/Documents/code/TUP-Vision-2023/src/rmoss_master/rmoss_contrib/rmoss_power_rune2019) ignored
[0.273s] Level 1:colcon.colcon_core.package_identification:_identify(/home/zhengtu/Documents/code/TUP-Vision-2023/src/rmoss_master/rmoss_core) by extensions ['ignore', 'ignore_ament_install']
[0.273s] Level 1:colcon.colcon_core.package_identification:_identify(/home/zhengtu/Documents/code/TUP-Vision-2023/src/rmoss_master/rmoss_core) by extension 'ignore'
[0.273s] Level 1:colcon.colcon_core.package_identification:_identify(/home/zhengtu/Documents/code/TUP-Vision-2023/src/rmoss_master/rmoss_core) by extension 'ignore_ament_install'
[0.273s] Level 1:colcon.colcon_core.package_identification:_identify(/home/zhengtu/Documents/code/TUP-Vision-2023/src/rmoss_master/rmoss_core) by extensions ['colcon_pkg']
[0.273s] Level 1:colcon.colcon_core.package_identification:_identify(/home/zhengtu/Documents/code/TUP-Vision-2023/src/rmoss_master/rmoss_core) by extension 'colcon_pkg'
[0.273s] Level 1:colcon.colcon_core.package_identification:_identify(/home/zhengtu/Documents/code/TUP-Vision-2023/src/rmoss_master/rmoss_core) by extensions ['colcon_meta']
[0.273s] Level 1:colcon.colcon_core.package_identification:_identify(/home/zhengtu/Documents/code/TUP-Vision-2023/src/rmoss_master/rmoss_core) by extension 'colcon_meta'
[0.273s] Level 1:colcon.colcon_core.package_identification:_identify(/home/zhengtu/Documents/code/TUP-Vision-2023/src/rmoss_master/rmoss_core) by extensions ['ros']
[0.273s] Level 1:colcon.colcon_core.package_identification:_identify(/home/zhengtu/Documents/code/TUP-Vision-2023/src/rmoss_master/rmoss_core) by extension 'ros'
[0.274s] Level 1:colcon.colcon_core.package_identification:_identify(/home/zhengtu/Documents/code/TUP-Vision-2023/src/rmoss_master/rmoss_core) by extensions ['cmake', 'python']
[0.274s] Level 1:colcon.colcon_core.package_identification:_identify(/home/zhengtu/Documents/code/TUP-Vision-2023/src/rmoss_master/rmoss_core) by extension 'cmake'
[0.274s] Level 1:colcon.colcon_core.package_identification:_identify(/home/zhengtu/Documents/code/TUP-Vision-2023/src/rmoss_master/rmoss_core) by extension 'python'
[0.274s] Level 1:colcon.colcon_core.package_identification:_identify(/home/zhengtu/Documents/code/TUP-Vision-2023/src/rmoss_master/rmoss_core) by extensions ['python_setup_py']
[0.274s] Level 1:colcon.colcon_core.package_identification:_identify(/home/zhengtu/Documents/code/TUP-Vision-2023/src/rmoss_master/rmoss_core) by extension 'python_setup_py'
[0.274s] Level 1:colcon.colcon_core.package_identification:_identify(/home/zhengtu/Documents/code/TUP-Vision-2023/src/rmoss_master/rmoss_core/rmoss_base) by extensions ['ignore', 'ignore_ament_install']
[0.274s] Level 1:colcon.colcon_core.package_identification:_identify(/home/zhengtu/Documents/code/TUP-Vision-2023/src/rmoss_master/rmoss_core/rmoss_base) by extension 'ignore'
[0.274s] Level 1:colcon.colcon_core.package_identification:_identify(/home/zhengtu/Documents/code/TUP-Vision-2023/src/rmoss_master/rmoss_core/rmoss_base) by extension 'ignore_ament_install'
[0.274s] Level 1:colcon.colcon_core.package_identification:_identify(/home/zhengtu/Documents/code/TUP-Vision-2023/src/rmoss_master/rmoss_core/rmoss_base) by extensions ['colcon_pkg']
[0.274s] Level 1:colcon.colcon_core.package_identification:_identify(/home/zhengtu/Documents/code/TUP-Vision-2023/src/rmoss_master/rmoss_core/rmoss_base) by extension 'colcon_pkg'
[0.274s] Level 1:colcon.colcon_core.package_identification:_identify(/home/zhengtu/Documents/code/TUP-Vision-2023/src/rmoss_master/rmoss_core/rmoss_base) by extensions ['colcon_meta']
[0.274s] Level 1:colcon.colcon_core.package_identification:_identify(/home/zhengtu/Documents/code/TUP-Vision-2023/src/rmoss_master/rmoss_core/rmoss_base) by extension 'colcon_meta'
[0.274s] Level 1:colcon.colcon_core.package_identification:_identify(/home/zhengtu/Documents/code/TUP-Vision-2023/src/rmoss_master/rmoss_core/rmoss_base) by extensions ['ros']
[0.274s] Level 1:colcon.colcon_core.package_identification:_identify(/home/zhengtu/Documents/code/TUP-Vision-2023/src/rmoss_master/rmoss_core/rmoss_base) by extension 'ros'
[0.275s] DEBUG:colcon.colcon_core.package_identification:Package '/home/zhengtu/Documents/code/TUP-Vision-2023/src/rmoss_master/rmoss_core/rmoss_base' with type 'ros.ament_cmake' and name 'rmoss_base'
[0.276s] Level 1:colcon.colcon_core.package_identification:_identify(/home/zhengtu/Documents/code/TUP-Vision-2023/src/rmoss_master/rmoss_core/rmoss_cam) by extensions ['ignore', 'ignore_ament_install']
[0.276s] Level 1:colcon.colcon_core.package_identification:_identify(/home/zhengtu/Documents/code/TUP-Vision-2023/src/rmoss_master/rmoss_core/rmoss_cam) by extension 'ignore'
[0.276s] Level 1:colcon.colcon_core.package_identification:_identify(/home/zhengtu/Documents/code/TUP-Vision-2023/src/rmoss_master/rmoss_core/rmoss_cam) by extension 'ignore_ament_install'
[0.276s] Level 1:colcon.colcon_core.package_identification:_identify(/home/zhengtu/Documents/code/TUP-Vision-2023/src/rmoss_master/rmoss_core/rmoss_cam) by extensions ['colcon_pkg']
[0.276s] Level 1:colcon.colcon_core.package_identification:_identify(/home/zhengtu/Documents/code/TUP-Vision-2023/src/rmoss_master/rmoss_core/rmoss_cam) by extension 'colcon_pkg'
[0.276s] Level 1:colcon.colcon_core.package_identification:_identify(/home/zhengtu/Documents/code/TUP-Vision-2023/src/rmoss_master/rmoss_core/rmoss_cam) by extensions ['colcon_meta']
[0.276s] Level 1:colcon.colcon_core.package_identification:_identify(/home/zhengtu/Documents/code/TUP-Vision-2023/src/rmoss_master/rmoss_core/rmoss_cam) by extension 'colcon_meta'
[0.276s] Level 1:colcon.colcon_core.package_identification:_identify(/home/zhengtu/Documents/code/TUP-Vision-2023/src/rmoss_master/rmoss_core/rmoss_cam) by extensions ['ros']
[0.276s] Level 1:colcon.colcon_core.package_identification:_identify(/home/zhengtu/Documents/code/TUP-Vision-2023/src/rmoss_master/rmoss_core/rmoss_cam) by extension 'ros'
[0.278s] DEBUG:colcon.colcon_core.package_identification:Package '/home/zhengtu/Documents/code/TUP-Vision-2023/src/rmoss_master/rmoss_core/rmoss_cam' with type 'ros.ament_cmake' and name 'rmoss_cam'
[0.278s] Level 1:colcon.colcon_core.package_identification:_identify(/home/zhengtu/Documents/code/TUP-Vision-2023/src/rmoss_master/rmoss_core/rmoss_core) by extensions ['ignore', 'ignore_ament_install']
[0.278s] Level 1:colcon.colcon_core.package_identification:_identify(/home/zhengtu/Documents/code/TUP-Vision-2023/src/rmoss_master/rmoss_core/rmoss_core) by extension 'ignore'
[0.278s] Level 1:colcon.colcon_core.package_identification:_identify(/home/zhengtu/Documents/code/TUP-Vision-2023/src/rmoss_master/rmoss_core/rmoss_core) by extension 'ignore_ament_install'
[0.279s] Level 1:colcon.colcon_core.package_identification:_identify(/home/zhengtu/Documents/code/TUP-Vision-2023/src/rmoss_master/rmoss_core/rmoss_core) by extensions ['colcon_pkg']
[0.279s] Level 1:colcon.colcon_core.package_identification:_identify(/home/zhengtu/Documents/code/TUP-Vision-2023/src/rmoss_master/rmoss_core/rmoss_core) by extension 'colcon_pkg'
[0.279s] Level 1:colcon.colcon_core.package_identification:_identify(/home/zhengtu/Documents/code/TUP-Vision-2023/src/rmoss_master/rmoss_core/rmoss_core) by extensions ['colcon_meta']
[0.279s] Level 1:colcon.colcon_core.package_identification:_identify(/home/zhengtu/Documents/code/TUP-Vision-2023/src/rmoss_master/rmoss_core/rmoss_core) by extension 'colcon_meta'
[0.279s] Level 1:colcon.colcon_core.package_identification:_identify(/home/zhengtu/Documents/code/TUP-Vision-2023/src/rmoss_master/rmoss_core/rmoss_core) by extensions ['ros']
[0.279s] Level 1:colcon.colcon_core.package_identification:_identify(/home/zhengtu/Documents/code/TUP-Vision-2023/src/rmoss_master/rmoss_core/rmoss_core) by extension 'ros'
[0.280s] DEBUG:colcon.colcon_core.package_identification:Package '/home/zhengtu/Documents/code/TUP-Vision-2023/src/rmoss_master/rmoss_core/rmoss_core' with type 'ros.ament_cmake' and name 'rmoss_core'
[0.280s] Level 1:colcon.colcon_core.package_identification:_identify(/home/zhengtu/Documents/code/TUP-Vision-2023/src/rmoss_master/rmoss_core/rmoss_projectile_motion) by extensions ['ignore', 'ignore_ament_install']
[0.281s] Level 1:colcon.colcon_core.package_identification:_identify(/home/zhengtu/Documents/code/TUP-Vision-2023/src/rmoss_master/rmoss_core/rmoss_projectile_motion) by extension 'ignore'
[0.281s] Level 1:colcon.colcon_core.package_identification:_identify(/home/zhengtu/Documents/code/TUP-Vision-2023/src/rmoss_master/rmoss_core/rmoss_projectile_motion) by extension 'ignore_ament_install'
[0.281s] Level 1:colcon.colcon_core.package_identification:_identify(/home/zhengtu/Documents/code/TUP-Vision-2023/src/rmoss_master/rmoss_core/rmoss_projectile_motion) by extensions ['colcon_pkg']
[0.281s] Level 1:colcon.colcon_core.package_identification:_identify(/home/zhengtu/Documents/code/TUP-Vision-2023/src/rmoss_master/rmoss_core/rmoss_projectile_motion) by extension 'colcon_pkg'
[0.281s] Level 1:colcon.colcon_core.package_identification:_identify(/home/zhengtu/Documents/code/TUP-Vision-2023/src/rmoss_master/rmoss_core/rmoss_projectile_motion) by extensions ['colcon_meta']
[0.281s] Level 1:colcon.colcon_core.package_identification:_identify(/home/zhengtu/Documents/code/TUP-Vision-2023/src/rmoss_master/rmoss_core/rmoss_projectile_motion) by extension 'colcon_meta'
[0.281s] Level 1:colcon.colcon_core.package_identification:_identify(/home/zhengtu/Documents/code/TUP-Vision-2023/src/rmoss_master/rmoss_core/rmoss_projectile_motion) by extensions ['ros']
[0.281s] Level 1:colcon.colcon_core.package_identification:_identify(/home/zhengtu/Documents/code/TUP-Vision-2023/src/rmoss_master/rmoss_core/rmoss_projectile_motion) by extension 'ros'
[0.282s] DEBUG:colcon.colcon_core.package_identification:Package '/home/zhengtu/Documents/code/TUP-Vision-2023/src/rmoss_master/rmoss_core/rmoss_projectile_motion' with type 'ros.ament_cmake' and name 'rmoss_projectile_motion'
[0.283s] Level 1:colcon.colcon_core.package_identification:_identify(/home/zhengtu/Documents/code/TUP-Vision-2023/src/rmoss_master/rmoss_core/rmoss_util) by extensions ['ignore', 'ignore_ament_install']
[0.283s] Level 1:colcon.colcon_core.package_identification:_identify(/home/zhengtu/Documents/code/TUP-Vision-2023/src/rmoss_master/rmoss_core/rmoss_util) by extension 'ignore'
[0.283s] Level 1:colcon.colcon_core.package_identification:_identify(/home/zhengtu/Documents/code/TUP-Vision-2023/src/rmoss_master/rmoss_core/rmoss_util) by extension 'ignore_ament_install'
[0.283s] Level 1:colcon.colcon_core.package_identification:_identify(/home/zhengtu/Documents/code/TUP-Vision-2023/src/rmoss_master/rmoss_core/rmoss_util) by extensions ['colcon_pkg']
[0.283s] Level 1:colcon.colcon_core.package_identification:_identify(/home/zhengtu/Documents/code/TUP-Vision-2023/src/rmoss_master/rmoss_core/rmoss_util) by extension 'colcon_pkg'
[0.283s] Level 1:colcon.colcon_core.package_identification:_identify(/home/zhengtu/Documents/code/TUP-Vision-2023/src/rmoss_master/rmoss_core/rmoss_util) by extensions ['colcon_meta']
[0.283s] Level 1:colcon.colcon_core.package_identification:_identify(/home/zhengtu/Documents/code/TUP-Vision-2023/src/rmoss_master/rmoss_core/rmoss_util) by extension 'colcon_meta'
[0.283s] Level 1:colcon.colcon_core.package_identification:_identify(/home/zhengtu/Documents/code/TUP-Vision-2023/src/rmoss_master/rmoss_core/rmoss_util) by extensions ['ros']
[0.283s] Level 1:colcon.colcon_core.package_identification:_identify(/home/zhengtu/Documents/code/TUP-Vision-2023/src/rmoss_master/rmoss_core/rmoss_util) by extension 'ros'
[0.284s] DEBUG:colcon.colcon_core.package_identification:Package '/home/zhengtu/Documents/code/TUP-Vision-2023/src/rmoss_master/rmoss_core/rmoss_util' with type 'ros.ament_cmake' and name 'rmoss_util'
[0.285s] Level 1:colcon.colcon_core.package_identification:_identify(/home/zhengtu/Documents/code/TUP-Vision-2023/src/rmoss_master/rmoss_core/tools) by extensions ['ignore', 'ignore_ament_install']
[0.285s] Level 1:colcon.colcon_core.package_identification:_identify(/home/zhengtu/Documents/code/TUP-Vision-2023/src/rmoss_master/rmoss_core/tools) by extension 'ignore'
[0.285s] Level 1:colcon.colcon_core.package_identification:_identify(/home/zhengtu/Documents/code/TUP-Vision-2023/src/rmoss_master/rmoss_core/tools) by extension 'ignore_ament_install'
[0.285s] Level 1:colcon.colcon_core.package_identification:_identify(/home/zhengtu/Documents/code/TUP-Vision-2023/src/rmoss_master/rmoss_core/tools) by extensions ['colcon_pkg']
[0.285s] Level 1:colcon.colcon_core.package_identification:_identify(/home/zhengtu/Documents/code/TUP-Vision-2023/src/rmoss_master/rmoss_core/tools) by extension 'colcon_pkg'
[0.285s] Level 1:colcon.colcon_core.package_identification:_identify(/home/zhengtu/Documents/code/TUP-Vision-2023/src/rmoss_master/rmoss_core/tools) by extensions ['colcon_meta']
[0.285s] Level 1:colcon.colcon_core.package_identification:_identify(/home/zhengtu/Documents/code/TUP-Vision-2023/src/rmoss_master/rmoss_core/tools) by extension 'colcon_meta'
[0.285s] Level 1:colcon.colcon_core.package_identification:_identify(/home/zhengtu/Documents/code/TUP-Vision-2023/src/rmoss_master/rmoss_core/tools) by extensions ['ros']
[0.285s] Level 1:colcon.colcon_core.package_identification:_identify(/home/zhengtu/Documents/code/TUP-Vision-2023/src/rmoss_master/rmoss_core/tools) by extension 'ros'
[0.285s] Level 1:colcon.colcon_core.package_identification:_identify(/home/zhengtu/Documents/code/TUP-Vision-2023/src/rmoss_master/rmoss_core/tools) by extensions ['cmake', 'python']
[0.285s] Level 1:colcon.colcon_core.package_identification:_identify(/home/zhengtu/Documents/code/TUP-Vision-2023/src/rmoss_master/rmoss_core/tools) by extension 'cmake'
[0.285s] Level 1:colcon.colcon_core.package_identification:_identify(/home/zhengtu/Documents/code/TUP-Vision-2023/src/rmoss_master/rmoss_core/tools) by extension 'python'
[0.285s] Level 1:colcon.colcon_core.package_identification:_identify(/home/zhengtu/Documents/code/TUP-Vision-2023/src/rmoss_master/rmoss_core/tools) by extensions ['python_setup_py']
[0.285s] Level 1:colcon.colcon_core.package_identification:_identify(/home/zhengtu/Documents/code/TUP-Vision-2023/src/rmoss_master/rmoss_core/tools) by extension 'python_setup_py'
[0.285s] Level 1:colcon.colcon_core.package_identification:_identify(/home/zhengtu/Documents/code/TUP-Vision-2023/src/rmoss_master/rmoss_daheng_driver) by extensions ['ignore', 'ignore_ament_install']
[0.286s] Level 1:colcon.colcon_core.package_identification:_identify(/home/zhengtu/Documents/code/TUP-Vision-2023/src/rmoss_master/rmoss_daheng_driver) by extension 'ignore'
[0.286s] Level 1:colcon.colcon_core.package_identification:_identify(/home/zhengtu/Documents/code/TUP-Vision-2023/src/rmoss_master/rmoss_daheng_driver) by extension 'ignore_ament_install'
[0.286s] Level 1:colcon.colcon_core.package_identification:_identify(/home/zhengtu/Documents/code/TUP-Vision-2023/src/rmoss_master/rmoss_daheng_driver) by extensions ['colcon_pkg']
[0.286s] Level 1:colcon.colcon_core.package_identification:_identify(/home/zhengtu/Documents/code/TUP-Vision-2023/src/rmoss_master/rmoss_daheng_driver) by extension 'colcon_pkg'
[0.286s] Level 1:colcon.colcon_core.package_identification:_identify(/home/zhengtu/Documents/code/TUP-Vision-2023/src/rmoss_master/rmoss_daheng_driver) by extensions ['colcon_meta']
[0.286s] Level 1:colcon.colcon_core.package_identification:_identify(/home/zhengtu/Documents/code/TUP-Vision-2023/src/rmoss_master/rmoss_daheng_driver) by extension 'colcon_meta'
[0.286s] Level 1:colcon.colcon_core.package_identification:_identify(/home/zhengtu/Documents/code/TUP-Vision-2023/src/rmoss_master/rmoss_daheng_driver) by extensions ['ros']
[0.286s] Level 1:colcon.colcon_core.package_identification:_identify(/home/zhengtu/Documents/code/TUP-Vision-2023/src/rmoss_master/rmoss_daheng_driver) by extension 'ros'
[0.288s] DEBUG:colcon.colcon_core.package_identification:Package '/home/zhengtu/Documents/code/TUP-Vision-2023/src/rmoss_master/rmoss_daheng_driver' with type 'ros.ament_cmake' and name 'rmoss_daheng_driver'
[0.288s] Level 1:colcon.colcon_core.package_identification:_identify(/home/zhengtu/Documents/code/TUP-Vision-2023/src/rmoss_master/rmoss_ign) by extensions ['ignore', 'ignore_ament_install']
[0.288s] Level 1:colcon.colcon_core.package_identification:_identify(/home/zhengtu/Documents/code/TUP-Vision-2023/src/rmoss_master/rmoss_ign) by extension 'ignore'
[0.288s] Level 1:colcon.colcon_core.package_identification:_identify(/home/zhengtu/Documents/code/TUP-Vision-2023/src/rmoss_master/rmoss_ign) by extension 'ignore_ament_install'
[0.288s] Level 1:colcon.colcon_core.package_identification:_identify(/home/zhengtu/Documents/code/TUP-Vision-2023/src/rmoss_master/rmoss_ign) by extensions ['colcon_pkg']
[0.288s] Level 1:colcon.colcon_core.package_identification:_identify(/home/zhengtu/Documents/code/TUP-Vision-2023/src/rmoss_master/rmoss_ign) by extension 'colcon_pkg'
[0.288s] Level 1:colcon.colcon_core.package_identification:_identify(/home/zhengtu/Documents/code/TUP-Vision-2023/src/rmoss_master/rmoss_ign) by extensions ['colcon_meta']
[0.288s] Level 1:colcon.colcon_core.package_identification:_identify(/home/zhengtu/Documents/code/TUP-Vision-2023/src/rmoss_master/rmoss_ign) by extension 'colcon_meta'
[0.288s] Level 1:colcon.colcon_core.package_identification:_identify(/home/zhengtu/Documents/code/TUP-Vision-2023/src/rmoss_master/rmoss_ign) by extensions ['ros']
[0.288s] Level 1:colcon.colcon_core.package_identification:_identify(/home/zhengtu/Documents/code/TUP-Vision-2023/src/rmoss_master/rmoss_ign) by extension 'ros'
[0.288s] Level 1:colcon.colcon_core.package_identification:_identify(/home/zhengtu/Documents/code/TUP-Vision-2023/src/rmoss_master/rmoss_ign) ignored
[0.289s] Level 1:colcon.colcon_core.package_identification:_identify(/home/zhengtu/Documents/code/TUP-Vision-2023/src/rmoss_master/rmoss_ign_resources) by extensions ['ignore', 'ignore_ament_install']
[0.289s] Level 1:colcon.colcon_core.package_identification:_identify(/home/zhengtu/Documents/code/TUP-Vision-2023/src/rmoss_master/rmoss_ign_resources) by extension 'ignore'
[0.289s] Level 1:colcon.colcon_core.package_identification:_identify(/home/zhengtu/Documents/code/TUP-Vision-2023/src/rmoss_master/rmoss_ign_resources) by extension 'ignore_ament_install'
[0.289s] Level 1:colcon.colcon_core.package_identification:_identify(/home/zhengtu/Documents/code/TUP-Vision-2023/src/rmoss_master/rmoss_ign_resources) by extensions ['colcon_pkg']
[0.289s] Level 1:colcon.colcon_core.package_identification:_identify(/home/zhengtu/Documents/code/TUP-Vision-2023/src/rmoss_master/rmoss_ign_resources) by extension 'colcon_pkg'
[0.289s] Level 1:colcon.colcon_core.package_identification:_identify(/home/zhengtu/Documents/code/TUP-Vision-2023/src/rmoss_master/rmoss_ign_resources) by extensions ['colcon_meta']
[0.289s] Level 1:colcon.colcon_core.package_identification:_identify(/home/zhengtu/Documents/code/TUP-Vision-2023/src/rmoss_master/rmoss_ign_resources) by extension 'colcon_meta'
[0.289s] Level 1:colcon.colcon_core.package_identification:_identify(/home/zhengtu/Documents/code/TUP-Vision-2023/src/rmoss_master/rmoss_ign_resources) by extensions ['ros']
[0.289s] Level 1:colcon.colcon_core.package_identification:_identify(/home/zhengtu/Documents/code/TUP-Vision-2023/src/rmoss_master/rmoss_ign_resources) by extension 'ros'
[0.289s] Level 1:colcon.colcon_core.package_identification:_identify(/home/zhengtu/Documents/code/TUP-Vision-2023/src/rmoss_master/rmoss_ign_resources) ignored
[0.290s] Level 1:colcon.colcon_core.package_identification:_identify(/home/zhengtu/Documents/code/TUP-Vision-2023/src/rmoss_master/rmoss_interfaces) by extensions ['ignore', 'ignore_ament_install']
[0.290s] Level 1:colcon.colcon_core.package_identification:_identify(/home/zhengtu/Documents/code/TUP-Vision-2023/src/rmoss_master/rmoss_interfaces) by extension 'ignore'
[0.290s] Level 1:colcon.colcon_core.package_identification:_identify(/home/zhengtu/Documents/code/TUP-Vision-2023/src/rmoss_master/rmoss_interfaces) by extension 'ignore_ament_install'
[0.290s] Level 1:colcon.colcon_core.package_identification:_identify(/home/zhengtu/Documents/code/TUP-Vision-2023/src/rmoss_master/rmoss_interfaces) by extensions ['colcon_pkg']
[0.290s] Level 1:colcon.colcon_core.package_identification:_identify(/home/zhengtu/Documents/code/TUP-Vision-2023/src/rmoss_master/rmoss_interfaces) by extension 'colcon_pkg'
[0.290s] Level 1:colcon.colcon_core.package_identification:_identify(/home/zhengtu/Documents/code/TUP-Vision-2023/src/rmoss_master/rmoss_interfaces) by extensions ['colcon_meta']
[0.290s] Level 1:colcon.colcon_core.package_identification:_identify(/home/zhengtu/Documents/code/TUP-Vision-2023/src/rmoss_master/rmoss_interfaces) by extension 'colcon_meta'
[0.290s] Level 1:colcon.colcon_core.package_identification:_identify(/home/zhengtu/Documents/code/TUP-Vision-2023/src/rmoss_master/rmoss_interfaces) by extensions ['ros']
[0.290s] Level 1:colcon.colcon_core.package_identification:_identify(/home/zhengtu/Documents/code/TUP-Vision-2023/src/rmoss_master/rmoss_interfaces) by extension 'ros'
[0.291s] DEBUG:colcon.colcon_core.package_identification:Package '/home/zhengtu/Documents/code/TUP-Vision-2023/src/rmoss_master/rmoss_interfaces' with type 'ros.ament_cmake' and name 'rmoss_interfaces'
[0.292s] Level 1:colcon.colcon_core.package_identification:_identify(/home/zhengtu/Documents/code/TUP-Vision-2023/src/serialport) by extensions ['ignore', 'ignore_ament_install']
[0.292s] Level 1:colcon.colcon_core.package_identification:_identify(/home/zhengtu/Documents/code/TUP-Vision-2023/src/serialport) by extension 'ignore'
[0.292s] Level 1:colcon.colcon_core.package_identification:_identify(/home/zhengtu/Documents/code/TUP-Vision-2023/src/serialport) by extension 'ignore_ament_install'
[0.292s] Level 1:colcon.colcon_core.package_identification:_identify(/home/zhengtu/Documents/code/TUP-Vision-2023/src/serialport) by extensions ['colcon_pkg']
[0.292s] Level 1:colcon.colcon_core.package_identification:_identify(/home/zhengtu/Documents/code/TUP-Vision-2023/src/serialport) by extension 'colcon_pkg'
[0.292s] Level 1:colcon.colcon_core.package_identification:_identify(/home/zhengtu/Documents/code/TUP-Vision-2023/src/serialport) by extensions ['colcon_meta']
[0.292s] Level 1:colcon.colcon_core.package_identification:_identify(/home/zhengtu/Documents/code/TUP-Vision-2023/src/serialport) by extension 'colcon_meta'
[0.292s] Level 1:colcon.colcon_core.package_identification:_identify(/home/zhengtu/Documents/code/TUP-Vision-2023/src/serialport) by extensions ['ros']
[0.292s] Level 1:colcon.colcon_core.package_identification:_identify(/home/zhengtu/Documents/code/TUP-Vision-2023/src/serialport) by extension 'ros'
[0.297s] DEBUG:colcon.colcon_core.package_identification:Package '/home/zhengtu/Documents/code/TUP-Vision-2023/src/serialport' with type 'ros.ament_cmake' and name 'serialport'
[0.297s] Level 1:colcon.colcon_core.package_identification:_identify(/home/zhengtu/Documents/code/TUP-Vision-2023/src/vehicle_system) by extensions ['ignore', 'ignore_ament_install']
[0.297s] Level 1:colcon.colcon_core.package_identification:_identify(/home/zhengtu/Documents/code/TUP-Vision-2023/src/vehicle_system) by extension 'ignore'
[0.297s] Level 1:colcon.colcon_core.package_identification:_identify(/home/zhengtu/Documents/code/TUP-Vision-2023/src/vehicle_system) by extension 'ignore_ament_install'
[0.297s] Level 1:colcon.colcon_core.package_identification:_identify(/home/zhengtu/Documents/code/TUP-Vision-2023/src/vehicle_system) by extensions ['colcon_pkg']
[0.297s] Level 1:colcon.colcon_core.package_identification:_identify(/home/zhengtu/Documents/code/TUP-Vision-2023/src/vehicle_system) by extension 'colcon_pkg'
[0.297s] Level 1:colcon.colcon_core.package_identification:_identify(/home/zhengtu/Documents/code/TUP-Vision-2023/src/vehicle_system) by extensions ['colcon_meta']
[0.297s] Level 1:colcon.colcon_core.package_identification:_identify(/home/zhengtu/Documents/code/TUP-Vision-2023/src/vehicle_system) by extension 'colcon_meta'
[0.297s] Level 1:colcon.colcon_core.package_identification:_identify(/home/zhengtu/Documents/code/TUP-Vision-2023/src/vehicle_system) by extensions ['ros']
[0.297s] Level 1:colcon.colcon_core.package_identification:_identify(/home/zhengtu/Documents/code/TUP-Vision-2023/src/vehicle_system) by extension 'ros'
[0.298s] Level 1:colcon.colcon_core.package_identification:_identify(/home/zhengtu/Documents/code/TUP-Vision-2023/src/vehicle_system) by extensions ['cmake', 'python']
[0.298s] Level 1:colcon.colcon_core.package_identification:_identify(/home/zhengtu/Documents/code/TUP-Vision-2023/src/vehicle_system) by extension 'cmake'
[0.298s] Level 1:colcon.colcon_core.package_identification:_identify(/home/zhengtu/Documents/code/TUP-Vision-2023/src/vehicle_system) by extension 'python'
[0.298s] Level 1:colcon.colcon_core.package_identification:_identify(/home/zhengtu/Documents/code/TUP-Vision-2023/src/vehicle_system) by extensions ['python_setup_py']
[0.298s] Level 1:colcon.colcon_core.package_identification:_identify(/home/zhengtu/Documents/code/TUP-Vision-2023/src/vehicle_system) by extension 'python_setup_py'
[0.298s] Level 1:colcon.colcon_core.package_identification:_identify(/home/zhengtu/Documents/code/TUP-Vision-2023/src/vehicle_system/autoaim) by extensions ['ignore', 'ignore_ament_install']
[0.298s] Level 1:colcon.colcon_core.package_identification:_identify(/home/zhengtu/Documents/code/TUP-Vision-2023/src/vehicle_system/autoaim) by extension 'ignore'
[0.298s] Level 1:colcon.colcon_core.package_identification:_identify(/home/zhengtu/Documents/code/TUP-Vision-2023/src/vehicle_system/autoaim) by extension 'ignore_ament_install'
[0.298s] Level 1:colcon.colcon_core.package_identification:_identify(/home/zhengtu/Documents/code/TUP-Vision-2023/src/vehicle_system/autoaim) by extensions ['colcon_pkg']
[0.298s] Level 1:colcon.colcon_core.package_identification:_identify(/home/zhengtu/Documents/code/TUP-Vision-2023/src/vehicle_system/autoaim) by extension 'colcon_pkg'
[0.298s] Level 1:colcon.colcon_core.package_identification:_identify(/home/zhengtu/Documents/code/TUP-Vision-2023/src/vehicle_system/autoaim) by extensions ['colcon_meta']
[0.298s] Level 1:colcon.colcon_core.package_identification:_identify(/home/zhengtu/Documents/code/TUP-Vision-2023/src/vehicle_system/autoaim) by extension 'colcon_meta'
[0.299s] Level 1:colcon.colcon_core.package_identification:_identify(/home/zhengtu/Documents/code/TUP-Vision-2023/src/vehicle_system/autoaim) by extensions ['ros']
[0.299s] Level 1:colcon.colcon_core.package_identification:_identify(/home/zhengtu/Documents/code/TUP-Vision-2023/src/vehicle_system/autoaim) by extension 'ros'
[0.299s] Level 1:colcon.colcon_core.package_identification:_identify(/home/zhengtu/Documents/code/TUP-Vision-2023/src/vehicle_system/autoaim) by extensions ['cmake', 'python']
[0.299s] Level 1:colcon.colcon_core.package_identification:_identify(/home/zhengtu/Documents/code/TUP-Vision-2023/src/vehicle_system/autoaim) by extension 'cmake'
[0.299s] Level 1:colcon.colcon_core.package_identification:_identify(/home/zhengtu/Documents/code/TUP-Vision-2023/src/vehicle_system/autoaim) by extension 'python'
[0.299s] Level 1:colcon.colcon_core.package_identification:_identify(/home/zhengtu/Documents/code/TUP-Vision-2023/src/vehicle_system/autoaim) by extensions ['python_setup_py']
[0.299s] Level 1:colcon.colcon_core.package_identification:_identify(/home/zhengtu/Documents/code/TUP-Vision-2023/src/vehicle_system/autoaim) by extension 'python_setup_py'
[0.299s] Level 1:colcon.colcon_core.package_identification:_identify(/home/zhengtu/Documents/code/TUP-Vision-2023/src/vehicle_system/autoaim/armor_detector) by extensions ['ignore', 'ignore_ament_install']
[0.299s] Level 1:colcon.colcon_core.package_identification:_identify(/home/zhengtu/Documents/code/TUP-Vision-2023/src/vehicle_system/autoaim/armor_detector) by extension 'ignore'
[0.299s] Level 1:colcon.colcon_core.package_identification:_identify(/home/zhengtu/Documents/code/TUP-Vision-2023/src/vehicle_system/autoaim/armor_detector) by extension 'ignore_ament_install'
[0.299s] Level 1:colcon.colcon_core.package_identification:_identify(/home/zhengtu/Documents/code/TUP-Vision-2023/src/vehicle_system/autoaim/armor_detector) by extensions ['colcon_pkg']
[0.299s] Level 1:colcon.colcon_core.package_identification:_identify(/home/zhengtu/Documents/code/TUP-Vision-2023/src/vehicle_system/autoaim/armor_detector) by extension 'colcon_pkg'
[0.299s] Level 1:colcon.colcon_core.package_identification:_identify(/home/zhengtu/Documents/code/TUP-Vision-2023/src/vehicle_system/autoaim/armor_detector) by extensions ['colcon_meta']
[0.299s] Level 1:colcon.colcon_core.package_identification:_identify(/home/zhengtu/Documents/code/TUP-Vision-2023/src/vehicle_system/autoaim/armor_detector) by extension 'colcon_meta'
[0.300s] Level 1:colcon.colcon_core.package_identification:_identify(/home/zhengtu/Documents/code/TUP-Vision-2023/src/vehicle_system/autoaim/armor_detector) by extensions ['ros']
[0.300s] Level 1:colcon.colcon_core.package_identification:_identify(/home/zhengtu/Documents/code/TUP-Vision-2023/src/vehicle_system/autoaim/armor_detector) by extension 'ros'
[0.301s] DEBUG:colcon.colcon_core.package_identification:Package '/home/zhengtu/Documents/code/TUP-Vision-2023/src/vehicle_system/autoaim/armor_detector' with type 'ros.ament_cmake' and name 'armor_detector'
[0.302s] Level 1:colcon.colcon_core.package_identification:_identify(/home/zhengtu/Documents/code/TUP-Vision-2023/src/vehicle_system/autoaim/armor_processor) by extensions ['ignore', 'ignore_ament_install']
[0.302s] Level 1:colcon.colcon_core.package_identification:_identify(/home/zhengtu/Documents/code/TUP-Vision-2023/src/vehicle_system/autoaim/armor_processor) by extension 'ignore'
[0.302s] Level 1:colcon.colcon_core.package_identification:_identify(/home/zhengtu/Documents/code/TUP-Vision-2023/src/vehicle_system/autoaim/armor_processor) by extension 'ignore_ament_install'
[0.302s] Level 1:colcon.colcon_core.package_identification:_identify(/home/zhengtu/Documents/code/TUP-Vision-2023/src/vehicle_system/autoaim/armor_processor) by extensions ['colcon_pkg']
[0.302s] Level 1:colcon.colcon_core.package_identification:_identify(/home/zhengtu/Documents/code/TUP-Vision-2023/src/vehicle_system/autoaim/armor_processor) by extension 'colcon_pkg'
[0.302s] Level 1:colcon.colcon_core.package_identification:_identify(/home/zhengtu/Documents/code/TUP-Vision-2023/src/vehicle_system/autoaim/armor_processor) by extensions ['colcon_meta']
[0.302s] Level 1:colcon.colcon_core.package_identification:_identify(/home/zhengtu/Documents/code/TUP-Vision-2023/src/vehicle_system/autoaim/armor_processor) by extension 'colcon_meta'
[0.302s] Level 1:colcon.colcon_core.package_identification:_identify(/home/zhengtu/Documents/code/TUP-Vision-2023/src/vehicle_system/autoaim/armor_processor) by extensions ['ros']
[0.302s] Level 1:colcon.colcon_core.package_identification:_identify(/home/zhengtu/Documents/code/TUP-Vision-2023/src/vehicle_system/autoaim/armor_processor) by extension 'ros'
[0.323s] DEBUG:colcon.colcon_core.package_identification:Package '/home/zhengtu/Documents/code/TUP-Vision-2023/src/vehicle_system/autoaim/armor_processor' with type 'ros.ament_cmake' and name 'armor_processor'
[0.324s] Level 1:colcon.colcon_core.package_identification:_identify(/home/zhengtu/Documents/code/TUP-Vision-2023/src/vehicle_system/binocular) by extensions ['ignore', 'ignore_ament_install']
[0.324s] Level 1:colcon.colcon_core.package_identification:_identify(/home/zhengtu/Documents/code/TUP-Vision-2023/src/vehicle_system/binocular) by extension 'ignore'
[0.324s] Level 1:colcon.colcon_core.package_identification:_identify(/home/zhengtu/Documents/code/TUP-Vision-2023/src/vehicle_system/binocular) by extension 'ignore_ament_install'
[0.324s] Level 1:colcon.colcon_core.package_identification:_identify(/home/zhengtu/Documents/code/TUP-Vision-2023/src/vehicle_system/binocular) by extensions ['colcon_pkg']
[0.324s] Level 1:colcon.colcon_core.package_identification:_identify(/home/zhengtu/Documents/code/TUP-Vision-2023/src/vehicle_system/binocular) by extension 'colcon_pkg'
[0.324s] Level 1:colcon.colcon_core.package_identification:_identify(/home/zhengtu/Documents/code/TUP-Vision-2023/src/vehicle_system/binocular) by extensions ['colcon_meta']
[0.324s] Level 1:colcon.colcon_core.package_identification:_identify(/home/zhengtu/Documents/code/TUP-Vision-2023/src/vehicle_system/binocular) by extension 'colcon_meta'
[0.324s] Level 1:colcon.colcon_core.package_identification:_identify(/home/zhengtu/Documents/code/TUP-Vision-2023/src/vehicle_system/binocular) by extensions ['ros']
[0.324s] Level 1:colcon.colcon_core.package_identification:_identify(/home/zhengtu/Documents/code/TUP-Vision-2023/src/vehicle_system/binocular) by extension 'ros'
[0.327s] DEBUG:colcon.colcon_core.package_identification:Package '/home/zhengtu/Documents/code/TUP-Vision-2023/src/vehicle_system/binocular' with type 'ros.ament_cmake' and name 'binocular'
[0.327s] Level 1:colcon.colcon_core.package_identification:_identify(/home/zhengtu/Documents/code/TUP-Vision-2023/src/vehicle_system/buff) by extensions ['ignore', 'ignore_ament_install']
[0.328s] Level 1:colcon.colcon_core.package_identification:_identify(/home/zhengtu/Documents/code/TUP-Vision-2023/src/vehicle_system/buff) by extension 'ignore'
[0.328s] Level 1:colcon.colcon_core.package_identification:_identify(/home/zhengtu/Documents/code/TUP-Vision-2023/src/vehicle_system/buff) by extension 'ignore_ament_install'
[0.328s] Level 1:colcon.colcon_core.package_identification:_identify(/home/zhengtu/Documents/code/TUP-Vision-2023/src/vehicle_system/buff) by extensions ['colcon_pkg']
[0.328s] Level 1:colcon.colcon_core.package_identification:_identify(/home/zhengtu/Documents/code/TUP-Vision-2023/src/vehicle_system/buff) by extension 'colcon_pkg'
[0.328s] Level 1:colcon.colcon_core.package_identification:_identify(/home/zhengtu/Documents/code/TUP-Vision-2023/src/vehicle_system/buff) by extensions ['colcon_meta']
[0.328s] Level 1:colcon.colcon_core.package_identification:_identify(/home/zhengtu/Documents/code/TUP-Vision-2023/src/vehicle_system/buff) by extension 'colcon_meta'
[0.328s] Level 1:colcon.colcon_core.package_identification:_identify(/home/zhengtu/Documents/code/TUP-Vision-2023/src/vehicle_system/buff) by extensions ['ros']
[0.328s] Level 1:colcon.colcon_core.package_identification:_identify(/home/zhengtu/Documents/code/TUP-Vision-2023/src/vehicle_system/buff) by extension 'ros'
[0.332s] DEBUG:colcon.colcon_core.package_identification:Package '/home/zhengtu/Documents/code/TUP-Vision-2023/src/vehicle_system/buff' with type 'ros.ament_cmake' and name 'buff'
[0.333s] Level 1:colcon.colcon_core.package_identification:_identify(/home/zhengtu/Documents/code/TUP-Vision-2023/src/vehicle_system/filter) by extensions ['ignore', 'ignore_ament_install']
[0.333s] Level 1:colcon.colcon_core.package_identification:_identify(/home/zhengtu/Documents/code/TUP-Vision-2023/src/vehicle_system/filter) by extension 'ignore'
[0.333s] Level 1:colcon.colcon_core.package_identification:_identify(/home/zhengtu/Documents/code/TUP-Vision-2023/src/vehicle_system/filter) by extension 'ignore_ament_install'
[0.333s] Level 1:colcon.colcon_core.package_identification:_identify(/home/zhengtu/Documents/code/TUP-Vision-2023/src/vehicle_system/filter) by extensions ['colcon_pkg']
[0.333s] Level 1:colcon.colcon_core.package_identification:_identify(/home/zhengtu/Documents/code/TUP-Vision-2023/src/vehicle_system/filter) by extension 'colcon_pkg'
[0.333s] Level 1:colcon.colcon_core.package_identification:_identify(/home/zhengtu/Documents/code/TUP-Vision-2023/src/vehicle_system/filter) by extensions ['colcon_meta']
[0.333s] Level 1:colcon.colcon_core.package_identification:_identify(/home/zhengtu/Documents/code/TUP-Vision-2023/src/vehicle_system/filter) by extension 'colcon_meta'
[0.333s] Level 1:colcon.colcon_core.package_identification:_identify(/home/zhengtu/Documents/code/TUP-Vision-2023/src/vehicle_system/filter) by extensions ['ros']
[0.333s] Level 1:colcon.colcon_core.package_identification:_identify(/home/zhengtu/Documents/code/TUP-Vision-2023/src/vehicle_system/filter) by extension 'ros'
[0.339s] DEBUG:colcon.colcon_core.package_identification:Package '/home/zhengtu/Documents/code/TUP-Vision-2023/src/vehicle_system/filter' with type 'ros.ament_cmake' and name 'filter'
[0.339s] Level 1:colcon.colcon_core.package_discovery:discover_packages(recursive) using defaults
