[0.013s] Invoking command in '/home/liyuhang/Desktop/TUP-Vision-2023-Based/build/global_interface': CMAKE_PREFIX_PATH=/opt/ros/galactic /usr/local/bin/cmake /home/liyuhang/Desktop/TUP-Vision-2023-Based/src/global_interface -DCMAKE_INSTALL_PREFIX=/home/liyuhang/Desktop/TUP-Vision-2023-Based/install/global_interface
[0.063s] -- The C compiler identification is GNU 9.4.0
[0.118s] -- The CXX compiler identification is GNU 9.4.0
[0.125s] -- Detecting C compiler ABI info
[0.171s] -- Detecting C compiler ABI info - done
[0.181s] -- Check for working C compiler: /usr/bin/cc - skipped
[0.181s] -- Detecting C compile features
[0.181s] -- Detecting C compile features - done
[0.184s] -- Detecting CXX compiler ABI info
[0.242s] -- Detecting CXX compiler ABI info - done
[0.252s] -- Check for working CXX compiler: /usr/bin/c++ - skipped
[0.253s] -- Detecting CXX compile features
[0.253s] -- Detecting CXX compile features - done
[0.256s] -- Found ament_cmake: 1.1.5 (/opt/ros/galactic/share/ament_cmake/cmake)
[0.279s] -- Found PythonInterp: /usr/bin/python3 (found suitable version "3.8.10", minimum required is "3") 
[0.279s] -- Using PYTHON_EXECUTABLE: /usr/bin/python3
[0.349s] -- Found rosidl_default_generators: 1.1.1 (/opt/ros/galactic/share/rosidl_default_generators/cmake)
[0.352s] -- Using all available rosidl_typesupport_c: rosidl_typesupport_fastrtps_c;rosidl_typesupport_introspection_c
[0.357s] -- Found rosidl_adapter: 2.2.2 (/opt/ros/galactic/share/rosidl_adapter/cmake)
[0.447s] -- Found OpenSSL: /usr/lib/x86_64-linux-gnu/libcrypto.so (found version "1.1.1f")  
[0.473s] -- Found FastRTPS: /opt/ros/galactic/include  
[0.551s] -- Using all available rosidl_typesupport_cpp: rosidl_typesupport_fastrtps_cpp;rosidl_typesupport_introspection_cpp
[0.596s] -- Found rclcpp: 9.2.1 (/opt/ros/galactic/share/rclcpp/cmake)
[0.661s] -- Found rmw_implementation_cmake: 3.3.1 (/opt/ros/galactic/share/rmw_implementation_cmake/cmake)
[0.663s] -- Found rmw_cyclonedds_cpp: 0.22.5 (/opt/ros/galactic/share/rmw_cyclonedds_cpp/cmake)
[0.681s] -- Using RMW implementation 'rmw_cyclonedds_cpp' as default
[0.681s] -- Looking for pthread.h
[0.735s] -- Looking for pthread.h - found
[0.735s] -- Performing Test CMAKE_HAVE_LIBC_PTHREAD
[0.787s] -- Performing Test CMAKE_HAVE_LIBC_PTHREAD - Failed
[0.787s] -- Looking for pthread_create in pthreads
[0.828s] -- Looking for pthread_create in pthreads - not found
[0.829s] -- Looking for pthread_create in pthread
[0.876s] -- Looking for pthread_create in pthread - found
[0.877s] -- Found Threads: TRUE  
[1.015s] -- Found geometry_msgs: 2.2.4 (/opt/ros/galactic/share/geometry_msgs/cmake)
[1.047s] -- Found sensor_msgs: 2.2.4 (/opt/ros/galactic/share/sensor_msgs/cmake)
[1.137s] -- Found PythonInterp: /usr/bin/python3 (found version "3.8.10") 
[1.358s] -- Found ament_cmake_ros: 0.9.2 (/opt/ros/galactic/share/ament_cmake_ros/cmake)
[1.662s] -- Using all available rosidl_typesupport_c: rosidl_typesupport_fastrtps_c;rosidl_typesupport_introspection_c
[1.818s] -- Using all available rosidl_typesupport_cpp: rosidl_typesupport_fastrtps_cpp;rosidl_typesupport_introspection_cpp
[1.844s] -- Found PythonInterp: /usr/bin/python3 (found suitable version "3.8.10", minimum required is "3.5") 
[1.845s] -- Found python_cmake_module: 0.8.1 (/opt/ros/galactic/share/python_cmake_module/cmake)
[1.871s] -- Found PythonLibs: /usr/lib/x86_64-linux-gnu/libpython3.8.so (found suitable version "3.8.10", minimum required is "3.5") 
[1.871s] -- Using PYTHON_EXECUTABLE: /usr/bin/python3
[1.871s] -- Using PYTHON_INCLUDE_DIRS: /usr/include/python3.8
[1.872s] -- Using PYTHON_LIBRARIES: /usr/lib/x86_64-linux-gnu/libpython3.8.so
[1.892s] -- Found PythonExtra: .so  
[1.989s] -- Found ament_lint_auto: 0.10.7 (/opt/ros/galactic/share/ament_lint_auto/cmake)
[2.010s] -- Added test 'copyright' to check source files copyright and LICENSE
[2.012s] -- Added test 'lint_cmake' to check CMake code style
[2.013s] -- Added test 'xmllint' to check XML markup files
[2.016s] -- Configuring done
[2.080s] -- Generating done
[2.082s] -- Build files have been written to: /home/liyuhang/Desktop/TUP-Vision-2023-Based/build/global_interface
[2.092s] Invoked command in '/home/liyuhang/Desktop/TUP-Vision-2023-Based/build/global_interface' returned '0': CMAKE_PREFIX_PATH=/opt/ros/galactic /usr/local/bin/cmake /home/liyuhang/Desktop/TUP-Vision-2023-Based/src/global_interface -DCMAKE_INSTALL_PREFIX=/home/liyuhang/Desktop/TUP-Vision-2023-Based/install/global_interface
[2.094s] Invoking command in '/home/liyuhang/Desktop/TUP-Vision-2023-Based/build/global_interface': CMAKE_PREFIX_PATH=/opt/ros/galactic /usr/local/bin/cmake --build /home/liyuhang/Desktop/TUP-Vision-2023-Based/build/global_interface -- -j8 -l8
[2.114s] [35m[1mScanning dependencies of target global_interface__cpp[0m
[2.114s] [  1%] [34m[1mGenerating C code for ROS interfaces[0m
[2.119s] [  2%] [34m[1mGenerating C++ code for ROS interfaces[0m
[2.497s] [  2%] Built target global_interface__cpp
[2.503s] [  7%] [34m[1mGenerating C++ type support for eProsima Fast-RTPS[0m
[2.503s] [  7%] [34m[1mGenerating C++ introspection for ROS interfaces[0m
[2.503s] [  7%] [34m[1mGenerating C++ type support dispatch for ROS interfaces[0m
[2.563s] [35m[1mScanning dependencies of target global_interface__rosidl_generator_c[0m
[2.578s] [  9%] [32mBuilding C object CMakeFiles/global_interface__rosidl_generator_c.dir/rosidl_generator_c/global_interface/msg/detail/armor__functions.c.o[0m
[2.578s] [ 11%] [32mBuilding C object CMakeFiles/global_interface__rosidl_generator_c.dir/rosidl_generator_c/global_interface/msg/detail/armors__functions.c.o[0m
[2.578s] [ 12%] [32mBuilding C object CMakeFiles/global_interface__rosidl_generator_c.dir/rosidl_generator_c/global_interface/msg/detail/target__functions.c.o[0m
[2.578s] [  9%] [32mBuilding C object CMakeFiles/global_interface__rosidl_generator_c.dir/rosidl_generator_c/global_interface/msg/detail/gimbal__functions.c.o[0m
[2.578s] [ 14%] [32mBuilding C object CMakeFiles/global_interface__rosidl_generator_c.dir/rosidl_generator_c/global_interface/msg/detail/spin_info__functions.c.o[0m
[2.633s] [ 15%] [32mBuilding C object CMakeFiles/global_interface__rosidl_generator_c.dir/rosidl_generator_c/global_interface/msg/detail/imu__functions.c.o[0m
[2.678s] [ 16%] [32m[1mLinking C shared library libglobal_interface__rosidl_generator_c.so[0m
[2.725s] [ 16%] Built target global_interface__rosidl_generator_c
[2.730s] [ 18%] [34m[1mGenerating C type support dispatch for ROS interfaces[0m
[2.732s] [ 19%] [34m[1mGenerating C introspection for ROS interfaces[0m
[2.848s] [35m[1mScanning dependencies of target global_interface__rosidl_typesupport_cpp[0m
[2.861s] [ 21%] [32mBuilding CXX object CMakeFiles/global_interface__rosidl_typesupport_cpp.dir/rosidl_typesupport_cpp/global_interface/msg/gimbal__type_support.cpp.o[0m
[2.863s] [ 22%] [32mBuilding CXX object CMakeFiles/global_interface__rosidl_typesupport_cpp.dir/rosidl_typesupport_cpp/global_interface/msg/armor__type_support.cpp.o[0m
[2.863s] [ 23%] [32mBuilding CXX object CMakeFiles/global_interface__rosidl_typesupport_cpp.dir/rosidl_typesupport_cpp/global_interface/msg/armors__type_support.cpp.o[0m
[2.867s] [ 25%] [32mBuilding CXX object CMakeFiles/global_interface__rosidl_typesupport_cpp.dir/rosidl_typesupport_cpp/global_interface/msg/target__type_support.cpp.o[0m
[2.870s] [35m[1mScanning dependencies of target global_interface__rosidl_typesupport_introspection_cpp[0m
[2.897s] [ 26%] [32mBuilding CXX object CMakeFiles/global_interface__rosidl_typesupport_introspection_cpp.dir/rosidl_typesupport_introspection_cpp/global_interface/msg/detail/gimbal__type_support.cpp.o[0m
[2.975s] [35m[1mScanning dependencies of target global_interface__rosidl_typesupport_fastrtps_cpp[0m
[2.996s] [ 28%] [32mBuilding CXX object CMakeFiles/global_interface__rosidl_typesupport_fastrtps_cpp.dir/rosidl_typesupport_fastrtps_cpp/global_interface/msg/detail/dds_fastrtps/gimbal__type_support.cpp.o[0m
[3.259s] [35m[1mScanning dependencies of target global_interface__rosidl_typesupport_c[0m
[3.291s] [ 29%] [32mBuilding CXX object CMakeFiles/global_interface__rosidl_typesupport_c.dir/rosidl_typesupport_c/global_interface/msg/gimbal__type_support.cpp.o[0m
[3.320s] [ 30%] [32mBuilding CXX object CMakeFiles/global_interface__rosidl_typesupport_c.dir/rosidl_typesupport_c/global_interface/msg/armor__type_support.cpp.o[0m
[3.328s] [ 32%] [32mBuilding CXX object CMakeFiles/global_interface__rosidl_typesupport_cpp.dir/rosidl_typesupport_cpp/global_interface/msg/spin_info__type_support.cpp.o[0m
[3.344s] [ 33%] [32mBuilding CXX object CMakeFiles/global_interface__rosidl_typesupport_cpp.dir/rosidl_typesupport_cpp/global_interface/msg/imu__type_support.cpp.o[0m
[3.347s] [ 35%] [32mBuilding CXX object CMakeFiles/global_interface__rosidl_typesupport_introspection_cpp.dir/rosidl_typesupport_introspection_cpp/global_interface/msg/detail/armor__type_support.cpp.o[0m
[3.351s] [ 36%] [32mBuilding CXX object CMakeFiles/global_interface__rosidl_typesupport_introspection_cpp.dir/rosidl_typesupport_introspection_cpp/global_interface/msg/detail/armors__type_support.cpp.o[0m
[3.357s] [ 38%] [32mBuilding CXX object CMakeFiles/global_interface__rosidl_typesupport_c.dir/rosidl_typesupport_c/global_interface/msg/armors__type_support.cpp.o[0m
[3.362s] [ 39%] [32mBuilding CXX object CMakeFiles/global_interface__rosidl_typesupport_c.dir/rosidl_typesupport_c/global_interface/msg/target__type_support.cpp.o[0m
[3.397s] [ 40%] [32mBuilding CXX object CMakeFiles/global_interface__rosidl_typesupport_c.dir/rosidl_typesupport_c/global_interface/msg/spin_info__type_support.cpp.o[0m
[3.402s] [35m[1mScanning dependencies of target global_interface__rosidl_typesupport_introspection_c[0m
[3.404s] [ 42%] [32mBuilding CXX object CMakeFiles/global_interface__rosidl_typesupport_c.dir/rosidl_typesupport_c/global_interface/msg/imu__type_support.cpp.o[0m
[3.441s] [ 43%] [32mBuilding CXX object CMakeFiles/global_interface__rosidl_typesupport_introspection_cpp.dir/rosidl_typesupport_introspection_cpp/global_interface/msg/detail/target__type_support.cpp.o[0m
[3.451s] [ 45%] [32mBuilding C object CMakeFiles/global_interface__rosidl_typesupport_introspection_c.dir/rosidl_typesupport_introspection_c/global_interface/msg/detail/gimbal__type_support.c.o[0m
[3.465s] [ 46%] [32m[1mLinking CXX shared library libglobal_interface__rosidl_typesupport_c.so[0m
[3.538s] [ 46%] Built target global_interface__rosidl_typesupport_c
[3.543s] [ 47%] [32mBuilding C object CMakeFiles/global_interface__rosidl_typesupport_introspection_c.dir/rosidl_typesupport_introspection_c/global_interface/msg/detail/armor__type_support.c.o[0m
[3.548s] [ 49%] [32mBuilding CXX object CMakeFiles/global_interface__rosidl_typesupport_introspection_cpp.dir/rosidl_typesupport_introspection_cpp/global_interface/msg/detail/spin_info__type_support.cpp.o[0m
[3.668s] [ 50%] [32mBuilding C object CMakeFiles/global_interface__rosidl_typesupport_introspection_c.dir/rosidl_typesupport_introspection_c/global_interface/msg/detail/armors__type_support.c.o[0m
[3.689s] [ 52%] [32mBuilding CXX object CMakeFiles/global_interface__rosidl_typesupport_fastrtps_cpp.dir/rosidl_typesupport_fastrtps_cpp/global_interface/msg/detail/dds_fastrtps/armor__type_support.cpp.o[0m
[3.733s] [ 53%] [32mBuilding C object CMakeFiles/global_interface__rosidl_typesupport_introspection_c.dir/rosidl_typesupport_introspection_c/global_interface/msg/detail/target__type_support.c.o[0m
[3.782s] [ 54%] [32mBuilding C object CMakeFiles/global_interface__rosidl_typesupport_introspection_c.dir/rosidl_typesupport_introspection_c/global_interface/msg/detail/spin_info__type_support.c.o[0m
[3.786s] [ 56%] [32mBuilding CXX object CMakeFiles/global_interface__rosidl_typesupport_introspection_cpp.dir/rosidl_typesupport_introspection_cpp/global_interface/msg/detail/imu__type_support.cpp.o[0m
[3.811s] [ 57%] [32m[1mLinking CXX shared library libglobal_interface__rosidl_typesupport_cpp.so[0m
[3.857s] [ 59%] [32mBuilding C object CMakeFiles/global_interface__rosidl_typesupport_introspection_c.dir/rosidl_typesupport_introspection_c/global_interface/msg/detail/imu__type_support.c.o[0m
[3.883s] [ 60%] [32mBuilding CXX object CMakeFiles/global_interface__rosidl_typesupport_fastrtps_cpp.dir/rosidl_typesupport_fastrtps_cpp/global_interface/msg/detail/dds_fastrtps/armors__type_support.cpp.o[0m
[3.889s] [ 61%] [32mBuilding CXX object CMakeFiles/global_interface__rosidl_typesupport_fastrtps_cpp.dir/rosidl_typesupport_fastrtps_cpp/global_interface/msg/detail/dds_fastrtps/target__type_support.cpp.o[0m
[3.894s] [ 61%] Built target global_interface__rosidl_typesupport_cpp
[3.906s] [ 63%] [32m[1mLinking C shared library libglobal_interface__rosidl_typesupport_introspection_c.so[0m
[3.906s] [ 64%] [32mBuilding CXX object CMakeFiles/global_interface__rosidl_typesupport_fastrtps_cpp.dir/rosidl_typesupport_fastrtps_cpp/global_interface/msg/detail/dds_fastrtps/spin_info__type_support.cpp.o[0m
[3.957s] [ 66%] [32mBuilding CXX object CMakeFiles/global_interface__rosidl_typesupport_fastrtps_cpp.dir/rosidl_typesupport_fastrtps_cpp/global_interface/msg/detail/dds_fastrtps/imu__type_support.cpp.o[0m
[3.958s] [ 66%] Built target global_interface__rosidl_typesupport_introspection_c
[4.215s] [ 67%] [32m[1mLinking CXX shared library libglobal_interface__rosidl_typesupport_introspection_cpp.so[0m
[4.334s] [ 67%] Built target global_interface__rosidl_typesupport_introspection_cpp
[4.500s] [ 69%] [32m[1mLinking CXX shared library libglobal_interface__rosidl_typesupport_fastrtps_cpp.so[0m
[4.583s] [ 69%] Built target global_interface__rosidl_typesupport_fastrtps_cpp
[4.588s] [ 70%] [34m[1mGenerating C type support for eProsima Fast-RTPS[0m
[4.912s] [35m[1mScanning dependencies of target global_interface__rosidl_typesupport_fastrtps_c[0m
[4.933s] [ 71%] [32mBuilding CXX object CMakeFiles/global_interface__rosidl_typesupport_fastrtps_c.dir/rosidl_typesupport_fastrtps_c/global_interface/msg/detail/gimbal__type_support_c.cpp.o[0m
[4.933s] [ 73%] [32mBuilding CXX object CMakeFiles/global_interface__rosidl_typesupport_fastrtps_c.dir/rosidl_typesupport_fastrtps_c/global_interface/msg/detail/target__type_support_c.cpp.o[0m
[4.934s] [ 74%] [32mBuilding CXX object CMakeFiles/global_interface__rosidl_typesupport_fastrtps_c.dir/rosidl_typesupport_fastrtps_c/global_interface/msg/detail/armor__type_support_c.cpp.o[0m
[4.934s] [ 76%] [32mBuilding CXX object CMakeFiles/global_interface__rosidl_typesupport_fastrtps_c.dir/rosidl_typesupport_fastrtps_c/global_interface/msg/detail/armors__type_support_c.cpp.o[0m
[4.934s] [ 77%] [32mBuilding CXX object CMakeFiles/global_interface__rosidl_typesupport_fastrtps_c.dir/rosidl_typesupport_fastrtps_c/global_interface/msg/detail/spin_info__type_support_c.cpp.o[0m
[4.935s] [ 78%] [32mBuilding CXX object CMakeFiles/global_interface__rosidl_typesupport_fastrtps_c.dir/rosidl_typesupport_fastrtps_c/global_interface/msg/detail/imu__type_support_c.cpp.o[0m
[5.450s] [ 80%] [32m[1mLinking CXX shared library libglobal_interface__rosidl_typesupport_fastrtps_c.so[0m
[5.530s] [ 80%] Built target global_interface__rosidl_typesupport_fastrtps_c
[5.535s] [35m[1mScanning dependencies of target global_interface[0m
[5.540s] [ 80%] Built target global_interface
[5.545s] [35m[1mScanning dependencies of target global_interface__py[0m
[5.550s] [ 81%] [34m[1mGenerating Python code for ROS interfaces[0m
[6.319s] [ 81%] Built target global_interface__py
[6.325s] [35m[1mScanning dependencies of target global_interface__python[0m
[6.357s] [ 83%] [32mBuilding C object CMakeFiles/global_interface__python.dir/rosidl_generator_py/global_interface/msg/_gimbal_s.c.o[0m
[6.357s] [ 84%] [32mBuilding C object CMakeFiles/global_interface__python.dir/rosidl_generator_py/global_interface/msg/_armor_s.c.o[0m
[6.357s] [ 85%] [32mBuilding C object CMakeFiles/global_interface__python.dir/rosidl_generator_py/global_interface/msg/_imu_s.c.o[0m
[6.358s] [ 87%] [32mBuilding C object CMakeFiles/global_interface__python.dir/rosidl_generator_py/global_interface/msg/_armors_s.c.o[0m
[6.358s] [ 88%] [32mBuilding C object CMakeFiles/global_interface__python.dir/rosidl_generator_py/global_interface/msg/_target_s.c.o[0m
[6.358s] [ 90%] [32mBuilding C object CMakeFiles/global_interface__python.dir/rosidl_generator_py/global_interface/msg/_spin_info_s.c.o[0m
[6.487s] [ 91%] [32m[1mLinking C shared library rosidl_generator_py/global_interface/libglobal_interface__python.so[0m
[6.523s] [ 91%] Built target global_interface__python
[6.528s] [35m[1mScanning dependencies of target global_interface__rosidl_typesupport_introspection_c__pyext[0m
[6.529s] [35m[1mScanning dependencies of target global_interface__rosidl_typesupport_c__pyext[0m
[6.529s] [35m[1mScanning dependencies of target global_interface__rosidl_typesupport_fastrtps_c__pyext[0m
[6.541s] [ 92%] [32mBuilding C object CMakeFiles/global_interface__rosidl_typesupport_introspection_c__pyext.dir/rosidl_generator_py/global_interface/_global_interface_s.ep.rosidl_typesupport_introspection_c.c.o[0m
[6.542s] [ 94%] [32mBuilding C object CMakeFiles/global_interface__rosidl_typesupport_fastrtps_c__pyext.dir/rosidl_generator_py/global_interface/_global_interface_s.ep.rosidl_typesupport_fastrtps_c.c.o[0m
[6.542s] [ 95%] [32mBuilding C object CMakeFiles/global_interface__rosidl_typesupport_c__pyext.dir/rosidl_generator_py/global_interface/_global_interface_s.ep.rosidl_typesupport_c.c.o[0m
[6.627s] [ 97%] [32m[1mLinking C shared library rosidl_generator_py/global_interface/global_interface_s__rosidl_typesupport_c.cpython-38-x86_64-linux-gnu.so[0m
[6.629s] [ 98%] [32m[1mLinking C shared library rosidl_generator_py/global_interface/global_interface_s__rosidl_typesupport_introspection_c.cpython-38-x86_64-linux-gnu.so[0m
[6.633s] [100%] [32m[1mLinking CXX shared library rosidl_generator_py/global_interface/global_interface_s__rosidl_typesupport_fastrtps_c.cpython-38-x86_64-linux-gnu.so[0m
[6.658s] [100%] Built target global_interface__rosidl_typesupport_c__pyext
[6.660s] [100%] Built target global_interface__rosidl_typesupport_introspection_c__pyext
[6.692s] [100%] Built target global_interface__rosidl_typesupport_fastrtps_c__pyext
[6.697s] Invoked command in '/home/liyuhang/Desktop/TUP-Vision-2023-Based/build/global_interface' returned '0': CMAKE_PREFIX_PATH=/opt/ros/galactic /usr/local/bin/cmake --build /home/liyuhang/Desktop/TUP-Vision-2023-Based/build/global_interface -- -j8 -l8
[6.831s] Invoking command in '/home/liyuhang/Desktop/TUP-Vision-2023-Based/build/global_interface': CMAKE_PREFIX_PATH=/opt/ros/galactic /usr/local/bin/cmake --install /home/liyuhang/Desktop/TUP-Vision-2023-Based/build/global_interface
[6.834s] -- Install configuration: ""
[6.835s] -- Installing: /home/liyuhang/Desktop/TUP-Vision-2023-Based/install/global_interface/share/ament_index/resource_index/rosidl_interfaces/global_interface
[6.835s] -- Installing: /home/liyuhang/Desktop/TUP-Vision-2023-Based/install/global_interface/include/global_interface
[6.835s] -- Installing: /home/liyuhang/Desktop/TUP-Vision-2023-Based/install/global_interface/include/global_interface/msg
[6.835s] -- Installing: /home/liyuhang/Desktop/TUP-Vision-2023-Based/install/global_interface/include/global_interface/msg/spin_info.h
[6.835s] -- Installing: /home/liyuhang/Desktop/TUP-Vision-2023-Based/install/global_interface/include/global_interface/msg/detail
[6.836s] -- Installing: /home/liyuhang/Desktop/TUP-Vision-2023-Based/install/global_interface/include/global_interface/msg/detail/armor__struct.h
[6.836s] -- Installing: /home/liyuhang/Desktop/TUP-Vision-2023-Based/install/global_interface/include/global_interface/msg/detail/armors__struct.h
[6.836s] -- Installing: /home/liyuhang/Desktop/TUP-Vision-2023-Based/install/global_interface/include/global_interface/msg/detail/target__type_support.h
[6.836s] -- Installing: /home/liyuhang/Desktop/TUP-Vision-2023-Based/install/global_interface/include/global_interface/msg/detail/gimbal__functions.c
[6.836s] -- Installing: /home/liyuhang/Desktop/TUP-Vision-2023-Based/install/global_interface/include/global_interface/msg/detail/gimbal__type_support.h
[6.836s] -- Installing: /home/liyuhang/Desktop/TUP-Vision-2023-Based/install/global_interface/include/global_interface/msg/detail/imu__type_support.h
[6.836s] -- Installing: /home/liyuhang/Desktop/TUP-Vision-2023-Based/install/global_interface/include/global_interface/msg/detail/imu__functions.h
[6.837s] -- Installing: /home/liyuhang/Desktop/TUP-Vision-2023-Based/install/global_interface/include/global_interface/msg/detail/armor__type_support.h
[6.837s] -- Installing: /home/liyuhang/Desktop/TUP-Vision-2023-Based/install/global_interface/include/global_interface/msg/detail/imu__functions.c
[6.837s] -- Installing: /home/liyuhang/Desktop/TUP-Vision-2023-Based/install/global_interface/include/global_interface/msg/detail/armor__functions.c
[6.837s] -- Installing: /home/liyuhang/Desktop/TUP-Vision-2023-Based/install/global_interface/include/global_interface/msg/detail/spin_info__type_support.h
[6.837s] -- Installing: /home/liyuhang/Desktop/TUP-Vision-2023-Based/install/global_interface/include/global_interface/msg/detail/target__functions.c
[6.838s] -- Installing: /home/liyuhang/Desktop/TUP-Vision-2023-Based/install/global_interface/include/global_interface/msg/detail/armors__type_support.h
[6.838s] -- Installing: /home/liyuhang/Desktop/TUP-Vision-2023-Based/install/global_interface/include/global_interface/msg/detail/armors__functions.h
[6.838s] -- Installing: /home/liyuhang/Desktop/TUP-Vision-2023-Based/install/global_interface/include/global_interface/msg/detail/spin_info__struct.h
[6.838s] -- Installing: /home/liyuhang/Desktop/TUP-Vision-2023-Based/install/global_interface/include/global_interface/msg/detail/armors__functions.c
[6.838s] -- Installing: /home/liyuhang/Desktop/TUP-Vision-2023-Based/install/global_interface/include/global_interface/msg/detail/target__functions.h
[6.838s] -- Installing: /home/liyuhang/Desktop/TUP-Vision-2023-Based/install/global_interface/include/global_interface/msg/detail/spin_info__functions.c
[6.838s] -- Installing: /home/liyuhang/Desktop/TUP-Vision-2023-Based/install/global_interface/include/global_interface/msg/detail/gimbal__functions.h
[6.838s] -- Installing: /home/liyuhang/Desktop/TUP-Vision-2023-Based/install/global_interface/include/global_interface/msg/detail/spin_info__functions.h
[6.839s] -- Installing: /home/liyuhang/Desktop/TUP-Vision-2023-Based/install/global_interface/include/global_interface/msg/detail/target__struct.h
[6.839s] -- Installing: /home/liyuhang/Desktop/TUP-Vision-2023-Based/install/global_interface/include/global_interface/msg/detail/gimbal__struct.h
[6.839s] -- Installing: /home/liyuhang/Desktop/TUP-Vision-2023-Based/install/global_interface/include/global_interface/msg/detail/armor__functions.h
[6.839s] -- Installing: /home/liyuhang/Desktop/TUP-Vision-2023-Based/install/global_interface/include/global_interface/msg/detail/imu__struct.h
[6.839s] -- Installing: /home/liyuhang/Desktop/TUP-Vision-2023-Based/install/global_interface/include/global_interface/msg/rosidl_generator_c__visibility_control.h
[6.839s] -- Installing: /home/liyuhang/Desktop/TUP-Vision-2023-Based/install/global_interface/include/global_interface/msg/armors.h
[6.839s] -- Installing: /home/liyuhang/Desktop/TUP-Vision-2023-Based/install/global_interface/include/global_interface/msg/armor.h
[6.839s] -- Installing: /home/liyuhang/Desktop/TUP-Vision-2023-Based/install/global_interface/include/global_interface/msg/gimbal.h
[6.839s] -- Installing: /home/liyuhang/Desktop/TUP-Vision-2023-Based/install/global_interface/include/global_interface/msg/imu.h
[6.840s] -- Installing: /home/liyuhang/Desktop/TUP-Vision-2023-Based/install/global_interface/include/global_interface/msg/target.h
[6.840s] -- Installing: /home/liyuhang/Desktop/TUP-Vision-2023-Based/install/global_interface/share/global_interface/environment/library_path.sh
[6.840s] -- Installing: /home/liyuhang/Desktop/TUP-Vision-2023-Based/install/global_interface/share/global_interface/environment/library_path.dsv
[6.840s] -- Installing: /home/liyuhang/Desktop/TUP-Vision-2023-Based/install/global_interface/lib/libglobal_interface__rosidl_generator_c.so
[6.840s] -- Set runtime path of "/home/liyuhang/Desktop/TUP-Vision-2023-Based/install/global_interface/lib/libglobal_interface__rosidl_generator_c.so" to ""
[6.840s] -- Up-to-date: /home/liyuhang/Desktop/TUP-Vision-2023-Based/install/global_interface/include/global_interface
[6.840s] -- Up-to-date: /home/liyuhang/Desktop/TUP-Vision-2023-Based/install/global_interface/include/global_interface/msg
[6.840s] -- Installing: /home/liyuhang/Desktop/TUP-Vision-2023-Based/install/global_interface/include/global_interface/msg/rosidl_typesupport_fastrtps_c__visibility_control.h
[6.841s] -- Up-to-date: /home/liyuhang/Desktop/TUP-Vision-2023-Based/install/global_interface/include/global_interface/msg/detail
[6.841s] -- Installing: /home/liyuhang/Desktop/TUP-Vision-2023-Based/install/global_interface/include/global_interface/msg/detail/target__rosidl_typesupport_fastrtps_c.h
[6.841s] -- Installing: /home/liyuhang/Desktop/TUP-Vision-2023-Based/install/global_interface/include/global_interface/msg/detail/spin_info__rosidl_typesupport_fastrtps_c.h
[6.841s] -- Installing: /home/liyuhang/Desktop/TUP-Vision-2023-Based/install/global_interface/include/global_interface/msg/detail/armor__rosidl_typesupport_fastrtps_c.h
[6.841s] -- Installing: /home/liyuhang/Desktop/TUP-Vision-2023-Based/install/global_interface/include/global_interface/msg/detail/armors__rosidl_typesupport_fastrtps_c.h
[6.841s] -- Installing: /home/liyuhang/Desktop/TUP-Vision-2023-Based/install/global_interface/include/global_interface/msg/detail/gimbal__rosidl_typesupport_fastrtps_c.h
[6.841s] -- Installing: /home/liyuhang/Desktop/TUP-Vision-2023-Based/install/global_interface/include/global_interface/msg/detail/imu__rosidl_typesupport_fastrtps_c.h
[6.841s] -- Installing: /home/liyuhang/Desktop/TUP-Vision-2023-Based/install/global_interface/lib/libglobal_interface__rosidl_typesupport_fastrtps_c.so
[6.842s] -- Set runtime path of "/home/liyuhang/Desktop/TUP-Vision-2023-Based/install/global_interface/lib/libglobal_interface__rosidl_typesupport_fastrtps_c.so" to ""
[6.842s] -- Up-to-date: /home/liyuhang/Desktop/TUP-Vision-2023-Based/install/global_interface/include/global_interface
[6.842s] -- Up-to-date: /home/liyuhang/Desktop/TUP-Vision-2023-Based/install/global_interface/include/global_interface/msg
[6.842s] -- Up-to-date: /home/liyuhang/Desktop/TUP-Vision-2023-Based/install/global_interface/include/global_interface/msg/detail
[6.842s] -- Installing: /home/liyuhang/Desktop/TUP-Vision-2023-Based/install/global_interface/include/global_interface/msg/detail/dds_fastrtps
[6.842s] -- Installing: /home/liyuhang/Desktop/TUP-Vision-2023-Based/install/global_interface/include/global_interface/msg/detail/target__rosidl_typesupport_fastrtps_cpp.hpp
[6.842s] -- Installing: /home/liyuhang/Desktop/TUP-Vision-2023-Based/install/global_interface/include/global_interface/msg/detail/gimbal__rosidl_typesupport_fastrtps_cpp.hpp
[6.842s] -- Installing: /home/liyuhang/Desktop/TUP-Vision-2023-Based/install/global_interface/include/global_interface/msg/detail/armors__rosidl_typesupport_fastrtps_cpp.hpp
[6.843s] -- Installing: /home/liyuhang/Desktop/TUP-Vision-2023-Based/install/global_interface/include/global_interface/msg/detail/spin_info__rosidl_typesupport_fastrtps_cpp.hpp
[6.843s] -- Installing: /home/liyuhang/Desktop/TUP-Vision-2023-Based/install/global_interface/include/global_interface/msg/detail/armor__rosidl_typesupport_fastrtps_cpp.hpp
[6.843s] -- Installing: /home/liyuhang/Desktop/TUP-Vision-2023-Based/install/global_interface/include/global_interface/msg/detail/imu__rosidl_typesupport_fastrtps_cpp.hpp
[6.843s] -- Installing: /home/liyuhang/Desktop/TUP-Vision-2023-Based/install/global_interface/include/global_interface/msg/rosidl_typesupport_fastrtps_cpp__visibility_control.h
[6.843s] -- Installing: /home/liyuhang/Desktop/TUP-Vision-2023-Based/install/global_interface/lib/libglobal_interface__rosidl_typesupport_fastrtps_cpp.so
[6.843s] -- Set runtime path of "/home/liyuhang/Desktop/TUP-Vision-2023-Based/install/global_interface/lib/libglobal_interface__rosidl_typesupport_fastrtps_cpp.so" to ""
[6.843s] -- Up-to-date: /home/liyuhang/Desktop/TUP-Vision-2023-Based/install/global_interface/include/global_interface
[6.844s] -- Up-to-date: /home/liyuhang/Desktop/TUP-Vision-2023-Based/install/global_interface/include/global_interface/msg
[6.844s] -- Up-to-date: /home/liyuhang/Desktop/TUP-Vision-2023-Based/install/global_interface/include/global_interface/msg/detail
[6.844s] -- Installing: /home/liyuhang/Desktop/TUP-Vision-2023-Based/install/global_interface/include/global_interface/msg/detail/spin_info__rosidl_typesupport_introspection_c.h
[6.844s] -- Installing: /home/liyuhang/Desktop/TUP-Vision-2023-Based/install/global_interface/include/global_interface/msg/detail/spin_info__type_support.c
[6.844s] -- Installing: /home/liyuhang/Desktop/TUP-Vision-2023-Based/install/global_interface/include/global_interface/msg/detail/armors__type_support.c
[6.844s] -- Installing: /home/liyuhang/Desktop/TUP-Vision-2023-Based/install/global_interface/include/global_interface/msg/detail/armor__type_support.c
[6.844s] -- Installing: /home/liyuhang/Desktop/TUP-Vision-2023-Based/install/global_interface/include/global_interface/msg/detail/imu__type_support.c
[6.845s] -- Installing: /home/liyuhang/Desktop/TUP-Vision-2023-Based/install/global_interface/include/global_interface/msg/detail/gimbal__rosidl_typesupport_introspection_c.h
[6.845s] -- Installing: /home/liyuhang/Desktop/TUP-Vision-2023-Based/install/global_interface/include/global_interface/msg/detail/target__rosidl_typesupport_introspection_c.h
[6.845s] -- Installing: /home/liyuhang/Desktop/TUP-Vision-2023-Based/install/global_interface/include/global_interface/msg/detail/gimbal__type_support.c
[6.845s] -- Installing: /home/liyuhang/Desktop/TUP-Vision-2023-Based/install/global_interface/include/global_interface/msg/detail/armors__rosidl_typesupport_introspection_c.h
[6.845s] -- Installing: /home/liyuhang/Desktop/TUP-Vision-2023-Based/install/global_interface/include/global_interface/msg/detail/target__type_support.c
[6.845s] -- Installing: /home/liyuhang/Desktop/TUP-Vision-2023-Based/install/global_interface/include/global_interface/msg/detail/armor__rosidl_typesupport_introspection_c.h
[6.845s] -- Installing: /home/liyuhang/Desktop/TUP-Vision-2023-Based/install/global_interface/include/global_interface/msg/detail/imu__rosidl_typesupport_introspection_c.h
[6.845s] -- Installing: /home/liyuhang/Desktop/TUP-Vision-2023-Based/install/global_interface/include/global_interface/msg/rosidl_typesupport_introspection_c__visibility_control.h
[6.846s] -- Installing: /home/liyuhang/Desktop/TUP-Vision-2023-Based/install/global_interface/lib/libglobal_interface__rosidl_typesupport_introspection_c.so
[6.846s] -- Set runtime path of "/home/liyuhang/Desktop/TUP-Vision-2023-Based/install/global_interface/lib/libglobal_interface__rosidl_typesupport_introspection_c.so" to ""
[6.846s] -- Installing: /home/liyuhang/Desktop/TUP-Vision-2023-Based/install/global_interface/lib/libglobal_interface__rosidl_typesupport_c.so
[6.846s] -- Set runtime path of "/home/liyuhang/Desktop/TUP-Vision-2023-Based/install/global_interface/lib/libglobal_interface__rosidl_typesupport_c.so" to ""
[6.846s] -- Up-to-date: /home/liyuhang/Desktop/TUP-Vision-2023-Based/install/global_interface/include/global_interface
[6.846s] -- Up-to-date: /home/liyuhang/Desktop/TUP-Vision-2023-Based/install/global_interface/include/global_interface/msg
[6.846s] -- Installing: /home/liyuhang/Desktop/TUP-Vision-2023-Based/install/global_interface/include/global_interface/msg/gimbal.hpp
[6.847s] -- Up-to-date: /home/liyuhang/Desktop/TUP-Vision-2023-Based/install/global_interface/include/global_interface/msg/detail
[6.847s] -- Installing: /home/liyuhang/Desktop/TUP-Vision-2023-Based/install/global_interface/include/global_interface/msg/detail/target__traits.hpp
[6.847s] -- Installing: /home/liyuhang/Desktop/TUP-Vision-2023-Based/install/global_interface/include/global_interface/msg/detail/target__struct.hpp
[6.847s] -- Installing: /home/liyuhang/Desktop/TUP-Vision-2023-Based/install/global_interface/include/global_interface/msg/detail/imu__struct.hpp
[6.847s] -- Installing: /home/liyuhang/Desktop/TUP-Vision-2023-Based/install/global_interface/include/global_interface/msg/detail/spin_info__traits.hpp
[6.847s] -- Installing: /home/liyuhang/Desktop/TUP-Vision-2023-Based/install/global_interface/include/global_interface/msg/detail/armors__struct.hpp
[6.848s] -- Installing: /home/liyuhang/Desktop/TUP-Vision-2023-Based/install/global_interface/include/global_interface/msg/detail/target__builder.hpp
[6.848s] -- Installing: /home/liyuhang/Desktop/TUP-Vision-2023-Based/install/global_interface/include/global_interface/msg/detail/spin_info__builder.hpp
[6.848s] -- Installing: /home/liyuhang/Desktop/TUP-Vision-2023-Based/install/global_interface/include/global_interface/msg/detail/armors__builder.hpp
[6.848s] -- Installing: /home/liyuhang/Desktop/TUP-Vision-2023-Based/install/global_interface/include/global_interface/msg/detail/armor__builder.hpp
[6.848s] -- Installing: /home/liyuhang/Desktop/TUP-Vision-2023-Based/install/global_interface/include/global_interface/msg/detail/imu__traits.hpp
[6.848s] -- Installing: /home/liyuhang/Desktop/TUP-Vision-2023-Based/install/global_interface/include/global_interface/msg/detail/armors__traits.hpp
[6.848s] -- Installing: /home/liyuhang/Desktop/TUP-Vision-2023-Based/install/global_interface/include/global_interface/msg/detail/gimbal__builder.hpp
[6.848s] -- Installing: /home/liyuhang/Desktop/TUP-Vision-2023-Based/install/global_interface/include/global_interface/msg/detail/gimbal__traits.hpp
[6.849s] -- Installing: /home/liyuhang/Desktop/TUP-Vision-2023-Based/install/global_interface/include/global_interface/msg/detail/armor__struct.hpp
[6.849s] -- Installing: /home/liyuhang/Desktop/TUP-Vision-2023-Based/install/global_interface/include/global_interface/msg/detail/spin_info__struct.hpp
[6.849s] -- Installing: /home/liyuhang/Desktop/TUP-Vision-2023-Based/install/global_interface/include/global_interface/msg/detail/imu__builder.hpp
[6.849s] -- Installing: /home/liyuhang/Desktop/TUP-Vision-2023-Based/install/global_interface/include/global_interface/msg/detail/armor__traits.hpp
[6.849s] -- Installing: /home/liyuhang/Desktop/TUP-Vision-2023-Based/install/global_interface/include/global_interface/msg/detail/gimbal__struct.hpp
[6.849s] -- Installing: /home/liyuhang/Desktop/TUP-Vision-2023-Based/install/global_interface/include/global_interface/msg/armors.hpp
[6.849s] -- Installing: /home/liyuhang/Desktop/TUP-Vision-2023-Based/install/global_interface/include/global_interface/msg/armor.hpp
[6.850s] -- Installing: /home/liyuhang/Desktop/TUP-Vision-2023-Based/install/global_interface/include/global_interface/msg/spin_info.hpp
[6.850s] -- Installing: /home/liyuhang/Desktop/TUP-Vision-2023-Based/install/global_interface/include/global_interface/msg/target.hpp
[6.850s] -- Installing: /home/liyuhang/Desktop/TUP-Vision-2023-Based/install/global_interface/include/global_interface/msg/imu.hpp
[6.850s] -- Up-to-date: /home/liyuhang/Desktop/TUP-Vision-2023-Based/install/global_interface/include/global_interface
[6.850s] -- Up-to-date: /home/liyuhang/Desktop/TUP-Vision-2023-Based/install/global_interface/include/global_interface/msg
[6.850s] -- Up-to-date: /home/liyuhang/Desktop/TUP-Vision-2023-Based/install/global_interface/include/global_interface/msg/detail
[6.850s] -- Installing: /home/liyuhang/Desktop/TUP-Vision-2023-Based/install/global_interface/include/global_interface/msg/detail/target__type_support.cpp
[6.850s] -- Installing: /home/liyuhang/Desktop/TUP-Vision-2023-Based/install/global_interface/include/global_interface/msg/detail/armor__type_support.cpp
[6.850s] -- Installing: /home/liyuhang/Desktop/TUP-Vision-2023-Based/install/global_interface/include/global_interface/msg/detail/armor__rosidl_typesupport_introspection_cpp.hpp
[6.851s] -- Installing: /home/liyuhang/Desktop/TUP-Vision-2023-Based/install/global_interface/include/global_interface/msg/detail/target__rosidl_typesupport_introspection_cpp.hpp
[6.851s] -- Installing: /home/liyuhang/Desktop/TUP-Vision-2023-Based/install/global_interface/include/global_interface/msg/detail/armors__rosidl_typesupport_introspection_cpp.hpp
[6.851s] -- Installing: /home/liyuhang/Desktop/TUP-Vision-2023-Based/install/global_interface/include/global_interface/msg/detail/armors__type_support.cpp
[6.851s] -- Installing: /home/liyuhang/Desktop/TUP-Vision-2023-Based/install/global_interface/include/global_interface/msg/detail/spin_info__type_support.cpp
[6.851s] -- Installing: /home/liyuhang/Desktop/TUP-Vision-2023-Based/install/global_interface/include/global_interface/msg/detail/gimbal__rosidl_typesupport_introspection_cpp.hpp
[6.851s] -- Installing: /home/liyuhang/Desktop/TUP-Vision-2023-Based/install/global_interface/include/global_interface/msg/detail/imu__rosidl_typesupport_introspection_cpp.hpp
[6.851s] -- Installing: /home/liyuhang/Desktop/TUP-Vision-2023-Based/install/global_interface/include/global_interface/msg/detail/gimbal__type_support.cpp
[6.851s] -- Installing: /home/liyuhang/Desktop/TUP-Vision-2023-Based/install/global_interface/include/global_interface/msg/detail/imu__type_support.cpp
[6.852s] -- Installing: /home/liyuhang/Desktop/TUP-Vision-2023-Based/install/global_interface/include/global_interface/msg/detail/spin_info__rosidl_typesupport_introspection_cpp.hpp
[6.852s] -- Installing: /home/liyuhang/Desktop/TUP-Vision-2023-Based/install/global_interface/lib/libglobal_interface__rosidl_typesupport_introspection_cpp.so
[6.852s] -- Set runtime path of "/home/liyuhang/Desktop/TUP-Vision-2023-Based/install/global_interface/lib/libglobal_interface__rosidl_typesupport_introspection_cpp.so" to ""
[6.852s] -- Installing: /home/liyuhang/Desktop/TUP-Vision-2023-Based/install/global_interface/lib/libglobal_interface__rosidl_typesupport_cpp.so
[6.852s] -- Set runtime path of "/home/liyuhang/Desktop/TUP-Vision-2023-Based/install/global_interface/lib/libglobal_interface__rosidl_typesupport_cpp.so" to ""
[6.852s] -- Installing: /home/liyuhang/Desktop/TUP-Vision-2023-Based/install/global_interface/share/global_interface/environment/pythonpath.sh
[6.852s] -- Installing: /home/liyuhang/Desktop/TUP-Vision-2023-Based/install/global_interface/share/global_interface/environment/pythonpath.dsv
[6.852s] -- Installing: /home/liyuhang/Desktop/TUP-Vision-2023-Based/install/global_interface/lib/python3.8/site-packages/global_interface/__init__.py
[6.880s] Compiling '/home/liyuhang/Desktop/TUP-Vision-2023-Based/install/global_interface/lib/python3.8/site-packages/global_interface/__init__.py'...
[6.885s] -- Installing: /home/liyuhang/Desktop/TUP-Vision-2023-Based/install/global_interface/lib/python3.8/site-packages/global_interface/msg
[6.885s] -- Installing: /home/liyuhang/Desktop/TUP-Vision-2023-Based/install/global_interface/lib/python3.8/site-packages/global_interface/msg/_armor_s.c
[6.885s] -- Installing: /home/liyuhang/Desktop/TUP-Vision-2023-Based/install/global_interface/lib/python3.8/site-packages/global_interface/msg/_gimbal_s.c
[6.885s] -- Installing: /home/liyuhang/Desktop/TUP-Vision-2023-Based/install/global_interface/lib/python3.8/site-packages/global_interface/msg/_armor.py
[6.885s] -- Installing: /home/liyuhang/Desktop/TUP-Vision-2023-Based/install/global_interface/lib/python3.8/site-packages/global_interface/msg/_imu.py
[6.885s] -- Installing: /home/liyuhang/Desktop/TUP-Vision-2023-Based/install/global_interface/lib/python3.8/site-packages/global_interface/msg/_armors.py
[6.885s] -- Installing: /home/liyuhang/Desktop/TUP-Vision-2023-Based/install/global_interface/lib/python3.8/site-packages/global_interface/msg/_target_s.c
[6.885s] -- Installing: /home/liyuhang/Desktop/TUP-Vision-2023-Based/install/global_interface/lib/python3.8/site-packages/global_interface/msg/_spin_info.py
[6.885s] -- Installing: /home/liyuhang/Desktop/TUP-Vision-2023-Based/install/global_interface/lib/python3.8/site-packages/global_interface/msg/_imu_s.c
[6.885s] -- Installing: /home/liyuhang/Desktop/TUP-Vision-2023-Based/install/global_interface/lib/python3.8/site-packages/global_interface/msg/_gimbal.py
[6.886s] -- Installing: /home/liyuhang/Desktop/TUP-Vision-2023-Based/install/global_interface/lib/python3.8/site-packages/global_interface/msg/_armors_s.c
[6.886s] -- Installing: /home/liyuhang/Desktop/TUP-Vision-2023-Based/install/global_interface/lib/python3.8/site-packages/global_interface/msg/_spin_info_s.c
[6.886s] -- Installing: /home/liyuhang/Desktop/TUP-Vision-2023-Based/install/global_interface/lib/python3.8/site-packages/global_interface/msg/__init__.py
[6.886s] -- Installing: /home/liyuhang/Desktop/TUP-Vision-2023-Based/install/global_interface/lib/python3.8/site-packages/global_interface/msg/_target.py
[6.886s] -- Installing: /home/liyuhang/Desktop/TUP-Vision-2023-Based/install/global_interface/lib/python3.8/site-packages/global_interface/global_interface_s__rosidl_typesupport_fastrtps_c.cpython-38-x86_64-linux-gnu.so
[6.887s] -- Set runtime path of "/home/liyuhang/Desktop/TUP-Vision-2023-Based/install/global_interface/lib/python3.8/site-packages/global_interface/global_interface_s__rosidl_typesupport_fastrtps_c.cpython-38-x86_64-linux-gnu.so" to ""
[6.887s] -- Installing: /home/liyuhang/Desktop/TUP-Vision-2023-Based/install/global_interface/lib/python3.8/site-packages/global_interface/global_interface_s__rosidl_typesupport_introspection_c.cpython-38-x86_64-linux-gnu.so
[6.888s] -- Set runtime path of "/home/liyuhang/Desktop/TUP-Vision-2023-Based/install/global_interface/lib/python3.8/site-packages/global_interface/global_interface_s__rosidl_typesupport_introspection_c.cpython-38-x86_64-linux-gnu.so" to ""
[6.888s] -- Installing: /home/liyuhang/Desktop/TUP-Vision-2023-Based/install/global_interface/lib/python3.8/site-packages/global_interface/global_interface_s__rosidl_typesupport_c.cpython-38-x86_64-linux-gnu.so
[6.888s] -- Set runtime path of "/home/liyuhang/Desktop/TUP-Vision-2023-Based/install/global_interface/lib/python3.8/site-packages/global_interface/global_interface_s__rosidl_typesupport_c.cpython-38-x86_64-linux-gnu.so" to ""
[6.888s] -- Installing: /home/liyuhang/Desktop/TUP-Vision-2023-Based/install/global_interface/lib/libglobal_interface__python.so
[6.889s] -- Set runtime path of "/home/liyuhang/Desktop/TUP-Vision-2023-Based/install/global_interface/lib/libglobal_interface__python.so" to ""
[6.889s] -- Installing: /home/liyuhang/Desktop/TUP-Vision-2023-Based/install/global_interface/share/global_interface/msg/Gimbal.idl
[6.889s] -- Installing: /home/liyuhang/Desktop/TUP-Vision-2023-Based/install/global_interface/share/global_interface/msg/Armor.idl
[6.889s] -- Installing: /home/liyuhang/Desktop/TUP-Vision-2023-Based/install/global_interface/share/global_interface/msg/Armors.idl
[6.890s] -- Installing: /home/liyuhang/Desktop/TUP-Vision-2023-Based/install/global_interface/share/global_interface/msg/Target.idl
[6.890s] -- Installing: /home/liyuhang/Desktop/TUP-Vision-2023-Based/install/global_interface/share/global_interface/msg/SpinInfo.idl
[6.890s] -- Installing: /home/liyuhang/Desktop/TUP-Vision-2023-Based/install/global_interface/share/global_interface/msg/Imu.idl
[6.890s] -- Installing: /home/liyuhang/Desktop/TUP-Vision-2023-Based/install/global_interface/share/global_interface/msg/Gimbal.msg
[6.890s] -- Installing: /home/liyuhang/Desktop/TUP-Vision-2023-Based/install/global_interface/share/global_interface/msg/Armor.msg
[6.890s] -- Installing: /home/liyuhang/Desktop/TUP-Vision-2023-Based/install/global_interface/share/global_interface/msg/Armors.msg
[6.890s] -- Installing: /home/liyuhang/Desktop/TUP-Vision-2023-Based/install/global_interface/share/global_interface/msg/Target.msg
[6.890s] -- Installing: /home/liyuhang/Desktop/TUP-Vision-2023-Based/install/global_interface/share/global_interface/msg/SpinInfo.msg
[6.891s] -- Installing: /home/liyuhang/Desktop/TUP-Vision-2023-Based/install/global_interface/share/global_interface/msg/Imu.msg
[6.891s] -- Installing: /home/liyuhang/Desktop/TUP-Vision-2023-Based/install/global_interface/share/ament_index/resource_index/package_run_dependencies/global_interface
[6.891s] -- Installing: /home/liyuhang/Desktop/TUP-Vision-2023-Based/install/global_interface/share/ament_index/resource_index/parent_prefix_path/global_interface
[6.891s] -- Installing: /home/liyuhang/Desktop/TUP-Vision-2023-Based/install/global_interface/share/global_interface/environment/ament_prefix_path.sh
[6.891s] -- Installing: /home/liyuhang/Desktop/TUP-Vision-2023-Based/install/global_interface/share/global_interface/environment/ament_prefix_path.dsv
[6.891s] -- Installing: /home/liyuhang/Desktop/TUP-Vision-2023-Based/install/global_interface/share/global_interface/environment/path.sh
[6.891s] -- Installing: /home/liyuhang/Desktop/TUP-Vision-2023-Based/install/global_interface/share/global_interface/environment/path.dsv
[6.892s] -- Installing: /home/liyuhang/Desktop/TUP-Vision-2023-Based/install/global_interface/share/global_interface/local_setup.bash
[6.892s] -- Installing: /home/liyuhang/Desktop/TUP-Vision-2023-Based/install/global_interface/share/global_interface/local_setup.sh
[6.892s] -- Installing: /home/liyuhang/Desktop/TUP-Vision-2023-Based/install/global_interface/share/global_interface/local_setup.zsh
[6.892s] -- Installing: /home/liyuhang/Desktop/TUP-Vision-2023-Based/install/global_interface/share/global_interface/local_setup.dsv
[6.892s] -- Installing: /home/liyuhang/Desktop/TUP-Vision-2023-Based/install/global_interface/share/global_interface/package.dsv
[6.892s] -- Installing: /home/liyuhang/Desktop/TUP-Vision-2023-Based/install/global_interface/share/ament_index/resource_index/packages/global_interface
[6.893s] -- Installing: /home/liyuhang/Desktop/TUP-Vision-2023-Based/install/global_interface/share/global_interface/cmake/global_interface__rosidl_generator_cExport.cmake
[6.893s] -- Installing: /home/liyuhang/Desktop/TUP-Vision-2023-Based/install/global_interface/share/global_interface/cmake/global_interface__rosidl_generator_cExport-noconfig.cmake
[6.893s] -- Installing: /home/liyuhang/Desktop/TUP-Vision-2023-Based/install/global_interface/share/global_interface/cmake/global_interface__rosidl_typesupport_introspection_cExport.cmake
[6.893s] -- Installing: /home/liyuhang/Desktop/TUP-Vision-2023-Based/install/global_interface/share/global_interface/cmake/global_interface__rosidl_typesupport_introspection_cExport-noconfig.cmake
[6.893s] -- Installing: /home/liyuhang/Desktop/TUP-Vision-2023-Based/install/global_interface/share/global_interface/cmake/global_interface__rosidl_typesupport_cExport.cmake
[6.893s] -- Installing: /home/liyuhang/Desktop/TUP-Vision-2023-Based/install/global_interface/share/global_interface/cmake/global_interface__rosidl_typesupport_cExport-noconfig.cmake
[6.894s] -- Installing: /home/liyuhang/Desktop/TUP-Vision-2023-Based/install/global_interface/share/global_interface/cmake/global_interface__rosidl_generator_cppExport.cmake
[6.894s] -- Installing: /home/liyuhang/Desktop/TUP-Vision-2023-Based/install/global_interface/share/global_interface/cmake/global_interface__rosidl_typesupport_introspection_cppExport.cmake
[6.894s] -- Installing: /home/liyuhang/Desktop/TUP-Vision-2023-Based/install/global_interface/share/global_interface/cmake/global_interface__rosidl_typesupport_introspection_cppExport-noconfig.cmake
[6.894s] -- Installing: /home/liyuhang/Desktop/TUP-Vision-2023-Based/install/global_interface/share/global_interface/cmake/global_interface__rosidl_typesupport_cppExport.cmake
[6.894s] -- Installing: /home/liyuhang/Desktop/TUP-Vision-2023-Based/install/global_interface/share/global_interface/cmake/global_interface__rosidl_typesupport_cppExport-noconfig.cmake
[6.894s] -- Installing: /home/liyuhang/Desktop/TUP-Vision-2023-Based/install/global_interface/share/global_interface/cmake/rosidl_cmake-extras.cmake
[6.895s] -- Installing: /home/liyuhang/Desktop/TUP-Vision-2023-Based/install/global_interface/share/global_interface/cmake/ament_cmake_export_dependencies-extras.cmake
[6.895s] -- Installing: /home/liyuhang/Desktop/TUP-Vision-2023-Based/install/global_interface/share/global_interface/cmake/ament_cmake_export_libraries-extras.cmake
[6.895s] -- Installing: /home/liyuhang/Desktop/TUP-Vision-2023-Based/install/global_interface/share/global_interface/cmake/ament_cmake_export_targets-extras.cmake
[6.895s] -- Installing: /home/liyuhang/Desktop/TUP-Vision-2023-Based/install/global_interface/share/global_interface/cmake/ament_cmake_export_include_directories-extras.cmake
[6.895s] -- Installing: /home/liyuhang/Desktop/TUP-Vision-2023-Based/install/global_interface/share/global_interface/cmake/rosidl_cmake_export_typesupport_libraries-extras.cmake
[6.895s] -- Installing: /home/liyuhang/Desktop/TUP-Vision-2023-Based/install/global_interface/share/global_interface/cmake/rosidl_cmake_export_typesupport_targets-extras.cmake
[6.895s] -- Installing: /home/liyuhang/Desktop/TUP-Vision-2023-Based/install/global_interface/share/global_interface/cmake/global_interfaceConfig.cmake
[6.896s] -- Installing: /home/liyuhang/Desktop/TUP-Vision-2023-Based/install/global_interface/share/global_interface/cmake/global_interfaceConfig-version.cmake
[6.896s] -- Installing: /home/liyuhang/Desktop/TUP-Vision-2023-Based/install/global_interface/share/global_interface/package.xml
[6.899s] Invoked command in '/home/liyuhang/Desktop/TUP-Vision-2023-Based/build/global_interface' returned '0': CMAKE_PREFIX_PATH=/opt/ros/galactic /usr/local/bin/cmake --install /home/liyuhang/Desktop/TUP-Vision-2023-Based/build/global_interface
