[0.017s] Invoking command in '/home/liyuhang/Desktop/TUP-Vision-2023-Based/build/armor_detector': CMAKE_PREFIX_PATH=${CMAKE_PREFIX_PATH}:/opt/ros/galactic /usr/local/bin/cmake --build /home/liyuhang/Desktop/TUP-Vision-2023-Based/build/armor_detector -- -j8 -l8
[0.059s] [35m[1mScanning dependencies of target armor_detector_node[0m
[0.101s] [ 16%] [32mBuilding CXX object CMakeFiles/armor_detector_node.dir/src/armor_detector/detector_node.cpp.o[0m
[11.779s] [ 33%] [32m[1mLinking CXX executable armor_detector_node[0m
[12.746s] /usr/bin/ld: warning: libopencv_imgproc.so.4.2, needed by /opt/ros/galactic/lib/libcv_bridge.so, may conflict with libopencv_imgproc.so.405
[12.747s] /usr/bin/ld: warning: libopencv_core.so.4.2, needed by /opt/ros/galactic/lib/libcv_bridge.so, may conflict with libopencv_core.so.405
[12.753s] [100%] Built target armor_detector_node
[12.759s] Invoked command in '/home/liyuhang/Desktop/TUP-Vision-2023-Based/build/armor_detector' returned '0': CMAKE_PREFIX_PATH=${CMAKE_PREFIX_PATH}:/opt/ros/galactic /usr/local/bin/cmake --build /home/liyuhang/Desktop/TUP-Vision-2023-Based/build/armor_detector -- -j8 -l8
[12.805s] Invoking command in '/home/liyuhang/Desktop/TUP-Vision-2023-Based/build/armor_detector': CMAKE_PREFIX_PATH=${CMAKE_PREFIX_PATH}:/opt/ros/galactic /usr/local/bin/cmake --install /home/liyuhang/Desktop/TUP-Vision-2023-Based/build/armor_detector
[12.810s] -- Install configuration: ""
[12.810s] -- Installing: /home/liyuhang/Desktop/TUP-Vision-2023-Based/install/armor_detector/lib/armor_detector/armor_detector_node
[12.829s] -- Set runtime path of "/home/liyuhang/Desktop/TUP-Vision-2023-Based/install/armor_detector/lib/armor_detector/armor_detector_node" to ""
[12.829s] -- Up-to-date: /home/liyuhang/Desktop/TUP-Vision-2023-Based/install/armor_detector/share/armor_detector/launch
[12.829s] -- Up-to-date: /home/liyuhang/Desktop/TUP-Vision-2023-Based/install/armor_detector/share/armor_detector/launch/armor_detector.launch.py
[12.829s] -- Up-to-date: /home/liyuhang/Desktop/TUP-Vision-2023-Based/install/armor_detector/share/ament_index/resource_index/package_run_dependencies/armor_detector
[12.830s] -- Up-to-date: /home/liyuhang/Desktop/TUP-Vision-2023-Based/install/armor_detector/share/ament_index/resource_index/parent_prefix_path/armor_detector
[12.830s] -- Up-to-date: /home/liyuhang/Desktop/TUP-Vision-2023-Based/install/armor_detector/share/armor_detector/environment/ament_prefix_path.sh
[12.830s] -- Up-to-date: /home/liyuhang/Desktop/TUP-Vision-2023-Based/install/armor_detector/share/armor_detector/environment/ament_prefix_path.dsv
[12.830s] -- Up-to-date: /home/liyuhang/Desktop/TUP-Vision-2023-Based/install/armor_detector/share/armor_detector/environment/path.sh
[12.830s] -- Up-to-date: /home/liyuhang/Desktop/TUP-Vision-2023-Based/install/armor_detector/share/armor_detector/environment/path.dsv
[12.830s] -- Up-to-date: /home/liyuhang/Desktop/TUP-Vision-2023-Based/install/armor_detector/share/armor_detector/local_setup.bash
[12.830s] -- Up-to-date: /home/liyuhang/Desktop/TUP-Vision-2023-Based/install/armor_detector/share/armor_detector/local_setup.sh
[12.831s] -- Up-to-date: /home/liyuhang/Desktop/TUP-Vision-2023-Based/install/armor_detector/share/armor_detector/local_setup.zsh
[12.831s] -- Up-to-date: /home/liyuhang/Desktop/TUP-Vision-2023-Based/install/armor_detector/share/armor_detector/local_setup.dsv
[12.831s] -- Installing: /home/liyuhang/Desktop/TUP-Vision-2023-Based/install/armor_detector/share/armor_detector/package.dsv
[12.832s] -- Up-to-date: /home/liyuhang/Desktop/TUP-Vision-2023-Based/install/armor_detector/share/ament_index/resource_index/packages/armor_detector
[12.833s] -- Up-to-date: /home/liyuhang/Desktop/TUP-Vision-2023-Based/install/armor_detector/share/armor_detector/cmake/armor_detectorConfig.cmake
[12.834s] -- Up-to-date: /home/liyuhang/Desktop/TUP-Vision-2023-Based/install/armor_detector/share/armor_detector/cmake/armor_detectorConfig-version.cmake
[12.834s] -- Up-to-date: /home/liyuhang/Desktop/TUP-Vision-2023-Based/install/armor_detector/share/armor_detector/package.xml
[12.835s] Invoked command in '/home/liyuhang/Desktop/TUP-Vision-2023-Based/build/armor_detector' returned '0': CMAKE_PREFIX_PATH=${CMAKE_PREFIX_PATH}:/opt/ros/galactic /usr/local/bin/cmake --install /home/liyuhang/Desktop/TUP-Vision-2023-Based/build/armor_detector
