[0.020s] Invoking command in '/home/liyuhang/Desktop/TUP-Vision-2023-Based/build/camera_driver': CMAKE_PREFIX_PATH=/home/liyuhang/Desktop/TUP-Vision-2023-Based/install/global_user:/home/liyuhang/Desktop/TUP-Vision-2023-Based/install/global_interface:/home/liyuhang/Desktop/TUP-Vision-2023-Based/install/armor_detector:/home/liyuhang/Desktop/TUP-Vision-2023-Based/install/camera_driver:/opt/ros/galactic LD_LIBRARY_PATH=/home/liyuhang/Desktop/TUP-Vision-2023-Based/install/global_user/lib:/home/liyuhang/Desktop/TUP-Vision-2023-Based/install/global_interface/lib:/home/liyuhang/Desktop/TUP-Vision-2023-Based/install/camera_driver/lib:/opt/ros/galactic/opt/yaml_cpp_vendor/lib:/opt/ros/galactic/opt/rviz_ogre_vendor/lib:/opt/ros/galactic/lib/x86_64-linux-gnu:/opt/ros/galactic/lib:/opt/MVS/lib/64:/opt/MVS/lib/32:/opt/intel/openvino_2022/tools/compile_tool:/opt/intel/openvino_2022/runtime/3rdparty/tbb/lib:/opt/intel/openvino_2022/runtime/3rdparty/hddl/lib:/opt/intel/openvino_2022/runtime/lib/intel64:/opt/MVS/lib/64:/opt/MVS/lib/32:/opt/MVS/lib/64:/opt/MVS/lib/32 PYTHONPATH=/home/liyuhang/Desktop/TUP-Vision-2023-Based/install/global_interface/lib/python3.8/site-packages:/opt/intel/openvino_2022/python/python3.8:/opt/intel/openvino_2022/python/python3:/opt/ros/galactic/lib/python3.8/site-packages:/opt/intel/openvino_2022/python/python3.8:/opt/intel/openvino_2022/python/python3 /usr/local/bin/cmake --build /home/liyuhang/Desktop/TUP-Vision-2023-Based/build/camera_driver -- -j8 -l8
[0.059s] [ 40%] Built target camera_driver
[0.066s] [35m[1mScanning dependencies of target daheng_cam_driver_node[0m
[0.076s] [ 80%] Built target hik_cam_driver_node
[0.076s] [ 80%] Built target usb_cam_driver_node
[0.088s] [ 90%] [32mBuilding CXX object CMakeFiles/daheng_cam_driver_node.dir/src/daheng_driver/daheng_cam_node.cpp.o[0m
[5.044s] [100%] [32m[1mLinking CXX executable daheng_cam_driver_node[0m
[5.492s] [100%] Built target daheng_cam_driver_node
[5.496s] Invoked command in '/home/liyuhang/Desktop/TUP-Vision-2023-Based/build/camera_driver' returned '0': CMAKE_PREFIX_PATH=/home/liyuhang/Desktop/TUP-Vision-2023-Based/install/global_user:/home/liyuhang/Desktop/TUP-Vision-2023-Based/install/global_interface:/home/liyuhang/Desktop/TUP-Vision-2023-Based/install/armor_detector:/home/liyuhang/Desktop/TUP-Vision-2023-Based/install/camera_driver:/opt/ros/galactic LD_LIBRARY_PATH=/home/liyuhang/Desktop/TUP-Vision-2023-Based/install/global_user/lib:/home/liyuhang/Desktop/TUP-Vision-2023-Based/install/global_interface/lib:/home/liyuhang/Desktop/TUP-Vision-2023-Based/install/camera_driver/lib:/opt/ros/galactic/opt/yaml_cpp_vendor/lib:/opt/ros/galactic/opt/rviz_ogre_vendor/lib:/opt/ros/galactic/lib/x86_64-linux-gnu:/opt/ros/galactic/lib:/opt/MVS/lib/64:/opt/MVS/lib/32:/opt/intel/openvino_2022/tools/compile_tool:/opt/intel/openvino_2022/runtime/3rdparty/tbb/lib:/opt/intel/openvino_2022/runtime/3rdparty/hddl/lib:/opt/intel/openvino_2022/runtime/lib/intel64:/opt/MVS/lib/64:/opt/MVS/lib/32:/opt/MVS/lib/64:/opt/MVS/lib/32 PYTHONPATH=/home/liyuhang/Desktop/TUP-Vision-2023-Based/install/global_interface/lib/python3.8/site-packages:/opt/intel/openvino_2022/python/python3.8:/opt/intel/openvino_2022/python/python3:/opt/ros/galactic/lib/python3.8/site-packages:/opt/intel/openvino_2022/python/python3.8:/opt/intel/openvino_2022/python/python3 /usr/local/bin/cmake --build /home/liyuhang/Desktop/TUP-Vision-2023-Based/build/camera_driver -- -j8 -l8
[5.537s] Invoking command in '/home/liyuhang/Desktop/TUP-Vision-2023-Based/build/camera_driver': CMAKE_PREFIX_PATH=/home/liyuhang/Desktop/TUP-Vision-2023-Based/install/global_user:/home/liyuhang/Desktop/TUP-Vision-2023-Based/install/global_interface:/home/liyuhang/Desktop/TUP-Vision-2023-Based/install/armor_detector:/home/liyuhang/Desktop/TUP-Vision-2023-Based/install/camera_driver:/opt/ros/galactic LD_LIBRARY_PATH=/home/liyuhang/Desktop/TUP-Vision-2023-Based/install/global_user/lib:/home/liyuhang/Desktop/TUP-Vision-2023-Based/install/global_interface/lib:/home/liyuhang/Desktop/TUP-Vision-2023-Based/install/camera_driver/lib:/opt/ros/galactic/opt/yaml_cpp_vendor/lib:/opt/ros/galactic/opt/rviz_ogre_vendor/lib:/opt/ros/galactic/lib/x86_64-linux-gnu:/opt/ros/galactic/lib:/opt/MVS/lib/64:/opt/MVS/lib/32:/opt/intel/openvino_2022/tools/compile_tool:/opt/intel/openvino_2022/runtime/3rdparty/tbb/lib:/opt/intel/openvino_2022/runtime/3rdparty/hddl/lib:/opt/intel/openvino_2022/runtime/lib/intel64:/opt/MVS/lib/64:/opt/MVS/lib/32:/opt/MVS/lib/64:/opt/MVS/lib/32 PYTHONPATH=/home/liyuhang/Desktop/TUP-Vision-2023-Based/install/global_interface/lib/python3.8/site-packages:/opt/intel/openvino_2022/python/python3.8:/opt/intel/openvino_2022/python/python3:/opt/ros/galactic/lib/python3.8/site-packages:/opt/intel/openvino_2022/python/python3.8:/opt/intel/openvino_2022/python/python3 /usr/local/bin/cmake --install /home/liyuhang/Desktop/TUP-Vision-2023-Based/build/camera_driver
[5.540s] -- Install configuration: ""
[5.541s] -- Up-to-date: /home/liyuhang/Desktop/TUP-Vision-2023-Based/install/camera_driver/lib/libcamera_driver.so
[5.541s] -- Up-to-date: /home/liyuhang/Desktop/TUP-Vision-2023-Based/install/camera_driver/lib/camera_driver/usb_cam_driver_node
[5.542s] -- Up-to-date: /home/liyuhang/Desktop/TUP-Vision-2023-Based/install/camera_driver/lib/camera_driver/hik_cam_driver_node
[5.542s] -- Installing: /home/liyuhang/Desktop/TUP-Vision-2023-Based/install/camera_driver/lib/camera_driver/daheng_cam_driver_node
[5.544s] -- Set runtime path of "/home/liyuhang/Desktop/TUP-Vision-2023-Based/install/camera_driver/lib/camera_driver/daheng_cam_driver_node" to ""
[5.544s] -- Up-to-date: /home/liyuhang/Desktop/TUP-Vision-2023-Based/install/camera_driver/share/camera_driver/launch
[5.545s] -- Up-to-date: /home/liyuhang/Desktop/TUP-Vision-2023-Based/install/camera_driver/share/camera_driver/launch/hik_cam_node.launch.py
[5.545s] -- Up-to-date: /home/liyuhang/Desktop/TUP-Vision-2023-Based/install/camera_driver/share/camera_driver/launch/daheng_cam_node.launch.py
[5.545s] -- Up-to-date: /home/liyuhang/Desktop/TUP-Vision-2023-Based/install/camera_driver/share/camera_driver/launch/usb_cam_node.launch.py
[5.545s] -- Up-to-date: /home/liyuhang/Desktop/TUP-Vision-2023-Based/install/camera_driver/share/camera_driver/config
[5.545s] -- Up-to-date: /home/liyuhang/Desktop/TUP-Vision-2023-Based/install/camera_driver/share/camera_driver/config/camera.yaml
[5.545s] -- Up-to-date: /home/liyuhang/Desktop/TUP-Vision-2023-Based/install/camera_driver/share/ament_index/resource_index/package_run_dependencies/camera_driver
[5.545s] -- Up-to-date: /home/liyuhang/Desktop/TUP-Vision-2023-Based/install/camera_driver/share/ament_index/resource_index/parent_prefix_path/camera_driver
[5.545s] -- Up-to-date: /home/liyuhang/Desktop/TUP-Vision-2023-Based/install/camera_driver/share/camera_driver/environment/ament_prefix_path.sh
[5.545s] -- Up-to-date: /home/liyuhang/Desktop/TUP-Vision-2023-Based/install/camera_driver/share/camera_driver/environment/ament_prefix_path.dsv
[5.545s] -- Up-to-date: /home/liyuhang/Desktop/TUP-Vision-2023-Based/install/camera_driver/share/camera_driver/environment/path.sh
[5.545s] -- Up-to-date: /home/liyuhang/Desktop/TUP-Vision-2023-Based/install/camera_driver/share/camera_driver/environment/path.dsv
[5.545s] -- Up-to-date: /home/liyuhang/Desktop/TUP-Vision-2023-Based/install/camera_driver/share/camera_driver/local_setup.bash
[5.545s] -- Up-to-date: /home/liyuhang/Desktop/TUP-Vision-2023-Based/install/camera_driver/share/camera_driver/local_setup.sh
[5.546s] -- Up-to-date: /home/liyuhang/Desktop/TUP-Vision-2023-Based/install/camera_driver/share/camera_driver/local_setup.zsh
[5.546s] -- Up-to-date: /home/liyuhang/Desktop/TUP-Vision-2023-Based/install/camera_driver/share/camera_driver/local_setup.dsv
[5.546s] -- Installing: /home/liyuhang/Desktop/TUP-Vision-2023-Based/install/camera_driver/share/camera_driver/package.dsv
[5.547s] -- Up-to-date: /home/liyuhang/Desktop/TUP-Vision-2023-Based/install/camera_driver/share/ament_index/resource_index/packages/camera_driver
[5.549s] -- Up-to-date: /home/liyuhang/Desktop/TUP-Vision-2023-Based/install/camera_driver/share/ament_index/resource_index/rclcpp_components/camera_driver
[5.549s] -- Up-to-date: /home/liyuhang/Desktop/TUP-Vision-2023-Based/install/camera_driver/share/camera_driver/cmake/camera_driverConfig.cmake
[5.549s] -- Up-to-date: /home/liyuhang/Desktop/TUP-Vision-2023-Based/install/camera_driver/share/camera_driver/cmake/camera_driverConfig-version.cmake
[5.549s] -- Up-to-date: /home/liyuhang/Desktop/TUP-Vision-2023-Based/install/camera_driver/share/camera_driver/package.xml
[5.549s] Invoked command in '/home/liyuhang/Desktop/TUP-Vision-2023-Based/build/camera_driver' returned '0': CMAKE_PREFIX_PATH=/home/liyuhang/Desktop/TUP-Vision-2023-Based/install/global_user:/home/liyuhang/Desktop/TUP-Vision-2023-Based/install/global_interface:/home/liyuhang/Desktop/TUP-Vision-2023-Based/install/armor_detector:/home/liyuhang/Desktop/TUP-Vision-2023-Based/install/camera_driver:/opt/ros/galactic LD_LIBRARY_PATH=/home/liyuhang/Desktop/TUP-Vision-2023-Based/install/global_user/lib:/home/liyuhang/Desktop/TUP-Vision-2023-Based/install/global_interface/lib:/home/liyuhang/Desktop/TUP-Vision-2023-Based/install/camera_driver/lib:/opt/ros/galactic/opt/yaml_cpp_vendor/lib:/opt/ros/galactic/opt/rviz_ogre_vendor/lib:/opt/ros/galactic/lib/x86_64-linux-gnu:/opt/ros/galactic/lib:/opt/MVS/lib/64:/opt/MVS/lib/32:/opt/intel/openvino_2022/tools/compile_tool:/opt/intel/openvino_2022/runtime/3rdparty/tbb/lib:/opt/intel/openvino_2022/runtime/3rdparty/hddl/lib:/opt/intel/openvino_2022/runtime/lib/intel64:/opt/MVS/lib/64:/opt/MVS/lib/32:/opt/MVS/lib/64:/opt/MVS/lib/32 PYTHONPATH=/home/liyuhang/Desktop/TUP-Vision-2023-Based/install/global_interface/lib/python3.8/site-packages:/opt/intel/openvino_2022/python/python3.8:/opt/intel/openvino_2022/python/python3:/opt/ros/galactic/lib/python3.8/site-packages:/opt/intel/openvino_2022/python/python3.8:/opt/intel/openvino_2022/python/python3 /usr/local/bin/cmake --install /home/liyuhang/Desktop/TUP-Vision-2023-Based/build/camera_driver
