[100%] Built target global_user
-- Install configuration: ""
-- Up-to-date: /home/liyuhang/Desktop/TUP-Vision-2023-Based/install/global_user/share/global_user/environment/library_path.sh
-- Up-to-date: /home/liyuhang/Desktop/TUP-Vision-2023-Based/install/global_user/share/global_user/environment/library_path.dsv
-- Up-to-date: /home/liyuhang/Desktop/TUP-Vision-2023-Based/install/global_user/include
-- Up-to-date: /home/liyuhang/Desktop/TUP-Vision-2023-Based/install/global_user/include/global_user
-- Up-to-date: /home/liyuhang/Desktop/TUP-Vision-2023-Based/install/global_user/include/global_user/global_user.hpp
-- Up-to-date: /home/liyuhang/Desktop/TUP-Vision-2023-Based/install/global_user/include/coordsolver.hpp
-- Up-to-date: /home/liyuhang/Desktop/TUP-Vision-2023-Based/install/global_user/lib/libglobal_user.so
-- Up-to-date: /home/liyuhang/Desktop/TUP-Vision-2023-Based/install/global_user/share/global_user/config
-- Installing: /home/liyuhang/Desktop/TUP-Vision-2023-Based/install/global_user/share/global_user/config/autoaim.yaml
-- Up-to-date: /home/liyuhang/Desktop/TUP-Vision-2023-Based/install/global_user/share/global_user/config/camera_ros.yaml
-- Up-to-date: /home/liyuhang/Desktop/TUP-Vision-2023-Based/install/global_user/share/global_user/config/buff.yaml
-- Up-to-date: /home/liyuhang/Desktop/TUP-Vision-2023-Based/install/global_user/share/global_user/config/camera.yaml
-- Up-to-date: /home/liyuhang/Desktop/TUP-Vision-2023-Based/install/global_user/share/global_user/config/filter_param.yaml
-- Up-to-date: /home/liyuhang/Desktop/TUP-Vision-2023-Based/install/global_user/share/ament_index/resource_index/package_run_dependencies/global_user
-- Up-to-date: /home/liyuhang/Desktop/TUP-Vision-2023-Based/install/global_user/share/ament_index/resource_index/parent_prefix_path/global_user
-- Up-to-date: /home/liyuhang/Desktop/TUP-Vision-2023-Based/install/global_user/share/global_user/environment/ament_prefix_path.sh
-- Up-to-date: /home/liyuhang/Desktop/TUP-Vision-2023-Based/install/global_user/share/global_user/environment/ament_prefix_path.dsv
-- Up-to-date: /home/liyuhang/Desktop/TUP-Vision-2023-Based/install/global_user/share/global_user/environment/path.sh
-- Up-to-date: /home/liyuhang/Desktop/TUP-Vision-2023-Based/install/global_user/share/global_user/environment/path.dsv
-- Up-to-date: /home/liyuhang/Desktop/TUP-Vision-2023-Based/install/global_user/share/global_user/local_setup.bash
-- Up-to-date: /home/liyuhang/Desktop/TUP-Vision-2023-Based/install/global_user/share/global_user/local_setup.sh
-- Up-to-date: /home/liyuhang/Desktop/TUP-Vision-2023-Based/install/global_user/share/global_user/local_setup.zsh
-- Up-to-date: /home/liyuhang/Desktop/TUP-Vision-2023-Based/install/global_user/share/global_user/local_setup.dsv
-- Installing: /home/liyuhang/Desktop/TUP-Vision-2023-Based/install/global_user/share/global_user/package.dsv
-- Up-to-date: /home/liyuhang/Desktop/TUP-Vision-2023-Based/install/global_user/share/ament_index/resource_index/packages/global_user
-- Up-to-date: /home/liyuhang/Desktop/TUP-Vision-2023-Based/install/global_user/share/global_user/cmake/global_userExport.cmake
-- Up-to-date: /home/liyuhang/Desktop/TUP-Vision-2023-Based/install/global_user/share/global_user/cmake/global_userExport-noconfig.cmake
-- Up-to-date: /home/liyuhang/Desktop/TUP-Vision-2023-Based/install/global_user/share/global_user/cmake/ament_cmake_export_include_directories-extras.cmake
-- Up-to-date: /home/liyuhang/Desktop/TUP-Vision-2023-Based/install/global_user/share/global_user/cmake/ament_cmake_export_libraries-extras.cmake
-- Up-to-date: /home/liyuhang/Desktop/TUP-Vision-2023-Based/install/global_user/share/global_user/cmake/ament_cmake_export_targets-extras.cmake
-- Up-to-date: /home/liyuhang/Desktop/TUP-Vision-2023-Based/install/global_user/share/global_user/cmake/ament_cmake_export_dependencies-extras.cmake
-- Up-to-date: /home/liyuhang/Desktop/TUP-Vision-2023-Based/install/global_user/share/global_user/cmake/global_userConfig.cmake
-- Up-to-date: /home/liyuhang/Desktop/TUP-Vision-2023-Based/install/global_user/share/global_user/cmake/global_userConfig-version.cmake
-- Up-to-date: /home/liyuhang/Desktop/TUP-Vision-2023-Based/install/global_user/share/global_user/package.xml
