[0.030s] Invoking command in '/home/liyuhang/Desktop/TUP-Vision-2023-Based/build/global_user': CMAKE_PREFIX_PATH=${CMAKE_PREFIX_PATH}:/opt/ros/galactic /usr/local/bin/cmake --build /home/liyuhang/Desktop/TUP-Vision-2023-Based/build/global_user -- -j8 -l8
[0.067s] [100%] Built target global_user
[0.073s] Invoked command in '/home/liyuhang/Desktop/TUP-Vision-2023-Based/build/global_user' returned '0': CMAKE_PREFIX_PATH=${CMAKE_PREFIX_PATH}:/opt/ros/galactic /usr/local/bin/cmake --build /home/liyuhang/Desktop/TUP-Vision-2023-Based/build/global_user -- -j8 -l8
[0.102s] Invoking command in '/home/liyuhang/Desktop/TUP-Vision-2023-Based/build/global_user': CMAKE_PREFIX_PATH=${CMAKE_PREFIX_PATH}:/opt/ros/galactic /usr/local/bin/cmake --install /home/liyuhang/Desktop/TUP-Vision-2023-Based/build/global_user
[0.107s] -- Install configuration: ""
[0.107s] -- Up-to-date: /home/liyuhang/Desktop/TUP-Vision-2023-Based/install/global_user/share/global_user/environment/library_path.sh
[0.107s] -- Up-to-date: /home/liyuhang/Desktop/TUP-Vision-2023-Based/install/global_user/share/global_user/environment/library_path.dsv
[0.107s] -- Up-to-date: /home/liyuhang/Desktop/TUP-Vision-2023-Based/install/global_user/include
[0.107s] -- Up-to-date: /home/liyuhang/Desktop/TUP-Vision-2023-Based/install/global_user/include/global_user
[0.108s] -- Up-to-date: /home/liyuhang/Desktop/TUP-Vision-2023-Based/install/global_user/include/global_user/global_user.hpp
[0.108s] -- Up-to-date: /home/liyuhang/Desktop/TUP-Vision-2023-Based/install/global_user/include/coordsolver.hpp
[0.108s] -- Up-to-date: /home/liyuhang/Desktop/TUP-Vision-2023-Based/install/global_user/lib/libglobal_user.so
[0.108s] -- Up-to-date: /home/liyuhang/Desktop/TUP-Vision-2023-Based/install/global_user/share/global_user/config
[0.108s] -- Installing: /home/liyuhang/Desktop/TUP-Vision-2023-Based/install/global_user/share/global_user/config/autoaim.yaml
[0.108s] -- Installing: /home/liyuhang/Desktop/TUP-Vision-2023-Based/install/global_user/share/global_user/config/camera_ros.yaml
[0.108s] -- Up-to-date: /home/liyuhang/Desktop/TUP-Vision-2023-Based/install/global_user/share/global_user/config/buff.yaml
[0.109s] -- Up-to-date: /home/liyuhang/Desktop/TUP-Vision-2023-Based/install/global_user/share/global_user/config/camera.yaml
[0.109s] -- Up-to-date: /home/liyuhang/Desktop/TUP-Vision-2023-Based/install/global_user/share/global_user/config/filter_param.yaml
[0.109s] -- Up-to-date: /home/liyuhang/Desktop/TUP-Vision-2023-Based/install/global_user/share/ament_index/resource_index/package_run_dependencies/global_user
[0.109s] -- Up-to-date: /home/liyuhang/Desktop/TUP-Vision-2023-Based/install/global_user/share/ament_index/resource_index/parent_prefix_path/global_user
[0.109s] -- Up-to-date: /home/liyuhang/Desktop/TUP-Vision-2023-Based/install/global_user/share/global_user/environment/ament_prefix_path.sh
[0.109s] -- Up-to-date: /home/liyuhang/Desktop/TUP-Vision-2023-Based/install/global_user/share/global_user/environment/ament_prefix_path.dsv
[0.109s] -- Up-to-date: /home/liyuhang/Desktop/TUP-Vision-2023-Based/install/global_user/share/global_user/environment/path.sh
[0.109s] -- Up-to-date: /home/liyuhang/Desktop/TUP-Vision-2023-Based/install/global_user/share/global_user/environment/path.dsv
[0.110s] -- Up-to-date: /home/liyuhang/Desktop/TUP-Vision-2023-Based/install/global_user/share/global_user/local_setup.bash
[0.110s] -- Up-to-date: /home/liyuhang/Desktop/TUP-Vision-2023-Based/install/global_user/share/global_user/local_setup.sh
[0.110s] -- Up-to-date: /home/liyuhang/Desktop/TUP-Vision-2023-Based/install/global_user/share/global_user/local_setup.zsh
[0.110s] -- Up-to-date: /home/liyuhang/Desktop/TUP-Vision-2023-Based/install/global_user/share/global_user/local_setup.dsv
[0.110s] -- Installing: /home/liyuhang/Desktop/TUP-Vision-2023-Based/install/global_user/share/global_user/package.dsv
[0.110s] -- Up-to-date: /home/liyuhang/Desktop/TUP-Vision-2023-Based/install/global_user/share/ament_index/resource_index/packages/global_user
[0.110s] -- Up-to-date: /home/liyuhang/Desktop/TUP-Vision-2023-Based/install/global_user/share/global_user/cmake/global_userExport.cmake
[0.111s] -- Up-to-date: /home/liyuhang/Desktop/TUP-Vision-2023-Based/install/global_user/share/global_user/cmake/global_userExport-noconfig.cmake
[0.112s] -- Up-to-date: /home/liyuhang/Desktop/TUP-Vision-2023-Based/install/global_user/share/global_user/cmake/ament_cmake_export_include_directories-extras.cmake
[0.113s] -- Up-to-date: /home/liyuhang/Desktop/TUP-Vision-2023-Based/install/global_user/share/global_user/cmake/ament_cmake_export_libraries-extras.cmake
[0.114s] -- Up-to-date: /home/liyuhang/Desktop/TUP-Vision-2023-Based/install/global_user/share/global_user/cmake/ament_cmake_export_targets-extras.cmake
[0.114s] -- Up-to-date: /home/liyuhang/Desktop/TUP-Vision-2023-Based/install/global_user/share/global_user/cmake/ament_cmake_export_dependencies-extras.cmake
[0.114s] -- Up-to-date: /home/liyuhang/Desktop/TUP-Vision-2023-Based/install/global_user/share/global_user/cmake/global_userConfig.cmake
[0.114s] -- Up-to-date: /home/liyuhang/Desktop/TUP-Vision-2023-Based/install/global_user/share/global_user/cmake/global_userConfig-version.cmake
[0.115s] -- Up-to-date: /home/liyuhang/Desktop/TUP-Vision-2023-Based/install/global_user/share/global_user/package.xml
[0.116s] Invoked command in '/home/liyuhang/Desktop/TUP-Vision-2023-Based/build/global_user' returned '0': CMAKE_PREFIX_PATH=${CMAKE_PREFIX_PATH}:/opt/ros/galactic /usr/local/bin/cmake --install /home/liyuhang/Desktop/TUP-Vision-2023-Based/build/global_user
