[0.025s] Invoking command in '/home/liyuhang/Desktop/TUP-Vision-2023-Based/build/armor_detector': CMAKE_PREFIX_PATH=${CMAKE_PREFIX_PATH}:/opt/ros/galactic /usr/local/bin/cmake --build /home/liyuhang/Desktop/TUP-Vision-2023-Based/build/armor_detector -- -j8 -l8
[0.087s] [35m[1mScanning dependencies of target armor_detector_node[0m
[0.130s] [ 16%] [32mBuilding CXX object CMakeFiles/armor_detector_node.dir/src/armor_detector/detector_node.cpp.o[0m
[13.176s] [ 33%] [32m[1mLinking CXX executable armor_detector_node[0m
[14.202s] /usr/bin/ld: warning: libopencv_imgproc.so.4.2, needed by /opt/ros/galactic/lib/libcv_bridge.so, may conflict with libopencv_imgproc.so.405
[14.202s] /usr/bin/ld: warning: libopencv_core.so.4.2, needed by /opt/ros/galactic/lib/libcv_bridge.so, may conflict with libopencv_core.so.405
[14.210s] [100%] Built target armor_detector_node
[14.217s] Invoked command in '/home/liyuhang/Desktop/TUP-Vision-2023-Based/build/armor_detector' returned '0': CMAKE_PREFIX_PATH=${CMAKE_PREFIX_PATH}:/opt/ros/galactic /usr/local/bin/cmake --build /home/liyuhang/Desktop/TUP-Vision-2023-Based/build/armor_detector -- -j8 -l8
[14.279s] Invoking command in '/home/liyuhang/Desktop/TUP-Vision-2023-Based/build/armor_detector': CMAKE_PREFIX_PATH=${CMAKE_PREFIX_PATH}:/opt/ros/galactic /usr/local/bin/cmake --install /home/liyuhang/Desktop/TUP-Vision-2023-Based/build/armor_detector
[14.286s] -- Install configuration: ""
[14.287s] -- Installing: /home/liyuhang/Desktop/TUP-Vision-2023-Based/install/armor_detector/lib/armor_detector/armor_detector_node
[14.307s] -- Set runtime path of "/home/liyuhang/Desktop/TUP-Vision-2023-Based/install/armor_detector/lib/armor_detector/armor_detector_node" to ""
[14.308s] -- Up-to-date: /home/liyuhang/Desktop/TUP-Vision-2023-Based/install/armor_detector/share/armor_detector/launch
[14.308s] -- Up-to-date: /home/liyuhang/Desktop/TUP-Vision-2023-Based/install/armor_detector/share/armor_detector/launch/armor_detector.launch.py
[14.308s] -- Up-to-date: /home/liyuhang/Desktop/TUP-Vision-2023-Based/install/armor_detector/share/ament_index/resource_index/package_run_dependencies/armor_detector
[14.308s] -- Up-to-date: /home/liyuhang/Desktop/TUP-Vision-2023-Based/install/armor_detector/share/ament_index/resource_index/parent_prefix_path/armor_detector
[14.309s] -- Up-to-date: /home/liyuhang/Desktop/TUP-Vision-2023-Based/install/armor_detector/share/armor_detector/environment/ament_prefix_path.sh
[14.309s] -- Up-to-date: /home/liyuhang/Desktop/TUP-Vision-2023-Based/install/armor_detector/share/armor_detector/environment/ament_prefix_path.dsv
[14.309s] -- Up-to-date: /home/liyuhang/Desktop/TUP-Vision-2023-Based/install/armor_detector/share/armor_detector/environment/path.sh
[14.309s] -- Up-to-date: /home/liyuhang/Desktop/TUP-Vision-2023-Based/install/armor_detector/share/armor_detector/environment/path.dsv
[14.309s] -- Up-to-date: /home/liyuhang/Desktop/TUP-Vision-2023-Based/install/armor_detector/share/armor_detector/local_setup.bash
[14.309s] -- Up-to-date: /home/liyuhang/Desktop/TUP-Vision-2023-Based/install/armor_detector/share/armor_detector/local_setup.sh
[14.309s] -- Up-to-date: /home/liyuhang/Desktop/TUP-Vision-2023-Based/install/armor_detector/share/armor_detector/local_setup.zsh
[14.310s] -- Up-to-date: /home/liyuhang/Desktop/TUP-Vision-2023-Based/install/armor_detector/share/armor_detector/local_setup.dsv
[14.310s] -- Installing: /home/liyuhang/Desktop/TUP-Vision-2023-Based/install/armor_detector/share/armor_detector/package.dsv
[14.310s] -- Up-to-date: /home/liyuhang/Desktop/TUP-Vision-2023-Based/install/armor_detector/share/ament_index/resource_index/packages/armor_detector
[14.310s] -- Up-to-date: /home/liyuhang/Desktop/TUP-Vision-2023-Based/install/armor_detector/share/armor_detector/cmake/armor_detectorConfig.cmake
[14.310s] -- Up-to-date: /home/liyuhang/Desktop/TUP-Vision-2023-Based/install/armor_detector/share/armor_detector/cmake/armor_detectorConfig-version.cmake
[14.310s] -- Up-to-date: /home/liyuhang/Desktop/TUP-Vision-2023-Based/install/armor_detector/share/armor_detector/package.xml
[14.312s] Invoked command in '/home/liyuhang/Desktop/TUP-Vision-2023-Based/build/armor_detector' returned '0': CMAKE_PREFIX_PATH=${CMAKE_PREFIX_PATH}:/opt/ros/galactic /usr/local/bin/cmake --install /home/liyuhang/Desktop/TUP-Vision-2023-Based/build/armor_detector
