[0.106s] DEBUG:colcon:Command line arguments: ['/usr/bin/colcon', 'build', '--packages-select', 'global_user', 'global_interface', 'camera_driver']
[0.106s] DEBUG:colcon:Parsed command line arguments: Namespace(allow_overriding=[], ament_cmake_args=None, base_paths=['.'], build_base='build', catkin_cmake_args=None, catkin_skip_building_tests=False, cmake_args=None, cmake_clean_cache=False, cmake_clean_first=False, cmake_force_configure=False, cmake_target=None, cmake_target_skip_unavailable=False, continue_on_error=False, event_handlers=None, executor='parallel', ignore_user_meta=False, install_base='install', log_base=None, log_level=None, main=<bound method BuildVerb.main of <colcon_core.verb.build.BuildVerb object at 0x7fbff49ccaf0>>, merge_install=False, metas=['./colcon.meta'], packages_above=None, packages_above_and_dependencies=None, packages_above_depth=None, packages_end=None, packages_ignore=None, packages_ignore_regex=None, packages_select=['global_user', 'global_interface', 'camera_driver'], packages_select_build_failed=False, packages_select_by_dep=None, packages_select_regex=None, packages_select_test_failures=False, packages_skip=None, packages_skip_build_finished=False, packages_skip_by_dep=None, packages_skip_regex=None, packages_skip_test_passed=False, packages_skip_up_to=None, packages_start=None, packages_up_to=None, packages_up_to_regex=None, parallel_workers=16, paths=None, symlink_install=False, test_result_base=None, verb_extension=<colcon_core.verb.build.BuildVerb object at 0x7fbff49ccaf0>, verb_name='build', verb_parser=<colcon_defaults.argument_parser.defaults.DefaultArgumentsDecorator object at 0x7fbff49d70a0>)
[0.124s] Level 1:colcon.colcon_core.package_discovery:discover_packages(colcon_meta) check parameters
[0.124s] Level 1:colcon.colcon_core.package_discovery:discover_packages(recursive) check parameters
[0.124s] Level 1:colcon.colcon_core.package_discovery:discover_packages(ignore) check parameters
[0.124s] Level 1:colcon.colcon_core.package_discovery:discover_packages(path) check parameters
[0.124s] Level 1:colcon.colcon_core.package_discovery:discover_packages(colcon_meta) discover
[0.124s] Level 1:colcon.colcon_core.package_discovery:discover_packages(recursive) discover
[0.124s] INFO:colcon.colcon_core.package_discovery:Crawling recursively for packages in '/home/zhengtu/Desktop/TUP-Vision-2023-Based'
[0.125s] Level 1:colcon.colcon_core.package_identification:_identify(.) by extensions ['ignore', 'ignore_ament_install']
[0.125s] Level 1:colcon.colcon_core.package_identification:_identify(.) by extension 'ignore'
[0.125s] Level 1:colcon.colcon_core.package_identification:_identify(.) by extension 'ignore_ament_install'
[0.125s] Level 1:colcon.colcon_core.package_identification:_identify(.) by extensions ['colcon_pkg']
[0.125s] Level 1:colcon.colcon_core.package_identification:_identify(.) by extension 'colcon_pkg'
[0.125s] Level 1:colcon.colcon_core.package_identification:_identify(.) by extensions ['colcon_meta']
[0.125s] Level 1:colcon.colcon_core.package_identification:_identify(.) by extension 'colcon_meta'
[0.125s] Level 1:colcon.colcon_core.package_identification:_identify(.) by extensions ['ros']
[0.125s] Level 1:colcon.colcon_core.package_identification:_identify(.) by extension 'ros'
[0.133s] Level 1:colcon.colcon_core.package_identification:_identify(.) by extensions ['cmake', 'python']
[0.133s] Level 1:colcon.colcon_core.package_identification:_identify(.) by extension 'cmake'
[0.133s] Level 1:colcon.colcon_core.package_identification:_identify(.) by extension 'python'
[0.133s] Level 1:colcon.colcon_core.package_identification:_identify(.) by extensions ['python_setup_py']
[0.133s] Level 1:colcon.colcon_core.package_identification:_identify(.) by extension 'python_setup_py'
[0.133s] Level 1:colcon.colcon_core.package_identification:_identify(build) by extensions ['ignore', 'ignore_ament_install']
[0.133s] Level 1:colcon.colcon_core.package_identification:_identify(build) by extension 'ignore'
[0.133s] Level 1:colcon.colcon_core.package_identification:_identify(build) ignored
[0.134s] Level 1:colcon.colcon_core.package_identification:_identify(install) by extensions ['ignore', 'ignore_ament_install']
[0.134s] Level 1:colcon.colcon_core.package_identification:_identify(install) by extension 'ignore'
[0.134s] Level 1:colcon.colcon_core.package_identification:_identify(install) ignored
[0.134s] Level 1:colcon.colcon_core.package_identification:_identify(log) by extensions ['ignore', 'ignore_ament_install']
[0.134s] Level 1:colcon.colcon_core.package_identification:_identify(log) by extension 'ignore'
[0.134s] Level 1:colcon.colcon_core.package_identification:_identify(log) ignored
[0.134s] Level 1:colcon.colcon_core.package_identification:_identify(src) by extensions ['ignore', 'ignore_ament_install']
[0.134s] Level 1:colcon.colcon_core.package_identification:_identify(src) by extension 'ignore'
[0.134s] Level 1:colcon.colcon_core.package_identification:_identify(src) by extension 'ignore_ament_install'
[0.134s] Level 1:colcon.colcon_core.package_identification:_identify(src) by extensions ['colcon_pkg']
[0.134s] Level 1:colcon.colcon_core.package_identification:_identify(src) by extension 'colcon_pkg'
[0.134s] Level 1:colcon.colcon_core.package_identification:_identify(src) by extensions ['colcon_meta']
[0.134s] Level 1:colcon.colcon_core.package_identification:_identify(src) by extension 'colcon_meta'
[0.134s] Level 1:colcon.colcon_core.package_identification:_identify(src) by extensions ['ros']
[0.134s] Level 1:colcon.colcon_core.package_identification:_identify(src) by extension 'ros'
[0.134s] Level 1:colcon.colcon_core.package_identification:_identify(src) by extensions ['cmake', 'python']
[0.134s] Level 1:colcon.colcon_core.package_identification:_identify(src) by extension 'cmake'
[0.134s] Level 1:colcon.colcon_core.package_identification:_identify(src) by extension 'python'
[0.134s] Level 1:colcon.colcon_core.package_identification:_identify(src) by extensions ['python_setup_py']
[0.134s] Level 1:colcon.colcon_core.package_identification:_identify(src) by extension 'python_setup_py'
[0.134s] Level 1:colcon.colcon_core.package_identification:_identify(src/arm_controller) by extensions ['ignore', 'ignore_ament_install']
[0.134s] Level 1:colcon.colcon_core.package_identification:_identify(src/arm_controller) by extension 'ignore'
[0.134s] Level 1:colcon.colcon_core.package_identification:_identify(src/arm_controller) by extension 'ignore_ament_install'
[0.134s] Level 1:colcon.colcon_core.package_identification:_identify(src/arm_controller) by extensions ['colcon_pkg']
[0.134s] Level 1:colcon.colcon_core.package_identification:_identify(src/arm_controller) by extension 'colcon_pkg'
[0.134s] Level 1:colcon.colcon_core.package_identification:_identify(src/arm_controller) by extensions ['colcon_meta']
[0.134s] Level 1:colcon.colcon_core.package_identification:_identify(src/arm_controller) by extension 'colcon_meta'
[0.135s] Level 1:colcon.colcon_core.package_identification:_identify(src/arm_controller) by extensions ['ros']
[0.135s] Level 1:colcon.colcon_core.package_identification:_identify(src/arm_controller) by extension 'ros'
[0.149s] DEBUG:colcon.colcon_core.package_identification:Package 'src/arm_controller' with type 'ros.ament_cmake' and name 'arm_controller'
[0.149s] Level 1:colcon.colcon_core.package_identification:_identify(src/auto_navigation) by extensions ['ignore', 'ignore_ament_install']
[0.149s] Level 1:colcon.colcon_core.package_identification:_identify(src/auto_navigation) by extension 'ignore'
[0.149s] Level 1:colcon.colcon_core.package_identification:_identify(src/auto_navigation) by extension 'ignore_ament_install'
[0.149s] Level 1:colcon.colcon_core.package_identification:_identify(src/auto_navigation) by extensions ['colcon_pkg']
[0.149s] Level 1:colcon.colcon_core.package_identification:_identify(src/auto_navigation) by extension 'colcon_pkg'
[0.149s] Level 1:colcon.colcon_core.package_identification:_identify(src/auto_navigation) by extensions ['colcon_meta']
[0.149s] Level 1:colcon.colcon_core.package_identification:_identify(src/auto_navigation) by extension 'colcon_meta'
[0.149s] Level 1:colcon.colcon_core.package_identification:_identify(src/auto_navigation) by extensions ['ros']
[0.149s] Level 1:colcon.colcon_core.package_identification:_identify(src/auto_navigation) by extension 'ros'
[0.151s] DEBUG:colcon.colcon_core.package_identification:Package 'src/auto_navigation' with type 'ros.ament_cmake' and name 'auto_navigation'
[0.151s] Level 1:colcon.colcon_core.package_identification:_identify(src/camera_driver) by extensions ['ignore', 'ignore_ament_install']
[0.151s] Level 1:colcon.colcon_core.package_identification:_identify(src/camera_driver) by extension 'ignore'
[0.151s] Level 1:colcon.colcon_core.package_identification:_identify(src/camera_driver) by extension 'ignore_ament_install'
[0.151s] Level 1:colcon.colcon_core.package_identification:_identify(src/camera_driver) by extensions ['colcon_pkg']
[0.151s] Level 1:colcon.colcon_core.package_identification:_identify(src/camera_driver) by extension 'colcon_pkg'
[0.151s] Level 1:colcon.colcon_core.package_identification:_identify(src/camera_driver) by extensions ['colcon_meta']
[0.151s] Level 1:colcon.colcon_core.package_identification:_identify(src/camera_driver) by extension 'colcon_meta'
[0.151s] Level 1:colcon.colcon_core.package_identification:_identify(src/camera_driver) by extensions ['ros']
[0.152s] Level 1:colcon.colcon_core.package_identification:_identify(src/camera_driver) by extension 'ros'
[0.154s] DEBUG:colcon.colcon_core.package_identification:Package 'src/camera_driver' with type 'ros.ament_cmake' and name 'camera_driver'
[0.154s] Level 1:colcon.colcon_core.package_identification:_identify(src/global_interface) by extensions ['ignore', 'ignore_ament_install']
[0.154s] Level 1:colcon.colcon_core.package_identification:_identify(src/global_interface) by extension 'ignore'
[0.154s] Level 1:colcon.colcon_core.package_identification:_identify(src/global_interface) by extension 'ignore_ament_install'
[0.154s] Level 1:colcon.colcon_core.package_identification:_identify(src/global_interface) by extensions ['colcon_pkg']
[0.154s] Level 1:colcon.colcon_core.package_identification:_identify(src/global_interface) by extension 'colcon_pkg'
[0.154s] Level 1:colcon.colcon_core.package_identification:_identify(src/global_interface) by extensions ['colcon_meta']
[0.154s] Level 1:colcon.colcon_core.package_identification:_identify(src/global_interface) by extension 'colcon_meta'
[0.154s] Level 1:colcon.colcon_core.package_identification:_identify(src/global_interface) by extensions ['ros']
[0.154s] Level 1:colcon.colcon_core.package_identification:_identify(src/global_interface) by extension 'ros'
[0.155s] DEBUG:colcon.colcon_core.package_identification:Package 'src/global_interface' with type 'ros.ament_cmake' and name 'global_interface'
[0.155s] Level 1:colcon.colcon_core.package_identification:_identify(src/global_user) by extensions ['ignore', 'ignore_ament_install']
[0.155s] Level 1:colcon.colcon_core.package_identification:_identify(src/global_user) by extension 'ignore'
[0.155s] Level 1:colcon.colcon_core.package_identification:_identify(src/global_user) by extension 'ignore_ament_install'
[0.155s] Level 1:colcon.colcon_core.package_identification:_identify(src/global_user) by extensions ['colcon_pkg']
[0.155s] Level 1:colcon.colcon_core.package_identification:_identify(src/global_user) by extension 'colcon_pkg'
[0.155s] Level 1:colcon.colcon_core.package_identification:_identify(src/global_user) by extensions ['colcon_meta']
[0.155s] Level 1:colcon.colcon_core.package_identification:_identify(src/global_user) by extension 'colcon_meta'
[0.155s] Level 1:colcon.colcon_core.package_identification:_identify(src/global_user) by extensions ['ros']
[0.155s] Level 1:colcon.colcon_core.package_identification:_identify(src/global_user) by extension 'ros'
[0.156s] DEBUG:colcon.colcon_core.package_identification:Package 'src/global_user' with type 'ros.ament_cmake' and name 'global_user'
[0.156s] Level 1:colcon.colcon_core.package_identification:_identify(src/rmoss_master) by extensions ['ignore', 'ignore_ament_install']
[0.156s] Level 1:colcon.colcon_core.package_identification:_identify(src/rmoss_master) by extension 'ignore'
[0.156s] Level 1:colcon.colcon_core.package_identification:_identify(src/rmoss_master) by extension 'ignore_ament_install'
[0.156s] Level 1:colcon.colcon_core.package_identification:_identify(src/rmoss_master) by extensions ['colcon_pkg']
[0.157s] Level 1:colcon.colcon_core.package_identification:_identify(src/rmoss_master) by extension 'colcon_pkg'
[0.157s] Level 1:colcon.colcon_core.package_identification:_identify(src/rmoss_master) by extensions ['colcon_meta']
[0.157s] Level 1:colcon.colcon_core.package_identification:_identify(src/rmoss_master) by extension 'colcon_meta'
[0.157s] Level 1:colcon.colcon_core.package_identification:_identify(src/rmoss_master) by extensions ['ros']
[0.157s] Level 1:colcon.colcon_core.package_identification:_identify(src/rmoss_master) by extension 'ros'
[0.157s] Level 1:colcon.colcon_core.package_identification:_identify(src/rmoss_master) by extensions ['cmake', 'python']
[0.157s] Level 1:colcon.colcon_core.package_identification:_identify(src/rmoss_master) by extension 'cmake'
[0.157s] Level 1:colcon.colcon_core.package_identification:_identify(src/rmoss_master) by extension 'python'
[0.157s] Level 1:colcon.colcon_core.package_identification:_identify(src/rmoss_master) by extensions ['python_setup_py']
[0.157s] Level 1:colcon.colcon_core.package_identification:_identify(src/rmoss_master) by extension 'python_setup_py'
[0.157s] Level 1:colcon.colcon_core.package_identification:_identify(src/rmoss_master/rmoss_contrib) by extensions ['ignore', 'ignore_ament_install']
[0.157s] Level 1:colcon.colcon_core.package_identification:_identify(src/rmoss_master/rmoss_contrib) by extension 'ignore'
[0.157s] Level 1:colcon.colcon_core.package_identification:_identify(src/rmoss_master/rmoss_contrib) by extension 'ignore_ament_install'
[0.157s] Level 1:colcon.colcon_core.package_identification:_identify(src/rmoss_master/rmoss_contrib) by extensions ['colcon_pkg']
[0.157s] Level 1:colcon.colcon_core.package_identification:_identify(src/rmoss_master/rmoss_contrib) by extension 'colcon_pkg'
[0.157s] Level 1:colcon.colcon_core.package_identification:_identify(src/rmoss_master/rmoss_contrib) by extensions ['colcon_meta']
[0.157s] Level 1:colcon.colcon_core.package_identification:_identify(src/rmoss_master/rmoss_contrib) by extension 'colcon_meta'
[0.157s] Level 1:colcon.colcon_core.package_identification:_identify(src/rmoss_master/rmoss_contrib) by extensions ['ros']
[0.157s] Level 1:colcon.colcon_core.package_identification:_identify(src/rmoss_master/rmoss_contrib) by extension 'ros'
[0.157s] Level 1:colcon.colcon_core.package_identification:_identify(src/rmoss_master/rmoss_contrib) by extensions ['cmake', 'python']
[0.157s] Level 1:colcon.colcon_core.package_identification:_identify(src/rmoss_master/rmoss_contrib) by extension 'cmake'
[0.157s] Level 1:colcon.colcon_core.package_identification:_identify(src/rmoss_master/rmoss_contrib) by extension 'python'
[0.157s] Level 1:colcon.colcon_core.package_identification:_identify(src/rmoss_master/rmoss_contrib) by extensions ['python_setup_py']
[0.157s] Level 1:colcon.colcon_core.package_identification:_identify(src/rmoss_master/rmoss_contrib) by extension 'python_setup_py'
[0.157s] Level 1:colcon.colcon_core.package_identification:_identify(src/rmoss_master/rmoss_contrib/rmoss_auto_aim) by extensions ['ignore', 'ignore_ament_install']
[0.157s] Level 1:colcon.colcon_core.package_identification:_identify(src/rmoss_master/rmoss_contrib/rmoss_auto_aim) by extension 'ignore'
[0.157s] Level 1:colcon.colcon_core.package_identification:_identify(src/rmoss_master/rmoss_contrib/rmoss_auto_aim) by extension 'ignore_ament_install'
[0.157s] Level 1:colcon.colcon_core.package_identification:_identify(src/rmoss_master/rmoss_contrib/rmoss_auto_aim) by extensions ['colcon_pkg']
[0.157s] Level 1:colcon.colcon_core.package_identification:_identify(src/rmoss_master/rmoss_contrib/rmoss_auto_aim) by extension 'colcon_pkg'
[0.158s] Level 1:colcon.colcon_core.package_identification:_identify(src/rmoss_master/rmoss_contrib/rmoss_auto_aim) by extensions ['colcon_meta']
[0.158s] Level 1:colcon.colcon_core.package_identification:_identify(src/rmoss_master/rmoss_contrib/rmoss_auto_aim) by extension 'colcon_meta'
[0.158s] Level 1:colcon.colcon_core.package_identification:_identify(src/rmoss_master/rmoss_contrib/rmoss_auto_aim) by extensions ['ros']
[0.158s] Level 1:colcon.colcon_core.package_identification:_identify(src/rmoss_master/rmoss_contrib/rmoss_auto_aim) by extension 'ros'
[0.158s] DEBUG:colcon.colcon_core.package_identification:Package 'src/rmoss_master/rmoss_contrib/rmoss_auto_aim' with type 'ros.ament_cmake' and name 'rmoss_auto_aim'
[0.158s] Level 1:colcon.colcon_core.package_identification:_identify(src/rmoss_master/rmoss_contrib/rmoss_power_rune2019) by extensions ['ignore', 'ignore_ament_install']
[0.158s] Level 1:colcon.colcon_core.package_identification:_identify(src/rmoss_master/rmoss_contrib/rmoss_power_rune2019) by extension 'ignore'
[0.158s] Level 1:colcon.colcon_core.package_identification:_identify(src/rmoss_master/rmoss_contrib/rmoss_power_rune2019) by extension 'ignore_ament_install'
[0.158s] Level 1:colcon.colcon_core.package_identification:_identify(src/rmoss_master/rmoss_contrib/rmoss_power_rune2019) by extensions ['colcon_pkg']
[0.158s] Level 1:colcon.colcon_core.package_identification:_identify(src/rmoss_master/rmoss_contrib/rmoss_power_rune2019) by extension 'colcon_pkg'
[0.158s] Level 1:colcon.colcon_core.package_identification:_identify(src/rmoss_master/rmoss_contrib/rmoss_power_rune2019) by extensions ['colcon_meta']
[0.158s] Level 1:colcon.colcon_core.package_identification:_identify(src/rmoss_master/rmoss_contrib/rmoss_power_rune2019) by extension 'colcon_meta'
[0.158s] Level 1:colcon.colcon_core.package_identification:_identify(src/rmoss_master/rmoss_contrib/rmoss_power_rune2019) by extensions ['ros']
[0.158s] Level 1:colcon.colcon_core.package_identification:_identify(src/rmoss_master/rmoss_contrib/rmoss_power_rune2019) by extension 'ros'
[0.158s] Level 1:colcon.colcon_core.package_identification:_identify(src/rmoss_master/rmoss_contrib/rmoss_power_rune2019) ignored
[0.159s] Level 1:colcon.colcon_core.package_identification:_identify(src/rmoss_master/rmoss_core) by extensions ['ignore', 'ignore_ament_install']
[0.159s] Level 1:colcon.colcon_core.package_identification:_identify(src/rmoss_master/rmoss_core) by extension 'ignore'
[0.159s] Level 1:colcon.colcon_core.package_identification:_identify(src/rmoss_master/rmoss_core) by extension 'ignore_ament_install'
[0.159s] Level 1:colcon.colcon_core.package_identification:_identify(src/rmoss_master/rmoss_core) by extensions ['colcon_pkg']
[0.159s] Level 1:colcon.colcon_core.package_identification:_identify(src/rmoss_master/rmoss_core) by extension 'colcon_pkg'
[0.159s] Level 1:colcon.colcon_core.package_identification:_identify(src/rmoss_master/rmoss_core) by extensions ['colcon_meta']
[0.159s] Level 1:colcon.colcon_core.package_identification:_identify(src/rmoss_master/rmoss_core) by extension 'colcon_meta'
[0.159s] Level 1:colcon.colcon_core.package_identification:_identify(src/rmoss_master/rmoss_core) by extensions ['ros']
[0.159s] Level 1:colcon.colcon_core.package_identification:_identify(src/rmoss_master/rmoss_core) by extension 'ros'
[0.159s] Level 1:colcon.colcon_core.package_identification:_identify(src/rmoss_master/rmoss_core) by extensions ['cmake', 'python']
[0.159s] Level 1:colcon.colcon_core.package_identification:_identify(src/rmoss_master/rmoss_core) by extension 'cmake'
[0.159s] Level 1:colcon.colcon_core.package_identification:_identify(src/rmoss_master/rmoss_core) by extension 'python'
[0.159s] Level 1:colcon.colcon_core.package_identification:_identify(src/rmoss_master/rmoss_core) by extensions ['python_setup_py']
[0.159s] Level 1:colcon.colcon_core.package_identification:_identify(src/rmoss_master/rmoss_core) by extension 'python_setup_py'
[0.159s] Level 1:colcon.colcon_core.package_identification:_identify(src/rmoss_master/rmoss_core/rmoss_base) by extensions ['ignore', 'ignore_ament_install']
[0.159s] Level 1:colcon.colcon_core.package_identification:_identify(src/rmoss_master/rmoss_core/rmoss_base) by extension 'ignore'
[0.159s] Level 1:colcon.colcon_core.package_identification:_identify(src/rmoss_master/rmoss_core/rmoss_base) by extension 'ignore_ament_install'
[0.159s] Level 1:colcon.colcon_core.package_identification:_identify(src/rmoss_master/rmoss_core/rmoss_base) by extensions ['colcon_pkg']
[0.159s] Level 1:colcon.colcon_core.package_identification:_identify(src/rmoss_master/rmoss_core/rmoss_base) by extension 'colcon_pkg'
[0.159s] Level 1:colcon.colcon_core.package_identification:_identify(src/rmoss_master/rmoss_core/rmoss_base) by extensions ['colcon_meta']
[0.159s] Level 1:colcon.colcon_core.package_identification:_identify(src/rmoss_master/rmoss_core/rmoss_base) by extension 'colcon_meta'
[0.159s] Level 1:colcon.colcon_core.package_identification:_identify(src/rmoss_master/rmoss_core/rmoss_base) by extensions ['ros']
[0.159s] Level 1:colcon.colcon_core.package_identification:_identify(src/rmoss_master/rmoss_core/rmoss_base) by extension 'ros'
[0.160s] DEBUG:colcon.colcon_core.package_identification:Package 'src/rmoss_master/rmoss_core/rmoss_base' with type 'ros.ament_cmake' and name 'rmoss_base'
[0.160s] Level 1:colcon.colcon_core.package_identification:_identify(src/rmoss_master/rmoss_core/rmoss_cam) by extensions ['ignore', 'ignore_ament_install']
[0.160s] Level 1:colcon.colcon_core.package_identification:_identify(src/rmoss_master/rmoss_core/rmoss_cam) by extension 'ignore'
[0.160s] Level 1:colcon.colcon_core.package_identification:_identify(src/rmoss_master/rmoss_core/rmoss_cam) by extension 'ignore_ament_install'
[0.160s] Level 1:colcon.colcon_core.package_identification:_identify(src/rmoss_master/rmoss_core/rmoss_cam) by extensions ['colcon_pkg']
[0.160s] Level 1:colcon.colcon_core.package_identification:_identify(src/rmoss_master/rmoss_core/rmoss_cam) by extension 'colcon_pkg'
[0.160s] Level 1:colcon.colcon_core.package_identification:_identify(src/rmoss_master/rmoss_core/rmoss_cam) by extensions ['colcon_meta']
[0.160s] Level 1:colcon.colcon_core.package_identification:_identify(src/rmoss_master/rmoss_core/rmoss_cam) by extension 'colcon_meta'
[0.160s] Level 1:colcon.colcon_core.package_identification:_identify(src/rmoss_master/rmoss_core/rmoss_cam) by extensions ['ros']
[0.160s] Level 1:colcon.colcon_core.package_identification:_identify(src/rmoss_master/rmoss_core/rmoss_cam) by extension 'ros'
[0.161s] DEBUG:colcon.colcon_core.package_identification:Package 'src/rmoss_master/rmoss_core/rmoss_cam' with type 'ros.ament_cmake' and name 'rmoss_cam'
[0.161s] Level 1:colcon.colcon_core.package_identification:_identify(src/rmoss_master/rmoss_core/rmoss_core) by extensions ['ignore', 'ignore_ament_install']
[0.161s] Level 1:colcon.colcon_core.package_identification:_identify(src/rmoss_master/rmoss_core/rmoss_core) by extension 'ignore'
[0.161s] Level 1:colcon.colcon_core.package_identification:_identify(src/rmoss_master/rmoss_core/rmoss_core) by extension 'ignore_ament_install'
[0.161s] Level 1:colcon.colcon_core.package_identification:_identify(src/rmoss_master/rmoss_core/rmoss_core) by extensions ['colcon_pkg']
[0.161s] Level 1:colcon.colcon_core.package_identification:_identify(src/rmoss_master/rmoss_core/rmoss_core) by extension 'colcon_pkg'
[0.161s] Level 1:colcon.colcon_core.package_identification:_identify(src/rmoss_master/rmoss_core/rmoss_core) by extensions ['colcon_meta']
[0.161s] Level 1:colcon.colcon_core.package_identification:_identify(src/rmoss_master/rmoss_core/rmoss_core) by extension 'colcon_meta'
[0.161s] Level 1:colcon.colcon_core.package_identification:_identify(src/rmoss_master/rmoss_core/rmoss_core) by extensions ['ros']
[0.161s] Level 1:colcon.colcon_core.package_identification:_identify(src/rmoss_master/rmoss_core/rmoss_core) by extension 'ros'
[0.161s] DEBUG:colcon.colcon_core.package_identification:Package 'src/rmoss_master/rmoss_core/rmoss_core' with type 'ros.ament_cmake' and name 'rmoss_core'
[0.162s] Level 1:colcon.colcon_core.package_identification:_identify(src/rmoss_master/rmoss_core/rmoss_projectile_motion) by extensions ['ignore', 'ignore_ament_install']
[0.162s] Level 1:colcon.colcon_core.package_identification:_identify(src/rmoss_master/rmoss_core/rmoss_projectile_motion) by extension 'ignore'
[0.162s] Level 1:colcon.colcon_core.package_identification:_identify(src/rmoss_master/rmoss_core/rmoss_projectile_motion) by extension 'ignore_ament_install'
[0.162s] Level 1:colcon.colcon_core.package_identification:_identify(src/rmoss_master/rmoss_core/rmoss_projectile_motion) by extensions ['colcon_pkg']
[0.162s] Level 1:colcon.colcon_core.package_identification:_identify(src/rmoss_master/rmoss_core/rmoss_projectile_motion) by extension 'colcon_pkg'
[0.162s] Level 1:colcon.colcon_core.package_identification:_identify(src/rmoss_master/rmoss_core/rmoss_projectile_motion) by extensions ['colcon_meta']
[0.162s] Level 1:colcon.colcon_core.package_identification:_identify(src/rmoss_master/rmoss_core/rmoss_projectile_motion) by extension 'colcon_meta'
[0.162s] Level 1:colcon.colcon_core.package_identification:_identify(src/rmoss_master/rmoss_core/rmoss_projectile_motion) by extensions ['ros']
[0.162s] Level 1:colcon.colcon_core.package_identification:_identify(src/rmoss_master/rmoss_core/rmoss_projectile_motion) by extension 'ros'
[0.162s] DEBUG:colcon.colcon_core.package_identification:Package 'src/rmoss_master/rmoss_core/rmoss_projectile_motion' with type 'ros.ament_cmake' and name 'rmoss_projectile_motion'
[0.162s] Level 1:colcon.colcon_core.package_identification:_identify(src/rmoss_master/rmoss_core/rmoss_util) by extensions ['ignore', 'ignore_ament_install']
[0.163s] Level 1:colcon.colcon_core.package_identification:_identify(src/rmoss_master/rmoss_core/rmoss_util) by extension 'ignore'
[0.163s] Level 1:colcon.colcon_core.package_identification:_identify(src/rmoss_master/rmoss_core/rmoss_util) by extension 'ignore_ament_install'
[0.163s] Level 1:colcon.colcon_core.package_identification:_identify(src/rmoss_master/rmoss_core/rmoss_util) by extensions ['colcon_pkg']
[0.163s] Level 1:colcon.colcon_core.package_identification:_identify(src/rmoss_master/rmoss_core/rmoss_util) by extension 'colcon_pkg'
[0.163s] Level 1:colcon.colcon_core.package_identification:_identify(src/rmoss_master/rmoss_core/rmoss_util) by extensions ['colcon_meta']
[0.163s] Level 1:colcon.colcon_core.package_identification:_identify(src/rmoss_master/rmoss_core/rmoss_util) by extension 'colcon_meta'
[0.163s] Level 1:colcon.colcon_core.package_identification:_identify(src/rmoss_master/rmoss_core/rmoss_util) by extensions ['ros']
[0.163s] Level 1:colcon.colcon_core.package_identification:_identify(src/rmoss_master/rmoss_core/rmoss_util) by extension 'ros'
[0.163s] DEBUG:colcon.colcon_core.package_identification:Package 'src/rmoss_master/rmoss_core/rmoss_util' with type 'ros.ament_cmake' and name 'rmoss_util'
[0.164s] Level 1:colcon.colcon_core.package_identification:_identify(src/rmoss_master/rmoss_core/tools) by extensions ['ignore', 'ignore_ament_install']
[0.164s] Level 1:colcon.colcon_core.package_identification:_identify(src/rmoss_master/rmoss_core/tools) by extension 'ignore'
[0.164s] Level 1:colcon.colcon_core.package_identification:_identify(src/rmoss_master/rmoss_core/tools) by extension 'ignore_ament_install'
[0.164s] Level 1:colcon.colcon_core.package_identification:_identify(src/rmoss_master/rmoss_core/tools) by extensions ['colcon_pkg']
[0.164s] Level 1:colcon.colcon_core.package_identification:_identify(src/rmoss_master/rmoss_core/tools) by extension 'colcon_pkg'
[0.164s] Level 1:colcon.colcon_core.package_identification:_identify(src/rmoss_master/rmoss_core/tools) by extensions ['colcon_meta']
[0.164s] Level 1:colcon.colcon_core.package_identification:_identify(src/rmoss_master/rmoss_core/tools) by extension 'colcon_meta'
[0.164s] Level 1:colcon.colcon_core.package_identification:_identify(src/rmoss_master/rmoss_core/tools) by extensions ['ros']
[0.164s] Level 1:colcon.colcon_core.package_identification:_identify(src/rmoss_master/rmoss_core/tools) by extension 'ros'
[0.164s] Level 1:colcon.colcon_core.package_identification:_identify(src/rmoss_master/rmoss_core/tools) by extensions ['cmake', 'python']
[0.164s] Level 1:colcon.colcon_core.package_identification:_identify(src/rmoss_master/rmoss_core/tools) by extension 'cmake'
[0.164s] Level 1:colcon.colcon_core.package_identification:_identify(src/rmoss_master/rmoss_core/tools) by extension 'python'
[0.164s] Level 1:colcon.colcon_core.package_identification:_identify(src/rmoss_master/rmoss_core/tools) by extensions ['python_setup_py']
[0.164s] Level 1:colcon.colcon_core.package_identification:_identify(src/rmoss_master/rmoss_core/tools) by extension 'python_setup_py'
[0.164s] Level 1:colcon.colcon_core.package_identification:_identify(src/rmoss_master/rmoss_daheng_driver) by extensions ['ignore', 'ignore_ament_install']
[0.164s] Level 1:colcon.colcon_core.package_identification:_identify(src/rmoss_master/rmoss_daheng_driver) by extension 'ignore'
[0.164s] Level 1:colcon.colcon_core.package_identification:_identify(src/rmoss_master/rmoss_daheng_driver) by extension 'ignore_ament_install'
[0.164s] Level 1:colcon.colcon_core.package_identification:_identify(src/rmoss_master/rmoss_daheng_driver) by extensions ['colcon_pkg']
[0.164s] Level 1:colcon.colcon_core.package_identification:_identify(src/rmoss_master/rmoss_daheng_driver) by extension 'colcon_pkg'
[0.164s] Level 1:colcon.colcon_core.package_identification:_identify(src/rmoss_master/rmoss_daheng_driver) by extensions ['colcon_meta']
[0.164s] Level 1:colcon.colcon_core.package_identification:_identify(src/rmoss_master/rmoss_daheng_driver) by extension 'colcon_meta'
[0.164s] Level 1:colcon.colcon_core.package_identification:_identify(src/rmoss_master/rmoss_daheng_driver) by extensions ['ros']
[0.164s] Level 1:colcon.colcon_core.package_identification:_identify(src/rmoss_master/rmoss_daheng_driver) by extension 'ros'
[0.165s] DEBUG:colcon.colcon_core.package_identification:Package 'src/rmoss_master/rmoss_daheng_driver' with type 'ros.ament_cmake' and name 'rmoss_daheng_driver'
[0.165s] Level 1:colcon.colcon_core.package_identification:_identify(src/rmoss_master/rmoss_ign) by extensions ['ignore', 'ignore_ament_install']
[0.165s] Level 1:colcon.colcon_core.package_identification:_identify(src/rmoss_master/rmoss_ign) by extension 'ignore'
[0.165s] Level 1:colcon.colcon_core.package_identification:_identify(src/rmoss_master/rmoss_ign) by extension 'ignore_ament_install'
[0.165s] Level 1:colcon.colcon_core.package_identification:_identify(src/rmoss_master/rmoss_ign) by extensions ['colcon_pkg']
[0.165s] Level 1:colcon.colcon_core.package_identification:_identify(src/rmoss_master/rmoss_ign) by extension 'colcon_pkg'
[0.165s] Level 1:colcon.colcon_core.package_identification:_identify(src/rmoss_master/rmoss_ign) by extensions ['colcon_meta']
[0.165s] Level 1:colcon.colcon_core.package_identification:_identify(src/rmoss_master/rmoss_ign) by extension 'colcon_meta'
[0.165s] Level 1:colcon.colcon_core.package_identification:_identify(src/rmoss_master/rmoss_ign) by extensions ['ros']
[0.165s] Level 1:colcon.colcon_core.package_identification:_identify(src/rmoss_master/rmoss_ign) by extension 'ros'
[0.165s] Level 1:colcon.colcon_core.package_identification:_identify(src/rmoss_master/rmoss_ign) ignored
[0.166s] Level 1:colcon.colcon_core.package_identification:_identify(src/rmoss_master/rmoss_ign_resources) by extensions ['ignore', 'ignore_ament_install']
[0.166s] Level 1:colcon.colcon_core.package_identification:_identify(src/rmoss_master/rmoss_ign_resources) by extension 'ignore'
[0.166s] Level 1:colcon.colcon_core.package_identification:_identify(src/rmoss_master/rmoss_ign_resources) by extension 'ignore_ament_install'
[0.166s] Level 1:colcon.colcon_core.package_identification:_identify(src/rmoss_master/rmoss_ign_resources) by extensions ['colcon_pkg']
[0.166s] Level 1:colcon.colcon_core.package_identification:_identify(src/rmoss_master/rmoss_ign_resources) by extension 'colcon_pkg'
[0.166s] Level 1:colcon.colcon_core.package_identification:_identify(src/rmoss_master/rmoss_ign_resources) by extensions ['colcon_meta']
[0.166s] Level 1:colcon.colcon_core.package_identification:_identify(src/rmoss_master/rmoss_ign_resources) by extension 'colcon_meta'
[0.166s] Level 1:colcon.colcon_core.package_identification:_identify(src/rmoss_master/rmoss_ign_resources) by extensions ['ros']
[0.166s] Level 1:colcon.colcon_core.package_identification:_identify(src/rmoss_master/rmoss_ign_resources) by extension 'ros'
[0.166s] Level 1:colcon.colcon_core.package_identification:_identify(src/rmoss_master/rmoss_ign_resources) ignored
[0.166s] Level 1:colcon.colcon_core.package_identification:_identify(src/rmoss_master/rmoss_interfaces) by extensions ['ignore', 'ignore_ament_install']
[0.166s] Level 1:colcon.colcon_core.package_identification:_identify(src/rmoss_master/rmoss_interfaces) by extension 'ignore'
[0.166s] Level 1:colcon.colcon_core.package_identification:_identify(src/rmoss_master/rmoss_interfaces) by extension 'ignore_ament_install'
[0.166s] Level 1:colcon.colcon_core.package_identification:_identify(src/rmoss_master/rmoss_interfaces) by extensions ['colcon_pkg']
[0.166s] Level 1:colcon.colcon_core.package_identification:_identify(src/rmoss_master/rmoss_interfaces) by extension 'colcon_pkg'
[0.166s] Level 1:colcon.colcon_core.package_identification:_identify(src/rmoss_master/rmoss_interfaces) by extensions ['colcon_meta']
[0.166s] Level 1:colcon.colcon_core.package_identification:_identify(src/rmoss_master/rmoss_interfaces) by extension 'colcon_meta'
[0.166s] Level 1:colcon.colcon_core.package_identification:_identify(src/rmoss_master/rmoss_interfaces) by extensions ['ros']
[0.166s] Level 1:colcon.colcon_core.package_identification:_identify(src/rmoss_master/rmoss_interfaces) by extension 'ros'
[0.167s] DEBUG:colcon.colcon_core.package_identification:Package 'src/rmoss_master/rmoss_interfaces' with type 'ros.ament_cmake' and name 'rmoss_interfaces'
[0.167s] Level 1:colcon.colcon_core.package_identification:_identify(src/serialport) by extensions ['ignore', 'ignore_ament_install']
[0.167s] Level 1:colcon.colcon_core.package_identification:_identify(src/serialport) by extension 'ignore'
[0.167s] Level 1:colcon.colcon_core.package_identification:_identify(src/serialport) by extension 'ignore_ament_install'
[0.167s] Level 1:colcon.colcon_core.package_identification:_identify(src/serialport) by extensions ['colcon_pkg']
[0.167s] Level 1:colcon.colcon_core.package_identification:_identify(src/serialport) by extension 'colcon_pkg'
[0.167s] Level 1:colcon.colcon_core.package_identification:_identify(src/serialport) by extensions ['colcon_meta']
[0.167s] Level 1:colcon.colcon_core.package_identification:_identify(src/serialport) by extension 'colcon_meta'
[0.167s] Level 1:colcon.colcon_core.package_identification:_identify(src/serialport) by extensions ['ros']
[0.167s] Level 1:colcon.colcon_core.package_identification:_identify(src/serialport) by extension 'ros'
[0.168s] DEBUG:colcon.colcon_core.package_identification:Package 'src/serialport' with type 'ros.ament_cmake' and name 'serialport'
[0.168s] Level 1:colcon.colcon_core.package_identification:_identify(src/vehicle_system) by extensions ['ignore', 'ignore_ament_install']
[0.168s] Level 1:colcon.colcon_core.package_identification:_identify(src/vehicle_system) by extension 'ignore'
[0.168s] Level 1:colcon.colcon_core.package_identification:_identify(src/vehicle_system) by extension 'ignore_ament_install'
[0.169s] Level 1:colcon.colcon_core.package_identification:_identify(src/vehicle_system) by extensions ['colcon_pkg']
[0.169s] Level 1:colcon.colcon_core.package_identification:_identify(src/vehicle_system) by extension 'colcon_pkg'
[0.169s] Level 1:colcon.colcon_core.package_identification:_identify(src/vehicle_system) by extensions ['colcon_meta']
[0.169s] Level 1:colcon.colcon_core.package_identification:_identify(src/vehicle_system) by extension 'colcon_meta'
[0.169s] Level 1:colcon.colcon_core.package_identification:_identify(src/vehicle_system) by extensions ['ros']
[0.169s] Level 1:colcon.colcon_core.package_identification:_identify(src/vehicle_system) by extension 'ros'
[0.169s] Level 1:colcon.colcon_core.package_identification:_identify(src/vehicle_system) by extensions ['cmake', 'python']
[0.169s] Level 1:colcon.colcon_core.package_identification:_identify(src/vehicle_system) by extension 'cmake'
[0.169s] Level 1:colcon.colcon_core.package_identification:_identify(src/vehicle_system) by extension 'python'
[0.169s] Level 1:colcon.colcon_core.package_identification:_identify(src/vehicle_system) by extensions ['python_setup_py']
[0.169s] Level 1:colcon.colcon_core.package_identification:_identify(src/vehicle_system) by extension 'python_setup_py'
[0.169s] Level 1:colcon.colcon_core.package_identification:_identify(src/vehicle_system/autoaim) by extensions ['ignore', 'ignore_ament_install']
[0.169s] Level 1:colcon.colcon_core.package_identification:_identify(src/vehicle_system/autoaim) by extension 'ignore'
[0.169s] Level 1:colcon.colcon_core.package_identification:_identify(src/vehicle_system/autoaim) by extension 'ignore_ament_install'
[0.169s] Level 1:colcon.colcon_core.package_identification:_identify(src/vehicle_system/autoaim) by extensions ['colcon_pkg']
[0.169s] Level 1:colcon.colcon_core.package_identification:_identify(src/vehicle_system/autoaim) by extension 'colcon_pkg'
[0.169s] Level 1:colcon.colcon_core.package_identification:_identify(src/vehicle_system/autoaim) by extensions ['colcon_meta']
[0.169s] Level 1:colcon.colcon_core.package_identification:_identify(src/vehicle_system/autoaim) by extension 'colcon_meta'
[0.169s] Level 1:colcon.colcon_core.package_identification:_identify(src/vehicle_system/autoaim) by extensions ['ros']
[0.169s] Level 1:colcon.colcon_core.package_identification:_identify(src/vehicle_system/autoaim) by extension 'ros'
[0.169s] Level 1:colcon.colcon_core.package_identification:_identify(src/vehicle_system/autoaim) by extensions ['cmake', 'python']
[0.169s] Level 1:colcon.colcon_core.package_identification:_identify(src/vehicle_system/autoaim) by extension 'cmake'
[0.169s] Level 1:colcon.colcon_core.package_identification:_identify(src/vehicle_system/autoaim) by extension 'python'
[0.169s] Level 1:colcon.colcon_core.package_identification:_identify(src/vehicle_system/autoaim) by extensions ['python_setup_py']
[0.169s] Level 1:colcon.colcon_core.package_identification:_identify(src/vehicle_system/autoaim) by extension 'python_setup_py'
[0.169s] Level 1:colcon.colcon_core.package_identification:_identify(src/vehicle_system/autoaim/armor_detector) by extensions ['ignore', 'ignore_ament_install']
[0.169s] Level 1:colcon.colcon_core.package_identification:_identify(src/vehicle_system/autoaim/armor_detector) by extension 'ignore'
[0.169s] Level 1:colcon.colcon_core.package_identification:_identify(src/vehicle_system/autoaim/armor_detector) by extension 'ignore_ament_install'
[0.169s] Level 1:colcon.colcon_core.package_identification:_identify(src/vehicle_system/autoaim/armor_detector) by extensions ['colcon_pkg']
[0.169s] Level 1:colcon.colcon_core.package_identification:_identify(src/vehicle_system/autoaim/armor_detector) by extension 'colcon_pkg'
[0.170s] Level 1:colcon.colcon_core.package_identification:_identify(src/vehicle_system/autoaim/armor_detector) by extensions ['colcon_meta']
[0.170s] Level 1:colcon.colcon_core.package_identification:_identify(src/vehicle_system/autoaim/armor_detector) by extension 'colcon_meta'
[0.170s] Level 1:colcon.colcon_core.package_identification:_identify(src/vehicle_system/autoaim/armor_detector) by extensions ['ros']
[0.170s] Level 1:colcon.colcon_core.package_identification:_identify(src/vehicle_system/autoaim/armor_detector) by extension 'ros'
[0.170s] DEBUG:colcon.colcon_core.package_identification:Package 'src/vehicle_system/autoaim/armor_detector' with type 'ros.ament_cmake' and name 'armor_detector'
[0.170s] Level 1:colcon.colcon_core.package_identification:_identify(src/vehicle_system/autoaim/armor_processor) by extensions ['ignore', 'ignore_ament_install']
[0.170s] Level 1:colcon.colcon_core.package_identification:_identify(src/vehicle_system/autoaim/armor_processor) by extension 'ignore'
[0.171s] Level 1:colcon.colcon_core.package_identification:_identify(src/vehicle_system/autoaim/armor_processor) by extension 'ignore_ament_install'
[0.171s] Level 1:colcon.colcon_core.package_identification:_identify(src/vehicle_system/autoaim/armor_processor) by extensions ['colcon_pkg']
[0.171s] Level 1:colcon.colcon_core.package_identification:_identify(src/vehicle_system/autoaim/armor_processor) by extension 'colcon_pkg'
[0.171s] Level 1:colcon.colcon_core.package_identification:_identify(src/vehicle_system/autoaim/armor_processor) by extensions ['colcon_meta']
[0.171s] Level 1:colcon.colcon_core.package_identification:_identify(src/vehicle_system/autoaim/armor_processor) by extension 'colcon_meta'
[0.171s] Level 1:colcon.colcon_core.package_identification:_identify(src/vehicle_system/autoaim/armor_processor) by extensions ['ros']
[0.171s] Level 1:colcon.colcon_core.package_identification:_identify(src/vehicle_system/autoaim/armor_processor) by extension 'ros'
[0.172s] DEBUG:colcon.colcon_core.package_identification:Package 'src/vehicle_system/autoaim/armor_processor' with type 'ros.ament_cmake' and name 'armor_processor'
[0.172s] Level 1:colcon.colcon_core.package_identification:_identify(src/vehicle_system/binocular) by extensions ['ignore', 'ignore_ament_install']
[0.172s] Level 1:colcon.colcon_core.package_identification:_identify(src/vehicle_system/binocular) by extension 'ignore'
[0.172s] Level 1:colcon.colcon_core.package_identification:_identify(src/vehicle_system/binocular) by extension 'ignore_ament_install'
[0.172s] Level 1:colcon.colcon_core.package_identification:_identify(src/vehicle_system/binocular) by extensions ['colcon_pkg']
[0.172s] Level 1:colcon.colcon_core.package_identification:_identify(src/vehicle_system/binocular) by extension 'colcon_pkg'
[0.172s] Level 1:colcon.colcon_core.package_identification:_identify(src/vehicle_system/binocular) by extensions ['colcon_meta']
[0.172s] Level 1:colcon.colcon_core.package_identification:_identify(src/vehicle_system/binocular) by extension 'colcon_meta'
[0.172s] Level 1:colcon.colcon_core.package_identification:_identify(src/vehicle_system/binocular) by extensions ['ros']
[0.172s] Level 1:colcon.colcon_core.package_identification:_identify(src/vehicle_system/binocular) by extension 'ros'
[0.174s] DEBUG:colcon.colcon_core.package_identification:Package 'src/vehicle_system/binocular' with type 'ros.ament_cmake' and name 'binocular'
[0.174s] Level 1:colcon.colcon_core.package_identification:_identify(src/vehicle_system/buff) by extensions ['ignore', 'ignore_ament_install']
[0.174s] Level 1:colcon.colcon_core.package_identification:_identify(src/vehicle_system/buff) by extension 'ignore'
[0.174s] Level 1:colcon.colcon_core.package_identification:_identify(src/vehicle_system/buff) by extension 'ignore_ament_install'
[0.174s] Level 1:colcon.colcon_core.package_identification:_identify(src/vehicle_system/buff) by extensions ['colcon_pkg']
[0.174s] Level 1:colcon.colcon_core.package_identification:_identify(src/vehicle_system/buff) by extension 'colcon_pkg'
[0.174s] Level 1:colcon.colcon_core.package_identification:_identify(src/vehicle_system/buff) by extensions ['colcon_meta']
[0.174s] Level 1:colcon.colcon_core.package_identification:_identify(src/vehicle_system/buff) by extension 'colcon_meta'
[0.174s] Level 1:colcon.colcon_core.package_identification:_identify(src/vehicle_system/buff) by extensions ['ros']
[0.174s] Level 1:colcon.colcon_core.package_identification:_identify(src/vehicle_system/buff) by extension 'ros'
[0.176s] DEBUG:colcon.colcon_core.package_identification:Package 'src/vehicle_system/buff' with type 'ros.ament_cmake' and name 'buff'
[0.176s] Level 1:colcon.colcon_core.package_identification:_identify(src/vehicle_system/filter) by extensions ['ignore', 'ignore_ament_install']
[0.176s] Level 1:colcon.colcon_core.package_identification:_identify(src/vehicle_system/filter) by extension 'ignore'
[0.176s] Level 1:colcon.colcon_core.package_identification:_identify(src/vehicle_system/filter) by extension 'ignore_ament_install'
[0.176s] Level 1:colcon.colcon_core.package_identification:_identify(src/vehicle_system/filter) by extensions ['colcon_pkg']
[0.176s] Level 1:colcon.colcon_core.package_identification:_identify(src/vehicle_system/filter) by extension 'colcon_pkg'
[0.176s] Level 1:colcon.colcon_core.package_identification:_identify(src/vehicle_system/filter) by extensions ['colcon_meta']
[0.176s] Level 1:colcon.colcon_core.package_identification:_identify(src/vehicle_system/filter) by extension 'colcon_meta'
[0.176s] Level 1:colcon.colcon_core.package_identification:_identify(src/vehicle_system/filter) by extensions ['ros']
[0.176s] Level 1:colcon.colcon_core.package_identification:_identify(src/vehicle_system/filter) by extension 'ros'
[0.178s] DEBUG:colcon.colcon_core.package_identification:Package 'src/vehicle_system/filter' with type 'ros.ament_cmake' and name 'filter'
[0.178s] Level 1:colcon.colcon_core.package_discovery:discover_packages(recursive) using defaults
[0.178s] Level 1:colcon.colcon_core.package_discovery:discover_packages(ignore) discover
[0.178s] Level 1:colcon.colcon_core.package_discovery:discover_packages(ignore) using defaults
[0.178s] Level 1:colcon.colcon_core.package_discovery:discover_packages(path) discover
[0.178s] Level 1:colcon.colcon_core.package_discovery:discover_packages(path) using defaults
[0.193s] INFO:colcon.colcon_core.package_selection:Skipping not selected package 'arm_controller' in 'src/arm_controller'
[0.193s] INFO:colcon.colcon_core.package_selection:Skipping not selected package 'armor_detector' in 'src/vehicle_system/autoaim/armor_detector'
[0.193s] INFO:colcon.colcon_core.package_selection:Skipping not selected package 'armor_processor' in 'src/vehicle_system/autoaim/armor_processor'
[0.194s] INFO:colcon.colcon_core.package_selection:Skipping not selected package 'auto_navigation' in 'src/auto_navigation'
[0.194s] INFO:colcon.colcon_core.package_selection:Skipping not selected package 'binocular' in 'src/vehicle_system/binocular'
[0.194s] INFO:colcon.colcon_core.package_selection:Skipping not selected package 'buff' in 'src/vehicle_system/buff'
[0.194s] INFO:colcon.colcon_core.package_selection:Skipping not selected package 'filter' in 'src/vehicle_system/filter'
[0.194s] INFO:colcon.colcon_core.package_selection:Skipping not selected package 'rmoss_interfaces' in 'src/rmoss_master/rmoss_interfaces'
[0.194s] INFO:colcon.colcon_core.package_selection:Skipping not selected package 'rmoss_projectile_motion' in 'src/rmoss_master/rmoss_core/rmoss_projectile_motion'
[0.194s] INFO:colcon.colcon_core.package_selection:Skipping not selected package 'rmoss_base' in 'src/rmoss_master/rmoss_core/rmoss_base'
[0.194s] INFO:colcon.colcon_core.package_selection:Skipping not selected package 'rmoss_util' in 'src/rmoss_master/rmoss_core/rmoss_util'
[0.194s] INFO:colcon.colcon_core.package_selection:Skipping not selected package 'serialport' in 'src/serialport'
[0.194s] INFO:colcon.colcon_core.package_selection:Skipping not selected package 'rmoss_cam' in 'src/rmoss_master/rmoss_core/rmoss_cam'
[0.194s] INFO:colcon.colcon_core.package_selection:Skipping not selected package 'rmoss_auto_aim' in 'src/rmoss_master/rmoss_contrib/rmoss_auto_aim'
[0.194s] INFO:colcon.colcon_core.package_selection:Skipping not selected package 'rmoss_core' in 'src/rmoss_master/rmoss_core/rmoss_core'
[0.194s] INFO:colcon.colcon_core.package_selection:Skipping not selected package 'rmoss_daheng_driver' in 'src/rmoss_master/rmoss_daheng_driver'
[0.194s] Level 1:colcon.colcon_core.package_discovery:discover_packages(prefix_path) check parameters
[0.194s] Level 1:colcon.colcon_core.package_discovery:discover_packages(prefix_path) discover
[0.197s] DEBUG:colcon.colcon_installed_package_information.package_discovery:Found 270 installed packages in /opt/ros/galactic
[0.198s] Level 1:colcon.colcon_core.package_discovery:discover_packages(prefix_path) using defaults
[0.248s] Level 5:colcon.colcon_core.verb:set package 'global_interface' build argument 'cmake_args' from command line to 'None'
[0.249s] Level 5:colcon.colcon_core.verb:set package 'global_interface' build argument 'cmake_target' from command line to 'None'
[0.249s] Level 5:colcon.colcon_core.verb:set package 'global_interface' build argument 'cmake_target_skip_unavailable' from command line to 'False'
[0.249s] Level 5:colcon.colcon_core.verb:set package 'global_interface' build argument 'cmake_clean_cache' from command line to 'False'
[0.249s] Level 5:colcon.colcon_core.verb:set package 'global_interface' build argument 'cmake_clean_first' from command line to 'False'
[0.249s] Level 5:colcon.colcon_core.verb:set package 'global_interface' build argument 'cmake_force_configure' from command line to 'False'
[0.249s] Level 5:colcon.colcon_core.verb:set package 'global_interface' build argument 'ament_cmake_args' from command line to 'None'
[0.249s] Level 5:colcon.colcon_core.verb:set package 'global_interface' build argument 'catkin_cmake_args' from command line to 'None'
[0.249s] Level 5:colcon.colcon_core.verb:set package 'global_interface' build argument 'catkin_skip_building_tests' from command line to 'False'
[0.249s] DEBUG:colcon.colcon_core.verb:Building package 'global_interface' with the following arguments: {'ament_cmake_args': None, 'build_base': '/home/zhengtu/Desktop/TUP-Vision-2023-Based/build/global_interface', 'catkin_cmake_args': None, 'catkin_skip_building_tests': False, 'cmake_args': None, 'cmake_clean_cache': False, 'cmake_clean_first': False, 'cmake_force_configure': False, 'cmake_target': None, 'cmake_target_skip_unavailable': False, 'install_base': '/home/zhengtu/Desktop/TUP-Vision-2023-Based/install/global_interface', 'merge_install': False, 'path': '/home/zhengtu/Desktop/TUP-Vision-2023-Based/src/global_interface', 'symlink_install': False, 'test_result_base': None}
[0.249s] Level 5:colcon.colcon_core.verb:set package 'global_user' build argument 'cmake_args' from command line to 'None'
[0.249s] Level 5:colcon.colcon_core.verb:set package 'global_user' build argument 'cmake_target' from command line to 'None'
[0.249s] Level 5:colcon.colcon_core.verb:set package 'global_user' build argument 'cmake_target_skip_unavailable' from command line to 'False'
[0.249s] Level 5:colcon.colcon_core.verb:set package 'global_user' build argument 'cmake_clean_cache' from command line to 'False'
[0.249s] Level 5:colcon.colcon_core.verb:set package 'global_user' build argument 'cmake_clean_first' from command line to 'False'
[0.249s] Level 5:colcon.colcon_core.verb:set package 'global_user' build argument 'cmake_force_configure' from command line to 'False'
[0.249s] Level 5:colcon.colcon_core.verb:set package 'global_user' build argument 'ament_cmake_args' from command line to 'None'
[0.249s] Level 5:colcon.colcon_core.verb:set package 'global_user' build argument 'catkin_cmake_args' from command line to 'None'
[0.250s] Level 5:colcon.colcon_core.verb:set package 'global_user' build argument 'catkin_skip_building_tests' from command line to 'False'
[0.250s] DEBUG:colcon.colcon_core.verb:Building package 'global_user' with the following arguments: {'ament_cmake_args': None, 'build_base': '/home/zhengtu/Desktop/TUP-Vision-2023-Based/build/global_user', 'catkin_cmake_args': None, 'catkin_skip_building_tests': False, 'cmake_args': None, 'cmake_clean_cache': False, 'cmake_clean_first': False, 'cmake_force_configure': False, 'cmake_target': None, 'cmake_target_skip_unavailable': False, 'install_base': '/home/zhengtu/Desktop/TUP-Vision-2023-Based/install/global_user', 'merge_install': False, 'path': '/home/zhengtu/Desktop/TUP-Vision-2023-Based/src/global_user', 'symlink_install': False, 'test_result_base': None}
[0.250s] Level 5:colcon.colcon_core.verb:set package 'camera_driver' build argument 'cmake_args' from command line to 'None'
[0.250s] Level 5:colcon.colcon_core.verb:set package 'camera_driver' build argument 'cmake_target' from command line to 'None'
[0.250s] Level 5:colcon.colcon_core.verb:set package 'camera_driver' build argument 'cmake_target_skip_unavailable' from command line to 'False'
[0.250s] Level 5:colcon.colcon_core.verb:set package 'camera_driver' build argument 'cmake_clean_cache' from command line to 'False'
[0.250s] Level 5:colcon.colcon_core.verb:set package 'camera_driver' build argument 'cmake_clean_first' from command line to 'False'
[0.250s] Level 5:colcon.colcon_core.verb:set package 'camera_driver' build argument 'cmake_force_configure' from command line to 'False'
[0.250s] Level 5:colcon.colcon_core.verb:set package 'camera_driver' build argument 'ament_cmake_args' from command line to 'None'
[0.250s] Level 5:colcon.colcon_core.verb:set package 'camera_driver' build argument 'catkin_cmake_args' from command line to 'None'
[0.250s] Level 5:colcon.colcon_core.verb:set package 'camera_driver' build argument 'catkin_skip_building_tests' from command line to 'False'
[0.250s] DEBUG:colcon.colcon_core.verb:Building package 'camera_driver' with the following arguments: {'ament_cmake_args': None, 'build_base': '/home/zhengtu/Desktop/TUP-Vision-2023-Based/build/camera_driver', 'catkin_cmake_args': None, 'catkin_skip_building_tests': False, 'cmake_args': None, 'cmake_clean_cache': False, 'cmake_clean_first': False, 'cmake_force_configure': False, 'cmake_target': None, 'cmake_target_skip_unavailable': False, 'install_base': '/home/zhengtu/Desktop/TUP-Vision-2023-Based/install/camera_driver', 'merge_install': False, 'path': '/home/zhengtu/Desktop/TUP-Vision-2023-Based/src/camera_driver', 'symlink_install': False, 'test_result_base': None}
[0.251s] INFO:colcon.colcon_core.executor:Executing jobs using 'parallel' executor
[0.254s] DEBUG:colcon.colcon_parallel_executor.executor.parallel:run_until_complete
[0.254s] INFO:colcon.colcon_ros.task.ament_cmake.build:Building ROS package in '/home/zhengtu/Desktop/TUP-Vision-2023-Based/src/global_interface' with build type 'ament_cmake'
[0.254s] INFO:colcon.colcon_cmake.task.cmake.build:Building CMake package in '/home/zhengtu/Desktop/TUP-Vision-2023-Based/src/global_interface'
[0.260s] INFO:colcon.colcon_core.plugin_system:Skipping extension 'colcon_core.shell.bat': Not used on non-Windows systems
[0.260s] INFO:colcon.colcon_core.shell:Skip shell extension 'powershell' for command environment: Not usable outside of PowerShell
[0.260s] DEBUG:colcon.colcon_core.shell:Skip shell extension 'dsv' for command environment
[0.266s] INFO:colcon.colcon_ros.task.ament_cmake.build:Building ROS package in '/home/zhengtu/Desktop/TUP-Vision-2023-Based/src/global_user' with build type 'ament_cmake'
[0.266s] INFO:colcon.colcon_cmake.task.cmake.build:Building CMake package in '/home/zhengtu/Desktop/TUP-Vision-2023-Based/src/global_user'
[0.268s] INFO:colcon.colcon_core.shell:Skip shell extension 'powershell' for command environment: Not usable outside of PowerShell
[0.268s] DEBUG:colcon.colcon_core.shell:Skip shell extension 'dsv' for command environment
[0.279s] DEBUG:colcon.colcon_core.event_handler.log_command:Invoking command in '/home/zhengtu/Desktop/TUP-Vision-2023-Based/build/global_interface': CMAKE_PREFIX_PATH=/opt/ros/galactic /usr/bin/cmake /home/zhengtu/Desktop/TUP-Vision-2023-Based/src/global_interface -DCMAKE_INSTALL_PREFIX=/home/zhengtu/Desktop/TUP-Vision-2023-Based/install/global_interface
[0.291s] DEBUG:colcon.colcon_core.event_handler.log_command:Invoking command in '/home/zhengtu/Desktop/TUP-Vision-2023-Based/build/global_user': CMAKE_PREFIX_PATH=/opt/ros/galactic /usr/bin/cmake /home/zhengtu/Desktop/TUP-Vision-2023-Based/src/global_user -DCMAKE_INSTALL_PREFIX=/home/zhengtu/Desktop/TUP-Vision-2023-Based/install/global_user
[2.474s] DEBUG:colcon.colcon_core.event_handler.log_command:Invoked command in '/home/zhengtu/Desktop/TUP-Vision-2023-Based/build/global_user' returned '0': CMAKE_PREFIX_PATH=/opt/ros/galactic /usr/bin/cmake /home/zhengtu/Desktop/TUP-Vision-2023-Based/src/global_user -DCMAKE_INSTALL_PREFIX=/home/zhengtu/Desktop/TUP-Vision-2023-Based/install/global_user
[2.479s] DEBUG:colcon.colcon_core.event_handler.log_command:Invoking command in '/home/zhengtu/Desktop/TUP-Vision-2023-Based/build/global_user': CMAKE_PREFIX_PATH=/opt/ros/galactic /usr/bin/cmake --build /home/zhengtu/Desktop/TUP-Vision-2023-Based/build/global_user -- -j16 -l16
[2.806s] DEBUG:colcon.colcon_core.event_handler.log_command:Invoked command in '/home/zhengtu/Desktop/TUP-Vision-2023-Based/build/global_interface' returned '0': CMAKE_PREFIX_PATH=/opt/ros/galactic /usr/bin/cmake /home/zhengtu/Desktop/TUP-Vision-2023-Based/src/global_interface -DCMAKE_INSTALL_PREFIX=/home/zhengtu/Desktop/TUP-Vision-2023-Based/install/global_interface
[2.811s] DEBUG:colcon.colcon_core.event_handler.log_command:Invoking command in '/home/zhengtu/Desktop/TUP-Vision-2023-Based/build/global_interface': CMAKE_PREFIX_PATH=/opt/ros/galactic /usr/bin/cmake --build /home/zhengtu/Desktop/TUP-Vision-2023-Based/build/global_interface -- -j16 -l16
[6.223s] DEBUG:colcon.colcon_core.event_handler.log_command:Invoked command in '/home/zhengtu/Desktop/TUP-Vision-2023-Based/build/global_interface' returned '0': CMAKE_PREFIX_PATH=/opt/ros/galactic /usr/bin/cmake --build /home/zhengtu/Desktop/TUP-Vision-2023-Based/build/global_interface -- -j16 -l16
[6.346s] DEBUG:colcon.colcon_core.event_handler.log_command:Invoking command in '/home/zhengtu/Desktop/TUP-Vision-2023-Based/build/global_interface': CMAKE_PREFIX_PATH=/opt/ros/galactic /usr/bin/cmake --install /home/zhengtu/Desktop/TUP-Vision-2023-Based/build/global_interface
[6.413s] Level 1:colcon.colcon_core.environment:create_environment_scripts_only(global_interface)
[6.414s] DEBUG:colcon.colcon_core.event_handler.log_command:Invoked command in '/home/zhengtu/Desktop/TUP-Vision-2023-Based/build/global_interface' returned '0': CMAKE_PREFIX_PATH=/opt/ros/galactic /usr/bin/cmake --install /home/zhengtu/Desktop/TUP-Vision-2023-Based/build/global_interface
[6.421s] Level 1:colcon.colcon_core.environment:checking '/home/zhengtu/Desktop/TUP-Vision-2023-Based/install/global_interface' for CMake module files
[6.422s] Level 1:colcon.colcon_core.environment:checking '/home/zhengtu/Desktop/TUP-Vision-2023-Based/install/global_interface' for CMake config files
[6.422s] Level 1:colcon.colcon_core.shell:create_environment_hook('global_interface', 'cmake_prefix_path')
[6.424s] INFO:colcon.colcon_core.shell:Creating environment hook '/home/zhengtu/Desktop/TUP-Vision-2023-Based/install/global_interface/share/global_interface/hook/cmake_prefix_path.ps1'
[6.425s] INFO:colcon.colcon_core.shell:Creating environment descriptor '/home/zhengtu/Desktop/TUP-Vision-2023-Based/install/global_interface/share/global_interface/hook/cmake_prefix_path.dsv'
[6.425s] INFO:colcon.colcon_core.shell:Creating environment hook '/home/zhengtu/Desktop/TUP-Vision-2023-Based/install/global_interface/share/global_interface/hook/cmake_prefix_path.sh'
[6.426s] Level 1:colcon.colcon_core.environment:checking '/home/zhengtu/Desktop/TUP-Vision-2023-Based/install/global_interface/lib'
[6.427s] Level 1:colcon.colcon_core.shell:create_environment_hook('global_interface', 'ld_library_path_lib')
[6.428s] INFO:colcon.colcon_core.shell:Creating environment hook '/home/zhengtu/Desktop/TUP-Vision-2023-Based/install/global_interface/share/global_interface/hook/ld_library_path_lib.ps1'
[6.429s] INFO:colcon.colcon_core.shell:Creating environment descriptor '/home/zhengtu/Desktop/TUP-Vision-2023-Based/install/global_interface/share/global_interface/hook/ld_library_path_lib.dsv'
[6.429s] INFO:colcon.colcon_core.shell:Creating environment hook '/home/zhengtu/Desktop/TUP-Vision-2023-Based/install/global_interface/share/global_interface/hook/ld_library_path_lib.sh'
[6.430s] Level 1:colcon.colcon_core.environment:checking '/home/zhengtu/Desktop/TUP-Vision-2023-Based/install/global_interface/bin'
[6.430s] Level 1:colcon.colcon_core.environment:checking '/home/zhengtu/Desktop/TUP-Vision-2023-Based/install/global_interface/lib/pkgconfig/global_interface.pc'
[6.430s] Level 1:colcon.colcon_core.environment:checking '/home/zhengtu/Desktop/TUP-Vision-2023-Based/install/global_interface/lib/python3.8/site-packages'
[6.430s] Level 1:colcon.colcon_core.shell:create_environment_hook('global_interface', 'pythonpath')
[6.432s] INFO:colcon.colcon_core.shell:Creating environment hook '/home/zhengtu/Desktop/TUP-Vision-2023-Based/install/global_interface/share/global_interface/hook/pythonpath.ps1'
[6.432s] INFO:colcon.colcon_core.shell:Creating environment descriptor '/home/zhengtu/Desktop/TUP-Vision-2023-Based/install/global_interface/share/global_interface/hook/pythonpath.dsv'
[6.432s] INFO:colcon.colcon_core.shell:Creating environment hook '/home/zhengtu/Desktop/TUP-Vision-2023-Based/install/global_interface/share/global_interface/hook/pythonpath.sh'
[6.433s] Level 1:colcon.colcon_core.environment:checking '/home/zhengtu/Desktop/TUP-Vision-2023-Based/install/global_interface/bin'
[6.434s] INFO:colcon.colcon_core.shell:Creating package script '/home/zhengtu/Desktop/TUP-Vision-2023-Based/install/global_interface/share/global_interface/package.ps1'
[6.434s] INFO:colcon.colcon_core.shell:Creating package descriptor '/home/zhengtu/Desktop/TUP-Vision-2023-Based/install/global_interface/share/global_interface/package.dsv'
[6.435s] INFO:colcon.colcon_core.shell:Creating package script '/home/zhengtu/Desktop/TUP-Vision-2023-Based/install/global_interface/share/global_interface/package.sh'
[6.435s] INFO:colcon.colcon_core.shell:Creating package script '/home/zhengtu/Desktop/TUP-Vision-2023-Based/install/global_interface/share/global_interface/package.bash'
[6.436s] INFO:colcon.colcon_core.shell:Creating package script '/home/zhengtu/Desktop/TUP-Vision-2023-Based/install/global_interface/share/global_interface/package.zsh'
[6.436s] Level 1:colcon.colcon_core.environment:create_file_with_runtime_dependencies(/home/zhengtu/Desktop/TUP-Vision-2023-Based/install/global_interface/share/colcon-core/packages/global_interface)
[6.552s] Level 1:colcon.colcon_core.environment:create_environment_scripts_only(global_interface)
[6.554s] Level 1:colcon.colcon_core.environment:checking '/home/zhengtu/Desktop/TUP-Vision-2023-Based/install/global_interface' for CMake module files
[6.555s] Level 1:colcon.colcon_core.environment:checking '/home/zhengtu/Desktop/TUP-Vision-2023-Based/install/global_interface' for CMake config files
[6.556s] Level 1:colcon.colcon_core.shell:create_environment_hook('global_interface', 'cmake_prefix_path')
[6.558s] INFO:colcon.colcon_core.shell:Creating environment hook '/home/zhengtu/Desktop/TUP-Vision-2023-Based/install/global_interface/share/global_interface/hook/cmake_prefix_path.ps1'
[6.558s] INFO:colcon.colcon_core.shell:Creating environment descriptor '/home/zhengtu/Desktop/TUP-Vision-2023-Based/install/global_interface/share/global_interface/hook/cmake_prefix_path.dsv'
[6.559s] INFO:colcon.colcon_core.shell:Creating environment hook '/home/zhengtu/Desktop/TUP-Vision-2023-Based/install/global_interface/share/global_interface/hook/cmake_prefix_path.sh'
[6.560s] Level 1:colcon.colcon_core.environment:checking '/home/zhengtu/Desktop/TUP-Vision-2023-Based/install/global_interface/lib'
[6.560s] Level 1:colcon.colcon_core.shell:create_environment_hook('global_interface', 'ld_library_path_lib')
[6.561s] INFO:colcon.colcon_core.shell:Creating environment hook '/home/zhengtu/Desktop/TUP-Vision-2023-Based/install/global_interface/share/global_interface/hook/ld_library_path_lib.ps1'
[6.562s] INFO:colcon.colcon_core.shell:Creating environment descriptor '/home/zhengtu/Desktop/TUP-Vision-2023-Based/install/global_interface/share/global_interface/hook/ld_library_path_lib.dsv'
[6.562s] INFO:colcon.colcon_core.shell:Creating environment hook '/home/zhengtu/Desktop/TUP-Vision-2023-Based/install/global_interface/share/global_interface/hook/ld_library_path_lib.sh'
[6.563s] Level 1:colcon.colcon_core.environment:checking '/home/zhengtu/Desktop/TUP-Vision-2023-Based/install/global_interface/bin'
[6.563s] Level 1:colcon.colcon_core.environment:checking '/home/zhengtu/Desktop/TUP-Vision-2023-Based/install/global_interface/lib/pkgconfig/global_interface.pc'
[6.563s] Level 1:colcon.colcon_core.environment:checking '/home/zhengtu/Desktop/TUP-Vision-2023-Based/install/global_interface/lib/python3.8/site-packages'
[6.563s] Level 1:colcon.colcon_core.shell:create_environment_hook('global_interface', 'pythonpath')
[6.564s] INFO:colcon.colcon_core.shell:Creating environment hook '/home/zhengtu/Desktop/TUP-Vision-2023-Based/install/global_interface/share/global_interface/hook/pythonpath.ps1'
[6.564s] INFO:colcon.colcon_core.shell:Creating environment descriptor '/home/zhengtu/Desktop/TUP-Vision-2023-Based/install/global_interface/share/global_interface/hook/pythonpath.dsv'
[6.565s] INFO:colcon.colcon_core.shell:Creating environment hook '/home/zhengtu/Desktop/TUP-Vision-2023-Based/install/global_interface/share/global_interface/hook/pythonpath.sh'
[6.565s] Level 1:colcon.colcon_core.environment:checking '/home/zhengtu/Desktop/TUP-Vision-2023-Based/install/global_interface/bin'
[6.566s] INFO:colcon.colcon_core.shell:Creating package script '/home/zhengtu/Desktop/TUP-Vision-2023-Based/install/global_interface/share/global_interface/package.ps1'
[6.566s] INFO:colcon.colcon_core.shell:Creating package descriptor '/home/zhengtu/Desktop/TUP-Vision-2023-Based/install/global_interface/share/global_interface/package.dsv'
[6.567s] INFO:colcon.colcon_core.shell:Creating package script '/home/zhengtu/Desktop/TUP-Vision-2023-Based/install/global_interface/share/global_interface/package.sh'
[6.567s] INFO:colcon.colcon_core.shell:Creating package script '/home/zhengtu/Desktop/TUP-Vision-2023-Based/install/global_interface/share/global_interface/package.bash'
[6.567s] INFO:colcon.colcon_core.shell:Creating package script '/home/zhengtu/Desktop/TUP-Vision-2023-Based/install/global_interface/share/global_interface/package.zsh'
[6.568s] Level 1:colcon.colcon_core.environment:create_file_with_runtime_dependencies(/home/zhengtu/Desktop/TUP-Vision-2023-Based/install/global_interface/share/colcon-core/packages/global_interface)
[7.997s] DEBUG:colcon.colcon_core.event_handler.log_command:Invoked command in '/home/zhengtu/Desktop/TUP-Vision-2023-Based/build/global_user' returned '0': CMAKE_PREFIX_PATH=/opt/ros/galactic /usr/bin/cmake --build /home/zhengtu/Desktop/TUP-Vision-2023-Based/build/global_user -- -j16 -l16
[8.042s] DEBUG:colcon.colcon_core.event_handler.log_command:Invoking command in '/home/zhengtu/Desktop/TUP-Vision-2023-Based/build/global_user': CMAKE_PREFIX_PATH=/opt/ros/galactic /usr/bin/cmake --install /home/zhengtu/Desktop/TUP-Vision-2023-Based/build/global_user
[8.058s] Level 1:colcon.colcon_core.environment:create_environment_scripts_only(global_user)
[8.061s] Level 1:colcon.colcon_core.environment:checking '/home/zhengtu/Desktop/TUP-Vision-2023-Based/install/global_user' for CMake module files
[8.062s] DEBUG:colcon.colcon_core.event_handler.log_command:Invoked command in '/home/zhengtu/Desktop/TUP-Vision-2023-Based/build/global_user' returned '0': CMAKE_PREFIX_PATH=/opt/ros/galactic /usr/bin/cmake --install /home/zhengtu/Desktop/TUP-Vision-2023-Based/build/global_user
[8.063s] Level 1:colcon.colcon_core.environment:checking '/home/zhengtu/Desktop/TUP-Vision-2023-Based/install/global_user' for CMake config files
[8.063s] Level 1:colcon.colcon_core.shell:create_environment_hook('global_user', 'cmake_prefix_path')
[8.065s] INFO:colcon.colcon_core.shell:Creating environment hook '/home/zhengtu/Desktop/TUP-Vision-2023-Based/install/global_user/share/global_user/hook/cmake_prefix_path.ps1'
[8.066s] INFO:colcon.colcon_core.shell:Creating environment descriptor '/home/zhengtu/Desktop/TUP-Vision-2023-Based/install/global_user/share/global_user/hook/cmake_prefix_path.dsv'
[8.066s] INFO:colcon.colcon_core.shell:Creating environment hook '/home/zhengtu/Desktop/TUP-Vision-2023-Based/install/global_user/share/global_user/hook/cmake_prefix_path.sh'
[8.067s] Level 1:colcon.colcon_core.environment:checking '/home/zhengtu/Desktop/TUP-Vision-2023-Based/install/global_user/lib'
[8.067s] Level 1:colcon.colcon_core.shell:create_environment_hook('global_user', 'ld_library_path_lib')
[8.068s] INFO:colcon.colcon_core.shell:Creating environment hook '/home/zhengtu/Desktop/TUP-Vision-2023-Based/install/global_user/share/global_user/hook/ld_library_path_lib.ps1'
[8.069s] INFO:colcon.colcon_core.shell:Creating environment descriptor '/home/zhengtu/Desktop/TUP-Vision-2023-Based/install/global_user/share/global_user/hook/ld_library_path_lib.dsv'
[8.069s] INFO:colcon.colcon_core.shell:Creating environment hook '/home/zhengtu/Desktop/TUP-Vision-2023-Based/install/global_user/share/global_user/hook/ld_library_path_lib.sh'
[8.069s] Level 1:colcon.colcon_core.environment:checking '/home/zhengtu/Desktop/TUP-Vision-2023-Based/install/global_user/bin'
[8.069s] Level 1:colcon.colcon_core.environment:checking '/home/zhengtu/Desktop/TUP-Vision-2023-Based/install/global_user/lib/pkgconfig/global_user.pc'
[8.070s] Level 1:colcon.colcon_core.environment:checking '/home/zhengtu/Desktop/TUP-Vision-2023-Based/install/global_user/lib/python3.8/site-packages'
[8.070s] Level 1:colcon.colcon_core.environment:checking '/home/zhengtu/Desktop/TUP-Vision-2023-Based/install/global_user/bin'
[8.071s] INFO:colcon.colcon_core.shell:Creating package script '/home/zhengtu/Desktop/TUP-Vision-2023-Based/install/global_user/share/global_user/package.ps1'
[8.072s] INFO:colcon.colcon_core.shell:Creating package descriptor '/home/zhengtu/Desktop/TUP-Vision-2023-Based/install/global_user/share/global_user/package.dsv'
[8.072s] INFO:colcon.colcon_core.shell:Creating package script '/home/zhengtu/Desktop/TUP-Vision-2023-Based/install/global_user/share/global_user/package.sh'
[8.073s] INFO:colcon.colcon_core.shell:Creating package script '/home/zhengtu/Desktop/TUP-Vision-2023-Based/install/global_user/share/global_user/package.bash'
[8.073s] INFO:colcon.colcon_core.shell:Creating package script '/home/zhengtu/Desktop/TUP-Vision-2023-Based/install/global_user/share/global_user/package.zsh'
[8.073s] Level 1:colcon.colcon_core.environment:create_file_with_runtime_dependencies(/home/zhengtu/Desktop/TUP-Vision-2023-Based/install/global_user/share/colcon-core/packages/global_user)
[8.118s] Level 1:colcon.colcon_core.environment:create_environment_scripts_only(global_user)
[8.122s] Level 1:colcon.colcon_core.environment:checking '/home/zhengtu/Desktop/TUP-Vision-2023-Based/install/global_user' for CMake module files
[8.123s] Level 1:colcon.colcon_core.environment:checking '/home/zhengtu/Desktop/TUP-Vision-2023-Based/install/global_user' for CMake config files
[8.123s] Level 1:colcon.colcon_core.shell:create_environment_hook('global_user', 'cmake_prefix_path')
[8.124s] INFO:colcon.colcon_core.shell:Creating environment hook '/home/zhengtu/Desktop/TUP-Vision-2023-Based/install/global_user/share/global_user/hook/cmake_prefix_path.ps1'
[8.125s] INFO:colcon.colcon_core.shell:Creating environment descriptor '/home/zhengtu/Desktop/TUP-Vision-2023-Based/install/global_user/share/global_user/hook/cmake_prefix_path.dsv'
[8.125s] INFO:colcon.colcon_core.shell:Creating environment hook '/home/zhengtu/Desktop/TUP-Vision-2023-Based/install/global_user/share/global_user/hook/cmake_prefix_path.sh'
[8.126s] Level 1:colcon.colcon_core.environment:checking '/home/zhengtu/Desktop/TUP-Vision-2023-Based/install/global_user/lib'
[8.126s] Level 1:colcon.colcon_core.shell:create_environment_hook('global_user', 'ld_library_path_lib')
[8.128s] INFO:colcon.colcon_core.shell:Creating environment hook '/home/zhengtu/Desktop/TUP-Vision-2023-Based/install/global_user/share/global_user/hook/ld_library_path_lib.ps1'
[8.128s] INFO:colcon.colcon_core.shell:Creating environment descriptor '/home/zhengtu/Desktop/TUP-Vision-2023-Based/install/global_user/share/global_user/hook/ld_library_path_lib.dsv'
[8.128s] INFO:colcon.colcon_core.shell:Creating environment hook '/home/zhengtu/Desktop/TUP-Vision-2023-Based/install/global_user/share/global_user/hook/ld_library_path_lib.sh'
[8.129s] Level 1:colcon.colcon_core.environment:checking '/home/zhengtu/Desktop/TUP-Vision-2023-Based/install/global_user/bin'
[8.129s] Level 1:colcon.colcon_core.environment:checking '/home/zhengtu/Desktop/TUP-Vision-2023-Based/install/global_user/lib/pkgconfig/global_user.pc'
[8.129s] Level 1:colcon.colcon_core.environment:checking '/home/zhengtu/Desktop/TUP-Vision-2023-Based/install/global_user/lib/python3.8/site-packages'
[8.129s] Level 1:colcon.colcon_core.environment:checking '/home/zhengtu/Desktop/TUP-Vision-2023-Based/install/global_user/bin'
[8.131s] INFO:colcon.colcon_core.shell:Creating package script '/home/zhengtu/Desktop/TUP-Vision-2023-Based/install/global_user/share/global_user/package.ps1'
[8.131s] INFO:colcon.colcon_core.shell:Creating package descriptor '/home/zhengtu/Desktop/TUP-Vision-2023-Based/install/global_user/share/global_user/package.dsv'
[8.132s] INFO:colcon.colcon_core.shell:Creating package script '/home/zhengtu/Desktop/TUP-Vision-2023-Based/install/global_user/share/global_user/package.sh'
[8.132s] INFO:colcon.colcon_core.shell:Creating package script '/home/zhengtu/Desktop/TUP-Vision-2023-Based/install/global_user/share/global_user/package.bash'
[8.133s] INFO:colcon.colcon_core.shell:Creating package script '/home/zhengtu/Desktop/TUP-Vision-2023-Based/install/global_user/share/global_user/package.zsh'
[8.133s] Level 1:colcon.colcon_core.environment:create_file_with_runtime_dependencies(/home/zhengtu/Desktop/TUP-Vision-2023-Based/install/global_user/share/colcon-core/packages/global_user)
[8.134s] INFO:colcon.colcon_ros.task.ament_cmake.build:Building ROS package in '/home/zhengtu/Desktop/TUP-Vision-2023-Based/src/camera_driver' with build type 'ament_cmake'
[8.134s] INFO:colcon.colcon_cmake.task.cmake.build:Building CMake package in '/home/zhengtu/Desktop/TUP-Vision-2023-Based/src/camera_driver'
[8.135s] INFO:colcon.colcon_core.shell:Skip shell extension 'powershell' for command environment: Not usable outside of PowerShell
[8.135s] DEBUG:colcon.colcon_core.shell:Skip shell extension 'dsv' for command environment
[8.158s] DEBUG:colcon.colcon_core.event_handler.log_command:Invoking command in '/home/zhengtu/Desktop/TUP-Vision-2023-Based/build/camera_driver': AMENT_PREFIX_PATH=/home/zhengtu/Desktop/TUP-Vision-2023-Based/install/global_user:/home/zhengtu/Desktop/TUP-Vision-2023-Based/install/global_interface:${AMENT_PREFIX_PATH} CMAKE_PREFIX_PATH=/home/zhengtu/Desktop/TUP-Vision-2023-Based/install/global_user:/home/zhengtu/Desktop/TUP-Vision-2023-Based/install/global_interface:/opt/ros/galactic LD_LIBRARY_PATH=/home/zhengtu/Desktop/TUP-Vision-2023-Based/install/global_user/lib:/home/zhengtu/Desktop/TUP-Vision-2023-Based/install/global_interface/lib:/opt/MVS/lib/64:/opt/MVS/lib/32:/opt/ros/galactic/opt/yaml_cpp_vendor/lib:/opt/ros/galactic/opt/rviz_ogre_vendor/lib:/opt/ros/galactic/lib/x86_64-linux-gnu:/opt/ros/galactic/lib:/opt/MVS/lib/64:/opt/MVS/lib/32:/opt/MVS/lib/64:/opt/MVS/lib/32:/opt/MVS/lib/64:/opt/MVS/lib/32 PYTHONPATH=/home/zhengtu/Desktop/TUP-Vision-2023-Based/install/global_interface/lib/python3.8/site-packages:${PYTHONPATH} /usr/bin/cmake /home/zhengtu/Desktop/TUP-Vision-2023-Based/src/camera_driver -DCMAKE_INSTALL_PREFIX=/home/zhengtu/Desktop/TUP-Vision-2023-Based/install/camera_driver
[11.718s] DEBUG:colcon.colcon_core.event_handler.log_command:Invoked command in '/home/zhengtu/Desktop/TUP-Vision-2023-Based/build/camera_driver' returned '0': AMENT_PREFIX_PATH=/home/zhengtu/Desktop/TUP-Vision-2023-Based/install/global_user:/home/zhengtu/Desktop/TUP-Vision-2023-Based/install/global_interface:${AMENT_PREFIX_PATH} CMAKE_PREFIX_PATH=/home/zhengtu/Desktop/TUP-Vision-2023-Based/install/global_user:/home/zhengtu/Desktop/TUP-Vision-2023-Based/install/global_interface:/opt/ros/galactic LD_LIBRARY_PATH=/home/zhengtu/Desktop/TUP-Vision-2023-Based/install/global_user/lib:/home/zhengtu/Desktop/TUP-Vision-2023-Based/install/global_interface/lib:/opt/MVS/lib/64:/opt/MVS/lib/32:/opt/ros/galactic/opt/yaml_cpp_vendor/lib:/opt/ros/galactic/opt/rviz_ogre_vendor/lib:/opt/ros/galactic/lib/x86_64-linux-gnu:/opt/ros/galactic/lib:/opt/MVS/lib/64:/opt/MVS/lib/32:/opt/MVS/lib/64:/opt/MVS/lib/32:/opt/MVS/lib/64:/opt/MVS/lib/32 PYTHONPATH=/home/zhengtu/Desktop/TUP-Vision-2023-Based/install/global_interface/lib/python3.8/site-packages:${PYTHONPATH} /usr/bin/cmake /home/zhengtu/Desktop/TUP-Vision-2023-Based/src/camera_driver -DCMAKE_INSTALL_PREFIX=/home/zhengtu/Desktop/TUP-Vision-2023-Based/install/camera_driver
[11.723s] DEBUG:colcon.colcon_core.event_handler.log_command:Invoking command in '/home/zhengtu/Desktop/TUP-Vision-2023-Based/build/camera_driver': AMENT_PREFIX_PATH=/home/zhengtu/Desktop/TUP-Vision-2023-Based/install/global_user:/home/zhengtu/Desktop/TUP-Vision-2023-Based/install/global_interface:${AMENT_PREFIX_PATH} CMAKE_PREFIX_PATH=/home/zhengtu/Desktop/TUP-Vision-2023-Based/install/global_user:/home/zhengtu/Desktop/TUP-Vision-2023-Based/install/global_interface:/opt/ros/galactic LD_LIBRARY_PATH=/home/zhengtu/Desktop/TUP-Vision-2023-Based/install/global_user/lib:/home/zhengtu/Desktop/TUP-Vision-2023-Based/install/global_interface/lib:/opt/MVS/lib/64:/opt/MVS/lib/32:/opt/ros/galactic/opt/yaml_cpp_vendor/lib:/opt/ros/galactic/opt/rviz_ogre_vendor/lib:/opt/ros/galactic/lib/x86_64-linux-gnu:/opt/ros/galactic/lib:/opt/MVS/lib/64:/opt/MVS/lib/32:/opt/MVS/lib/64:/opt/MVS/lib/32:/opt/MVS/lib/64:/opt/MVS/lib/32 PYTHONPATH=/home/zhengtu/Desktop/TUP-Vision-2023-Based/install/global_interface/lib/python3.8/site-packages:${PYTHONPATH} /usr/bin/cmake --build /home/zhengtu/Desktop/TUP-Vision-2023-Based/build/camera_driver -- -j16 -l16
[23.460s] DEBUG:colcon.colcon_core.event_handler.log_command:Invoked command in '/home/zhengtu/Desktop/TUP-Vision-2023-Based/build/camera_driver' returned '0': AMENT_PREFIX_PATH=/home/zhengtu/Desktop/TUP-Vision-2023-Based/install/global_user:/home/zhengtu/Desktop/TUP-Vision-2023-Based/install/global_interface:${AMENT_PREFIX_PATH} CMAKE_PREFIX_PATH=/home/zhengtu/Desktop/TUP-Vision-2023-Based/install/global_user:/home/zhengtu/Desktop/TUP-Vision-2023-Based/install/global_interface:/opt/ros/galactic LD_LIBRARY_PATH=/home/zhengtu/Desktop/TUP-Vision-2023-Based/install/global_user/lib:/home/zhengtu/Desktop/TUP-Vision-2023-Based/install/global_interface/lib:/opt/MVS/lib/64:/opt/MVS/lib/32:/opt/ros/galactic/opt/yaml_cpp_vendor/lib:/opt/ros/galactic/opt/rviz_ogre_vendor/lib:/opt/ros/galactic/lib/x86_64-linux-gnu:/opt/ros/galactic/lib:/opt/MVS/lib/64:/opt/MVS/lib/32:/opt/MVS/lib/64:/opt/MVS/lib/32:/opt/MVS/lib/64:/opt/MVS/lib/32 PYTHONPATH=/home/zhengtu/Desktop/TUP-Vision-2023-Based/install/global_interface/lib/python3.8/site-packages:${PYTHONPATH} /usr/bin/cmake --build /home/zhengtu/Desktop/TUP-Vision-2023-Based/build/camera_driver -- -j16 -l16
[23.526s] DEBUG:colcon.colcon_core.event_handler.log_command:Invoking command in '/home/zhengtu/Desktop/TUP-Vision-2023-Based/build/camera_driver': AMENT_PREFIX_PATH=/home/zhengtu/Desktop/TUP-Vision-2023-Based/install/global_user:/home/zhengtu/Desktop/TUP-Vision-2023-Based/install/global_interface:${AMENT_PREFIX_PATH} CMAKE_PREFIX_PATH=/home/zhengtu/Desktop/TUP-Vision-2023-Based/install/global_user:/home/zhengtu/Desktop/TUP-Vision-2023-Based/install/global_interface:/opt/ros/galactic LD_LIBRARY_PATH=/home/zhengtu/Desktop/TUP-Vision-2023-Based/install/global_user/lib:/home/zhengtu/Desktop/TUP-Vision-2023-Based/install/global_interface/lib:/opt/MVS/lib/64:/opt/MVS/lib/32:/opt/ros/galactic/opt/yaml_cpp_vendor/lib:/opt/ros/galactic/opt/rviz_ogre_vendor/lib:/opt/ros/galactic/lib/x86_64-linux-gnu:/opt/ros/galactic/lib:/opt/MVS/lib/64:/opt/MVS/lib/32:/opt/MVS/lib/64:/opt/MVS/lib/32:/opt/MVS/lib/64:/opt/MVS/lib/32 PYTHONPATH=/home/zhengtu/Desktop/TUP-Vision-2023-Based/install/global_interface/lib/python3.8/site-packages:${PYTHONPATH} /usr/bin/cmake --install /home/zhengtu/Desktop/TUP-Vision-2023-Based/build/camera_driver
[23.547s] Level 1:colcon.colcon_core.environment:create_environment_scripts_only(camera_driver)
[23.551s] Level 1:colcon.colcon_core.environment:checking '/home/zhengtu/Desktop/TUP-Vision-2023-Based/install/camera_driver' for CMake module files
[23.552s] DEBUG:colcon.colcon_core.event_handler.log_command:Invoked command in '/home/zhengtu/Desktop/TUP-Vision-2023-Based/build/camera_driver' returned '0': AMENT_PREFIX_PATH=/home/zhengtu/Desktop/TUP-Vision-2023-Based/install/global_user:/home/zhengtu/Desktop/TUP-Vision-2023-Based/install/global_interface:${AMENT_PREFIX_PATH} CMAKE_PREFIX_PATH=/home/zhengtu/Desktop/TUP-Vision-2023-Based/install/global_user:/home/zhengtu/Desktop/TUP-Vision-2023-Based/install/global_interface:/opt/ros/galactic LD_LIBRARY_PATH=/home/zhengtu/Desktop/TUP-Vision-2023-Based/install/global_user/lib:/home/zhengtu/Desktop/TUP-Vision-2023-Based/install/global_interface/lib:/opt/MVS/lib/64:/opt/MVS/lib/32:/opt/ros/galactic/opt/yaml_cpp_vendor/lib:/opt/ros/galactic/opt/rviz_ogre_vendor/lib:/opt/ros/galactic/lib/x86_64-linux-gnu:/opt/ros/galactic/lib:/opt/MVS/lib/64:/opt/MVS/lib/32:/opt/MVS/lib/64:/opt/MVS/lib/32:/opt/MVS/lib/64:/opt/MVS/lib/32 PYTHONPATH=/home/zhengtu/Desktop/TUP-Vision-2023-Based/install/global_interface/lib/python3.8/site-packages:${PYTHONPATH} /usr/bin/cmake --install /home/zhengtu/Desktop/TUP-Vision-2023-Based/build/camera_driver
[23.553s] Level 1:colcon.colcon_core.environment:checking '/home/zhengtu/Desktop/TUP-Vision-2023-Based/install/camera_driver' for CMake config files
[23.553s] Level 1:colcon.colcon_core.shell:create_environment_hook('camera_driver', 'cmake_prefix_path')
[23.555s] INFO:colcon.colcon_core.shell:Creating environment hook '/home/zhengtu/Desktop/TUP-Vision-2023-Based/install/camera_driver/share/camera_driver/hook/cmake_prefix_path.ps1'
[23.556s] INFO:colcon.colcon_core.shell:Creating environment descriptor '/home/zhengtu/Desktop/TUP-Vision-2023-Based/install/camera_driver/share/camera_driver/hook/cmake_prefix_path.dsv'
[23.556s] INFO:colcon.colcon_core.shell:Creating environment hook '/home/zhengtu/Desktop/TUP-Vision-2023-Based/install/camera_driver/share/camera_driver/hook/cmake_prefix_path.sh'
[23.557s] Level 1:colcon.colcon_core.environment:checking '/home/zhengtu/Desktop/TUP-Vision-2023-Based/install/camera_driver/lib'
[23.557s] Level 1:colcon.colcon_core.shell:create_environment_hook('camera_driver', 'ld_library_path_lib')
[23.560s] INFO:colcon.colcon_core.shell:Creating environment hook '/home/zhengtu/Desktop/TUP-Vision-2023-Based/install/camera_driver/share/camera_driver/hook/ld_library_path_lib.ps1'
[23.561s] INFO:colcon.colcon_core.shell:Creating environment descriptor '/home/zhengtu/Desktop/TUP-Vision-2023-Based/install/camera_driver/share/camera_driver/hook/ld_library_path_lib.dsv'
[23.561s] INFO:colcon.colcon_core.shell:Creating environment hook '/home/zhengtu/Desktop/TUP-Vision-2023-Based/install/camera_driver/share/camera_driver/hook/ld_library_path_lib.sh'
[23.561s] Level 1:colcon.colcon_core.environment:checking '/home/zhengtu/Desktop/TUP-Vision-2023-Based/install/camera_driver/bin'
[23.561s] Level 1:colcon.colcon_core.environment:checking '/home/zhengtu/Desktop/TUP-Vision-2023-Based/install/camera_driver/lib/pkgconfig/camera_driver.pc'
[23.562s] Level 1:colcon.colcon_core.environment:checking '/home/zhengtu/Desktop/TUP-Vision-2023-Based/install/camera_driver/lib/python3.8/site-packages'
[23.562s] Level 1:colcon.colcon_core.environment:checking '/home/zhengtu/Desktop/TUP-Vision-2023-Based/install/camera_driver/bin'
[23.564s] INFO:colcon.colcon_core.shell:Creating package script '/home/zhengtu/Desktop/TUP-Vision-2023-Based/install/camera_driver/share/camera_driver/package.ps1'
[23.564s] INFO:colcon.colcon_core.shell:Creating package descriptor '/home/zhengtu/Desktop/TUP-Vision-2023-Based/install/camera_driver/share/camera_driver/package.dsv'
[23.564s] INFO:colcon.colcon_core.shell:Creating package script '/home/zhengtu/Desktop/TUP-Vision-2023-Based/install/camera_driver/share/camera_driver/package.sh'
[23.565s] INFO:colcon.colcon_core.shell:Creating package script '/home/zhengtu/Desktop/TUP-Vision-2023-Based/install/camera_driver/share/camera_driver/package.bash'
[23.565s] INFO:colcon.colcon_core.shell:Creating package script '/home/zhengtu/Desktop/TUP-Vision-2023-Based/install/camera_driver/share/camera_driver/package.zsh'
[23.565s] Level 1:colcon.colcon_core.environment:create_file_with_runtime_dependencies(/home/zhengtu/Desktop/TUP-Vision-2023-Based/install/camera_driver/share/colcon-core/packages/camera_driver)
[23.626s] Level 1:colcon.colcon_core.environment:create_environment_scripts_only(camera_driver)
[23.627s] Level 1:colcon.colcon_core.environment:checking '/home/zhengtu/Desktop/TUP-Vision-2023-Based/install/camera_driver' for CMake module files
[23.628s] Level 1:colcon.colcon_core.environment:checking '/home/zhengtu/Desktop/TUP-Vision-2023-Based/install/camera_driver' for CMake config files
[23.628s] Level 1:colcon.colcon_core.shell:create_environment_hook('camera_driver', 'cmake_prefix_path')
[23.630s] INFO:colcon.colcon_core.shell:Creating environment hook '/home/zhengtu/Desktop/TUP-Vision-2023-Based/install/camera_driver/share/camera_driver/hook/cmake_prefix_path.ps1'
[23.631s] INFO:colcon.colcon_core.shell:Creating environment descriptor '/home/zhengtu/Desktop/TUP-Vision-2023-Based/install/camera_driver/share/camera_driver/hook/cmake_prefix_path.dsv'
[23.631s] INFO:colcon.colcon_core.shell:Creating environment hook '/home/zhengtu/Desktop/TUP-Vision-2023-Based/install/camera_driver/share/camera_driver/hook/cmake_prefix_path.sh'
[23.632s] Level 1:colcon.colcon_core.environment:checking '/home/zhengtu/Desktop/TUP-Vision-2023-Based/install/camera_driver/lib'
[23.632s] Level 1:colcon.colcon_core.shell:create_environment_hook('camera_driver', 'ld_library_path_lib')
[23.634s] INFO:colcon.colcon_core.shell:Creating environment hook '/home/zhengtu/Desktop/TUP-Vision-2023-Based/install/camera_driver/share/camera_driver/hook/ld_library_path_lib.ps1'
[23.635s] INFO:colcon.colcon_core.shell:Creating environment descriptor '/home/zhengtu/Desktop/TUP-Vision-2023-Based/install/camera_driver/share/camera_driver/hook/ld_library_path_lib.dsv'
[23.635s] INFO:colcon.colcon_core.shell:Creating environment hook '/home/zhengtu/Desktop/TUP-Vision-2023-Based/install/camera_driver/share/camera_driver/hook/ld_library_path_lib.sh'
[23.636s] Level 1:colcon.colcon_core.environment:checking '/home/zhengtu/Desktop/TUP-Vision-2023-Based/install/camera_driver/bin'
[23.636s] Level 1:colcon.colcon_core.environment:checking '/home/zhengtu/Desktop/TUP-Vision-2023-Based/install/camera_driver/lib/pkgconfig/camera_driver.pc'
[23.636s] Level 1:colcon.colcon_core.environment:checking '/home/zhengtu/Desktop/TUP-Vision-2023-Based/install/camera_driver/lib/python3.8/site-packages'
[23.636s] Level 1:colcon.colcon_core.environment:checking '/home/zhengtu/Desktop/TUP-Vision-2023-Based/install/camera_driver/bin'
[23.638s] INFO:colcon.colcon_core.shell:Creating package script '/home/zhengtu/Desktop/TUP-Vision-2023-Based/install/camera_driver/share/camera_driver/package.ps1'
[23.639s] INFO:colcon.colcon_core.shell:Creating package descriptor '/home/zhengtu/Desktop/TUP-Vision-2023-Based/install/camera_driver/share/camera_driver/package.dsv'
[23.646s] INFO:colcon.colcon_core.shell:Creating package script '/home/zhengtu/Desktop/TUP-Vision-2023-Based/install/camera_driver/share/camera_driver/package.sh'
[23.648s] INFO:colcon.colcon_core.shell:Creating package script '/home/zhengtu/Desktop/TUP-Vision-2023-Based/install/camera_driver/share/camera_driver/package.bash'
[23.648s] INFO:colcon.colcon_core.shell:Creating package script '/home/zhengtu/Desktop/TUP-Vision-2023-Based/install/camera_driver/share/camera_driver/package.zsh'
[23.649s] Level 1:colcon.colcon_core.environment:create_file_with_runtime_dependencies(/home/zhengtu/Desktop/TUP-Vision-2023-Based/install/camera_driver/share/colcon-core/packages/camera_driver)
[23.650s] DEBUG:colcon.colcon_parallel_executor.executor.parallel:closing loop
[23.651s] DEBUG:colcon.colcon_parallel_executor.executor.parallel:loop closed
[23.651s] DEBUG:colcon.colcon_parallel_executor.executor.parallel:run_until_complete finished with '0'
[23.651s] DEBUG:colcon.colcon_core.event_reactor:joining thread
[23.664s] INFO:colcon.colcon_core.plugin_system:Skipping extension 'colcon_notification.desktop_notification.terminal_notifier': Not used on non-Darwin systems
[23.665s] INFO:colcon.colcon_core.plugin_system:Skipping extension 'colcon_notification.desktop_notification.win32': Not used on non-Windows systems
[23.665s] INFO:colcon.colcon_notification.desktop_notification:Sending desktop notification using 'notify2'
[23.687s] DEBUG:colcon.colcon_core.event_reactor:joined thread
[23.691s] INFO:colcon.colcon_core.shell:Creating prefix script '/home/zhengtu/Desktop/TUP-Vision-2023-Based/install/local_setup.ps1'
[23.694s] INFO:colcon.colcon_core.shell:Creating prefix util module '/home/zhengtu/Desktop/TUP-Vision-2023-Based/install/_local_setup_util_ps1.py'
[23.696s] INFO:colcon.colcon_core.shell:Creating prefix chain script '/home/zhengtu/Desktop/TUP-Vision-2023-Based/install/setup.ps1'
[23.698s] INFO:colcon.colcon_core.shell:Creating prefix script '/home/zhengtu/Desktop/TUP-Vision-2023-Based/install/local_setup.sh'
[23.698s] INFO:colcon.colcon_core.shell:Creating prefix util module '/home/zhengtu/Desktop/TUP-Vision-2023-Based/install/_local_setup_util_sh.py'
[23.699s] INFO:colcon.colcon_core.shell:Creating prefix chain script '/home/zhengtu/Desktop/TUP-Vision-2023-Based/install/setup.sh'
[23.701s] INFO:colcon.colcon_core.shell:Creating prefix script '/home/zhengtu/Desktop/TUP-Vision-2023-Based/install/local_setup.bash'
[23.701s] INFO:colcon.colcon_core.shell:Creating prefix chain script '/home/zhengtu/Desktop/TUP-Vision-2023-Based/install/setup.bash'
[23.702s] INFO:colcon.colcon_core.shell:Creating prefix script '/home/zhengtu/Desktop/TUP-Vision-2023-Based/install/local_setup.zsh'
[23.703s] INFO:colcon.colcon_core.shell:Creating prefix chain script '/home/zhengtu/Desktop/TUP-Vision-2023-Based/install/setup.zsh'
