[  1%] Built target global_interface__cpp
[ 12%] Built target global_interface__rosidl_generator_c
[ 23%] Built target global_interface__rosidl_typesupport_introspection_cpp
[ 34%] Built target global_interface__rosidl_typesupport_c
[ 45%] Built target global_interface__rosidl_typesupport_cpp
[ 56%] Built target global_interface__rosidl_typesupport_introspection_c
[ 67%] Built target global_interface__rosidl_typesupport_fastrtps_cpp
[ 78%] Built target global_interface__rosidl_typesupport_fastrtps_c
[ 78%] Built target global_interface
[ 80%] Built target global_interface__py
[ 89%] Built target global_interface__python
[ 92%] Built target global_interface__rosidl_typesupport_fastrtps_c__pyext
[ 96%] Built target global_interface__rosidl_typesupport_c__pyext
[100%] Built target global_interface__rosidl_typesupport_introspection_c__pyext
-- Install configuration: ""
-- Up-to-date: /home/zhengtu/Desktop/TUP-Vision-2023-Based/install/global_interface/share/ament_index/resource_index/rosidl_interfaces/global_interface
-- Up-to-date: /home/zhengtu/Desktop/TUP-Vision-2023-Based/install/global_interface/include/global_interface
-- Up-to-date: /home/zhengtu/Desktop/TUP-Vision-2023-Based/install/global_interface/include/global_interface/msg
-- Up-to-date: /home/zhengtu/Desktop/TUP-Vision-2023-Based/install/global_interface/include/global_interface/msg/gimbal.h
-- Up-to-date: /home/zhengtu/Desktop/TUP-Vision-2023-Based/install/global_interface/include/global_interface/msg/rosidl_generator_c__visibility_control.h
-- Up-to-date: /home/zhengtu/Desktop/TUP-Vision-2023-Based/install/global_interface/include/global_interface/msg/detail
-- Up-to-date: /home/zhengtu/Desktop/TUP-Vision-2023-Based/install/global_interface/include/global_interface/msg/detail/gimbal__struct.h
-- Up-to-date: /home/zhengtu/Desktop/TUP-Vision-2023-Based/install/global_interface/include/global_interface/msg/detail/target__functions.h
-- Up-to-date: /home/zhengtu/Desktop/TUP-Vision-2023-Based/install/global_interface/include/global_interface/msg/detail/armors__type_support.h
-- Up-to-date: /home/zhengtu/Desktop/TUP-Vision-2023-Based/install/global_interface/include/global_interface/msg/detail/target__functions.c
-- Up-to-date: /home/zhengtu/Desktop/TUP-Vision-2023-Based/install/global_interface/include/global_interface/msg/detail/armors__struct.h
-- Up-to-date: /home/zhengtu/Desktop/TUP-Vision-2023-Based/install/global_interface/include/global_interface/msg/detail/armor__functions.c
-- Up-to-date: /home/zhengtu/Desktop/TUP-Vision-2023-Based/install/global_interface/include/global_interface/msg/detail/armor__type_support.h
-- Up-to-date: /home/zhengtu/Desktop/TUP-Vision-2023-Based/install/global_interface/include/global_interface/msg/detail/target__type_support.h
-- Up-to-date: /home/zhengtu/Desktop/TUP-Vision-2023-Based/install/global_interface/include/global_interface/msg/detail/armor__struct.h
-- Up-to-date: /home/zhengtu/Desktop/TUP-Vision-2023-Based/install/global_interface/include/global_interface/msg/detail/armors__functions.c
-- Up-to-date: /home/zhengtu/Desktop/TUP-Vision-2023-Based/install/global_interface/include/global_interface/msg/detail/gimbal__functions.c
-- Up-to-date: /home/zhengtu/Desktop/TUP-Vision-2023-Based/install/global_interface/include/global_interface/msg/detail/armors__functions.h
-- Up-to-date: /home/zhengtu/Desktop/TUP-Vision-2023-Based/install/global_interface/include/global_interface/msg/detail/armor__functions.h
-- Up-to-date: /home/zhengtu/Desktop/TUP-Vision-2023-Based/install/global_interface/include/global_interface/msg/detail/target__struct.h
-- Up-to-date: /home/zhengtu/Desktop/TUP-Vision-2023-Based/install/global_interface/include/global_interface/msg/detail/gimbal__functions.h
-- Up-to-date: /home/zhengtu/Desktop/TUP-Vision-2023-Based/install/global_interface/include/global_interface/msg/detail/gimbal__type_support.h
-- Up-to-date: /home/zhengtu/Desktop/TUP-Vision-2023-Based/install/global_interface/include/global_interface/msg/target.h
-- Up-to-date: /home/zhengtu/Desktop/TUP-Vision-2023-Based/install/global_interface/include/global_interface/msg/armor.h
-- Up-to-date: /home/zhengtu/Desktop/TUP-Vision-2023-Based/install/global_interface/include/global_interface/msg/armors.h
-- Up-to-date: /home/zhengtu/Desktop/TUP-Vision-2023-Based/install/global_interface/share/global_interface/environment/library_path.sh
-- Up-to-date: /home/zhengtu/Desktop/TUP-Vision-2023-Based/install/global_interface/share/global_interface/environment/library_path.dsv
-- Up-to-date: /home/zhengtu/Desktop/TUP-Vision-2023-Based/install/global_interface/lib/libglobal_interface__rosidl_generator_c.so
-- Up-to-date: /home/zhengtu/Desktop/TUP-Vision-2023-Based/install/global_interface/include/global_interface
-- Up-to-date: /home/zhengtu/Desktop/TUP-Vision-2023-Based/install/global_interface/include/global_interface/msg
-- Up-to-date: /home/zhengtu/Desktop/TUP-Vision-2023-Based/install/global_interface/include/global_interface/msg/rosidl_typesupport_fastrtps_c__visibility_control.h
-- Up-to-date: /home/zhengtu/Desktop/TUP-Vision-2023-Based/install/global_interface/include/global_interface/msg/detail
-- Up-to-date: /home/zhengtu/Desktop/TUP-Vision-2023-Based/install/global_interface/include/global_interface/msg/detail/target__rosidl_typesupport_fastrtps_c.h
-- Up-to-date: /home/zhengtu/Desktop/TUP-Vision-2023-Based/install/global_interface/include/global_interface/msg/detail/armors__rosidl_typesupport_fastrtps_c.h
-- Up-to-date: /home/zhengtu/Desktop/TUP-Vision-2023-Based/install/global_interface/include/global_interface/msg/detail/gimbal__rosidl_typesupport_fastrtps_c.h
-- Up-to-date: /home/zhengtu/Desktop/TUP-Vision-2023-Based/install/global_interface/include/global_interface/msg/detail/armor__rosidl_typesupport_fastrtps_c.h
-- Up-to-date: /home/zhengtu/Desktop/TUP-Vision-2023-Based/install/global_interface/lib/libglobal_interface__rosidl_typesupport_fastrtps_c.so
-- Up-to-date: /home/zhengtu/Desktop/TUP-Vision-2023-Based/install/global_interface/include/global_interface
-- Up-to-date: /home/zhengtu/Desktop/TUP-Vision-2023-Based/install/global_interface/include/global_interface/msg
-- Up-to-date: /home/zhengtu/Desktop/TUP-Vision-2023-Based/install/global_interface/include/global_interface/msg/rosidl_typesupport_fastrtps_cpp__visibility_control.h
-- Up-to-date: /home/zhengtu/Desktop/TUP-Vision-2023-Based/install/global_interface/include/global_interface/msg/detail
-- Up-to-date: /home/zhengtu/Desktop/TUP-Vision-2023-Based/install/global_interface/include/global_interface/msg/detail/dds_fastrtps
-- Up-to-date: /home/zhengtu/Desktop/TUP-Vision-2023-Based/install/global_interface/include/global_interface/msg/detail/gimbal__rosidl_typesupport_fastrtps_cpp.hpp
-- Up-to-date: /home/zhengtu/Desktop/TUP-Vision-2023-Based/install/global_interface/include/global_interface/msg/detail/target__rosidl_typesupport_fastrtps_cpp.hpp
-- Up-to-date: /home/zhengtu/Desktop/TUP-Vision-2023-Based/install/global_interface/include/global_interface/msg/detail/armor__rosidl_typesupport_fastrtps_cpp.hpp
-- Up-to-date: /home/zhengtu/Desktop/TUP-Vision-2023-Based/install/global_interface/include/global_interface/msg/detail/armors__rosidl_typesupport_fastrtps_cpp.hpp
-- Up-to-date: /home/zhengtu/Desktop/TUP-Vision-2023-Based/install/global_interface/lib/libglobal_interface__rosidl_typesupport_fastrtps_cpp.so
-- Up-to-date: /home/zhengtu/Desktop/TUP-Vision-2023-Based/install/global_interface/include/global_interface
-- Up-to-date: /home/zhengtu/Desktop/TUP-Vision-2023-Based/install/global_interface/include/global_interface/msg
-- Up-to-date: /home/zhengtu/Desktop/TUP-Vision-2023-Based/install/global_interface/include/global_interface/msg/detail
-- Up-to-date: /home/zhengtu/Desktop/TUP-Vision-2023-Based/install/global_interface/include/global_interface/msg/detail/armor__type_support.c
-- Up-to-date: /home/zhengtu/Desktop/TUP-Vision-2023-Based/install/global_interface/include/global_interface/msg/detail/target__type_support.c
-- Up-to-date: /home/zhengtu/Desktop/TUP-Vision-2023-Based/install/global_interface/include/global_interface/msg/detail/armors__type_support.c
-- Up-to-date: /home/zhengtu/Desktop/TUP-Vision-2023-Based/install/global_interface/include/global_interface/msg/detail/armors__rosidl_typesupport_introspection_c.h
-- Up-to-date: /home/zhengtu/Desktop/TUP-Vision-2023-Based/install/global_interface/include/global_interface/msg/detail/armor__rosidl_typesupport_introspection_c.h
-- Up-to-date: /home/zhengtu/Desktop/TUP-Vision-2023-Based/install/global_interface/include/global_interface/msg/detail/target__rosidl_typesupport_introspection_c.h
-- Up-to-date: /home/zhengtu/Desktop/TUP-Vision-2023-Based/install/global_interface/include/global_interface/msg/detail/gimbal__type_support.c
-- Up-to-date: /home/zhengtu/Desktop/TUP-Vision-2023-Based/install/global_interface/include/global_interface/msg/detail/gimbal__rosidl_typesupport_introspection_c.h
-- Up-to-date: /home/zhengtu/Desktop/TUP-Vision-2023-Based/install/global_interface/include/global_interface/msg/rosidl_typesupport_introspection_c__visibility_control.h
-- Up-to-date: /home/zhengtu/Desktop/TUP-Vision-2023-Based/install/global_interface/lib/libglobal_interface__rosidl_typesupport_introspection_c.so
-- Up-to-date: /home/zhengtu/Desktop/TUP-Vision-2023-Based/install/global_interface/lib/libglobal_interface__rosidl_typesupport_c.so
-- Up-to-date: /home/zhengtu/Desktop/TUP-Vision-2023-Based/install/global_interface/include/global_interface
-- Up-to-date: /home/zhengtu/Desktop/TUP-Vision-2023-Based/install/global_interface/include/global_interface/msg
-- Up-to-date: /home/zhengtu/Desktop/TUP-Vision-2023-Based/install/global_interface/include/global_interface/msg/armor.hpp
-- Up-to-date: /home/zhengtu/Desktop/TUP-Vision-2023-Based/install/global_interface/include/global_interface/msg/target.hpp
-- Up-to-date: /home/zhengtu/Desktop/TUP-Vision-2023-Based/install/global_interface/include/global_interface/msg/detail
-- Up-to-date: /home/zhengtu/Desktop/TUP-Vision-2023-Based/install/global_interface/include/global_interface/msg/detail/target__builder.hpp
-- Up-to-date: /home/zhengtu/Desktop/TUP-Vision-2023-Based/install/global_interface/include/global_interface/msg/detail/target__struct.hpp
-- Up-to-date: /home/zhengtu/Desktop/TUP-Vision-2023-Based/install/global_interface/include/global_interface/msg/detail/armor__traits.hpp
-- Up-to-date: /home/zhengtu/Desktop/TUP-Vision-2023-Based/install/global_interface/include/global_interface/msg/detail/armor__struct.hpp
-- Up-to-date: /home/zhengtu/Desktop/TUP-Vision-2023-Based/install/global_interface/include/global_interface/msg/detail/gimbal__traits.hpp
-- Up-to-date: /home/zhengtu/Desktop/TUP-Vision-2023-Based/install/global_interface/include/global_interface/msg/detail/armors__traits.hpp
-- Up-to-date: /home/zhengtu/Desktop/TUP-Vision-2023-Based/install/global_interface/include/global_interface/msg/detail/gimbal__struct.hpp
-- Up-to-date: /home/zhengtu/Desktop/TUP-Vision-2023-Based/install/global_interface/include/global_interface/msg/detail/armors__builder.hpp
-- Up-to-date: /home/zhengtu/Desktop/TUP-Vision-2023-Based/install/global_interface/include/global_interface/msg/detail/armors__struct.hpp
-- Up-to-date: /home/zhengtu/Desktop/TUP-Vision-2023-Based/install/global_interface/include/global_interface/msg/detail/armor__builder.hpp
-- Up-to-date: /home/zhengtu/Desktop/TUP-Vision-2023-Based/install/global_interface/include/global_interface/msg/detail/target__traits.hpp
-- Up-to-date: /home/zhengtu/Desktop/TUP-Vision-2023-Based/install/global_interface/include/global_interface/msg/detail/gimbal__builder.hpp
-- Up-to-date: /home/zhengtu/Desktop/TUP-Vision-2023-Based/install/global_interface/include/global_interface/msg/gimbal.hpp
-- Up-to-date: /home/zhengtu/Desktop/TUP-Vision-2023-Based/install/global_interface/include/global_interface/msg/armors.hpp
-- Up-to-date: /home/zhengtu/Desktop/TUP-Vision-2023-Based/install/global_interface/include/global_interface
-- Up-to-date: /home/zhengtu/Desktop/TUP-Vision-2023-Based/install/global_interface/include/global_interface/msg
-- Up-to-date: /home/zhengtu/Desktop/TUP-Vision-2023-Based/install/global_interface/include/global_interface/msg/detail
-- Up-to-date: /home/zhengtu/Desktop/TUP-Vision-2023-Based/install/global_interface/include/global_interface/msg/detail/gimbal__rosidl_typesupport_introspection_cpp.hpp
-- Up-to-date: /home/zhengtu/Desktop/TUP-Vision-2023-Based/install/global_interface/include/global_interface/msg/detail/gimbal__type_support.cpp
-- Up-to-date: /home/zhengtu/Desktop/TUP-Vision-2023-Based/install/global_interface/include/global_interface/msg/detail/armor__type_support.cpp
-- Up-to-date: /home/zhengtu/Desktop/TUP-Vision-2023-Based/install/global_interface/include/global_interface/msg/detail/target__type_support.cpp
-- Up-to-date: /home/zhengtu/Desktop/TUP-Vision-2023-Based/install/global_interface/include/global_interface/msg/detail/armors__type_support.cpp
-- Up-to-date: /home/zhengtu/Desktop/TUP-Vision-2023-Based/install/global_interface/include/global_interface/msg/detail/target__rosidl_typesupport_introspection_cpp.hpp
-- Up-to-date: /home/zhengtu/Desktop/TUP-Vision-2023-Based/install/global_interface/include/global_interface/msg/detail/armors__rosidl_typesupport_introspection_cpp.hpp
-- Up-to-date: /home/zhengtu/Desktop/TUP-Vision-2023-Based/install/global_interface/include/global_interface/msg/detail/armor__rosidl_typesupport_introspection_cpp.hpp
-- Up-to-date: /home/zhengtu/Desktop/TUP-Vision-2023-Based/install/global_interface/lib/libglobal_interface__rosidl_typesupport_introspection_cpp.so
-- Up-to-date: /home/zhengtu/Desktop/TUP-Vision-2023-Based/install/global_interface/lib/libglobal_interface__rosidl_typesupport_cpp.so
-- Up-to-date: /home/zhengtu/Desktop/TUP-Vision-2023-Based/install/global_interface/share/global_interface/environment/pythonpath.sh
-- Up-to-date: /home/zhengtu/Desktop/TUP-Vision-2023-Based/install/global_interface/share/global_interface/environment/pythonpath.dsv
-- Up-to-date: /home/zhengtu/Desktop/TUP-Vision-2023-Based/install/global_interface/lib/python3.8/site-packages/global_interface/__init__.py
-- Up-to-date: /home/zhengtu/Desktop/TUP-Vision-2023-Based/install/global_interface/lib/python3.8/site-packages/global_interface/msg
-- Up-to-date: /home/zhengtu/Desktop/TUP-Vision-2023-Based/install/global_interface/lib/python3.8/site-packages/global_interface/msg/_target_s.c
-- Up-to-date: /home/zhengtu/Desktop/TUP-Vision-2023-Based/install/global_interface/lib/python3.8/site-packages/global_interface/msg/_target.py
-- Up-to-date: /home/zhengtu/Desktop/TUP-Vision-2023-Based/install/global_interface/lib/python3.8/site-packages/global_interface/msg/_gimbal.py
-- Up-to-date: /home/zhengtu/Desktop/TUP-Vision-2023-Based/install/global_interface/lib/python3.8/site-packages/global_interface/msg/_armors_s.c
-- Up-to-date: /home/zhengtu/Desktop/TUP-Vision-2023-Based/install/global_interface/lib/python3.8/site-packages/global_interface/msg/__init__.py
-- Up-to-date: /home/zhengtu/Desktop/TUP-Vision-2023-Based/install/global_interface/lib/python3.8/site-packages/global_interface/msg/_gimbal_s.c
-- Up-to-date: /home/zhengtu/Desktop/TUP-Vision-2023-Based/install/global_interface/lib/python3.8/site-packages/global_interface/msg/_armor.py
-- Up-to-date: /home/zhengtu/Desktop/TUP-Vision-2023-Based/install/global_interface/lib/python3.8/site-packages/global_interface/msg/_armor_s.c
-- Up-to-date: /home/zhengtu/Desktop/TUP-Vision-2023-Based/install/global_interface/lib/python3.8/site-packages/global_interface/msg/_armors.py
-- Up-to-date: /home/zhengtu/Desktop/TUP-Vision-2023-Based/install/global_interface/lib/python3.8/site-packages/global_interface/global_interface_s__rosidl_typesupport_fastrtps_c.cpython-38-x86_64-linux-gnu.so
-- Up-to-date: /home/zhengtu/Desktop/TUP-Vision-2023-Based/install/global_interface/lib/python3.8/site-packages/global_interface/global_interface_s__rosidl_typesupport_introspection_c.cpython-38-x86_64-linux-gnu.so
-- Up-to-date: /home/zhengtu/Desktop/TUP-Vision-2023-Based/install/global_interface/lib/python3.8/site-packages/global_interface/global_interface_s__rosidl_typesupport_c.cpython-38-x86_64-linux-gnu.so
-- Up-to-date: /home/zhengtu/Desktop/TUP-Vision-2023-Based/install/global_interface/lib/libglobal_interface__python.so
-- Up-to-date: /home/zhengtu/Desktop/TUP-Vision-2023-Based/install/global_interface/share/global_interface/msg/Gimbal.idl
-- Up-to-date: /home/zhengtu/Desktop/TUP-Vision-2023-Based/install/global_interface/share/global_interface/msg/Armor.idl
-- Up-to-date: /home/zhengtu/Desktop/TUP-Vision-2023-Based/install/global_interface/share/global_interface/msg/Armors.idl
-- Up-to-date: /home/zhengtu/Desktop/TUP-Vision-2023-Based/install/global_interface/share/global_interface/msg/Target.idl
-- Up-to-date: /home/zhengtu/Desktop/TUP-Vision-2023-Based/install/global_interface/share/global_interface/msg/Gimbal.msg
-- Up-to-date: /home/zhengtu/Desktop/TUP-Vision-2023-Based/install/global_interface/share/global_interface/msg/Armor.msg
-- Up-to-date: /home/zhengtu/Desktop/TUP-Vision-2023-Based/install/global_interface/share/global_interface/msg/Armors.msg
-- Up-to-date: /home/zhengtu/Desktop/TUP-Vision-2023-Based/install/global_interface/share/global_interface/msg/Target.msg
-- Up-to-date: /home/zhengtu/Desktop/TUP-Vision-2023-Based/install/global_interface/share/ament_index/resource_index/package_run_dependencies/global_interface
-- Up-to-date: /home/zhengtu/Desktop/TUP-Vision-2023-Based/install/global_interface/share/ament_index/resource_index/parent_prefix_path/global_interface
-- Up-to-date: /home/zhengtu/Desktop/TUP-Vision-2023-Based/install/global_interface/share/global_interface/environment/ament_prefix_path.sh
-- Up-to-date: /home/zhengtu/Desktop/TUP-Vision-2023-Based/install/global_interface/share/global_interface/environment/ament_prefix_path.dsv
-- Up-to-date: /home/zhengtu/Desktop/TUP-Vision-2023-Based/install/global_interface/share/global_interface/environment/path.sh
-- Up-to-date: /home/zhengtu/Desktop/TUP-Vision-2023-Based/install/global_interface/share/global_interface/environment/path.dsv
-- Up-to-date: /home/zhengtu/Desktop/TUP-Vision-2023-Based/install/global_interface/share/global_interface/local_setup.bash
-- Up-to-date: /home/zhengtu/Desktop/TUP-Vision-2023-Based/install/global_interface/share/global_interface/local_setup.sh
-- Up-to-date: /home/zhengtu/Desktop/TUP-Vision-2023-Based/install/global_interface/share/global_interface/local_setup.zsh
-- Up-to-date: /home/zhengtu/Desktop/TUP-Vision-2023-Based/install/global_interface/share/global_interface/local_setup.dsv
-- Installing: /home/zhengtu/Desktop/TUP-Vision-2023-Based/install/global_interface/share/global_interface/package.dsv
-- Up-to-date: /home/zhengtu/Desktop/TUP-Vision-2023-Based/install/global_interface/share/ament_index/resource_index/packages/global_interface
-- Up-to-date: /home/zhengtu/Desktop/TUP-Vision-2023-Based/install/global_interface/share/global_interface/cmake/global_interface__rosidl_generator_cExport.cmake
-- Up-to-date: /home/zhengtu/Desktop/TUP-Vision-2023-Based/install/global_interface/share/global_interface/cmake/global_interface__rosidl_generator_cExport-noconfig.cmake
-- Up-to-date: /home/zhengtu/Desktop/TUP-Vision-2023-Based/install/global_interface/share/global_interface/cmake/global_interface__rosidl_typesupport_introspection_cExport.cmake
-- Up-to-date: /home/zhengtu/Desktop/TUP-Vision-2023-Based/install/global_interface/share/global_interface/cmake/global_interface__rosidl_typesupport_introspection_cExport-noconfig.cmake
-- Up-to-date: /home/zhengtu/Desktop/TUP-Vision-2023-Based/install/global_interface/share/global_interface/cmake/global_interface__rosidl_typesupport_cExport.cmake
-- Up-to-date: /home/zhengtu/Desktop/TUP-Vision-2023-Based/install/global_interface/share/global_interface/cmake/global_interface__rosidl_typesupport_cExport-noconfig.cmake
-- Up-to-date: /home/zhengtu/Desktop/TUP-Vision-2023-Based/install/global_interface/share/global_interface/cmake/global_interface__rosidl_generator_cppExport.cmake
-- Up-to-date: /home/zhengtu/Desktop/TUP-Vision-2023-Based/install/global_interface/share/global_interface/cmake/global_interface__rosidl_typesupport_introspection_cppExport.cmake
-- Up-to-date: /home/zhengtu/Desktop/TUP-Vision-2023-Based/install/global_interface/share/global_interface/cmake/global_interface__rosidl_typesupport_introspection_cppExport-noconfig.cmake
-- Up-to-date: /home/zhengtu/Desktop/TUP-Vision-2023-Based/install/global_interface/share/global_interface/cmake/global_interface__rosidl_typesupport_cppExport.cmake
-- Up-to-date: /home/zhengtu/Desktop/TUP-Vision-2023-Based/install/global_interface/share/global_interface/cmake/global_interface__rosidl_typesupport_cppExport-noconfig.cmake
-- Up-to-date: /home/zhengtu/Desktop/TUP-Vision-2023-Based/install/global_interface/share/global_interface/cmake/rosidl_cmake-extras.cmake
-- Up-to-date: /home/zhengtu/Desktop/TUP-Vision-2023-Based/install/global_interface/share/global_interface/cmake/ament_cmake_export_dependencies-extras.cmake
-- Up-to-date: /home/zhengtu/Desktop/TUP-Vision-2023-Based/install/global_interface/share/global_interface/cmake/ament_cmake_export_libraries-extras.cmake
-- Up-to-date: /home/zhengtu/Desktop/TUP-Vision-2023-Based/install/global_interface/share/global_interface/cmake/ament_cmake_export_targets-extras.cmake
-- Up-to-date: /home/zhengtu/Desktop/TUP-Vision-2023-Based/install/global_interface/share/global_interface/cmake/ament_cmake_export_include_directories-extras.cmake
-- Up-to-date: /home/zhengtu/Desktop/TUP-Vision-2023-Based/install/global_interface/share/global_interface/cmake/rosidl_cmake_export_typesupport_libraries-extras.cmake
-- Up-to-date: /home/zhengtu/Desktop/TUP-Vision-2023-Based/install/global_interface/share/global_interface/cmake/rosidl_cmake_export_typesupport_targets-extras.cmake
-- Up-to-date: /home/zhengtu/Desktop/TUP-Vision-2023-Based/install/global_interface/share/global_interface/cmake/global_interfaceConfig.cmake
-- Up-to-date: /home/zhengtu/Desktop/TUP-Vision-2023-Based/install/global_interface/share/global_interface/cmake/global_interfaceConfig-version.cmake
-- Up-to-date: /home/zhengtu/Desktop/TUP-Vision-2023-Based/install/global_interface/share/global_interface/package.xml
