[0.025s] Invoking command in '/home/zhengtu/Desktop/TUP-Vision-2023-Based/build/global_interface': CMAKE_PREFIX_PATH=/opt/ros/galactic /usr/bin/cmake --build /home/zhengtu/Desktop/TUP-Vision-2023-Based/build/global_interface -- -j16 -l16
[0.106s] [  1%] Built target global_interface__cpp
[0.107s] [ 12%] Built target global_interface__rosidl_generator_c
[0.136s] [ 23%] Built target global_interface__rosidl_typesupport_introspection_cpp
[0.137s] [ 34%] Built target global_interface__rosidl_typesupport_c
[0.140s] [ 45%] Built target global_interface__rosidl_typesupport_cpp
[0.141s] [ 56%] Built target global_interface__rosidl_typesupport_introspection_c
[0.143s] [ 67%] Built target global_interface__rosidl_typesupport_fastrtps_cpp
[0.194s] [ 78%] Built target global_interface__rosidl_typesupport_fastrtps_c
[0.231s] [ 78%] Built target global_interface
[0.258s] [ 80%] Built target global_interface__py
[0.302s] [ 89%] Built target global_interface__python
[0.330s] [ 92%] Built target global_interface__rosidl_typesupport_fastrtps_c__pyext
[0.340s] [ 96%] Built target global_interface__rosidl_typesupport_c__pyext
[0.342s] [100%] Built target global_interface__rosidl_typesupport_introspection_c__pyext
[0.357s] Invoked command in '/home/zhengtu/Desktop/TUP-Vision-2023-Based/build/global_interface' returned '0': CMAKE_PREFIX_PATH=/opt/ros/galactic /usr/bin/cmake --build /home/zhengtu/Desktop/TUP-Vision-2023-Based/build/global_interface -- -j16 -l16
[0.526s] Invoking command in '/home/zhengtu/Desktop/TUP-Vision-2023-Based/build/global_interface': CMAKE_PREFIX_PATH=/opt/ros/galactic /usr/bin/cmake --install /home/zhengtu/Desktop/TUP-Vision-2023-Based/build/global_interface
[0.540s] -- Install configuration: ""
[0.541s] -- Up-to-date: /home/zhengtu/Desktop/TUP-Vision-2023-Based/install/global_interface/share/ament_index/resource_index/rosidl_interfaces/global_interface
[0.542s] -- Up-to-date: /home/zhengtu/Desktop/TUP-Vision-2023-Based/install/global_interface/include/global_interface
[0.542s] -- Up-to-date: /home/zhengtu/Desktop/TUP-Vision-2023-Based/install/global_interface/include/global_interface/msg
[0.543s] -- Up-to-date: /home/zhengtu/Desktop/TUP-Vision-2023-Based/install/global_interface/include/global_interface/msg/gimbal.h
[0.543s] -- Up-to-date: /home/zhengtu/Desktop/TUP-Vision-2023-Based/install/global_interface/include/global_interface/msg/rosidl_generator_c__visibility_control.h
[0.543s] -- Up-to-date: /home/zhengtu/Desktop/TUP-Vision-2023-Based/install/global_interface/include/global_interface/msg/detail
[0.544s] -- Up-to-date: /home/zhengtu/Desktop/TUP-Vision-2023-Based/install/global_interface/include/global_interface/msg/detail/gimbal__struct.h
[0.544s] -- Up-to-date: /home/zhengtu/Desktop/TUP-Vision-2023-Based/install/global_interface/include/global_interface/msg/detail/target__functions.h
[0.544s] -- Up-to-date: /home/zhengtu/Desktop/TUP-Vision-2023-Based/install/global_interface/include/global_interface/msg/detail/armors__type_support.h
[0.544s] -- Up-to-date: /home/zhengtu/Desktop/TUP-Vision-2023-Based/install/global_interface/include/global_interface/msg/detail/target__functions.c
[0.545s] -- Up-to-date: /home/zhengtu/Desktop/TUP-Vision-2023-Based/install/global_interface/include/global_interface/msg/detail/armors__struct.h
[0.545s] -- Up-to-date: /home/zhengtu/Desktop/TUP-Vision-2023-Based/install/global_interface/include/global_interface/msg/detail/armor__functions.c
[0.545s] -- Up-to-date: /home/zhengtu/Desktop/TUP-Vision-2023-Based/install/global_interface/include/global_interface/msg/detail/armor__type_support.h
[0.545s] -- Up-to-date: /home/zhengtu/Desktop/TUP-Vision-2023-Based/install/global_interface/include/global_interface/msg/detail/target__type_support.h
[0.546s] -- Up-to-date: /home/zhengtu/Desktop/TUP-Vision-2023-Based/install/global_interface/include/global_interface/msg/detail/armor__struct.h
[0.546s] -- Up-to-date: /home/zhengtu/Desktop/TUP-Vision-2023-Based/install/global_interface/include/global_interface/msg/detail/armors__functions.c
[0.546s] -- Up-to-date: /home/zhengtu/Desktop/TUP-Vision-2023-Based/install/global_interface/include/global_interface/msg/detail/gimbal__functions.c
[0.546s] -- Up-to-date: /home/zhengtu/Desktop/TUP-Vision-2023-Based/install/global_interface/include/global_interface/msg/detail/armors__functions.h
[0.547s] -- Up-to-date: /home/zhengtu/Desktop/TUP-Vision-2023-Based/install/global_interface/include/global_interface/msg/detail/armor__functions.h
[0.547s] -- Up-to-date: /home/zhengtu/Desktop/TUP-Vision-2023-Based/install/global_interface/include/global_interface/msg/detail/target__struct.h
[0.547s] -- Up-to-date: /home/zhengtu/Desktop/TUP-Vision-2023-Based/install/global_interface/include/global_interface/msg/detail/gimbal__functions.h
[0.547s] -- Up-to-date: /home/zhengtu/Desktop/TUP-Vision-2023-Based/install/global_interface/include/global_interface/msg/detail/gimbal__type_support.h
[0.548s] -- Up-to-date: /home/zhengtu/Desktop/TUP-Vision-2023-Based/install/global_interface/include/global_interface/msg/target.h
[0.548s] -- Up-to-date: /home/zhengtu/Desktop/TUP-Vision-2023-Based/install/global_interface/include/global_interface/msg/armor.h
[0.548s] -- Up-to-date: /home/zhengtu/Desktop/TUP-Vision-2023-Based/install/global_interface/include/global_interface/msg/armors.h
[0.548s] -- Up-to-date: /home/zhengtu/Desktop/TUP-Vision-2023-Based/install/global_interface/share/global_interface/environment/library_path.sh
[0.549s] -- Up-to-date: /home/zhengtu/Desktop/TUP-Vision-2023-Based/install/global_interface/share/global_interface/environment/library_path.dsv
[0.549s] -- Up-to-date: /home/zhengtu/Desktop/TUP-Vision-2023-Based/install/global_interface/lib/libglobal_interface__rosidl_generator_c.so
[0.549s] -- Up-to-date: /home/zhengtu/Desktop/TUP-Vision-2023-Based/install/global_interface/include/global_interface
[0.550s] -- Up-to-date: /home/zhengtu/Desktop/TUP-Vision-2023-Based/install/global_interface/include/global_interface/msg
[0.550s] -- Up-to-date: /home/zhengtu/Desktop/TUP-Vision-2023-Based/install/global_interface/include/global_interface/msg/rosidl_typesupport_fastrtps_c__visibility_control.h
[0.550s] -- Up-to-date: /home/zhengtu/Desktop/TUP-Vision-2023-Based/install/global_interface/include/global_interface/msg/detail
[0.550s] -- Up-to-date: /home/zhengtu/Desktop/TUP-Vision-2023-Based/install/global_interface/include/global_interface/msg/detail/target__rosidl_typesupport_fastrtps_c.h
[0.551s] -- Up-to-date: /home/zhengtu/Desktop/TUP-Vision-2023-Based/install/global_interface/include/global_interface/msg/detail/armors__rosidl_typesupport_fastrtps_c.h
[0.551s] -- Up-to-date: /home/zhengtu/Desktop/TUP-Vision-2023-Based/install/global_interface/include/global_interface/msg/detail/gimbal__rosidl_typesupport_fastrtps_c.h
[0.551s] -- Up-to-date: /home/zhengtu/Desktop/TUP-Vision-2023-Based/install/global_interface/include/global_interface/msg/detail/armor__rosidl_typesupport_fastrtps_c.h
[0.551s] -- Up-to-date: /home/zhengtu/Desktop/TUP-Vision-2023-Based/install/global_interface/lib/libglobal_interface__rosidl_typesupport_fastrtps_c.so
[0.551s] -- Up-to-date: /home/zhengtu/Desktop/TUP-Vision-2023-Based/install/global_interface/include/global_interface
[0.552s] -- Up-to-date: /home/zhengtu/Desktop/TUP-Vision-2023-Based/install/global_interface/include/global_interface/msg
[0.552s] -- Up-to-date: /home/zhengtu/Desktop/TUP-Vision-2023-Based/install/global_interface/include/global_interface/msg/rosidl_typesupport_fastrtps_cpp__visibility_control.h
[0.552s] -- Up-to-date: /home/zhengtu/Desktop/TUP-Vision-2023-Based/install/global_interface/include/global_interface/msg/detail
[0.552s] -- Up-to-date: /home/zhengtu/Desktop/TUP-Vision-2023-Based/install/global_interface/include/global_interface/msg/detail/dds_fastrtps
[0.552s] -- Up-to-date: /home/zhengtu/Desktop/TUP-Vision-2023-Based/install/global_interface/include/global_interface/msg/detail/gimbal__rosidl_typesupport_fastrtps_cpp.hpp
[0.552s] -- Up-to-date: /home/zhengtu/Desktop/TUP-Vision-2023-Based/install/global_interface/include/global_interface/msg/detail/target__rosidl_typesupport_fastrtps_cpp.hpp
[0.553s] -- Up-to-date: /home/zhengtu/Desktop/TUP-Vision-2023-Based/install/global_interface/include/global_interface/msg/detail/armor__rosidl_typesupport_fastrtps_cpp.hpp
[0.553s] -- Up-to-date: /home/zhengtu/Desktop/TUP-Vision-2023-Based/install/global_interface/include/global_interface/msg/detail/armors__rosidl_typesupport_fastrtps_cpp.hpp
[0.553s] -- Up-to-date: /home/zhengtu/Desktop/TUP-Vision-2023-Based/install/global_interface/lib/libglobal_interface__rosidl_typesupport_fastrtps_cpp.so
[0.553s] -- Up-to-date: /home/zhengtu/Desktop/TUP-Vision-2023-Based/install/global_interface/include/global_interface
[0.554s] -- Up-to-date: /home/zhengtu/Desktop/TUP-Vision-2023-Based/install/global_interface/include/global_interface/msg
[0.554s] -- Up-to-date: /home/zhengtu/Desktop/TUP-Vision-2023-Based/install/global_interface/include/global_interface/msg/detail
[0.554s] -- Up-to-date: /home/zhengtu/Desktop/TUP-Vision-2023-Based/install/global_interface/include/global_interface/msg/detail/armor__type_support.c
[0.554s] -- Up-to-date: /home/zhengtu/Desktop/TUP-Vision-2023-Based/install/global_interface/include/global_interface/msg/detail/target__type_support.c
[0.554s] -- Up-to-date: /home/zhengtu/Desktop/TUP-Vision-2023-Based/install/global_interface/include/global_interface/msg/detail/armors__type_support.c
[0.554s] -- Up-to-date: /home/zhengtu/Desktop/TUP-Vision-2023-Based/install/global_interface/include/global_interface/msg/detail/armors__rosidl_typesupport_introspection_c.h
[0.555s] -- Up-to-date: /home/zhengtu/Desktop/TUP-Vision-2023-Based/install/global_interface/include/global_interface/msg/detail/armor__rosidl_typesupport_introspection_c.h
[0.555s] -- Up-to-date: /home/zhengtu/Desktop/TUP-Vision-2023-Based/install/global_interface/include/global_interface/msg/detail/target__rosidl_typesupport_introspection_c.h
[0.555s] -- Up-to-date: /home/zhengtu/Desktop/TUP-Vision-2023-Based/install/global_interface/include/global_interface/msg/detail/gimbal__type_support.c
[0.555s] -- Up-to-date: /home/zhengtu/Desktop/TUP-Vision-2023-Based/install/global_interface/include/global_interface/msg/detail/gimbal__rosidl_typesupport_introspection_c.h
[0.555s] -- Up-to-date: /home/zhengtu/Desktop/TUP-Vision-2023-Based/install/global_interface/include/global_interface/msg/rosidl_typesupport_introspection_c__visibility_control.h
[0.555s] -- Up-to-date: /home/zhengtu/Desktop/TUP-Vision-2023-Based/install/global_interface/lib/libglobal_interface__rosidl_typesupport_introspection_c.so
[0.555s] -- Up-to-date: /home/zhengtu/Desktop/TUP-Vision-2023-Based/install/global_interface/lib/libglobal_interface__rosidl_typesupport_c.so
[0.555s] -- Up-to-date: /home/zhengtu/Desktop/TUP-Vision-2023-Based/install/global_interface/include/global_interface
[0.556s] -- Up-to-date: /home/zhengtu/Desktop/TUP-Vision-2023-Based/install/global_interface/include/global_interface/msg
[0.556s] -- Up-to-date: /home/zhengtu/Desktop/TUP-Vision-2023-Based/install/global_interface/include/global_interface/msg/armor.hpp
[0.556s] -- Up-to-date: /home/zhengtu/Desktop/TUP-Vision-2023-Based/install/global_interface/include/global_interface/msg/target.hpp
[0.556s] -- Up-to-date: /home/zhengtu/Desktop/TUP-Vision-2023-Based/install/global_interface/include/global_interface/msg/detail
[0.556s] -- Up-to-date: /home/zhengtu/Desktop/TUP-Vision-2023-Based/install/global_interface/include/global_interface/msg/detail/target__builder.hpp
[0.556s] -- Up-to-date: /home/zhengtu/Desktop/TUP-Vision-2023-Based/install/global_interface/include/global_interface/msg/detail/target__struct.hpp
[0.556s] -- Up-to-date: /home/zhengtu/Desktop/TUP-Vision-2023-Based/install/global_interface/include/global_interface/msg/detail/armor__traits.hpp
[0.556s] -- Up-to-date: /home/zhengtu/Desktop/TUP-Vision-2023-Based/install/global_interface/include/global_interface/msg/detail/armor__struct.hpp
[0.556s] -- Up-to-date: /home/zhengtu/Desktop/TUP-Vision-2023-Based/install/global_interface/include/global_interface/msg/detail/gimbal__traits.hpp
[0.557s] -- Up-to-date: /home/zhengtu/Desktop/TUP-Vision-2023-Based/install/global_interface/include/global_interface/msg/detail/armors__traits.hpp
[0.557s] -- Up-to-date: /home/zhengtu/Desktop/TUP-Vision-2023-Based/install/global_interface/include/global_interface/msg/detail/gimbal__struct.hpp
[0.557s] -- Up-to-date: /home/zhengtu/Desktop/TUP-Vision-2023-Based/install/global_interface/include/global_interface/msg/detail/armors__builder.hpp
[0.557s] -- Up-to-date: /home/zhengtu/Desktop/TUP-Vision-2023-Based/install/global_interface/include/global_interface/msg/detail/armors__struct.hpp
[0.557s] -- Up-to-date: /home/zhengtu/Desktop/TUP-Vision-2023-Based/install/global_interface/include/global_interface/msg/detail/armor__builder.hpp
[0.557s] -- Up-to-date: /home/zhengtu/Desktop/TUP-Vision-2023-Based/install/global_interface/include/global_interface/msg/detail/target__traits.hpp
[0.557s] -- Up-to-date: /home/zhengtu/Desktop/TUP-Vision-2023-Based/install/global_interface/include/global_interface/msg/detail/gimbal__builder.hpp
[0.557s] -- Up-to-date: /home/zhengtu/Desktop/TUP-Vision-2023-Based/install/global_interface/include/global_interface/msg/gimbal.hpp
[0.558s] -- Up-to-date: /home/zhengtu/Desktop/TUP-Vision-2023-Based/install/global_interface/include/global_interface/msg/armors.hpp
[0.558s] -- Up-to-date: /home/zhengtu/Desktop/TUP-Vision-2023-Based/install/global_interface/include/global_interface
[0.558s] -- Up-to-date: /home/zhengtu/Desktop/TUP-Vision-2023-Based/install/global_interface/include/global_interface/msg
[0.558s] -- Up-to-date: /home/zhengtu/Desktop/TUP-Vision-2023-Based/install/global_interface/include/global_interface/msg/detail
[0.558s] -- Up-to-date: /home/zhengtu/Desktop/TUP-Vision-2023-Based/install/global_interface/include/global_interface/msg/detail/gimbal__rosidl_typesupport_introspection_cpp.hpp
[0.558s] -- Up-to-date: /home/zhengtu/Desktop/TUP-Vision-2023-Based/install/global_interface/include/global_interface/msg/detail/gimbal__type_support.cpp
[0.558s] -- Up-to-date: /home/zhengtu/Desktop/TUP-Vision-2023-Based/install/global_interface/include/global_interface/msg/detail/armor__type_support.cpp
[0.558s] -- Up-to-date: /home/zhengtu/Desktop/TUP-Vision-2023-Based/install/global_interface/include/global_interface/msg/detail/target__type_support.cpp
[0.559s] -- Up-to-date: /home/zhengtu/Desktop/TUP-Vision-2023-Based/install/global_interface/include/global_interface/msg/detail/armors__type_support.cpp
[0.559s] -- Up-to-date: /home/zhengtu/Desktop/TUP-Vision-2023-Based/install/global_interface/include/global_interface/msg/detail/target__rosidl_typesupport_introspection_cpp.hpp
[0.559s] -- Up-to-date: /home/zhengtu/Desktop/TUP-Vision-2023-Based/install/global_interface/include/global_interface/msg/detail/armors__rosidl_typesupport_introspection_cpp.hpp
[0.559s] -- Up-to-date: /home/zhengtu/Desktop/TUP-Vision-2023-Based/install/global_interface/include/global_interface/msg/detail/armor__rosidl_typesupport_introspection_cpp.hpp
[0.559s] -- Up-to-date: /home/zhengtu/Desktop/TUP-Vision-2023-Based/install/global_interface/lib/libglobal_interface__rosidl_typesupport_introspection_cpp.so
[0.559s] -- Up-to-date: /home/zhengtu/Desktop/TUP-Vision-2023-Based/install/global_interface/lib/libglobal_interface__rosidl_typesupport_cpp.so
[0.559s] -- Up-to-date: /home/zhengtu/Desktop/TUP-Vision-2023-Based/install/global_interface/share/global_interface/environment/pythonpath.sh
[0.559s] -- Up-to-date: /home/zhengtu/Desktop/TUP-Vision-2023-Based/install/global_interface/share/global_interface/environment/pythonpath.dsv
[0.559s] -- Up-to-date: /home/zhengtu/Desktop/TUP-Vision-2023-Based/install/global_interface/lib/python3.8/site-packages/global_interface/__init__.py
[0.575s] -- Up-to-date: /home/zhengtu/Desktop/TUP-Vision-2023-Based/install/global_interface/lib/python3.8/site-packages/global_interface/msg
[0.576s] -- Up-to-date: /home/zhengtu/Desktop/TUP-Vision-2023-Based/install/global_interface/lib/python3.8/site-packages/global_interface/msg/_target_s.c
[0.576s] -- Up-to-date: /home/zhengtu/Desktop/TUP-Vision-2023-Based/install/global_interface/lib/python3.8/site-packages/global_interface/msg/_target.py
[0.576s] -- Up-to-date: /home/zhengtu/Desktop/TUP-Vision-2023-Based/install/global_interface/lib/python3.8/site-packages/global_interface/msg/_gimbal.py
[0.576s] -- Up-to-date: /home/zhengtu/Desktop/TUP-Vision-2023-Based/install/global_interface/lib/python3.8/site-packages/global_interface/msg/_armors_s.c
[0.576s] -- Up-to-date: /home/zhengtu/Desktop/TUP-Vision-2023-Based/install/global_interface/lib/python3.8/site-packages/global_interface/msg/__init__.py
[0.577s] -- Up-to-date: /home/zhengtu/Desktop/TUP-Vision-2023-Based/install/global_interface/lib/python3.8/site-packages/global_interface/msg/_gimbal_s.c
[0.577s] -- Up-to-date: /home/zhengtu/Desktop/TUP-Vision-2023-Based/install/global_interface/lib/python3.8/site-packages/global_interface/msg/_armor.py
[0.577s] -- Up-to-date: /home/zhengtu/Desktop/TUP-Vision-2023-Based/install/global_interface/lib/python3.8/site-packages/global_interface/msg/_armor_s.c
[0.577s] -- Up-to-date: /home/zhengtu/Desktop/TUP-Vision-2023-Based/install/global_interface/lib/python3.8/site-packages/global_interface/msg/_armors.py
[0.577s] -- Up-to-date: /home/zhengtu/Desktop/TUP-Vision-2023-Based/install/global_interface/lib/python3.8/site-packages/global_interface/global_interface_s__rosidl_typesupport_fastrtps_c.cpython-38-x86_64-linux-gnu.so
[0.578s] -- Up-to-date: /home/zhengtu/Desktop/TUP-Vision-2023-Based/install/global_interface/lib/python3.8/site-packages/global_interface/global_interface_s__rosidl_typesupport_introspection_c.cpython-38-x86_64-linux-gnu.so
[0.580s] -- Up-to-date: /home/zhengtu/Desktop/TUP-Vision-2023-Based/install/global_interface/lib/python3.8/site-packages/global_interface/global_interface_s__rosidl_typesupport_c.cpython-38-x86_64-linux-gnu.so
[0.581s] -- Up-to-date: /home/zhengtu/Desktop/TUP-Vision-2023-Based/install/global_interface/lib/libglobal_interface__python.so
[0.582s] -- Up-to-date: /home/zhengtu/Desktop/TUP-Vision-2023-Based/install/global_interface/share/global_interface/msg/Gimbal.idl
[0.582s] -- Up-to-date: /home/zhengtu/Desktop/TUP-Vision-2023-Based/install/global_interface/share/global_interface/msg/Armor.idl
[0.582s] -- Up-to-date: /home/zhengtu/Desktop/TUP-Vision-2023-Based/install/global_interface/share/global_interface/msg/Armors.idl
[0.582s] -- Up-to-date: /home/zhengtu/Desktop/TUP-Vision-2023-Based/install/global_interface/share/global_interface/msg/Target.idl
[0.582s] -- Up-to-date: /home/zhengtu/Desktop/TUP-Vision-2023-Based/install/global_interface/share/global_interface/msg/Gimbal.msg
[0.583s] -- Up-to-date: /home/zhengtu/Desktop/TUP-Vision-2023-Based/install/global_interface/share/global_interface/msg/Armor.msg
[0.583s] -- Up-to-date: /home/zhengtu/Desktop/TUP-Vision-2023-Based/install/global_interface/share/global_interface/msg/Armors.msg
[0.583s] -- Up-to-date: /home/zhengtu/Desktop/TUP-Vision-2023-Based/install/global_interface/share/global_interface/msg/Target.msg
[0.584s] -- Up-to-date: /home/zhengtu/Desktop/TUP-Vision-2023-Based/install/global_interface/share/ament_index/resource_index/package_run_dependencies/global_interface
[0.584s] -- Up-to-date: /home/zhengtu/Desktop/TUP-Vision-2023-Based/install/global_interface/share/ament_index/resource_index/parent_prefix_path/global_interface
[0.584s] -- Up-to-date: /home/zhengtu/Desktop/TUP-Vision-2023-Based/install/global_interface/share/global_interface/environment/ament_prefix_path.sh
[0.585s] -- Up-to-date: /home/zhengtu/Desktop/TUP-Vision-2023-Based/install/global_interface/share/global_interface/environment/ament_prefix_path.dsv
[0.585s] -- Up-to-date: /home/zhengtu/Desktop/TUP-Vision-2023-Based/install/global_interface/share/global_interface/environment/path.sh
[0.585s] -- Up-to-date: /home/zhengtu/Desktop/TUP-Vision-2023-Based/install/global_interface/share/global_interface/environment/path.dsv
[0.586s] -- Up-to-date: /home/zhengtu/Desktop/TUP-Vision-2023-Based/install/global_interface/share/global_interface/local_setup.bash
[0.586s] -- Up-to-date: /home/zhengtu/Desktop/TUP-Vision-2023-Based/install/global_interface/share/global_interface/local_setup.sh
[0.586s] -- Up-to-date: /home/zhengtu/Desktop/TUP-Vision-2023-Based/install/global_interface/share/global_interface/local_setup.zsh
[0.586s] -- Up-to-date: /home/zhengtu/Desktop/TUP-Vision-2023-Based/install/global_interface/share/global_interface/local_setup.dsv
[0.587s] -- Installing: /home/zhengtu/Desktop/TUP-Vision-2023-Based/install/global_interface/share/global_interface/package.dsv
[0.587s] -- Up-to-date: /home/zhengtu/Desktop/TUP-Vision-2023-Based/install/global_interface/share/ament_index/resource_index/packages/global_interface
[0.587s] -- Up-to-date: /home/zhengtu/Desktop/TUP-Vision-2023-Based/install/global_interface/share/global_interface/cmake/global_interface__rosidl_generator_cExport.cmake
[0.587s] -- Up-to-date: /home/zhengtu/Desktop/TUP-Vision-2023-Based/install/global_interface/share/global_interface/cmake/global_interface__rosidl_generator_cExport-noconfig.cmake
[0.587s] -- Up-to-date: /home/zhengtu/Desktop/TUP-Vision-2023-Based/install/global_interface/share/global_interface/cmake/global_interface__rosidl_typesupport_introspection_cExport.cmake
[0.587s] -- Up-to-date: /home/zhengtu/Desktop/TUP-Vision-2023-Based/install/global_interface/share/global_interface/cmake/global_interface__rosidl_typesupport_introspection_cExport-noconfig.cmake
[0.588s] -- Up-to-date: /home/zhengtu/Desktop/TUP-Vision-2023-Based/install/global_interface/share/global_interface/cmake/global_interface__rosidl_typesupport_cExport.cmake
[0.588s] -- Up-to-date: /home/zhengtu/Desktop/TUP-Vision-2023-Based/install/global_interface/share/global_interface/cmake/global_interface__rosidl_typesupport_cExport-noconfig.cmake
[0.588s] -- Up-to-date: /home/zhengtu/Desktop/TUP-Vision-2023-Based/install/global_interface/share/global_interface/cmake/global_interface__rosidl_generator_cppExport.cmake
[0.589s] -- Up-to-date: /home/zhengtu/Desktop/TUP-Vision-2023-Based/install/global_interface/share/global_interface/cmake/global_interface__rosidl_typesupport_introspection_cppExport.cmake
[0.589s] -- Up-to-date: /home/zhengtu/Desktop/TUP-Vision-2023-Based/install/global_interface/share/global_interface/cmake/global_interface__rosidl_typesupport_introspection_cppExport-noconfig.cmake
[0.589s] -- Up-to-date: /home/zhengtu/Desktop/TUP-Vision-2023-Based/install/global_interface/share/global_interface/cmake/global_interface__rosidl_typesupport_cppExport.cmake
[0.589s] -- Up-to-date: /home/zhengtu/Desktop/TUP-Vision-2023-Based/install/global_interface/share/global_interface/cmake/global_interface__rosidl_typesupport_cppExport-noconfig.cmake
[0.589s] -- Up-to-date: /home/zhengtu/Desktop/TUP-Vision-2023-Based/install/global_interface/share/global_interface/cmake/rosidl_cmake-extras.cmake
[0.589s] -- Up-to-date: /home/zhengtu/Desktop/TUP-Vision-2023-Based/install/global_interface/share/global_interface/cmake/ament_cmake_export_dependencies-extras.cmake
[0.589s] -- Up-to-date: /home/zhengtu/Desktop/TUP-Vision-2023-Based/install/global_interface/share/global_interface/cmake/ament_cmake_export_libraries-extras.cmake
[0.590s] -- Up-to-date: /home/zhengtu/Desktop/TUP-Vision-2023-Based/install/global_interface/share/global_interface/cmake/ament_cmake_export_targets-extras.cmake
[0.590s] -- Up-to-date: /home/zhengtu/Desktop/TUP-Vision-2023-Based/install/global_interface/share/global_interface/cmake/ament_cmake_export_include_directories-extras.cmake
[0.590s] -- Up-to-date: /home/zhengtu/Desktop/TUP-Vision-2023-Based/install/global_interface/share/global_interface/cmake/rosidl_cmake_export_typesupport_libraries-extras.cmake
[0.590s] -- Up-to-date: /home/zhengtu/Desktop/TUP-Vision-2023-Based/install/global_interface/share/global_interface/cmake/rosidl_cmake_export_typesupport_targets-extras.cmake
[0.590s] -- Up-to-date: /home/zhengtu/Desktop/TUP-Vision-2023-Based/install/global_interface/share/global_interface/cmake/global_interfaceConfig.cmake
[0.590s] -- Up-to-date: /home/zhengtu/Desktop/TUP-Vision-2023-Based/install/global_interface/share/global_interface/cmake/global_interfaceConfig-version.cmake
[0.590s] -- Up-to-date: /home/zhengtu/Desktop/TUP-Vision-2023-Based/install/global_interface/share/global_interface/package.xml
[0.596s] Invoked command in '/home/zhengtu/Desktop/TUP-Vision-2023-Based/build/global_interface' returned '0': CMAKE_PREFIX_PATH=/opt/ros/galactic /usr/bin/cmake --install /home/zhengtu/Desktop/TUP-Vision-2023-Based/build/global_interface
