-- The C compiler identification is GNU 9.4.0
-- The CXX compiler identification is GNU 9.4.0
-- Detecting C compiler ABI info
-- Detecting C compiler ABI info - done
-- Check for working C compiler: /usr/bin/cc - skipped
-- Detecting C compile features
-- Detecting C compile features - done
-- Detecting CXX compiler ABI info
-- Detecting CXX compiler ABI info - done
-- Check for working CXX compiler: /usr/bin/c++ - skipped
-- Detecting CXX compile features
-- Detecting CXX compile features - done
-- Found ament_cmake: 1.1.5 (/opt/ros/galactic/share/ament_cmake/cmake)
-- Found PythonInterp: /usr/bin/python3 (found suitable version "3.8.10", minimum required is "3") 
-- Using PYTHON_EXECUTABLE: /usr/bin/python3
-- Found rclcpp: 9.2.1 (/opt/ros/galactic/share/rclcpp/cmake)
-- Using all available rosidl_typesupport_c: rosidl_typesupport_fastrtps_c;rosidl_typesupport_introspection_c
-- Found rosidl_adapter: 2.2.2 (/opt/ros/galactic/share/rosidl_adapter/cmake)
-- Found OpenSSL: /usr/lib/x86_64-linux-gnu/libcrypto.so (found version "1.1.1f")  
-- Found FastRTPS: /opt/ros/galactic/include  
-- Using all available rosidl_typesupport_cpp: rosidl_typesupport_fastrtps_cpp;rosidl_typesupport_introspection_cpp
-- Found rmw_implementation_cmake: 3.3.1 (/opt/ros/galactic/share/rmw_implementation_cmake/cmake)
-- Found rmw_cyclonedds_cpp: 0.22.5 (/opt/ros/galactic/share/rmw_cyclonedds_cpp/cmake)
-- Using RMW implementation 'rmw_cyclonedds_cpp' as default
-- Looking for pthread.h
-- Looking for pthread.h - found
-- Performing Test CMAKE_HAVE_LIBC_PTHREAD
-- Performing Test CMAKE_HAVE_LIBC_PTHREAD - Failed
-- Looking for pthread_create in pthreads
-- Looking for pthread_create in pthreads - not found
-- Looking for pthread_create in pthread
-- Looking for pthread_create in pthread - found
-- Found Threads: TRUE  
-- Found rclcpp_components: 9.2.1 (/opt/ros/galactic/share/rclcpp_components/cmake)
-- Found OpenCV: /usr/local (found version "4.5.5") 
-- Found geometry_msgs: 2.2.4 (/opt/ros/galactic/share/geometry_msgs/cmake)
-- Found tf2_geometry_msgs: 0.17.4 (/opt/ros/galactic/share/tf2_geometry_msgs/cmake)
-- Found eigen3_cmake_module: 0.1.1 (/opt/ros/galactic/share/eigen3_cmake_module/cmake)
-- Found Eigen3: TRUE (found version "3.4.0") 
-- Found rclpy: 1.9.2 (/opt/ros/galactic/share/rclpy/cmake)
-- Found rclcpp_lifecycle: 9.2.1 (/opt/ros/galactic/share/rclcpp_lifecycle/cmake)
-- Found laser_geometry: 2.2.1 (/opt/ros/galactic/share/laser_geometry/cmake)
-- Found sensor_msgs: 2.2.4 (/opt/ros/galactic/share/sensor_msgs/cmake)
-- Found tf2_sensor_msgs: 0.17.4 (/opt/ros/galactic/share/tf2_sensor_msgs/cmake)
-- Found visualization_msgs: 2.2.4 (/opt/ros/galactic/share/visualization_msgs/cmake)
-- Found angles: 1.14.0 (/opt/ros/galactic/share/angles/cmake)
-- Found robot_state_publisher: 2.5.3 (/opt/ros/galactic/share/robot_state_publisher/cmake)
-- Found CXSparse: /usr/include/suitesparse (found suitable version "3.2.0", minimum required is "3.2.0") 
-- Found BLAS: /usr/lib/x86_64-linux-gnu/libopenblas.so  
-- Found AMD headers in: /usr/include/suitesparse
-- Found AMD library: /usr/lib/x86_64-linux-gnu/libamd.so
-- Found CAMD headers in: /usr/include/suitesparse
-- Found CAMD library: /usr/lib/x86_64-linux-gnu/libcamd.so
-- Found CCOLAMD headers in: /usr/include/suitesparse
-- Found CCOLAMD library: /usr/lib/x86_64-linux-gnu/libccolamd.so
-- Found CHOLMOD headers in: /usr/include/suitesparse
-- Found CHOLMOD library: /usr/lib/x86_64-linux-gnu/libcholmod.so
-- Found COLAMD headers in: /usr/include/suitesparse
-- Found COLAMD library: /usr/lib/x86_64-linux-gnu/libcolamd.so
-- Found SPQR headers in: /usr/include/suitesparse
-- Found SPQR library: /usr/lib/x86_64-linux-gnu/libspqr.so
-- Found Config headers in: /usr/include/suitesparse
-- Found Config library: /usr/lib/x86_64-linux-gnu/libsuitesparseconfig.so
-- Found Intel Thread Building Blocks (TBB) library (2020.2 / 11102) include location: . Assuming SuiteSparseQR was compiled with TBB.
-- Looking for shm_open in rt
-- Looking for shm_open in rt - found
-- Adding librt to SuiteSparse_config libraries (required on Linux & Unix [not OSX] if SuiteSparse is compiled with timing).
-- Found METIS: /usr/include (found version "5.1.0") 
-- Found SuiteSparse: /usr/include/suitesparse (found suitable version "5.7.1", minimum required is "5.7.1") found components: AMD CAMD CCOLAMD CHOLMOD COLAMD SPQR Config 
-- Found required Ceres dependency: Eigen version 3.4.0 in /usr/local/share/eigen3/cmake
-- Found required Ceres dependency: glog
-- Found required Ceres dependency: gflags
-- Found Ceres version: 2.1.0 installed in: /usr/local with components: [EigenSparse, SparseLinearAlgebraLibrary, LAPACK, SuiteSparse, CXSparse, SchurSpecializations, Multithreading]
-- Found ament_lint_auto: 0.10.7 (/opt/ros/galactic/share/ament_lint_auto/cmake)
-- Added test 'copyright' to check source files copyright and LICENSE
-- Added test 'cppcheck' to perform static code analysis on C / C++ code
-- Configured cppcheck include dirs: /home/liyuhang/Desktop/TUP-Vision-2023-Based/src/global_user/include;$<BUILD_INTERFACE:/home/liyuhang/Desktop/TUP-Vision-2023-Based/src/global_user/include>
-- Configured cppcheck exclude dirs and/or files: 
-- Added test 'cpplint' to check C / C++ code against the Google style
-- Configured cpplint exclude dirs and/or files: 
-- Added test 'lint_cmake' to check CMake code style
-- Added test 'uncrustify' to check C / C++ code style
-- Configured uncrustify additional arguments: 
-- Added test 'xmllint' to check XML markup files
-- Configuring done
-- Generating done
-- Build files have been written to: /home/liyuhang/Desktop/TUP-Vision-2023-Based/build/global_user
[35m[1mScanning dependencies of target global_user[0m
[ 33%] [32mBuilding CXX object CMakeFiles/global_user.dir/src/global_user.cpp.o[0m
[ 66%] [32mBuilding CXX object CMakeFiles/global_user.dir/src/coordsolver.cpp.o[0m
[100%] [32m[1mLinking CXX shared library libglobal_user.so[0m
[100%] Built target global_user
-- Install configuration: ""
-- Installing: /home/liyuhang/Desktop/TUP-Vision-2023-Based/install/global_user/share/global_user/environment/library_path.sh
-- Installing: /home/liyuhang/Desktop/TUP-Vision-2023-Based/install/global_user/share/global_user/environment/library_path.dsv
-- Installing: /home/liyuhang/Desktop/TUP-Vision-2023-Based/install/global_user/include
-- Installing: /home/liyuhang/Desktop/TUP-Vision-2023-Based/install/global_user/include/global_user
-- Installing: /home/liyuhang/Desktop/TUP-Vision-2023-Based/install/global_user/include/global_user/global_user.hpp
-- Installing: /home/liyuhang/Desktop/TUP-Vision-2023-Based/install/global_user/include/coordsolver.hpp
-- Installing: /home/liyuhang/Desktop/TUP-Vision-2023-Based/install/global_user/lib/libglobal_user.so
-- Set runtime path of "/home/liyuhang/Desktop/TUP-Vision-2023-Based/install/global_user/lib/libglobal_user.so" to ""
-- Installing: /home/liyuhang/Desktop/TUP-Vision-2023-Based/install/global_user/share/global_user/config
-- Installing: /home/liyuhang/Desktop/TUP-Vision-2023-Based/install/global_user/share/global_user/config/autoaim.yaml
-- Installing: /home/liyuhang/Desktop/TUP-Vision-2023-Based/install/global_user/share/global_user/config/camera_ros.yaml
-- Installing: /home/liyuhang/Desktop/TUP-Vision-2023-Based/install/global_user/share/global_user/config/buff.yaml
-- Installing: /home/liyuhang/Desktop/TUP-Vision-2023-Based/install/global_user/share/global_user/config/camera.yaml
-- Installing: /home/liyuhang/Desktop/TUP-Vision-2023-Based/install/global_user/share/global_user/config/filter_param.yaml
-- Installing: /home/liyuhang/Desktop/TUP-Vision-2023-Based/install/global_user/share/ament_index/resource_index/package_run_dependencies/global_user
-- Installing: /home/liyuhang/Desktop/TUP-Vision-2023-Based/install/global_user/share/ament_index/resource_index/parent_prefix_path/global_user
-- Installing: /home/liyuhang/Desktop/TUP-Vision-2023-Based/install/global_user/share/global_user/environment/ament_prefix_path.sh
-- Installing: /home/liyuhang/Desktop/TUP-Vision-2023-Based/install/global_user/share/global_user/environment/ament_prefix_path.dsv
-- Installing: /home/liyuhang/Desktop/TUP-Vision-2023-Based/install/global_user/share/global_user/environment/path.sh
-- Installing: /home/liyuhang/Desktop/TUP-Vision-2023-Based/install/global_user/share/global_user/environment/path.dsv
-- Installing: /home/liyuhang/Desktop/TUP-Vision-2023-Based/install/global_user/share/global_user/local_setup.bash
-- Installing: /home/liyuhang/Desktop/TUP-Vision-2023-Based/install/global_user/share/global_user/local_setup.sh
-- Installing: /home/liyuhang/Desktop/TUP-Vision-2023-Based/install/global_user/share/global_user/local_setup.zsh
-- Installing: /home/liyuhang/Desktop/TUP-Vision-2023-Based/install/global_user/share/global_user/local_setup.dsv
-- Installing: /home/liyuhang/Desktop/TUP-Vision-2023-Based/install/global_user/share/global_user/package.dsv
-- Installing: /home/liyuhang/Desktop/TUP-Vision-2023-Based/install/global_user/share/ament_index/resource_index/packages/global_user
-- Installing: /home/liyuhang/Desktop/TUP-Vision-2023-Based/install/global_user/share/global_user/cmake/global_userExport.cmake
-- Installing: /home/liyuhang/Desktop/TUP-Vision-2023-Based/install/global_user/share/global_user/cmake/global_userExport-noconfig.cmake
-- Installing: /home/liyuhang/Desktop/TUP-Vision-2023-Based/install/global_user/share/global_user/cmake/ament_cmake_export_include_directories-extras.cmake
-- Installing: /home/liyuhang/Desktop/TUP-Vision-2023-Based/install/global_user/share/global_user/cmake/ament_cmake_export_libraries-extras.cmake
-- Installing: /home/liyuhang/Desktop/TUP-Vision-2023-Based/install/global_user/share/global_user/cmake/ament_cmake_export_targets-extras.cmake
-- Installing: /home/liyuhang/Desktop/TUP-Vision-2023-Based/install/global_user/share/global_user/cmake/ament_cmake_export_dependencies-extras.cmake
-- Installing: /home/liyuhang/Desktop/TUP-Vision-2023-Based/install/global_user/share/global_user/cmake/global_userConfig.cmake
-- Installing: /home/liyuhang/Desktop/TUP-Vision-2023-Based/install/global_user/share/global_user/cmake/global_userConfig-version.cmake
-- Installing: /home/liyuhang/Desktop/TUP-Vision-2023-Based/install/global_user/share/global_user/package.xml
