[0.019s] Invoking command in '/home/liyuhang/Desktop/TUP-Vision-2023-Based/build/global_user': CMAKE_PREFIX_PATH=/opt/ros/galactic /usr/local/bin/cmake /home/liyuhang/Desktop/TUP-Vision-2023-Based/src/global_user -DCMAKE_INSTALL_PREFIX=/home/liyuhang/Desktop/TUP-Vision-2023-Based/install/global_user
[0.077s] -- The C compiler identification is GNU 9.4.0
[0.178s] -- The CXX compiler identification is GNU 9.4.0
[0.185s] -- Detecting C compiler ABI info
[0.238s] -- Detecting C compiler ABI info - done
[0.247s] -- Check for working C compiler: /usr/bin/cc - skipped
[0.247s] -- Detecting C compile features
[0.248s] -- Detecting C compile features - done
[0.252s] -- Detecting CXX compiler ABI info
[0.309s] -- Detecting CXX compiler ABI info - done
[0.325s] -- Check for working CXX compiler: /usr/bin/c++ - skipped
[0.325s] -- Detecting CXX compile features
[0.326s] -- Detecting CXX compile features - done
[0.331s] -- Found ament_cmake: 1.1.5 (/opt/ros/galactic/share/ament_cmake/cmake)
[0.357s] -- Found PythonInterp: /usr/bin/python3 (found suitable version "3.8.10", minimum required is "3") 
[0.357s] -- Using PYTHON_EXECUTABLE: /usr/bin/python3
[0.432s] -- Found rclcpp: 9.2.1 (/opt/ros/galactic/share/rclcpp/cmake)
[0.474s] -- Using all available rosidl_typesupport_c: rosidl_typesupport_fastrtps_c;rosidl_typesupport_introspection_c
[0.479s] -- Found rosidl_adapter: 2.2.2 (/opt/ros/galactic/share/rosidl_adapter/cmake)
[0.561s] -- Found OpenSSL: /usr/lib/x86_64-linux-gnu/libcrypto.so (found version "1.1.1f")  
[0.587s] -- Found FastRTPS: /opt/ros/galactic/include  
[0.665s] -- Using all available rosidl_typesupport_cpp: rosidl_typesupport_fastrtps_cpp;rosidl_typesupport_introspection_cpp
[0.717s] -- Found rmw_implementation_cmake: 3.3.1 (/opt/ros/galactic/share/rmw_implementation_cmake/cmake)
[0.720s] -- Found rmw_cyclonedds_cpp: 0.22.5 (/opt/ros/galactic/share/rmw_cyclonedds_cpp/cmake)
[0.737s] -- Using RMW implementation 'rmw_cyclonedds_cpp' as default
[0.745s] -- Looking for pthread.h
[0.799s] -- Looking for pthread.h - found
[0.799s] -- Performing Test CMAKE_HAVE_LIBC_PTHREAD
[0.862s] -- Performing Test CMAKE_HAVE_LIBC_PTHREAD - Failed
[0.862s] -- Looking for pthread_create in pthreads
[0.907s] -- Looking for pthread_create in pthreads - not found
[0.907s] -- Looking for pthread_create in pthread
[0.964s] -- Looking for pthread_create in pthread - found
[0.965s] -- Found Threads: TRUE  
[1.134s] -- Found rclcpp_components: 9.2.1 (/opt/ros/galactic/share/rclcpp_components/cmake)
[1.188s] -- Found OpenCV: /usr/local (found version "4.5.5") 
[1.188s] -- Found geometry_msgs: 2.2.4 (/opt/ros/galactic/share/geometry_msgs/cmake)
[1.220s] -- Found tf2_geometry_msgs: 0.17.4 (/opt/ros/galactic/share/tf2_geometry_msgs/cmake)
[1.226s] -- Found eigen3_cmake_module: 0.1.1 (/opt/ros/galactic/share/eigen3_cmake_module/cmake)
[1.235s] -- Found Eigen3: TRUE (found version "3.4.0") 
[1.539s] -- Found rclpy: 1.9.2 (/opt/ros/galactic/share/rclpy/cmake)
[1.540s] -- Found rclcpp_lifecycle: 9.2.1 (/opt/ros/galactic/share/rclcpp_lifecycle/cmake)
[1.568s] -- Found laser_geometry: 2.2.1 (/opt/ros/galactic/share/laser_geometry/cmake)
[1.571s] -- Found sensor_msgs: 2.2.4 (/opt/ros/galactic/share/sensor_msgs/cmake)
[1.636s] -- Found tf2_sensor_msgs: 0.17.4 (/opt/ros/galactic/share/tf2_sensor_msgs/cmake)
[1.650s] -- Found visualization_msgs: 2.2.4 (/opt/ros/galactic/share/visualization_msgs/cmake)
[1.716s] -- Found angles: 1.14.0 (/opt/ros/galactic/share/angles/cmake)
[1.719s] -- Found robot_state_publisher: 2.5.3 (/opt/ros/galactic/share/robot_state_publisher/cmake)
[1.794s] -- Found CXSparse: /usr/include/suitesparse (found suitable version "3.2.0", minimum required is "3.2.0") 
[1.972s] -- Found BLAS: /usr/lib/x86_64-linux-gnu/libopenblas.so  
[2.058s] -- Found AMD headers in: /usr/include/suitesparse
[2.060s] -- Found AMD library: /usr/lib/x86_64-linux-gnu/libamd.so
[2.060s] -- Found CAMD headers in: /usr/include/suitesparse
[2.061s] -- Found CAMD library: /usr/lib/x86_64-linux-gnu/libcamd.so
[2.061s] -- Found CCOLAMD headers in: /usr/include/suitesparse
[2.062s] -- Found CCOLAMD library: /usr/lib/x86_64-linux-gnu/libccolamd.so
[2.062s] -- Found CHOLMOD headers in: /usr/include/suitesparse
[2.063s] -- Found CHOLMOD library: /usr/lib/x86_64-linux-gnu/libcholmod.so
[2.063s] -- Found COLAMD headers in: /usr/include/suitesparse
[2.064s] -- Found COLAMD library: /usr/lib/x86_64-linux-gnu/libcolamd.so
[2.064s] -- Found SPQR headers in: /usr/include/suitesparse
[2.065s] -- Found SPQR library: /usr/lib/x86_64-linux-gnu/libspqr.so
[2.065s] -- Found Config headers in: /usr/include/suitesparse
[2.066s] -- Found Config library: /usr/lib/x86_64-linux-gnu/libsuitesparseconfig.so
[2.067s] -- Found Intel Thread Building Blocks (TBB) library (2020.2 / 11102) include location: . Assuming SuiteSparseQR was compiled with TBB.
[2.067s] -- Looking for shm_open in rt
[2.117s] -- Looking for shm_open in rt - found
[2.117s] -- Adding librt to SuiteSparse_config libraries (required on Linux & Unix [not OSX] if SuiteSparse is compiled with timing).
[2.122s] -- Found METIS: /usr/include (found version "5.1.0") 
[2.123s] -- Found SuiteSparse: /usr/include/suitesparse (found suitable version "5.7.1", minimum required is "5.7.1") found components: AMD CAMD CCOLAMD CHOLMOD COLAMD SPQR Config 
[2.124s] -- Found required Ceres dependency: Eigen version 3.4.0 in /usr/local/share/eigen3/cmake
[2.128s] -- Found required Ceres dependency: glog
[2.132s] -- Found required Ceres dependency: gflags
[2.132s] -- Found Ceres version: 2.1.0 installed in: /usr/local with components: [EigenSparse, SparseLinearAlgebraLibrary, LAPACK, SuiteSparse, CXSparse, SchurSpecializations, Multithreading]
[2.137s] -- Found ament_lint_auto: 0.10.7 (/opt/ros/galactic/share/ament_lint_auto/cmake)
[2.238s] -- Added test 'copyright' to check source files copyright and LICENSE
[2.240s] -- Added test 'cppcheck' to perform static code analysis on C / C++ code
[2.240s] -- Configured cppcheck include dirs: /home/liyuhang/Desktop/TUP-Vision-2023-Based/src/global_user/include;$<BUILD_INTERFACE:/home/liyuhang/Desktop/TUP-Vision-2023-Based/src/global_user/include>
[2.240s] -- Configured cppcheck exclude dirs and/or files: 
[2.241s] -- Added test 'cpplint' to check C / C++ code against the Google style
[2.241s] -- Configured cpplint exclude dirs and/or files: 
[2.242s] -- Added test 'lint_cmake' to check CMake code style
[2.244s] -- Added test 'uncrustify' to check C / C++ code style
[2.244s] -- Configured uncrustify additional arguments: 
[2.244s] -- Added test 'xmllint' to check XML markup files
[2.247s] -- Configuring done
[2.255s] -- Generating done
[2.256s] -- Build files have been written to: /home/liyuhang/Desktop/TUP-Vision-2023-Based/build/global_user
[2.265s] Invoked command in '/home/liyuhang/Desktop/TUP-Vision-2023-Based/build/global_user' returned '0': CMAKE_PREFIX_PATH=/opt/ros/galactic /usr/local/bin/cmake /home/liyuhang/Desktop/TUP-Vision-2023-Based/src/global_user -DCMAKE_INSTALL_PREFIX=/home/liyuhang/Desktop/TUP-Vision-2023-Based/install/global_user
[2.268s] Invoking command in '/home/liyuhang/Desktop/TUP-Vision-2023-Based/build/global_user': CMAKE_PREFIX_PATH=/opt/ros/galactic /usr/local/bin/cmake --build /home/liyuhang/Desktop/TUP-Vision-2023-Based/build/global_user -- -j8 -l8
[2.287s] [35m[1mScanning dependencies of target global_user[0m
[2.471s] [ 33%] [32mBuilding CXX object CMakeFiles/global_user.dir/src/global_user.cpp.o[0m
[2.472s] [ 66%] [32mBuilding CXX object CMakeFiles/global_user.dir/src/coordsolver.cpp.o[0m
[4.541s] [01m[K/home/liyuhang/Desktop/TUP-Vision-2023-Based/src/global_user/src/global_user.cpp:[m[K In function ‘[01m[Kstd::string global_user::getParent(std::string)[m[K’:
[4.541s] [01m[K/home/liyuhang/Desktop/TUP-Vision-2023-Based/src/global_user/src/global_user.cpp:203:51:[m[K [01;35m[Kwarning: [m[Kcomparison of integer expressions of different signedness: ‘[01m[Kint[m[K’ and ‘[01m[Kconst size_type[m[K’ {aka ‘[01m[Kconst long unsigned int[m[K’} [[01;35m[K-Wsign-compare[m[K]
[4.541s]   203 |         for(auto i = 0; i = path_tmp.find("/"), i != path_tmp.npos; path_tmp = path_tmp.substr(i + 1))
[4.541s] [01m[K/home/liyuhang/Desktop/TUP-Vision-2023-Based/src/global_user/src/global_user.cpp:[m[K In function ‘[01m[Kstd::vector<std::__cxx11::basic_string<char> > global_user::generatePathTree(std::string)[m[K’:
[4.541s] [01m[K/home/liyuhang/Desktop/TUP-Vision-2023-Based/src/global_user/src/global_user.cpp:223:47:[m[K [01;35m[Kwarning: [m[Kcomparison of integer expressions of different signedness: ‘[01m[Kint[m[K’ and ‘[01m[Kconst size_type[m[K’ {aka ‘[01m[Kconst long unsigned int[m[K’} [[01;35m[K-Wsign-compare[m[K]
[4.541s]   223 |         for(auto i = 0; i = path.find("/"), i != path.npos; path = path.substr(i + 1))
[6.995s] [100%] [32m[1mLinking CXX shared library libglobal_user.so[0m
[7.226s] [100%] Built target global_user
[7.230s] Invoked command in '/home/liyuhang/Desktop/TUP-Vision-2023-Based/build/global_user' returned '0': CMAKE_PREFIX_PATH=/opt/ros/galactic /usr/local/bin/cmake --build /home/liyuhang/Desktop/TUP-Vision-2023-Based/build/global_user -- -j8 -l8
[7.259s] Invoking command in '/home/liyuhang/Desktop/TUP-Vision-2023-Based/build/global_user': CMAKE_PREFIX_PATH=/opt/ros/galactic /usr/local/bin/cmake --install /home/liyuhang/Desktop/TUP-Vision-2023-Based/build/global_user
[7.262s] -- Install configuration: ""
[7.262s] -- Installing: /home/liyuhang/Desktop/TUP-Vision-2023-Based/install/global_user/share/global_user/environment/library_path.sh
[7.262s] -- Installing: /home/liyuhang/Desktop/TUP-Vision-2023-Based/install/global_user/share/global_user/environment/library_path.dsv
[7.262s] -- Installing: /home/liyuhang/Desktop/TUP-Vision-2023-Based/install/global_user/include
[7.262s] -- Installing: /home/liyuhang/Desktop/TUP-Vision-2023-Based/install/global_user/include/global_user
[7.262s] -- Installing: /home/liyuhang/Desktop/TUP-Vision-2023-Based/install/global_user/include/global_user/global_user.hpp
[7.262s] -- Installing: /home/liyuhang/Desktop/TUP-Vision-2023-Based/install/global_user/include/coordsolver.hpp
[7.263s] -- Installing: /home/liyuhang/Desktop/TUP-Vision-2023-Based/install/global_user/lib/libglobal_user.so
[7.267s] -- Set runtime path of "/home/liyuhang/Desktop/TUP-Vision-2023-Based/install/global_user/lib/libglobal_user.so" to ""
[7.267s] -- Installing: /home/liyuhang/Desktop/TUP-Vision-2023-Based/install/global_user/share/global_user/config
[7.267s] -- Installing: /home/liyuhang/Desktop/TUP-Vision-2023-Based/install/global_user/share/global_user/config/autoaim.yaml
[7.267s] -- Installing: /home/liyuhang/Desktop/TUP-Vision-2023-Based/install/global_user/share/global_user/config/camera_ros.yaml
[7.267s] -- Installing: /home/liyuhang/Desktop/TUP-Vision-2023-Based/install/global_user/share/global_user/config/buff.yaml
[7.267s] -- Installing: /home/liyuhang/Desktop/TUP-Vision-2023-Based/install/global_user/share/global_user/config/camera.yaml
[7.267s] -- Installing: /home/liyuhang/Desktop/TUP-Vision-2023-Based/install/global_user/share/global_user/config/filter_param.yaml
[7.267s] -- Installing: /home/liyuhang/Desktop/TUP-Vision-2023-Based/install/global_user/share/ament_index/resource_index/package_run_dependencies/global_user
[7.268s] -- Installing: /home/liyuhang/Desktop/TUP-Vision-2023-Based/install/global_user/share/ament_index/resource_index/parent_prefix_path/global_user
[7.268s] -- Installing: /home/liyuhang/Desktop/TUP-Vision-2023-Based/install/global_user/share/global_user/environment/ament_prefix_path.sh
[7.268s] -- Installing: /home/liyuhang/Desktop/TUP-Vision-2023-Based/install/global_user/share/global_user/environment/ament_prefix_path.dsv
[7.268s] -- Installing: /home/liyuhang/Desktop/TUP-Vision-2023-Based/install/global_user/share/global_user/environment/path.sh
[7.268s] -- Installing: /home/liyuhang/Desktop/TUP-Vision-2023-Based/install/global_user/share/global_user/environment/path.dsv
[7.268s] -- Installing: /home/liyuhang/Desktop/TUP-Vision-2023-Based/install/global_user/share/global_user/local_setup.bash
[7.268s] -- Installing: /home/liyuhang/Desktop/TUP-Vision-2023-Based/install/global_user/share/global_user/local_setup.sh
[7.268s] -- Installing: /home/liyuhang/Desktop/TUP-Vision-2023-Based/install/global_user/share/global_user/local_setup.zsh
[7.269s] -- Installing: /home/liyuhang/Desktop/TUP-Vision-2023-Based/install/global_user/share/global_user/local_setup.dsv
[7.269s] -- Installing: /home/liyuhang/Desktop/TUP-Vision-2023-Based/install/global_user/share/global_user/package.dsv
[7.269s] -- Installing: /home/liyuhang/Desktop/TUP-Vision-2023-Based/install/global_user/share/ament_index/resource_index/packages/global_user
[7.269s] -- Installing: /home/liyuhang/Desktop/TUP-Vision-2023-Based/install/global_user/share/global_user/cmake/global_userExport.cmake
[7.269s] -- Installing: /home/liyuhang/Desktop/TUP-Vision-2023-Based/install/global_user/share/global_user/cmake/global_userExport-noconfig.cmake
[7.269s] -- Installing: /home/liyuhang/Desktop/TUP-Vision-2023-Based/install/global_user/share/global_user/cmake/ament_cmake_export_include_directories-extras.cmake
[7.270s] -- Installing: /home/liyuhang/Desktop/TUP-Vision-2023-Based/install/global_user/share/global_user/cmake/ament_cmake_export_libraries-extras.cmake
[7.270s] -- Installing: /home/liyuhang/Desktop/TUP-Vision-2023-Based/install/global_user/share/global_user/cmake/ament_cmake_export_targets-extras.cmake
[7.270s] -- Installing: /home/liyuhang/Desktop/TUP-Vision-2023-Based/install/global_user/share/global_user/cmake/ament_cmake_export_dependencies-extras.cmake
[7.270s] -- Installing: /home/liyuhang/Desktop/TUP-Vision-2023-Based/install/global_user/share/global_user/cmake/global_userConfig.cmake
[7.270s] -- Installing: /home/liyuhang/Desktop/TUP-Vision-2023-Based/install/global_user/share/global_user/cmake/global_userConfig-version.cmake
[7.270s] -- Installing: /home/liyuhang/Desktop/TUP-Vision-2023-Based/install/global_user/share/global_user/package.xml
[7.272s] Invoked command in '/home/liyuhang/Desktop/TUP-Vision-2023-Based/build/global_user' returned '0': CMAKE_PREFIX_PATH=/opt/ros/galactic /usr/local/bin/cmake --install /home/liyuhang/Desktop/TUP-Vision-2023-Based/build/global_user
