[0.014s] Invoking command in '/home/liyuhang/Desktop/TUP-Vision-2023-Based/build/armor_detector': CMAKE_PREFIX_PATH=/opt/ros/galactic /usr/local/bin/cmake /home/liyuhang/Desktop/TUP-Vision-2023-Based/src/vehicle_system/autoaim/armor_detector -DCMAKE_INSTALL_PREFIX=/home/liyuhang/Desktop/TUP-Vision-2023-Based/install/armor_detector
[0.068s] -- The C compiler identification is GNU 9.4.0
[0.122s] -- The CXX compiler identification is GNU 9.4.0
[0.129s] -- Detecting C compiler ABI info
[0.176s] -- Detecting C compiler ABI info - done
[0.185s] -- Check for working C compiler: /usr/bin/cc - skipped
[0.185s] -- Detecting C compile features
[0.186s] -- Detecting C compile features - done
[0.188s] -- Detecting CXX compiler ABI info
[0.255s] -- Detecting CXX compiler ABI info - done
[0.265s] -- Check for working CXX compiler: /usr/bin/c++ - skipped
[0.265s] -- Detecting CXX compile features
[0.266s] -- Detecting CXX compile features - done
[0.268s] -- Found ament_cmake: 1.1.5 (/opt/ros/galactic/share/ament_cmake/cmake)
[0.290s] -- Found PythonInterp: /usr/bin/python3 (found suitable version "3.8.10", minimum required is "3") 
[0.291s] -- Using PYTHON_EXECUTABLE: /usr/bin/python3
[0.361s] -- Found rclcpp: 9.2.1 (/opt/ros/galactic/share/rclcpp/cmake)
[0.402s] -- Using all available rosidl_typesupport_c: rosidl_typesupport_fastrtps_c;rosidl_typesupport_introspection_c
[0.408s] -- Found rosidl_adapter: 2.2.2 (/opt/ros/galactic/share/rosidl_adapter/cmake)
[0.482s] -- Found OpenSSL: /usr/lib/x86_64-linux-gnu/libcrypto.so (found version "1.1.1f")  
[0.510s] -- Found FastRTPS: /opt/ros/galactic/include  
[0.583s] -- Using all available rosidl_typesupport_cpp: rosidl_typesupport_fastrtps_cpp;rosidl_typesupport_introspection_cpp
[0.638s] -- Found rmw_implementation_cmake: 3.3.1 (/opt/ros/galactic/share/rmw_implementation_cmake/cmake)
[0.640s] -- Found rmw_cyclonedds_cpp: 0.22.5 (/opt/ros/galactic/share/rmw_cyclonedds_cpp/cmake)
[0.657s] -- Using RMW implementation 'rmw_cyclonedds_cpp' as default
[0.658s] -- Looking for pthread.h
[0.710s] -- Looking for pthread.h - found
[0.710s] -- Performing Test CMAKE_HAVE_LIBC_PTHREAD
[0.761s] -- Performing Test CMAKE_HAVE_LIBC_PTHREAD - Failed
[0.762s] -- Looking for pthread_create in pthreads
[0.800s] -- Looking for pthread_create in pthreads - not found
[0.800s] -- Looking for pthread_create in pthread
[0.851s] -- Looking for pthread_create in pthread - found
[0.852s] -- Found Threads: TRUE  
[0.980s] -- Found rclpy: 1.9.2 (/opt/ros/galactic/share/rclpy/cmake)
[0.985s] -- Found OpenCV: /usr/local (found version "4.5.5") 
[0.986s] -- Found message_filters: 3.2.6 (/opt/ros/galactic/share/message_filters/cmake)
[0.994s] -- Found image_transport: 2.5.0 (/opt/ros/galactic/share/image_transport/cmake)
[1.157s] -- Found CXSparse: /usr/include/suitesparse (found suitable version "3.2.0", minimum required is "3.2.0") 
[1.335s] -- Found BLAS: /usr/lib/x86_64-linux-gnu/libopenblas.so  
[1.418s] -- Found AMD headers in: /usr/include/suitesparse
[1.419s] -- Found AMD library: /usr/lib/x86_64-linux-gnu/libamd.so
[1.419s] -- Found CAMD headers in: /usr/include/suitesparse
[1.420s] -- Found CAMD library: /usr/lib/x86_64-linux-gnu/libcamd.so
[1.420s] -- Found CCOLAMD headers in: /usr/include/suitesparse
[1.421s] -- Found CCOLAMD library: /usr/lib/x86_64-linux-gnu/libccolamd.so
[1.421s] -- Found CHOLMOD headers in: /usr/include/suitesparse
[1.422s] -- Found CHOLMOD library: /usr/lib/x86_64-linux-gnu/libcholmod.so
[1.422s] -- Found COLAMD headers in: /usr/include/suitesparse
[1.423s] -- Found COLAMD library: /usr/lib/x86_64-linux-gnu/libcolamd.so
[1.424s] -- Found SPQR headers in: /usr/include/suitesparse
[1.424s] -- Found SPQR library: /usr/lib/x86_64-linux-gnu/libspqr.so
[1.425s] -- Found Config headers in: /usr/include/suitesparse
[1.426s] -- Found Config library: /usr/lib/x86_64-linux-gnu/libsuitesparseconfig.so
[1.426s] -- Found Intel Thread Building Blocks (TBB) library (2020.2 / 11102) include location: . Assuming SuiteSparseQR was compiled with TBB.
[1.426s] -- Looking for shm_open in rt
[1.475s] -- Looking for shm_open in rt - found
[1.475s] -- Adding librt to SuiteSparse_config libraries (required on Linux & Unix [not OSX] if SuiteSparse is compiled with timing).
[1.478s] -- Found METIS: /usr/include (found version "5.1.0") 
[1.479s] -- Found SuiteSparse: /usr/include/suitesparse (found suitable version "5.7.1", minimum required is "5.7.1") found components: AMD CAMD CCOLAMD CHOLMOD COLAMD SPQR Config 
[1.480s] -- Found required Ceres dependency: Eigen version 3.4.0 in /usr/local/share/eigen3/cmake
[1.482s] -- Found required Ceres dependency: glog
[1.484s] -- Found required Ceres dependency: gflags
[1.485s] -- Found Ceres version: 2.1.0 installed in: /usr/local with components: [EigenSparse, SparseLinearAlgebraLibrary, LAPACK, SuiteSparse, CXSparse, SchurSpecializations, Multithreading]
[1.490s] -- Found cv_bridge: 3.1.3 (/opt/ros/galactic/share/cv_bridge/cmake)
[1.511s] CMake Error at CMakeLists.txt:39 (find_package):
[1.511s]   By not providing "Findglobal_interface.cmake" in CMAKE_MODULE_PATH this
[1.512s]   project has asked CMake to find a package configuration file provided by
[1.512s]   "global_interface", but CMake did not find one.
[1.512s] 
[1.512s]   Could not find a package configuration file provided by "global_interface"
[1.512s]   with any of the following names:
[1.512s] 
[1.512s]     global_interfaceConfig.cmake
[1.512s]     global_interface-config.cmake
[1.512s] 
[1.513s]   Add the installation prefix of "global_interface" to CMAKE_PREFIX_PATH or
[1.513s]   set "global_interface_DIR" to a directory containing one of the above
[1.513s]   files.  If "global_interface" provides a separate development package or
[1.513s]   SDK, be sure it has been installed.
[1.513s] 
[1.513s] 
[1.513s] -- Configuring incomplete, errors occurred!
[1.513s] See also "/home/liyuhang/Desktop/TUP-Vision-2023-Based/build/armor_detector/CMakeFiles/CMakeOutput.log".
[1.513s] See also "/home/liyuhang/Desktop/TUP-Vision-2023-Based/build/armor_detector/CMakeFiles/CMakeError.log".
[1.520s] Invoked command in '/home/liyuhang/Desktop/TUP-Vision-2023-Based/build/armor_detector' returned '1': CMAKE_PREFIX_PATH=/opt/ros/galactic /usr/local/bin/cmake /home/liyuhang/Desktop/TUP-Vision-2023-Based/src/vehicle_system/autoaim/armor_detector -DCMAKE_INSTALL_PREFIX=/home/liyuhang/Desktop/TUP-Vision-2023-Based/install/armor_detector
