[0.131s] DEBUG:colcon:Command line arguments: ['/usr/bin/colcon', 'build', '--packages-select', 'global_interface']
[0.131s] DEBUG:colcon:Parsed command line arguments: Namespace(allow_overriding=[], ament_cmake_args=None, base_paths=['.'], build_base='build', catkin_cmake_args=None, catkin_skip_building_tests=False, cmake_args=None, cmake_clean_cache=False, cmake_clean_first=False, cmake_force_configure=False, cmake_target=None, cmake_target_skip_unavailable=False, continue_on_error=False, event_handlers=None, executor='parallel', ignore_user_meta=False, install_base='install', log_base=None, log_level=None, main=<bound method BuildVerb.main of <colcon_core.verb.build.BuildVerb object at 0x7f0b003d6370>>, merge_install=False, metas=['./colcon.meta'], packages_above=None, packages_above_and_dependencies=None, packages_above_depth=None, packages_end=None, packages_ignore=None, packages_ignore_regex=None, packages_select=['global_interface'], packages_select_build_failed=False, packages_select_by_dep=None, packages_select_regex=None, packages_select_test_failures=False, packages_skip=None, packages_skip_build_finished=False, packages_skip_by_dep=None, packages_skip_regex=None, packages_skip_test_passed=False, packages_skip_up_to=None, packages_start=None, packages_up_to=None, packages_up_to_regex=None, parallel_workers=8, paths=None, symlink_install=False, test_result_base=None, verb_extension=<colcon_core.verb.build.BuildVerb object at 0x7f0b003d6370>, verb_name='build', verb_parser=<colcon_defaults.argument_parser.defaults.DefaultArgumentsDecorator object at 0x7f0b003d68b0>)
[0.152s] Level 1:colcon.colcon_core.package_discovery:discover_packages(colcon_meta) check parameters
[0.153s] Level 1:colcon.colcon_core.package_discovery:discover_packages(recursive) check parameters
[0.153s] Level 1:colcon.colcon_core.package_discovery:discover_packages(ignore) check parameters
[0.153s] Level 1:colcon.colcon_core.package_discovery:discover_packages(path) check parameters
[0.153s] Level 1:colcon.colcon_core.package_discovery:discover_packages(colcon_meta) discover
[0.153s] Level 1:colcon.colcon_core.package_discovery:discover_packages(recursive) discover
[0.153s] INFO:colcon.colcon_core.package_discovery:Crawling recursively for packages in '/home/liyuhang/Desktop/TUP-Vision-2023-Based'
[0.153s] Level 1:colcon.colcon_core.package_identification:_identify(.) by extensions ['ignore', 'ignore_ament_install']
[0.153s] Level 1:colcon.colcon_core.package_identification:_identify(.) by extension 'ignore'
[0.153s] Level 1:colcon.colcon_core.package_identification:_identify(.) by extension 'ignore_ament_install'
[0.153s] Level 1:colcon.colcon_core.package_identification:_identify(.) by extensions ['colcon_pkg']
[0.153s] Level 1:colcon.colcon_core.package_identification:_identify(.) by extension 'colcon_pkg'
[0.153s] Level 1:colcon.colcon_core.package_identification:_identify(.) by extensions ['colcon_meta']
[0.153s] Level 1:colcon.colcon_core.package_identification:_identify(.) by extension 'colcon_meta'
[0.153s] Level 1:colcon.colcon_core.package_identification:_identify(.) by extensions ['ros']
[0.153s] Level 1:colcon.colcon_core.package_identification:_identify(.) by extension 'ros'
[0.169s] Level 1:colcon.colcon_core.package_identification:_identify(.) by extensions ['cmake', 'python']
[0.169s] Level 1:colcon.colcon_core.package_identification:_identify(.) by extension 'cmake'
[0.169s] Level 1:colcon.colcon_core.package_identification:_identify(.) by extension 'python'
[0.169s] Level 1:colcon.colcon_core.package_identification:_identify(.) by extensions ['python_setup_py']
[0.170s] Level 1:colcon.colcon_core.package_identification:_identify(.) by extension 'python_setup_py'
[0.170s] Level 1:colcon.colcon_core.package_identification:_identify(build) by extensions ['ignore', 'ignore_ament_install']
[0.170s] Level 1:colcon.colcon_core.package_identification:_identify(build) by extension 'ignore'
[0.170s] Level 1:colcon.colcon_core.package_identification:_identify(build) ignored
[0.170s] Level 1:colcon.colcon_core.package_identification:_identify(install) by extensions ['ignore', 'ignore_ament_install']
[0.170s] Level 1:colcon.colcon_core.package_identification:_identify(install) by extension 'ignore'
[0.170s] Level 1:colcon.colcon_core.package_identification:_identify(install) ignored
[0.170s] Level 1:colcon.colcon_core.package_identification:_identify(log) by extensions ['ignore', 'ignore_ament_install']
[0.170s] Level 1:colcon.colcon_core.package_identification:_identify(log) by extension 'ignore'
[0.170s] Level 1:colcon.colcon_core.package_identification:_identify(log) ignored
[0.170s] Level 1:colcon.colcon_core.package_identification:_identify(src) by extensions ['ignore', 'ignore_ament_install']
[0.170s] Level 1:colcon.colcon_core.package_identification:_identify(src) by extension 'ignore'
[0.170s] Level 1:colcon.colcon_core.package_identification:_identify(src) by extension 'ignore_ament_install'
[0.170s] Level 1:colcon.colcon_core.package_identification:_identify(src) by extensions ['colcon_pkg']
[0.170s] Level 1:colcon.colcon_core.package_identification:_identify(src) by extension 'colcon_pkg'
[0.170s] Level 1:colcon.colcon_core.package_identification:_identify(src) by extensions ['colcon_meta']
[0.171s] Level 1:colcon.colcon_core.package_identification:_identify(src) by extension 'colcon_meta'
[0.171s] Level 1:colcon.colcon_core.package_identification:_identify(src) by extensions ['ros']
[0.171s] Level 1:colcon.colcon_core.package_identification:_identify(src) by extension 'ros'
[0.171s] Level 1:colcon.colcon_core.package_identification:_identify(src) by extensions ['cmake', 'python']
[0.171s] Level 1:colcon.colcon_core.package_identification:_identify(src) by extension 'cmake'
[0.171s] Level 1:colcon.colcon_core.package_identification:_identify(src) by extension 'python'
[0.171s] Level 1:colcon.colcon_core.package_identification:_identify(src) by extensions ['python_setup_py']
[0.171s] Level 1:colcon.colcon_core.package_identification:_identify(src) by extension 'python_setup_py'
[0.171s] Level 1:colcon.colcon_core.package_identification:_identify(src/arm_controller) by extensions ['ignore', 'ignore_ament_install']
[0.171s] Level 1:colcon.colcon_core.package_identification:_identify(src/arm_controller) by extension 'ignore'
[0.171s] Level 1:colcon.colcon_core.package_identification:_identify(src/arm_controller) by extension 'ignore_ament_install'
[0.171s] Level 1:colcon.colcon_core.package_identification:_identify(src/arm_controller) by extensions ['colcon_pkg']
[0.171s] Level 1:colcon.colcon_core.package_identification:_identify(src/arm_controller) by extension 'colcon_pkg'
[0.171s] Level 1:colcon.colcon_core.package_identification:_identify(src/arm_controller) by extensions ['colcon_meta']
[0.171s] Level 1:colcon.colcon_core.package_identification:_identify(src/arm_controller) by extension 'colcon_meta'
[0.171s] Level 1:colcon.colcon_core.package_identification:_identify(src/arm_controller) by extensions ['ros']
[0.171s] Level 1:colcon.colcon_core.package_identification:_identify(src/arm_controller) by extension 'ros'
[0.176s] DEBUG:colcon.colcon_core.package_identification:Package 'src/arm_controller' with type 'ros.ament_cmake' and name 'arm_controller'
[0.176s] Level 1:colcon.colcon_core.package_identification:_identify(src/auto_navigation) by extensions ['ignore', 'ignore_ament_install']
[0.176s] Level 1:colcon.colcon_core.package_identification:_identify(src/auto_navigation) by extension 'ignore'
[0.176s] Level 1:colcon.colcon_core.package_identification:_identify(src/auto_navigation) by extension 'ignore_ament_install'
[0.176s] Level 1:colcon.colcon_core.package_identification:_identify(src/auto_navigation) by extensions ['colcon_pkg']
[0.176s] Level 1:colcon.colcon_core.package_identification:_identify(src/auto_navigation) by extension 'colcon_pkg'
[0.176s] Level 1:colcon.colcon_core.package_identification:_identify(src/auto_navigation) by extensions ['colcon_meta']
[0.176s] Level 1:colcon.colcon_core.package_identification:_identify(src/auto_navigation) by extension 'colcon_meta'
[0.176s] Level 1:colcon.colcon_core.package_identification:_identify(src/auto_navigation) by extensions ['ros']
[0.176s] Level 1:colcon.colcon_core.package_identification:_identify(src/auto_navigation) by extension 'ros'
[0.178s] DEBUG:colcon.colcon_core.package_identification:Package 'src/auto_navigation' with type 'ros.ament_cmake' and name 'auto_navigation'
[0.178s] Level 1:colcon.colcon_core.package_identification:_identify(src/camera_driver) by extensions ['ignore', 'ignore_ament_install']
[0.178s] Level 1:colcon.colcon_core.package_identification:_identify(src/camera_driver) by extension 'ignore'
[0.178s] Level 1:colcon.colcon_core.package_identification:_identify(src/camera_driver) by extension 'ignore_ament_install'
[0.178s] Level 1:colcon.colcon_core.package_identification:_identify(src/camera_driver) by extensions ['colcon_pkg']
[0.178s] Level 1:colcon.colcon_core.package_identification:_identify(src/camera_driver) by extension 'colcon_pkg'
[0.178s] Level 1:colcon.colcon_core.package_identification:_identify(src/camera_driver) by extensions ['colcon_meta']
[0.178s] Level 1:colcon.colcon_core.package_identification:_identify(src/camera_driver) by extension 'colcon_meta'
[0.178s] Level 1:colcon.colcon_core.package_identification:_identify(src/camera_driver) by extensions ['ros']
[0.178s] Level 1:colcon.colcon_core.package_identification:_identify(src/camera_driver) by extension 'ros'
[0.181s] DEBUG:colcon.colcon_core.package_identification:Package 'src/camera_driver' with type 'ros.ament_cmake' and name 'camera_driver'
[0.181s] Level 1:colcon.colcon_core.package_identification:_identify(src/global_interface) by extensions ['ignore', 'ignore_ament_install']
[0.181s] Level 1:colcon.colcon_core.package_identification:_identify(src/global_interface) by extension 'ignore'
[0.181s] Level 1:colcon.colcon_core.package_identification:_identify(src/global_interface) by extension 'ignore_ament_install'
[0.181s] Level 1:colcon.colcon_core.package_identification:_identify(src/global_interface) by extensions ['colcon_pkg']
[0.181s] Level 1:colcon.colcon_core.package_identification:_identify(src/global_interface) by extension 'colcon_pkg'
[0.181s] Level 1:colcon.colcon_core.package_identification:_identify(src/global_interface) by extensions ['colcon_meta']
[0.181s] Level 1:colcon.colcon_core.package_identification:_identify(src/global_interface) by extension 'colcon_meta'
[0.181s] Level 1:colcon.colcon_core.package_identification:_identify(src/global_interface) by extensions ['ros']
[0.181s] Level 1:colcon.colcon_core.package_identification:_identify(src/global_interface) by extension 'ros'
[0.182s] DEBUG:colcon.colcon_core.package_identification:Package 'src/global_interface' with type 'ros.ament_cmake' and name 'global_interface'
[0.182s] Level 1:colcon.colcon_core.package_identification:_identify(src/global_user) by extensions ['ignore', 'ignore_ament_install']
[0.182s] Level 1:colcon.colcon_core.package_identification:_identify(src/global_user) by extension 'ignore'
[0.182s] Level 1:colcon.colcon_core.package_identification:_identify(src/global_user) by extension 'ignore_ament_install'
[0.182s] Level 1:colcon.colcon_core.package_identification:_identify(src/global_user) by extensions ['colcon_pkg']
[0.182s] Level 1:colcon.colcon_core.package_identification:_identify(src/global_user) by extension 'colcon_pkg'
[0.182s] Level 1:colcon.colcon_core.package_identification:_identify(src/global_user) by extensions ['colcon_meta']
[0.182s] Level 1:colcon.colcon_core.package_identification:_identify(src/global_user) by extension 'colcon_meta'
[0.182s] Level 1:colcon.colcon_core.package_identification:_identify(src/global_user) by extensions ['ros']
[0.182s] Level 1:colcon.colcon_core.package_identification:_identify(src/global_user) by extension 'ros'
[0.184s] DEBUG:colcon.colcon_core.package_identification:Package 'src/global_user' with type 'ros.ament_cmake' and name 'global_user'
[0.184s] Level 1:colcon.colcon_core.package_identification:_identify(src/rmoss_master) by extensions ['ignore', 'ignore_ament_install']
[0.184s] Level 1:colcon.colcon_core.package_identification:_identify(src/rmoss_master) by extension 'ignore'
[0.184s] Level 1:colcon.colcon_core.package_identification:_identify(src/rmoss_master) by extension 'ignore_ament_install'
[0.184s] Level 1:colcon.colcon_core.package_identification:_identify(src/rmoss_master) by extensions ['colcon_pkg']
[0.184s] Level 1:colcon.colcon_core.package_identification:_identify(src/rmoss_master) by extension 'colcon_pkg'
[0.184s] Level 1:colcon.colcon_core.package_identification:_identify(src/rmoss_master) by extensions ['colcon_meta']
[0.184s] Level 1:colcon.colcon_core.package_identification:_identify(src/rmoss_master) by extension 'colcon_meta'
[0.184s] Level 1:colcon.colcon_core.package_identification:_identify(src/rmoss_master) by extensions ['ros']
[0.184s] Level 1:colcon.colcon_core.package_identification:_identify(src/rmoss_master) by extension 'ros'
[0.184s] Level 1:colcon.colcon_core.package_identification:_identify(src/rmoss_master) by extensions ['cmake', 'python']
[0.184s] Level 1:colcon.colcon_core.package_identification:_identify(src/rmoss_master) by extension 'cmake'
[0.184s] Level 1:colcon.colcon_core.package_identification:_identify(src/rmoss_master) by extension 'python'
[0.184s] Level 1:colcon.colcon_core.package_identification:_identify(src/rmoss_master) by extensions ['python_setup_py']
[0.184s] Level 1:colcon.colcon_core.package_identification:_identify(src/rmoss_master) by extension 'python_setup_py'
[0.184s] Level 1:colcon.colcon_core.package_identification:_identify(src/rmoss_master/rmoss_contrib) by extensions ['ignore', 'ignore_ament_install']
[0.185s] Level 1:colcon.colcon_core.package_identification:_identify(src/rmoss_master/rmoss_contrib) by extension 'ignore'
[0.185s] Level 1:colcon.colcon_core.package_identification:_identify(src/rmoss_master/rmoss_contrib) by extension 'ignore_ament_install'
[0.185s] Level 1:colcon.colcon_core.package_identification:_identify(src/rmoss_master/rmoss_contrib) by extensions ['colcon_pkg']
[0.185s] Level 1:colcon.colcon_core.package_identification:_identify(src/rmoss_master/rmoss_contrib) by extension 'colcon_pkg'
[0.185s] Level 1:colcon.colcon_core.package_identification:_identify(src/rmoss_master/rmoss_contrib) by extensions ['colcon_meta']
[0.185s] Level 1:colcon.colcon_core.package_identification:_identify(src/rmoss_master/rmoss_contrib) by extension 'colcon_meta'
[0.185s] Level 1:colcon.colcon_core.package_identification:_identify(src/rmoss_master/rmoss_contrib) by extensions ['ros']
[0.185s] Level 1:colcon.colcon_core.package_identification:_identify(src/rmoss_master/rmoss_contrib) by extension 'ros'
[0.185s] Level 1:colcon.colcon_core.package_identification:_identify(src/rmoss_master/rmoss_contrib) by extensions ['cmake', 'python']
[0.185s] Level 1:colcon.colcon_core.package_identification:_identify(src/rmoss_master/rmoss_contrib) by extension 'cmake'
[0.185s] Level 1:colcon.colcon_core.package_identification:_identify(src/rmoss_master/rmoss_contrib) by extension 'python'
[0.185s] Level 1:colcon.colcon_core.package_identification:_identify(src/rmoss_master/rmoss_contrib) by extensions ['python_setup_py']
[0.185s] Level 1:colcon.colcon_core.package_identification:_identify(src/rmoss_master/rmoss_contrib) by extension 'python_setup_py'
[0.185s] Level 1:colcon.colcon_core.package_identification:_identify(src/rmoss_master/rmoss_contrib/rmoss_auto_aim) by extensions ['ignore', 'ignore_ament_install']
[0.185s] Level 1:colcon.colcon_core.package_identification:_identify(src/rmoss_master/rmoss_contrib/rmoss_auto_aim) by extension 'ignore'
[0.185s] Level 1:colcon.colcon_core.package_identification:_identify(src/rmoss_master/rmoss_contrib/rmoss_auto_aim) by extension 'ignore_ament_install'
[0.185s] Level 1:colcon.colcon_core.package_identification:_identify(src/rmoss_master/rmoss_contrib/rmoss_auto_aim) by extensions ['colcon_pkg']
[0.185s] Level 1:colcon.colcon_core.package_identification:_identify(src/rmoss_master/rmoss_contrib/rmoss_auto_aim) by extension 'colcon_pkg'
[0.185s] Level 1:colcon.colcon_core.package_identification:_identify(src/rmoss_master/rmoss_contrib/rmoss_auto_aim) by extensions ['colcon_meta']
[0.185s] Level 1:colcon.colcon_core.package_identification:_identify(src/rmoss_master/rmoss_contrib/rmoss_auto_aim) by extension 'colcon_meta'
[0.185s] Level 1:colcon.colcon_core.package_identification:_identify(src/rmoss_master/rmoss_contrib/rmoss_auto_aim) by extensions ['ros']
[0.185s] Level 1:colcon.colcon_core.package_identification:_identify(src/rmoss_master/rmoss_contrib/rmoss_auto_aim) by extension 'ros'
[0.186s] DEBUG:colcon.colcon_core.package_identification:Package 'src/rmoss_master/rmoss_contrib/rmoss_auto_aim' with type 'ros.ament_cmake' and name 'rmoss_auto_aim'
[0.186s] Level 1:colcon.colcon_core.package_identification:_identify(src/rmoss_master/rmoss_contrib/rmoss_power_rune2019) by extensions ['ignore', 'ignore_ament_install']
[0.186s] Level 1:colcon.colcon_core.package_identification:_identify(src/rmoss_master/rmoss_contrib/rmoss_power_rune2019) by extension 'ignore'
[0.186s] Level 1:colcon.colcon_core.package_identification:_identify(src/rmoss_master/rmoss_contrib/rmoss_power_rune2019) by extension 'ignore_ament_install'
[0.186s] Level 1:colcon.colcon_core.package_identification:_identify(src/rmoss_master/rmoss_contrib/rmoss_power_rune2019) by extensions ['colcon_pkg']
[0.186s] Level 1:colcon.colcon_core.package_identification:_identify(src/rmoss_master/rmoss_contrib/rmoss_power_rune2019) by extension 'colcon_pkg'
[0.186s] Level 1:colcon.colcon_core.package_identification:_identify(src/rmoss_master/rmoss_contrib/rmoss_power_rune2019) by extensions ['colcon_meta']
[0.186s] Level 1:colcon.colcon_core.package_identification:_identify(src/rmoss_master/rmoss_contrib/rmoss_power_rune2019) by extension 'colcon_meta'
[0.186s] Level 1:colcon.colcon_core.package_identification:_identify(src/rmoss_master/rmoss_contrib/rmoss_power_rune2019) by extensions ['ros']
[0.186s] Level 1:colcon.colcon_core.package_identification:_identify(src/rmoss_master/rmoss_contrib/rmoss_power_rune2019) by extension 'ros'
[0.186s] Level 1:colcon.colcon_core.package_identification:_identify(src/rmoss_master/rmoss_contrib/rmoss_power_rune2019) ignored
[0.187s] Level 1:colcon.colcon_core.package_identification:_identify(src/rmoss_master/rmoss_core) by extensions ['ignore', 'ignore_ament_install']
[0.187s] Level 1:colcon.colcon_core.package_identification:_identify(src/rmoss_master/rmoss_core) by extension 'ignore'
[0.187s] Level 1:colcon.colcon_core.package_identification:_identify(src/rmoss_master/rmoss_core) by extension 'ignore_ament_install'
[0.187s] Level 1:colcon.colcon_core.package_identification:_identify(src/rmoss_master/rmoss_core) by extensions ['colcon_pkg']
[0.187s] Level 1:colcon.colcon_core.package_identification:_identify(src/rmoss_master/rmoss_core) by extension 'colcon_pkg'
[0.187s] Level 1:colcon.colcon_core.package_identification:_identify(src/rmoss_master/rmoss_core) by extensions ['colcon_meta']
[0.187s] Level 1:colcon.colcon_core.package_identification:_identify(src/rmoss_master/rmoss_core) by extension 'colcon_meta'
[0.187s] Level 1:colcon.colcon_core.package_identification:_identify(src/rmoss_master/rmoss_core) by extensions ['ros']
[0.187s] Level 1:colcon.colcon_core.package_identification:_identify(src/rmoss_master/rmoss_core) by extension 'ros'
[0.187s] Level 1:colcon.colcon_core.package_identification:_identify(src/rmoss_master/rmoss_core) by extensions ['cmake', 'python']
[0.187s] Level 1:colcon.colcon_core.package_identification:_identify(src/rmoss_master/rmoss_core) by extension 'cmake'
[0.187s] Level 1:colcon.colcon_core.package_identification:_identify(src/rmoss_master/rmoss_core) by extension 'python'
[0.187s] Level 1:colcon.colcon_core.package_identification:_identify(src/rmoss_master/rmoss_core) by extensions ['python_setup_py']
[0.187s] Level 1:colcon.colcon_core.package_identification:_identify(src/rmoss_master/rmoss_core) by extension 'python_setup_py'
[0.187s] Level 1:colcon.colcon_core.package_identification:_identify(src/rmoss_master/rmoss_core/rmoss_base) by extensions ['ignore', 'ignore_ament_install']
[0.187s] Level 1:colcon.colcon_core.package_identification:_identify(src/rmoss_master/rmoss_core/rmoss_base) by extension 'ignore'
[0.187s] Level 1:colcon.colcon_core.package_identification:_identify(src/rmoss_master/rmoss_core/rmoss_base) by extension 'ignore_ament_install'
[0.187s] Level 1:colcon.colcon_core.package_identification:_identify(src/rmoss_master/rmoss_core/rmoss_base) by extensions ['colcon_pkg']
[0.187s] Level 1:colcon.colcon_core.package_identification:_identify(src/rmoss_master/rmoss_core/rmoss_base) by extension 'colcon_pkg'
[0.187s] Level 1:colcon.colcon_core.package_identification:_identify(src/rmoss_master/rmoss_core/rmoss_base) by extensions ['colcon_meta']
[0.188s] Level 1:colcon.colcon_core.package_identification:_identify(src/rmoss_master/rmoss_core/rmoss_base) by extension 'colcon_meta'
[0.188s] Level 1:colcon.colcon_core.package_identification:_identify(src/rmoss_master/rmoss_core/rmoss_base) by extensions ['ros']
[0.188s] Level 1:colcon.colcon_core.package_identification:_identify(src/rmoss_master/rmoss_core/rmoss_base) by extension 'ros'
[0.188s] DEBUG:colcon.colcon_core.package_identification:Package 'src/rmoss_master/rmoss_core/rmoss_base' with type 'ros.ament_cmake' and name 'rmoss_base'
[0.188s] Level 1:colcon.colcon_core.package_identification:_identify(src/rmoss_master/rmoss_core/rmoss_cam) by extensions ['ignore', 'ignore_ament_install']
[0.188s] Level 1:colcon.colcon_core.package_identification:_identify(src/rmoss_master/rmoss_core/rmoss_cam) by extension 'ignore'
[0.188s] Level 1:colcon.colcon_core.package_identification:_identify(src/rmoss_master/rmoss_core/rmoss_cam) by extension 'ignore_ament_install'
[0.188s] Level 1:colcon.colcon_core.package_identification:_identify(src/rmoss_master/rmoss_core/rmoss_cam) by extensions ['colcon_pkg']
[0.188s] Level 1:colcon.colcon_core.package_identification:_identify(src/rmoss_master/rmoss_core/rmoss_cam) by extension 'colcon_pkg'
[0.188s] Level 1:colcon.colcon_core.package_identification:_identify(src/rmoss_master/rmoss_core/rmoss_cam) by extensions ['colcon_meta']
[0.188s] Level 1:colcon.colcon_core.package_identification:_identify(src/rmoss_master/rmoss_core/rmoss_cam) by extension 'colcon_meta'
[0.189s] Level 1:colcon.colcon_core.package_identification:_identify(src/rmoss_master/rmoss_core/rmoss_cam) by extensions ['ros']
[0.189s] Level 1:colcon.colcon_core.package_identification:_identify(src/rmoss_master/rmoss_core/rmoss_cam) by extension 'ros'
[0.189s] DEBUG:colcon.colcon_core.package_identification:Package 'src/rmoss_master/rmoss_core/rmoss_cam' with type 'ros.ament_cmake' and name 'rmoss_cam'
[0.189s] Level 1:colcon.colcon_core.package_identification:_identify(src/rmoss_master/rmoss_core/rmoss_core) by extensions ['ignore', 'ignore_ament_install']
[0.190s] Level 1:colcon.colcon_core.package_identification:_identify(src/rmoss_master/rmoss_core/rmoss_core) by extension 'ignore'
[0.190s] Level 1:colcon.colcon_core.package_identification:_identify(src/rmoss_master/rmoss_core/rmoss_core) by extension 'ignore_ament_install'
[0.190s] Level 1:colcon.colcon_core.package_identification:_identify(src/rmoss_master/rmoss_core/rmoss_core) by extensions ['colcon_pkg']
[0.190s] Level 1:colcon.colcon_core.package_identification:_identify(src/rmoss_master/rmoss_core/rmoss_core) by extension 'colcon_pkg'
[0.190s] Level 1:colcon.colcon_core.package_identification:_identify(src/rmoss_master/rmoss_core/rmoss_core) by extensions ['colcon_meta']
[0.190s] Level 1:colcon.colcon_core.package_identification:_identify(src/rmoss_master/rmoss_core/rmoss_core) by extension 'colcon_meta'
[0.190s] Level 1:colcon.colcon_core.package_identification:_identify(src/rmoss_master/rmoss_core/rmoss_core) by extensions ['ros']
[0.190s] Level 1:colcon.colcon_core.package_identification:_identify(src/rmoss_master/rmoss_core/rmoss_core) by extension 'ros'
[0.190s] DEBUG:colcon.colcon_core.package_identification:Package 'src/rmoss_master/rmoss_core/rmoss_core' with type 'ros.ament_cmake' and name 'rmoss_core'
[0.190s] Level 1:colcon.colcon_core.package_identification:_identify(src/rmoss_master/rmoss_core/rmoss_projectile_motion) by extensions ['ignore', 'ignore_ament_install']
[0.190s] Level 1:colcon.colcon_core.package_identification:_identify(src/rmoss_master/rmoss_core/rmoss_projectile_motion) by extension 'ignore'
[0.190s] Level 1:colcon.colcon_core.package_identification:_identify(src/rmoss_master/rmoss_core/rmoss_projectile_motion) by extension 'ignore_ament_install'
[0.191s] Level 1:colcon.colcon_core.package_identification:_identify(src/rmoss_master/rmoss_core/rmoss_projectile_motion) by extensions ['colcon_pkg']
[0.191s] Level 1:colcon.colcon_core.package_identification:_identify(src/rmoss_master/rmoss_core/rmoss_projectile_motion) by extension 'colcon_pkg'
[0.191s] Level 1:colcon.colcon_core.package_identification:_identify(src/rmoss_master/rmoss_core/rmoss_projectile_motion) by extensions ['colcon_meta']
[0.191s] Level 1:colcon.colcon_core.package_identification:_identify(src/rmoss_master/rmoss_core/rmoss_projectile_motion) by extension 'colcon_meta'
[0.191s] Level 1:colcon.colcon_core.package_identification:_identify(src/rmoss_master/rmoss_core/rmoss_projectile_motion) by extensions ['ros']
[0.191s] Level 1:colcon.colcon_core.package_identification:_identify(src/rmoss_master/rmoss_core/rmoss_projectile_motion) by extension 'ros'
[0.191s] DEBUG:colcon.colcon_core.package_identification:Package 'src/rmoss_master/rmoss_core/rmoss_projectile_motion' with type 'ros.ament_cmake' and name 'rmoss_projectile_motion'
[0.191s] Level 1:colcon.colcon_core.package_identification:_identify(src/rmoss_master/rmoss_core/rmoss_util) by extensions ['ignore', 'ignore_ament_install']
[0.191s] Level 1:colcon.colcon_core.package_identification:_identify(src/rmoss_master/rmoss_core/rmoss_util) by extension 'ignore'
[0.191s] Level 1:colcon.colcon_core.package_identification:_identify(src/rmoss_master/rmoss_core/rmoss_util) by extension 'ignore_ament_install'
[0.192s] Level 1:colcon.colcon_core.package_identification:_identify(src/rmoss_master/rmoss_core/rmoss_util) by extensions ['colcon_pkg']
[0.192s] Level 1:colcon.colcon_core.package_identification:_identify(src/rmoss_master/rmoss_core/rmoss_util) by extension 'colcon_pkg'
[0.192s] Level 1:colcon.colcon_core.package_identification:_identify(src/rmoss_master/rmoss_core/rmoss_util) by extensions ['colcon_meta']
[0.192s] Level 1:colcon.colcon_core.package_identification:_identify(src/rmoss_master/rmoss_core/rmoss_util) by extension 'colcon_meta'
[0.192s] Level 1:colcon.colcon_core.package_identification:_identify(src/rmoss_master/rmoss_core/rmoss_util) by extensions ['ros']
[0.192s] Level 1:colcon.colcon_core.package_identification:_identify(src/rmoss_master/rmoss_core/rmoss_util) by extension 'ros'
[0.192s] DEBUG:colcon.colcon_core.package_identification:Package 'src/rmoss_master/rmoss_core/rmoss_util' with type 'ros.ament_cmake' and name 'rmoss_util'
[0.192s] Level 1:colcon.colcon_core.package_identification:_identify(src/rmoss_master/rmoss_core/tools) by extensions ['ignore', 'ignore_ament_install']
[0.192s] Level 1:colcon.colcon_core.package_identification:_identify(src/rmoss_master/rmoss_core/tools) by extension 'ignore'
[0.192s] Level 1:colcon.colcon_core.package_identification:_identify(src/rmoss_master/rmoss_core/tools) by extension 'ignore_ament_install'
[0.193s] Level 1:colcon.colcon_core.package_identification:_identify(src/rmoss_master/rmoss_core/tools) by extensions ['colcon_pkg']
[0.193s] Level 1:colcon.colcon_core.package_identification:_identify(src/rmoss_master/rmoss_core/tools) by extension 'colcon_pkg'
[0.193s] Level 1:colcon.colcon_core.package_identification:_identify(src/rmoss_master/rmoss_core/tools) by extensions ['colcon_meta']
[0.193s] Level 1:colcon.colcon_core.package_identification:_identify(src/rmoss_master/rmoss_core/tools) by extension 'colcon_meta'
[0.193s] Level 1:colcon.colcon_core.package_identification:_identify(src/rmoss_master/rmoss_core/tools) by extensions ['ros']
[0.193s] Level 1:colcon.colcon_core.package_identification:_identify(src/rmoss_master/rmoss_core/tools) by extension 'ros'
[0.193s] Level 1:colcon.colcon_core.package_identification:_identify(src/rmoss_master/rmoss_core/tools) by extensions ['cmake', 'python']
[0.193s] Level 1:colcon.colcon_core.package_identification:_identify(src/rmoss_master/rmoss_core/tools) by extension 'cmake'
[0.193s] Level 1:colcon.colcon_core.package_identification:_identify(src/rmoss_master/rmoss_core/tools) by extension 'python'
[0.193s] Level 1:colcon.colcon_core.package_identification:_identify(src/rmoss_master/rmoss_core/tools) by extensions ['python_setup_py']
[0.193s] Level 1:colcon.colcon_core.package_identification:_identify(src/rmoss_master/rmoss_core/tools) by extension 'python_setup_py'
[0.193s] Level 1:colcon.colcon_core.package_identification:_identify(src/rmoss_master/rmoss_daheng_driver) by extensions ['ignore', 'ignore_ament_install']
[0.193s] Level 1:colcon.colcon_core.package_identification:_identify(src/rmoss_master/rmoss_daheng_driver) by extension 'ignore'
[0.193s] Level 1:colcon.colcon_core.package_identification:_identify(src/rmoss_master/rmoss_daheng_driver) by extension 'ignore_ament_install'
[0.193s] Level 1:colcon.colcon_core.package_identification:_identify(src/rmoss_master/rmoss_daheng_driver) by extensions ['colcon_pkg']
[0.193s] Level 1:colcon.colcon_core.package_identification:_identify(src/rmoss_master/rmoss_daheng_driver) by extension 'colcon_pkg'
[0.193s] Level 1:colcon.colcon_core.package_identification:_identify(src/rmoss_master/rmoss_daheng_driver) by extensions ['colcon_meta']
[0.193s] Level 1:colcon.colcon_core.package_identification:_identify(src/rmoss_master/rmoss_daheng_driver) by extension 'colcon_meta'
[0.193s] Level 1:colcon.colcon_core.package_identification:_identify(src/rmoss_master/rmoss_daheng_driver) by extensions ['ros']
[0.193s] Level 1:colcon.colcon_core.package_identification:_identify(src/rmoss_master/rmoss_daheng_driver) by extension 'ros'
[0.194s] DEBUG:colcon.colcon_core.package_identification:Package 'src/rmoss_master/rmoss_daheng_driver' with type 'ros.ament_cmake' and name 'rmoss_daheng_driver'
[0.194s] Level 1:colcon.colcon_core.package_identification:_identify(src/rmoss_master/rmoss_ign) by extensions ['ignore', 'ignore_ament_install']
[0.194s] Level 1:colcon.colcon_core.package_identification:_identify(src/rmoss_master/rmoss_ign) by extension 'ignore'
[0.194s] Level 1:colcon.colcon_core.package_identification:_identify(src/rmoss_master/rmoss_ign) by extension 'ignore_ament_install'
[0.194s] Level 1:colcon.colcon_core.package_identification:_identify(src/rmoss_master/rmoss_ign) by extensions ['colcon_pkg']
[0.194s] Level 1:colcon.colcon_core.package_identification:_identify(src/rmoss_master/rmoss_ign) by extension 'colcon_pkg'
[0.194s] Level 1:colcon.colcon_core.package_identification:_identify(src/rmoss_master/rmoss_ign) by extensions ['colcon_meta']
[0.194s] Level 1:colcon.colcon_core.package_identification:_identify(src/rmoss_master/rmoss_ign) by extension 'colcon_meta'
[0.195s] Level 1:colcon.colcon_core.package_identification:_identify(src/rmoss_master/rmoss_ign) by extensions ['ros']
[0.195s] Level 1:colcon.colcon_core.package_identification:_identify(src/rmoss_master/rmoss_ign) by extension 'ros'
[0.195s] Level 1:colcon.colcon_core.package_identification:_identify(src/rmoss_master/rmoss_ign) ignored
[0.195s] Level 1:colcon.colcon_core.package_identification:_identify(src/rmoss_master/rmoss_ign_resources) by extensions ['ignore', 'ignore_ament_install']
[0.195s] Level 1:colcon.colcon_core.package_identification:_identify(src/rmoss_master/rmoss_ign_resources) by extension 'ignore'
[0.195s] Level 1:colcon.colcon_core.package_identification:_identify(src/rmoss_master/rmoss_ign_resources) by extension 'ignore_ament_install'
[0.195s] Level 1:colcon.colcon_core.package_identification:_identify(src/rmoss_master/rmoss_ign_resources) by extensions ['colcon_pkg']
[0.195s] Level 1:colcon.colcon_core.package_identification:_identify(src/rmoss_master/rmoss_ign_resources) by extension 'colcon_pkg'
[0.195s] Level 1:colcon.colcon_core.package_identification:_identify(src/rmoss_master/rmoss_ign_resources) by extensions ['colcon_meta']
[0.195s] Level 1:colcon.colcon_core.package_identification:_identify(src/rmoss_master/rmoss_ign_resources) by extension 'colcon_meta'
[0.195s] Level 1:colcon.colcon_core.package_identification:_identify(src/rmoss_master/rmoss_ign_resources) by extensions ['ros']
[0.195s] Level 1:colcon.colcon_core.package_identification:_identify(src/rmoss_master/rmoss_ign_resources) by extension 'ros'
[0.195s] Level 1:colcon.colcon_core.package_identification:_identify(src/rmoss_master/rmoss_ign_resources) ignored
[0.195s] Level 1:colcon.colcon_core.package_identification:_identify(src/rmoss_master/rmoss_interfaces) by extensions ['ignore', 'ignore_ament_install']
[0.195s] Level 1:colcon.colcon_core.package_identification:_identify(src/rmoss_master/rmoss_interfaces) by extension 'ignore'
[0.195s] Level 1:colcon.colcon_core.package_identification:_identify(src/rmoss_master/rmoss_interfaces) by extension 'ignore_ament_install'
[0.195s] Level 1:colcon.colcon_core.package_identification:_identify(src/rmoss_master/rmoss_interfaces) by extensions ['colcon_pkg']
[0.195s] Level 1:colcon.colcon_core.package_identification:_identify(src/rmoss_master/rmoss_interfaces) by extension 'colcon_pkg'
[0.195s] Level 1:colcon.colcon_core.package_identification:_identify(src/rmoss_master/rmoss_interfaces) by extensions ['colcon_meta']
[0.196s] Level 1:colcon.colcon_core.package_identification:_identify(src/rmoss_master/rmoss_interfaces) by extension 'colcon_meta'
[0.196s] Level 1:colcon.colcon_core.package_identification:_identify(src/rmoss_master/rmoss_interfaces) by extensions ['ros']
[0.196s] Level 1:colcon.colcon_core.package_identification:_identify(src/rmoss_master/rmoss_interfaces) by extension 'ros'
[0.196s] DEBUG:colcon.colcon_core.package_identification:Package 'src/rmoss_master/rmoss_interfaces' with type 'ros.ament_cmake' and name 'rmoss_interfaces'
[0.196s] Level 1:colcon.colcon_core.package_identification:_identify(src/serialport) by extensions ['ignore', 'ignore_ament_install']
[0.196s] Level 1:colcon.colcon_core.package_identification:_identify(src/serialport) by extension 'ignore'
[0.196s] Level 1:colcon.colcon_core.package_identification:_identify(src/serialport) by extension 'ignore_ament_install'
[0.196s] Level 1:colcon.colcon_core.package_identification:_identify(src/serialport) by extensions ['colcon_pkg']
[0.196s] Level 1:colcon.colcon_core.package_identification:_identify(src/serialport) by extension 'colcon_pkg'
[0.197s] Level 1:colcon.colcon_core.package_identification:_identify(src/serialport) by extensions ['colcon_meta']
[0.197s] Level 1:colcon.colcon_core.package_identification:_identify(src/serialport) by extension 'colcon_meta'
[0.197s] Level 1:colcon.colcon_core.package_identification:_identify(src/serialport) by extensions ['ros']
[0.197s] Level 1:colcon.colcon_core.package_identification:_identify(src/serialport) by extension 'ros'
[0.198s] DEBUG:colcon.colcon_core.package_identification:Package 'src/serialport' with type 'ros.ament_cmake' and name 'serialport'
[0.198s] Level 1:colcon.colcon_core.package_identification:_identify(src/vehicle_system) by extensions ['ignore', 'ignore_ament_install']
[0.198s] Level 1:colcon.colcon_core.package_identification:_identify(src/vehicle_system) by extension 'ignore'
[0.198s] Level 1:colcon.colcon_core.package_identification:_identify(src/vehicle_system) by extension 'ignore_ament_install'
[0.198s] Level 1:colcon.colcon_core.package_identification:_identify(src/vehicle_system) by extensions ['colcon_pkg']
[0.198s] Level 1:colcon.colcon_core.package_identification:_identify(src/vehicle_system) by extension 'colcon_pkg'
[0.198s] Level 1:colcon.colcon_core.package_identification:_identify(src/vehicle_system) by extensions ['colcon_meta']
[0.198s] Level 1:colcon.colcon_core.package_identification:_identify(src/vehicle_system) by extension 'colcon_meta'
[0.199s] Level 1:colcon.colcon_core.package_identification:_identify(src/vehicle_system) by extensions ['ros']
[0.199s] Level 1:colcon.colcon_core.package_identification:_identify(src/vehicle_system) by extension 'ros'
[0.199s] Level 1:colcon.colcon_core.package_identification:_identify(src/vehicle_system) by extensions ['cmake', 'python']
[0.199s] Level 1:colcon.colcon_core.package_identification:_identify(src/vehicle_system) by extension 'cmake'
[0.199s] Level 1:colcon.colcon_core.package_identification:_identify(src/vehicle_system) by extension 'python'
[0.199s] Level 1:colcon.colcon_core.package_identification:_identify(src/vehicle_system) by extensions ['python_setup_py']
[0.199s] Level 1:colcon.colcon_core.package_identification:_identify(src/vehicle_system) by extension 'python_setup_py'
[0.199s] Level 1:colcon.colcon_core.package_identification:_identify(src/vehicle_system/autoaim) by extensions ['ignore', 'ignore_ament_install']
[0.199s] Level 1:colcon.colcon_core.package_identification:_identify(src/vehicle_system/autoaim) by extension 'ignore'
[0.199s] Level 1:colcon.colcon_core.package_identification:_identify(src/vehicle_system/autoaim) by extension 'ignore_ament_install'
[0.199s] Level 1:colcon.colcon_core.package_identification:_identify(src/vehicle_system/autoaim) by extensions ['colcon_pkg']
[0.199s] Level 1:colcon.colcon_core.package_identification:_identify(src/vehicle_system/autoaim) by extension 'colcon_pkg'
[0.199s] Level 1:colcon.colcon_core.package_identification:_identify(src/vehicle_system/autoaim) by extensions ['colcon_meta']
[0.199s] Level 1:colcon.colcon_core.package_identification:_identify(src/vehicle_system/autoaim) by extension 'colcon_meta'
[0.199s] Level 1:colcon.colcon_core.package_identification:_identify(src/vehicle_system/autoaim) by extensions ['ros']
[0.199s] Level 1:colcon.colcon_core.package_identification:_identify(src/vehicle_system/autoaim) by extension 'ros'
[0.199s] Level 1:colcon.colcon_core.package_identification:_identify(src/vehicle_system/autoaim) by extensions ['cmake', 'python']
[0.199s] Level 1:colcon.colcon_core.package_identification:_identify(src/vehicle_system/autoaim) by extension 'cmake'
[0.199s] Level 1:colcon.colcon_core.package_identification:_identify(src/vehicle_system/autoaim) by extension 'python'
[0.199s] Level 1:colcon.colcon_core.package_identification:_identify(src/vehicle_system/autoaim) by extensions ['python_setup_py']
[0.199s] Level 1:colcon.colcon_core.package_identification:_identify(src/vehicle_system/autoaim) by extension 'python_setup_py'
[0.200s] Level 1:colcon.colcon_core.package_identification:_identify(src/vehicle_system/autoaim/armor_detector) by extensions ['ignore', 'ignore_ament_install']
[0.200s] Level 1:colcon.colcon_core.package_identification:_identify(src/vehicle_system/autoaim/armor_detector) by extension 'ignore'
[0.200s] Level 1:colcon.colcon_core.package_identification:_identify(src/vehicle_system/autoaim/armor_detector) by extension 'ignore_ament_install'
[0.200s] Level 1:colcon.colcon_core.package_identification:_identify(src/vehicle_system/autoaim/armor_detector) by extensions ['colcon_pkg']
[0.200s] Level 1:colcon.colcon_core.package_identification:_identify(src/vehicle_system/autoaim/armor_detector) by extension 'colcon_pkg'
[0.200s] Level 1:colcon.colcon_core.package_identification:_identify(src/vehicle_system/autoaim/armor_detector) by extensions ['colcon_meta']
[0.200s] Level 1:colcon.colcon_core.package_identification:_identify(src/vehicle_system/autoaim/armor_detector) by extension 'colcon_meta'
[0.200s] Level 1:colcon.colcon_core.package_identification:_identify(src/vehicle_system/autoaim/armor_detector) by extensions ['ros']
[0.200s] Level 1:colcon.colcon_core.package_identification:_identify(src/vehicle_system/autoaim/armor_detector) by extension 'ros'
[0.201s] DEBUG:colcon.colcon_core.package_identification:Package 'src/vehicle_system/autoaim/armor_detector' with type 'ros.ament_cmake' and name 'armor_detector'
[0.201s] Level 1:colcon.colcon_core.package_identification:_identify(src/vehicle_system/autoaim/armor_processor) by extensions ['ignore', 'ignore_ament_install']
[0.201s] Level 1:colcon.colcon_core.package_identification:_identify(src/vehicle_system/autoaim/armor_processor) by extension 'ignore'
[0.201s] Level 1:colcon.colcon_core.package_identification:_identify(src/vehicle_system/autoaim/armor_processor) by extension 'ignore_ament_install'
[0.201s] Level 1:colcon.colcon_core.package_identification:_identify(src/vehicle_system/autoaim/armor_processor) by extensions ['colcon_pkg']
[0.201s] Level 1:colcon.colcon_core.package_identification:_identify(src/vehicle_system/autoaim/armor_processor) by extension 'colcon_pkg'
[0.201s] Level 1:colcon.colcon_core.package_identification:_identify(src/vehicle_system/autoaim/armor_processor) by extensions ['colcon_meta']
[0.201s] Level 1:colcon.colcon_core.package_identification:_identify(src/vehicle_system/autoaim/armor_processor) by extension 'colcon_meta'
[0.201s] Level 1:colcon.colcon_core.package_identification:_identify(src/vehicle_system/autoaim/armor_processor) by extensions ['ros']
[0.201s] Level 1:colcon.colcon_core.package_identification:_identify(src/vehicle_system/autoaim/armor_processor) by extension 'ros'
[0.203s] DEBUG:colcon.colcon_core.package_identification:Package 'src/vehicle_system/autoaim/armor_processor' with type 'ros.ament_cmake' and name 'armor_processor'
[0.203s] Level 1:colcon.colcon_core.package_identification:_identify(src/vehicle_system/binocular) by extensions ['ignore', 'ignore_ament_install']
[0.203s] Level 1:colcon.colcon_core.package_identification:_identify(src/vehicle_system/binocular) by extension 'ignore'
[0.203s] Level 1:colcon.colcon_core.package_identification:_identify(src/vehicle_system/binocular) by extension 'ignore_ament_install'
[0.203s] Level 1:colcon.colcon_core.package_identification:_identify(src/vehicle_system/binocular) by extensions ['colcon_pkg']
[0.203s] Level 1:colcon.colcon_core.package_identification:_identify(src/vehicle_system/binocular) by extension 'colcon_pkg'
[0.203s] Level 1:colcon.colcon_core.package_identification:_identify(src/vehicle_system/binocular) by extensions ['colcon_meta']
[0.203s] Level 1:colcon.colcon_core.package_identification:_identify(src/vehicle_system/binocular) by extension 'colcon_meta'
[0.203s] Level 1:colcon.colcon_core.package_identification:_identify(src/vehicle_system/binocular) by extensions ['ros']
[0.203s] Level 1:colcon.colcon_core.package_identification:_identify(src/vehicle_system/binocular) by extension 'ros'
[0.205s] DEBUG:colcon.colcon_core.package_identification:Package 'src/vehicle_system/binocular' with type 'ros.ament_cmake' and name 'binocular'
[0.205s] Level 1:colcon.colcon_core.package_identification:_identify(src/vehicle_system/buff) by extensions ['ignore', 'ignore_ament_install']
[0.205s] Level 1:colcon.colcon_core.package_identification:_identify(src/vehicle_system/buff) by extension 'ignore'
[0.205s] Level 1:colcon.colcon_core.package_identification:_identify(src/vehicle_system/buff) by extension 'ignore_ament_install'
[0.205s] Level 1:colcon.colcon_core.package_identification:_identify(src/vehicle_system/buff) by extensions ['colcon_pkg']
[0.205s] Level 1:colcon.colcon_core.package_identification:_identify(src/vehicle_system/buff) by extension 'colcon_pkg'
[0.205s] Level 1:colcon.colcon_core.package_identification:_identify(src/vehicle_system/buff) by extensions ['colcon_meta']
[0.205s] Level 1:colcon.colcon_core.package_identification:_identify(src/vehicle_system/buff) by extension 'colcon_meta'
[0.205s] Level 1:colcon.colcon_core.package_identification:_identify(src/vehicle_system/buff) by extensions ['ros']
[0.205s] Level 1:colcon.colcon_core.package_identification:_identify(src/vehicle_system/buff) by extension 'ros'
[0.207s] DEBUG:colcon.colcon_core.package_identification:Package 'src/vehicle_system/buff' with type 'ros.ament_cmake' and name 'buff'
[0.207s] Level 1:colcon.colcon_core.package_identification:_identify(src/vehicle_system/filter) by extensions ['ignore', 'ignore_ament_install']
[0.207s] Level 1:colcon.colcon_core.package_identification:_identify(src/vehicle_system/filter) by extension 'ignore'
[0.208s] Level 1:colcon.colcon_core.package_identification:_identify(src/vehicle_system/filter) by extension 'ignore_ament_install'
[0.208s] Level 1:colcon.colcon_core.package_identification:_identify(src/vehicle_system/filter) by extensions ['colcon_pkg']
[0.208s] Level 1:colcon.colcon_core.package_identification:_identify(src/vehicle_system/filter) by extension 'colcon_pkg'
[0.208s] Level 1:colcon.colcon_core.package_identification:_identify(src/vehicle_system/filter) by extensions ['colcon_meta']
[0.208s] Level 1:colcon.colcon_core.package_identification:_identify(src/vehicle_system/filter) by extension 'colcon_meta'
[0.208s] Level 1:colcon.colcon_core.package_identification:_identify(src/vehicle_system/filter) by extensions ['ros']
[0.208s] Level 1:colcon.colcon_core.package_identification:_identify(src/vehicle_system/filter) by extension 'ros'
[0.209s] DEBUG:colcon.colcon_core.package_identification:Package 'src/vehicle_system/filter' with type 'ros.ament_cmake' and name 'filter'
[0.209s] Level 1:colcon.colcon_core.package_discovery:discover_packages(recursive) using defaults
[0.209s] Level 1:colcon.colcon_core.package_discovery:discover_packages(ignore) discover
[0.209s] Level 1:colcon.colcon_core.package_discovery:discover_packages(ignore) using defaults
[0.210s] Level 1:colcon.colcon_core.package_discovery:discover_packages(path) discover
[0.210s] Level 1:colcon.colcon_core.package_discovery:discover_packages(path) using defaults
[0.227s] INFO:colcon.colcon_core.package_selection:Skipping not selected package 'arm_controller' in 'src/arm_controller'
[0.227s] INFO:colcon.colcon_core.package_selection:Skipping not selected package 'armor_detector' in 'src/vehicle_system/autoaim/armor_detector'
[0.227s] INFO:colcon.colcon_core.package_selection:Skipping not selected package 'auto_navigation' in 'src/auto_navigation'
[0.227s] INFO:colcon.colcon_core.package_selection:Skipping not selected package 'binocular' in 'src/vehicle_system/binocular'
[0.227s] INFO:colcon.colcon_core.package_selection:Skipping not selected package 'buff' in 'src/vehicle_system/buff'
[0.227s] INFO:colcon.colcon_core.package_selection:Skipping not selected package 'global_user' in 'src/global_user'
[0.227s] INFO:colcon.colcon_core.package_selection:Skipping not selected package 'rmoss_interfaces' in 'src/rmoss_master/rmoss_interfaces'
[0.227s] INFO:colcon.colcon_core.package_selection:Skipping not selected package 'rmoss_projectile_motion' in 'src/rmoss_master/rmoss_core/rmoss_projectile_motion'
[0.227s] INFO:colcon.colcon_core.package_selection:Skipping not selected package 'armor_processor' in 'src/vehicle_system/autoaim/armor_processor'
[0.227s] INFO:colcon.colcon_core.package_selection:Skipping not selected package 'camera_driver' in 'src/camera_driver'
[0.227s] INFO:colcon.colcon_core.package_selection:Skipping not selected package 'filter' in 'src/vehicle_system/filter'
[0.227s] INFO:colcon.colcon_core.package_selection:Skipping not selected package 'rmoss_base' in 'src/rmoss_master/rmoss_core/rmoss_base'
[0.228s] INFO:colcon.colcon_core.package_selection:Skipping not selected package 'rmoss_util' in 'src/rmoss_master/rmoss_core/rmoss_util'
[0.228s] INFO:colcon.colcon_core.package_selection:Skipping not selected package 'serialport' in 'src/serialport'
[0.228s] INFO:colcon.colcon_core.package_selection:Skipping not selected package 'rmoss_cam' in 'src/rmoss_master/rmoss_core/rmoss_cam'
[0.228s] INFO:colcon.colcon_core.package_selection:Skipping not selected package 'rmoss_auto_aim' in 'src/rmoss_master/rmoss_contrib/rmoss_auto_aim'
[0.228s] INFO:colcon.colcon_core.package_selection:Skipping not selected package 'rmoss_core' in 'src/rmoss_master/rmoss_core/rmoss_core'
[0.228s] INFO:colcon.colcon_core.package_selection:Skipping not selected package 'rmoss_daheng_driver' in 'src/rmoss_master/rmoss_daheng_driver'
[0.228s] Level 1:colcon.colcon_core.package_discovery:discover_packages(prefix_path) check parameters
[0.228s] Level 1:colcon.colcon_core.package_discovery:discover_packages(prefix_path) discover
[0.231s] DEBUG:colcon.colcon_installed_package_information.package_discovery:Found 272 installed packages in /opt/ros/galactic
[0.232s] Level 1:colcon.colcon_core.package_discovery:discover_packages(prefix_path) using defaults
[0.300s] Level 5:colcon.colcon_core.verb:set package 'global_interface' build argument 'cmake_args' from command line to 'None'
[0.300s] Level 5:colcon.colcon_core.verb:set package 'global_interface' build argument 'cmake_target' from command line to 'None'
[0.300s] Level 5:colcon.colcon_core.verb:set package 'global_interface' build argument 'cmake_target_skip_unavailable' from command line to 'False'
[0.300s] Level 5:colcon.colcon_core.verb:set package 'global_interface' build argument 'cmake_clean_cache' from command line to 'False'
[0.300s] Level 5:colcon.colcon_core.verb:set package 'global_interface' build argument 'cmake_clean_first' from command line to 'False'
[0.300s] Level 5:colcon.colcon_core.verb:set package 'global_interface' build argument 'cmake_force_configure' from command line to 'False'
[0.300s] Level 5:colcon.colcon_core.verb:set package 'global_interface' build argument 'ament_cmake_args' from command line to 'None'
[0.300s] Level 5:colcon.colcon_core.verb:set package 'global_interface' build argument 'catkin_cmake_args' from command line to 'None'
[0.300s] Level 5:colcon.colcon_core.verb:set package 'global_interface' build argument 'catkin_skip_building_tests' from command line to 'False'
[0.300s] DEBUG:colcon.colcon_core.verb:Building package 'global_interface' with the following arguments: {'ament_cmake_args': None, 'build_base': '/home/liyuhang/Desktop/TUP-Vision-2023-Based/build/global_interface', 'catkin_cmake_args': None, 'catkin_skip_building_tests': False, 'cmake_args': None, 'cmake_clean_cache': False, 'cmake_clean_first': False, 'cmake_force_configure': False, 'cmake_target': None, 'cmake_target_skip_unavailable': False, 'install_base': '/home/liyuhang/Desktop/TUP-Vision-2023-Based/install/global_interface', 'merge_install': False, 'path': '/home/liyuhang/Desktop/TUP-Vision-2023-Based/src/global_interface', 'symlink_install': False, 'test_result_base': None}
[0.301s] INFO:colcon.colcon_core.executor:Executing jobs using 'parallel' executor
[0.304s] DEBUG:colcon.colcon_parallel_executor.executor.parallel:run_until_complete
[0.304s] INFO:colcon.colcon_ros.task.ament_cmake.build:Building ROS package in '/home/liyuhang/Desktop/TUP-Vision-2023-Based/src/global_interface' with build type 'ament_cmake'
[0.304s] INFO:colcon.colcon_cmake.task.cmake.build:Building CMake package in '/home/liyuhang/Desktop/TUP-Vision-2023-Based/src/global_interface'
[0.310s] INFO:colcon.colcon_core.plugin_system:Skipping extension 'colcon_core.shell.bat': Not used on non-Windows systems
[0.310s] INFO:colcon.colcon_core.shell:Skip shell extension 'powershell' for command environment: Not usable outside of PowerShell
[0.310s] DEBUG:colcon.colcon_core.shell:Skip shell extension 'dsv' for command environment
[0.320s] DEBUG:colcon.colcon_core.event_handler.log_command:Invoking command in '/home/liyuhang/Desktop/TUP-Vision-2023-Based/build/global_interface': CMAKE_PREFIX_PATH=/opt/ros/galactic /usr/local/bin/cmake /home/liyuhang/Desktop/TUP-Vision-2023-Based/src/global_interface -DCMAKE_INSTALL_PREFIX=/home/liyuhang/Desktop/TUP-Vision-2023-Based/install/global_interface
[2.400s] DEBUG:colcon.colcon_core.event_handler.log_command:Invoked command in '/home/liyuhang/Desktop/TUP-Vision-2023-Based/build/global_interface' returned '0': CMAKE_PREFIX_PATH=/opt/ros/galactic /usr/local/bin/cmake /home/liyuhang/Desktop/TUP-Vision-2023-Based/src/global_interface -DCMAKE_INSTALL_PREFIX=/home/liyuhang/Desktop/TUP-Vision-2023-Based/install/global_interface
[2.401s] DEBUG:colcon.colcon_core.event_handler.log_command:Invoking command in '/home/liyuhang/Desktop/TUP-Vision-2023-Based/build/global_interface': CMAKE_PREFIX_PATH=/opt/ros/galactic /usr/local/bin/cmake --build /home/liyuhang/Desktop/TUP-Vision-2023-Based/build/global_interface -- -j8 -l8
[7.005s] DEBUG:colcon.colcon_core.event_handler.log_command:Invoked command in '/home/liyuhang/Desktop/TUP-Vision-2023-Based/build/global_interface' returned '0': CMAKE_PREFIX_PATH=/opt/ros/galactic /usr/local/bin/cmake --build /home/liyuhang/Desktop/TUP-Vision-2023-Based/build/global_interface -- -j8 -l8
[7.138s] DEBUG:colcon.colcon_core.event_handler.log_command:Invoking command in '/home/liyuhang/Desktop/TUP-Vision-2023-Based/build/global_interface': CMAKE_PREFIX_PATH=/opt/ros/galactic /usr/local/bin/cmake --install /home/liyuhang/Desktop/TUP-Vision-2023-Based/build/global_interface
[7.204s] Level 1:colcon.colcon_core.environment:create_environment_scripts_only(global_interface)
[7.207s] DEBUG:colcon.colcon_core.event_handler.log_command:Invoked command in '/home/liyuhang/Desktop/TUP-Vision-2023-Based/build/global_interface' returned '0': CMAKE_PREFIX_PATH=/opt/ros/galactic /usr/local/bin/cmake --install /home/liyuhang/Desktop/TUP-Vision-2023-Based/build/global_interface
[7.210s] Level 1:colcon.colcon_core.environment:checking '/home/liyuhang/Desktop/TUP-Vision-2023-Based/install/global_interface' for CMake module files
[7.211s] Level 1:colcon.colcon_core.environment:checking '/home/liyuhang/Desktop/TUP-Vision-2023-Based/install/global_interface' for CMake config files
[7.211s] Level 1:colcon.colcon_core.shell:create_environment_hook('global_interface', 'cmake_prefix_path')
[7.213s] INFO:colcon.colcon_core.shell:Creating environment hook '/home/liyuhang/Desktop/TUP-Vision-2023-Based/install/global_interface/share/global_interface/hook/cmake_prefix_path.ps1'
[7.213s] INFO:colcon.colcon_core.shell:Creating environment descriptor '/home/liyuhang/Desktop/TUP-Vision-2023-Based/install/global_interface/share/global_interface/hook/cmake_prefix_path.dsv'
[7.213s] INFO:colcon.colcon_core.shell:Creating environment hook '/home/liyuhang/Desktop/TUP-Vision-2023-Based/install/global_interface/share/global_interface/hook/cmake_prefix_path.sh'
[7.214s] Level 1:colcon.colcon_core.environment:checking '/home/liyuhang/Desktop/TUP-Vision-2023-Based/install/global_interface/lib'
[7.214s] Level 1:colcon.colcon_core.shell:create_environment_hook('global_interface', 'ld_library_path_lib')
[7.215s] INFO:colcon.colcon_core.shell:Creating environment hook '/home/liyuhang/Desktop/TUP-Vision-2023-Based/install/global_interface/share/global_interface/hook/ld_library_path_lib.ps1'
[7.216s] INFO:colcon.colcon_core.shell:Creating environment descriptor '/home/liyuhang/Desktop/TUP-Vision-2023-Based/install/global_interface/share/global_interface/hook/ld_library_path_lib.dsv'
[7.216s] INFO:colcon.colcon_core.shell:Creating environment hook '/home/liyuhang/Desktop/TUP-Vision-2023-Based/install/global_interface/share/global_interface/hook/ld_library_path_lib.sh'
[7.216s] Level 1:colcon.colcon_core.environment:checking '/home/liyuhang/Desktop/TUP-Vision-2023-Based/install/global_interface/bin'
[7.216s] Level 1:colcon.colcon_core.environment:checking '/home/liyuhang/Desktop/TUP-Vision-2023-Based/install/global_interface/lib/pkgconfig/global_interface.pc'
[7.217s] Level 1:colcon.colcon_core.environment:checking '/home/liyuhang/Desktop/TUP-Vision-2023-Based/install/global_interface/lib/python3.8/site-packages'
[7.217s] Level 1:colcon.colcon_core.shell:create_environment_hook('global_interface', 'pythonpath')
[7.218s] INFO:colcon.colcon_core.shell:Creating environment hook '/home/liyuhang/Desktop/TUP-Vision-2023-Based/install/global_interface/share/global_interface/hook/pythonpath.ps1'
[7.218s] INFO:colcon.colcon_core.shell:Creating environment descriptor '/home/liyuhang/Desktop/TUP-Vision-2023-Based/install/global_interface/share/global_interface/hook/pythonpath.dsv'
[7.218s] INFO:colcon.colcon_core.shell:Creating environment hook '/home/liyuhang/Desktop/TUP-Vision-2023-Based/install/global_interface/share/global_interface/hook/pythonpath.sh'
[7.219s] Level 1:colcon.colcon_core.environment:checking '/home/liyuhang/Desktop/TUP-Vision-2023-Based/install/global_interface/bin'
[7.220s] INFO:colcon.colcon_core.shell:Creating package script '/home/liyuhang/Desktop/TUP-Vision-2023-Based/install/global_interface/share/global_interface/package.ps1'
[7.221s] INFO:colcon.colcon_core.shell:Creating package descriptor '/home/liyuhang/Desktop/TUP-Vision-2023-Based/install/global_interface/share/global_interface/package.dsv'
[7.221s] INFO:colcon.colcon_core.shell:Creating package script '/home/liyuhang/Desktop/TUP-Vision-2023-Based/install/global_interface/share/global_interface/package.sh'
[7.222s] INFO:colcon.colcon_core.shell:Creating package script '/home/liyuhang/Desktop/TUP-Vision-2023-Based/install/global_interface/share/global_interface/package.bash'
[7.223s] INFO:colcon.colcon_core.shell:Creating package script '/home/liyuhang/Desktop/TUP-Vision-2023-Based/install/global_interface/share/global_interface/package.zsh'
[7.223s] Level 1:colcon.colcon_core.environment:create_file_with_runtime_dependencies(/home/liyuhang/Desktop/TUP-Vision-2023-Based/install/global_interface/share/colcon-core/packages/global_interface)
[7.358s] Level 1:colcon.colcon_core.environment:create_environment_scripts_only(global_interface)
[7.361s] Level 1:colcon.colcon_core.environment:checking '/home/liyuhang/Desktop/TUP-Vision-2023-Based/install/global_interface' for CMake module files
[7.362s] Level 1:colcon.colcon_core.environment:checking '/home/liyuhang/Desktop/TUP-Vision-2023-Based/install/global_interface' for CMake config files
[7.363s] Level 1:colcon.colcon_core.shell:create_environment_hook('global_interface', 'cmake_prefix_path')
[7.365s] INFO:colcon.colcon_core.shell:Creating environment hook '/home/liyuhang/Desktop/TUP-Vision-2023-Based/install/global_interface/share/global_interface/hook/cmake_prefix_path.ps1'
[7.366s] INFO:colcon.colcon_core.shell:Creating environment descriptor '/home/liyuhang/Desktop/TUP-Vision-2023-Based/install/global_interface/share/global_interface/hook/cmake_prefix_path.dsv'
[7.366s] INFO:colcon.colcon_core.shell:Creating environment hook '/home/liyuhang/Desktop/TUP-Vision-2023-Based/install/global_interface/share/global_interface/hook/cmake_prefix_path.sh'
[7.367s] Level 1:colcon.colcon_core.environment:checking '/home/liyuhang/Desktop/TUP-Vision-2023-Based/install/global_interface/lib'
[7.367s] Level 1:colcon.colcon_core.shell:create_environment_hook('global_interface', 'ld_library_path_lib')
[7.370s] INFO:colcon.colcon_core.shell:Creating environment hook '/home/liyuhang/Desktop/TUP-Vision-2023-Based/install/global_interface/share/global_interface/hook/ld_library_path_lib.ps1'
[7.370s] INFO:colcon.colcon_core.shell:Creating environment descriptor '/home/liyuhang/Desktop/TUP-Vision-2023-Based/install/global_interface/share/global_interface/hook/ld_library_path_lib.dsv'
[7.371s] INFO:colcon.colcon_core.shell:Creating environment hook '/home/liyuhang/Desktop/TUP-Vision-2023-Based/install/global_interface/share/global_interface/hook/ld_library_path_lib.sh'
[7.371s] Level 1:colcon.colcon_core.environment:checking '/home/liyuhang/Desktop/TUP-Vision-2023-Based/install/global_interface/bin'
[7.371s] Level 1:colcon.colcon_core.environment:checking '/home/liyuhang/Desktop/TUP-Vision-2023-Based/install/global_interface/lib/pkgconfig/global_interface.pc'
[7.372s] Level 1:colcon.colcon_core.environment:checking '/home/liyuhang/Desktop/TUP-Vision-2023-Based/install/global_interface/lib/python3.8/site-packages'
[7.372s] Level 1:colcon.colcon_core.shell:create_environment_hook('global_interface', 'pythonpath')
[7.374s] INFO:colcon.colcon_core.shell:Creating environment hook '/home/liyuhang/Desktop/TUP-Vision-2023-Based/install/global_interface/share/global_interface/hook/pythonpath.ps1'
[7.374s] INFO:colcon.colcon_core.shell:Creating environment descriptor '/home/liyuhang/Desktop/TUP-Vision-2023-Based/install/global_interface/share/global_interface/hook/pythonpath.dsv'
[7.374s] INFO:colcon.colcon_core.shell:Creating environment hook '/home/liyuhang/Desktop/TUP-Vision-2023-Based/install/global_interface/share/global_interface/hook/pythonpath.sh'
[7.375s] Level 1:colcon.colcon_core.environment:checking '/home/liyuhang/Desktop/TUP-Vision-2023-Based/install/global_interface/bin'
[7.377s] INFO:colcon.colcon_core.shell:Creating package script '/home/liyuhang/Desktop/TUP-Vision-2023-Based/install/global_interface/share/global_interface/package.ps1'
[7.378s] INFO:colcon.colcon_core.shell:Creating package descriptor '/home/liyuhang/Desktop/TUP-Vision-2023-Based/install/global_interface/share/global_interface/package.dsv'
[7.378s] INFO:colcon.colcon_core.shell:Creating package script '/home/liyuhang/Desktop/TUP-Vision-2023-Based/install/global_interface/share/global_interface/package.sh'
[7.379s] INFO:colcon.colcon_core.shell:Creating package script '/home/liyuhang/Desktop/TUP-Vision-2023-Based/install/global_interface/share/global_interface/package.bash'
[7.379s] INFO:colcon.colcon_core.shell:Creating package script '/home/liyuhang/Desktop/TUP-Vision-2023-Based/install/global_interface/share/global_interface/package.zsh'
[7.380s] Level 1:colcon.colcon_core.environment:create_file_with_runtime_dependencies(/home/liyuhang/Desktop/TUP-Vision-2023-Based/install/global_interface/share/colcon-core/packages/global_interface)
[7.380s] DEBUG:colcon.colcon_parallel_executor.executor.parallel:closing loop
[7.381s] DEBUG:colcon.colcon_parallel_executor.executor.parallel:loop closed
[7.381s] DEBUG:colcon.colcon_parallel_executor.executor.parallel:run_until_complete finished with '0'
[7.381s] DEBUG:colcon.colcon_core.event_reactor:joining thread
[7.390s] INFO:colcon.colcon_core.plugin_system:Skipping extension 'colcon_notification.desktop_notification.terminal_notifier': Not used on non-Darwin systems
[7.390s] INFO:colcon.colcon_core.plugin_system:Skipping extension 'colcon_notification.desktop_notification.win32': Not used on non-Windows systems
[7.390s] INFO:colcon.colcon_notification.desktop_notification:Sending desktop notification using 'notify2'
[7.406s] DEBUG:colcon.colcon_core.event_reactor:joined thread
[7.408s] INFO:colcon.colcon_core.shell:Creating prefix script '/home/liyuhang/Desktop/TUP-Vision-2023-Based/install/local_setup.ps1'
[7.409s] INFO:colcon.colcon_core.shell:Creating prefix util module '/home/liyuhang/Desktop/TUP-Vision-2023-Based/install/_local_setup_util_ps1.py'
[7.411s] INFO:colcon.colcon_core.shell:Creating prefix chain script '/home/liyuhang/Desktop/TUP-Vision-2023-Based/install/setup.ps1'
[7.413s] INFO:colcon.colcon_core.shell:Creating prefix script '/home/liyuhang/Desktop/TUP-Vision-2023-Based/install/local_setup.sh'
[7.414s] INFO:colcon.colcon_core.shell:Creating prefix util module '/home/liyuhang/Desktop/TUP-Vision-2023-Based/install/_local_setup_util_sh.py'
[7.414s] INFO:colcon.colcon_core.shell:Creating prefix chain script '/home/liyuhang/Desktop/TUP-Vision-2023-Based/install/setup.sh'
[7.416s] INFO:colcon.colcon_core.shell:Creating prefix script '/home/liyuhang/Desktop/TUP-Vision-2023-Based/install/local_setup.bash'
[7.416s] INFO:colcon.colcon_core.shell:Creating prefix chain script '/home/liyuhang/Desktop/TUP-Vision-2023-Based/install/setup.bash'
[7.418s] INFO:colcon.colcon_core.shell:Creating prefix script '/home/liyuhang/Desktop/TUP-Vision-2023-Based/install/local_setup.zsh'
[7.418s] INFO:colcon.colcon_core.shell:Creating prefix chain script '/home/liyuhang/Desktop/TUP-Vision-2023-Based/install/setup.zsh'
