[0.136s] DEBUG:colcon:Command line arguments: ['/usr/bin/colcon', 'build', '--packages-select', 'armor_detector']
[0.136s] DEBUG:colcon:Parsed command line arguments: Namespace(allow_overriding=[], ament_cmake_args=None, base_paths=['.'], build_base='build', catkin_cmake_args=None, catkin_skip_building_tests=False, cmake_args=None, cmake_clean_cache=False, cmake_clean_first=False, cmake_force_configure=False, cmake_target=None, cmake_target_skip_unavailable=False, continue_on_error=False, event_handlers=None, executor='parallel', ignore_user_meta=False, install_base='install', log_base=None, log_level=None, main=<bound method BuildVerb.main of <colcon_core.verb.build.BuildVerb object at 0x7f6f54036430>>, merge_install=False, metas=['./colcon.meta'], packages_above=None, packages_above_and_dependencies=None, packages_above_depth=None, packages_end=None, packages_ignore=None, packages_ignore_regex=None, packages_select=['armor_detector'], packages_select_build_failed=False, packages_select_by_dep=None, packages_select_regex=None, packages_select_test_failures=False, packages_skip=None, packages_skip_build_finished=False, packages_skip_by_dep=None, packages_skip_regex=None, packages_skip_test_passed=False, packages_skip_up_to=None, packages_start=None, packages_up_to=None, packages_up_to_regex=None, parallel_workers=8, paths=None, symlink_install=False, test_result_base=None, verb_extension=<colcon_core.verb.build.BuildVerb object at 0x7f6f54036430>, verb_name='build', verb_parser=<colcon_defaults.argument_parser.defaults.DefaultArgumentsDecorator object at 0x7f6f54036970>)
[0.158s] Level 1:colcon.colcon_core.package_discovery:discover_packages(colcon_meta) check parameters
[0.158s] Level 1:colcon.colcon_core.package_discovery:discover_packages(recursive) check parameters
[0.158s] Level 1:colcon.colcon_core.package_discovery:discover_packages(ignore) check parameters
[0.158s] Level 1:colcon.colcon_core.package_discovery:discover_packages(path) check parameters
[0.158s] Level 1:colcon.colcon_core.package_discovery:discover_packages(colcon_meta) discover
[0.158s] Level 1:colcon.colcon_core.package_discovery:discover_packages(recursive) discover
[0.158s] INFO:colcon.colcon_core.package_discovery:Crawling recursively for packages in '/home/liyuhang/Desktop/TUP-Vision-2023-Based'
[0.158s] Level 1:colcon.colcon_core.package_identification:_identify(.) by extensions ['ignore', 'ignore_ament_install']
[0.158s] Level 1:colcon.colcon_core.package_identification:_identify(.) by extension 'ignore'
[0.158s] Level 1:colcon.colcon_core.package_identification:_identify(.) by extension 'ignore_ament_install'
[0.159s] Level 1:colcon.colcon_core.package_identification:_identify(.) by extensions ['colcon_pkg']
[0.159s] Level 1:colcon.colcon_core.package_identification:_identify(.) by extension 'colcon_pkg'
[0.159s] Level 1:colcon.colcon_core.package_identification:_identify(.) by extensions ['colcon_meta']
[0.159s] Level 1:colcon.colcon_core.package_identification:_identify(.) by extension 'colcon_meta'
[0.159s] Level 1:colcon.colcon_core.package_identification:_identify(.) by extensions ['ros']
[0.159s] Level 1:colcon.colcon_core.package_identification:_identify(.) by extension 'ros'
[0.179s] Level 1:colcon.colcon_core.package_identification:_identify(.) by extensions ['cmake', 'python']
[0.179s] Level 1:colcon.colcon_core.package_identification:_identify(.) by extension 'cmake'
[0.179s] Level 1:colcon.colcon_core.package_identification:_identify(.) by extension 'python'
[0.179s] Level 1:colcon.colcon_core.package_identification:_identify(.) by extensions ['python_setup_py']
[0.179s] Level 1:colcon.colcon_core.package_identification:_identify(.) by extension 'python_setup_py'
[0.179s] Level 1:colcon.colcon_core.package_identification:_identify(build) by extensions ['ignore', 'ignore_ament_install']
[0.179s] Level 1:colcon.colcon_core.package_identification:_identify(build) by extension 'ignore'
[0.179s] Level 1:colcon.colcon_core.package_identification:_identify(build) ignored
[0.179s] Level 1:colcon.colcon_core.package_identification:_identify(install) by extensions ['ignore', 'ignore_ament_install']
[0.179s] Level 1:colcon.colcon_core.package_identification:_identify(install) by extension 'ignore'
[0.179s] Level 1:colcon.colcon_core.package_identification:_identify(install) ignored
[0.180s] Level 1:colcon.colcon_core.package_identification:_identify(log) by extensions ['ignore', 'ignore_ament_install']
[0.180s] Level 1:colcon.colcon_core.package_identification:_identify(log) by extension 'ignore'
[0.180s] Level 1:colcon.colcon_core.package_identification:_identify(log) ignored
[0.180s] Level 1:colcon.colcon_core.package_identification:_identify(src) by extensions ['ignore', 'ignore_ament_install']
[0.180s] Level 1:colcon.colcon_core.package_identification:_identify(src) by extension 'ignore'
[0.180s] Level 1:colcon.colcon_core.package_identification:_identify(src) by extension 'ignore_ament_install'
[0.180s] Level 1:colcon.colcon_core.package_identification:_identify(src) by extensions ['colcon_pkg']
[0.180s] Level 1:colcon.colcon_core.package_identification:_identify(src) by extension 'colcon_pkg'
[0.180s] Level 1:colcon.colcon_core.package_identification:_identify(src) by extensions ['colcon_meta']
[0.180s] Level 1:colcon.colcon_core.package_identification:_identify(src) by extension 'colcon_meta'
[0.180s] Level 1:colcon.colcon_core.package_identification:_identify(src) by extensions ['ros']
[0.180s] Level 1:colcon.colcon_core.package_identification:_identify(src) by extension 'ros'
[0.180s] Level 1:colcon.colcon_core.package_identification:_identify(src) by extensions ['cmake', 'python']
[0.180s] Level 1:colcon.colcon_core.package_identification:_identify(src) by extension 'cmake'
[0.181s] Level 1:colcon.colcon_core.package_identification:_identify(src) by extension 'python'
[0.181s] Level 1:colcon.colcon_core.package_identification:_identify(src) by extensions ['python_setup_py']
[0.181s] Level 1:colcon.colcon_core.package_identification:_identify(src) by extension 'python_setup_py'
[0.181s] Level 1:colcon.colcon_core.package_identification:_identify(src/arm_controller) by extensions ['ignore', 'ignore_ament_install']
[0.181s] Level 1:colcon.colcon_core.package_identification:_identify(src/arm_controller) by extension 'ignore'
[0.181s] Level 1:colcon.colcon_core.package_identification:_identify(src/arm_controller) by extension 'ignore_ament_install'
[0.181s] Level 1:colcon.colcon_core.package_identification:_identify(src/arm_controller) by extensions ['colcon_pkg']
[0.181s] Level 1:colcon.colcon_core.package_identification:_identify(src/arm_controller) by extension 'colcon_pkg'
[0.181s] Level 1:colcon.colcon_core.package_identification:_identify(src/arm_controller) by extensions ['colcon_meta']
[0.181s] Level 1:colcon.colcon_core.package_identification:_identify(src/arm_controller) by extension 'colcon_meta'
[0.181s] Level 1:colcon.colcon_core.package_identification:_identify(src/arm_controller) by extensions ['ros']
[0.181s] Level 1:colcon.colcon_core.package_identification:_identify(src/arm_controller) by extension 'ros'
[0.186s] DEBUG:colcon.colcon_core.package_identification:Package 'src/arm_controller' with type 'ros.ament_cmake' and name 'arm_controller'
[0.186s] Level 1:colcon.colcon_core.package_identification:_identify(src/auto_navigation) by extensions ['ignore', 'ignore_ament_install']
[0.186s] Level 1:colcon.colcon_core.package_identification:_identify(src/auto_navigation) by extension 'ignore'
[0.186s] Level 1:colcon.colcon_core.package_identification:_identify(src/auto_navigation) by extension 'ignore_ament_install'
[0.187s] Level 1:colcon.colcon_core.package_identification:_identify(src/auto_navigation) by extensions ['colcon_pkg']
[0.187s] Level 1:colcon.colcon_core.package_identification:_identify(src/auto_navigation) by extension 'colcon_pkg'
[0.187s] Level 1:colcon.colcon_core.package_identification:_identify(src/auto_navigation) by extensions ['colcon_meta']
[0.187s] Level 1:colcon.colcon_core.package_identification:_identify(src/auto_navigation) by extension 'colcon_meta'
[0.187s] Level 1:colcon.colcon_core.package_identification:_identify(src/auto_navigation) by extensions ['ros']
[0.187s] Level 1:colcon.colcon_core.package_identification:_identify(src/auto_navigation) by extension 'ros'
[0.191s] DEBUG:colcon.colcon_core.package_identification:Package 'src/auto_navigation' with type 'ros.ament_cmake' and name 'auto_navigation'
[0.191s] Level 1:colcon.colcon_core.package_identification:_identify(src/camera_driver) by extensions ['ignore', 'ignore_ament_install']
[0.191s] Level 1:colcon.colcon_core.package_identification:_identify(src/camera_driver) by extension 'ignore'
[0.191s] Level 1:colcon.colcon_core.package_identification:_identify(src/camera_driver) by extension 'ignore_ament_install'
[0.192s] Level 1:colcon.colcon_core.package_identification:_identify(src/camera_driver) by extensions ['colcon_pkg']
[0.192s] Level 1:colcon.colcon_core.package_identification:_identify(src/camera_driver) by extension 'colcon_pkg'
[0.192s] Level 1:colcon.colcon_core.package_identification:_identify(src/camera_driver) by extensions ['colcon_meta']
[0.192s] Level 1:colcon.colcon_core.package_identification:_identify(src/camera_driver) by extension 'colcon_meta'
[0.192s] Level 1:colcon.colcon_core.package_identification:_identify(src/camera_driver) by extensions ['ros']
[0.192s] Level 1:colcon.colcon_core.package_identification:_identify(src/camera_driver) by extension 'ros'
[0.194s] DEBUG:colcon.colcon_core.package_identification:Package 'src/camera_driver' with type 'ros.ament_cmake' and name 'camera_driver'
[0.194s] Level 1:colcon.colcon_core.package_identification:_identify(src/global_interface) by extensions ['ignore', 'ignore_ament_install']
[0.194s] Level 1:colcon.colcon_core.package_identification:_identify(src/global_interface) by extension 'ignore'
[0.194s] Level 1:colcon.colcon_core.package_identification:_identify(src/global_interface) by extension 'ignore_ament_install'
[0.194s] Level 1:colcon.colcon_core.package_identification:_identify(src/global_interface) by extensions ['colcon_pkg']
[0.194s] Level 1:colcon.colcon_core.package_identification:_identify(src/global_interface) by extension 'colcon_pkg'
[0.195s] Level 1:colcon.colcon_core.package_identification:_identify(src/global_interface) by extensions ['colcon_meta']
[0.195s] Level 1:colcon.colcon_core.package_identification:_identify(src/global_interface) by extension 'colcon_meta'
[0.195s] Level 1:colcon.colcon_core.package_identification:_identify(src/global_interface) by extensions ['ros']
[0.195s] Level 1:colcon.colcon_core.package_identification:_identify(src/global_interface) by extension 'ros'
[0.196s] DEBUG:colcon.colcon_core.package_identification:Package 'src/global_interface' with type 'ros.ament_cmake' and name 'global_interface'
[0.196s] Level 1:colcon.colcon_core.package_identification:_identify(src/global_user) by extensions ['ignore', 'ignore_ament_install']
[0.196s] Level 1:colcon.colcon_core.package_identification:_identify(src/global_user) by extension 'ignore'
[0.196s] Level 1:colcon.colcon_core.package_identification:_identify(src/global_user) by extension 'ignore_ament_install'
[0.196s] Level 1:colcon.colcon_core.package_identification:_identify(src/global_user) by extensions ['colcon_pkg']
[0.196s] Level 1:colcon.colcon_core.package_identification:_identify(src/global_user) by extension 'colcon_pkg'
[0.196s] Level 1:colcon.colcon_core.package_identification:_identify(src/global_user) by extensions ['colcon_meta']
[0.196s] Level 1:colcon.colcon_core.package_identification:_identify(src/global_user) by extension 'colcon_meta'
[0.197s] Level 1:colcon.colcon_core.package_identification:_identify(src/global_user) by extensions ['ros']
[0.197s] Level 1:colcon.colcon_core.package_identification:_identify(src/global_user) by extension 'ros'
[0.198s] DEBUG:colcon.colcon_core.package_identification:Package 'src/global_user' with type 'ros.ament_cmake' and name 'global_user'
[0.198s] Level 1:colcon.colcon_core.package_identification:_identify(src/rmoss_master) by extensions ['ignore', 'ignore_ament_install']
[0.198s] Level 1:colcon.colcon_core.package_identification:_identify(src/rmoss_master) by extension 'ignore'
[0.198s] Level 1:colcon.colcon_core.package_identification:_identify(src/rmoss_master) by extension 'ignore_ament_install'
[0.198s] Level 1:colcon.colcon_core.package_identification:_identify(src/rmoss_master) by extensions ['colcon_pkg']
[0.198s] Level 1:colcon.colcon_core.package_identification:_identify(src/rmoss_master) by extension 'colcon_pkg'
[0.198s] Level 1:colcon.colcon_core.package_identification:_identify(src/rmoss_master) by extensions ['colcon_meta']
[0.199s] Level 1:colcon.colcon_core.package_identification:_identify(src/rmoss_master) by extension 'colcon_meta'
[0.199s] Level 1:colcon.colcon_core.package_identification:_identify(src/rmoss_master) by extensions ['ros']
[0.199s] Level 1:colcon.colcon_core.package_identification:_identify(src/rmoss_master) by extension 'ros'
[0.199s] Level 1:colcon.colcon_core.package_identification:_identify(src/rmoss_master) by extensions ['cmake', 'python']
[0.199s] Level 1:colcon.colcon_core.package_identification:_identify(src/rmoss_master) by extension 'cmake'
[0.199s] Level 1:colcon.colcon_core.package_identification:_identify(src/rmoss_master) by extension 'python'
[0.199s] Level 1:colcon.colcon_core.package_identification:_identify(src/rmoss_master) by extensions ['python_setup_py']
[0.199s] Level 1:colcon.colcon_core.package_identification:_identify(src/rmoss_master) by extension 'python_setup_py'
[0.199s] Level 1:colcon.colcon_core.package_identification:_identify(src/rmoss_master/rmoss_contrib) by extensions ['ignore', 'ignore_ament_install']
[0.199s] Level 1:colcon.colcon_core.package_identification:_identify(src/rmoss_master/rmoss_contrib) by extension 'ignore'
[0.199s] Level 1:colcon.colcon_core.package_identification:_identify(src/rmoss_master/rmoss_contrib) by extension 'ignore_ament_install'
[0.199s] Level 1:colcon.colcon_core.package_identification:_identify(src/rmoss_master/rmoss_contrib) by extensions ['colcon_pkg']
[0.199s] Level 1:colcon.colcon_core.package_identification:_identify(src/rmoss_master/rmoss_contrib) by extension 'colcon_pkg'
[0.199s] Level 1:colcon.colcon_core.package_identification:_identify(src/rmoss_master/rmoss_contrib) by extensions ['colcon_meta']
[0.199s] Level 1:colcon.colcon_core.package_identification:_identify(src/rmoss_master/rmoss_contrib) by extension 'colcon_meta'
[0.200s] Level 1:colcon.colcon_core.package_identification:_identify(src/rmoss_master/rmoss_contrib) by extensions ['ros']
[0.200s] Level 1:colcon.colcon_core.package_identification:_identify(src/rmoss_master/rmoss_contrib) by extension 'ros'
[0.200s] Level 1:colcon.colcon_core.package_identification:_identify(src/rmoss_master/rmoss_contrib) by extensions ['cmake', 'python']
[0.200s] Level 1:colcon.colcon_core.package_identification:_identify(src/rmoss_master/rmoss_contrib) by extension 'cmake'
[0.200s] Level 1:colcon.colcon_core.package_identification:_identify(src/rmoss_master/rmoss_contrib) by extension 'python'
[0.200s] Level 1:colcon.colcon_core.package_identification:_identify(src/rmoss_master/rmoss_contrib) by extensions ['python_setup_py']
[0.200s] Level 1:colcon.colcon_core.package_identification:_identify(src/rmoss_master/rmoss_contrib) by extension 'python_setup_py'
[0.200s] Level 1:colcon.colcon_core.package_identification:_identify(src/rmoss_master/rmoss_contrib/rmoss_auto_aim) by extensions ['ignore', 'ignore_ament_install']
[0.200s] Level 1:colcon.colcon_core.package_identification:_identify(src/rmoss_master/rmoss_contrib/rmoss_auto_aim) by extension 'ignore'
[0.200s] Level 1:colcon.colcon_core.package_identification:_identify(src/rmoss_master/rmoss_contrib/rmoss_auto_aim) by extension 'ignore_ament_install'
[0.200s] Level 1:colcon.colcon_core.package_identification:_identify(src/rmoss_master/rmoss_contrib/rmoss_auto_aim) by extensions ['colcon_pkg']
[0.200s] Level 1:colcon.colcon_core.package_identification:_identify(src/rmoss_master/rmoss_contrib/rmoss_auto_aim) by extension 'colcon_pkg'
[0.200s] Level 1:colcon.colcon_core.package_identification:_identify(src/rmoss_master/rmoss_contrib/rmoss_auto_aim) by extensions ['colcon_meta']
[0.200s] Level 1:colcon.colcon_core.package_identification:_identify(src/rmoss_master/rmoss_contrib/rmoss_auto_aim) by extension 'colcon_meta'
[0.201s] Level 1:colcon.colcon_core.package_identification:_identify(src/rmoss_master/rmoss_contrib/rmoss_auto_aim) by extensions ['ros']
[0.201s] Level 1:colcon.colcon_core.package_identification:_identify(src/rmoss_master/rmoss_contrib/rmoss_auto_aim) by extension 'ros'
[0.202s] DEBUG:colcon.colcon_core.package_identification:Package 'src/rmoss_master/rmoss_contrib/rmoss_auto_aim' with type 'ros.ament_cmake' and name 'rmoss_auto_aim'
[0.202s] Level 1:colcon.colcon_core.package_identification:_identify(src/rmoss_master/rmoss_contrib/rmoss_power_rune2019) by extensions ['ignore', 'ignore_ament_install']
[0.202s] Level 1:colcon.colcon_core.package_identification:_identify(src/rmoss_master/rmoss_contrib/rmoss_power_rune2019) by extension 'ignore'
[0.202s] Level 1:colcon.colcon_core.package_identification:_identify(src/rmoss_master/rmoss_contrib/rmoss_power_rune2019) by extension 'ignore_ament_install'
[0.202s] Level 1:colcon.colcon_core.package_identification:_identify(src/rmoss_master/rmoss_contrib/rmoss_power_rune2019) by extensions ['colcon_pkg']
[0.202s] Level 1:colcon.colcon_core.package_identification:_identify(src/rmoss_master/rmoss_contrib/rmoss_power_rune2019) by extension 'colcon_pkg'
[0.202s] Level 1:colcon.colcon_core.package_identification:_identify(src/rmoss_master/rmoss_contrib/rmoss_power_rune2019) by extensions ['colcon_meta']
[0.202s] Level 1:colcon.colcon_core.package_identification:_identify(src/rmoss_master/rmoss_contrib/rmoss_power_rune2019) by extension 'colcon_meta'
[0.202s] Level 1:colcon.colcon_core.package_identification:_identify(src/rmoss_master/rmoss_contrib/rmoss_power_rune2019) by extensions ['ros']
[0.202s] Level 1:colcon.colcon_core.package_identification:_identify(src/rmoss_master/rmoss_contrib/rmoss_power_rune2019) by extension 'ros'
[0.202s] Level 1:colcon.colcon_core.package_identification:_identify(src/rmoss_master/rmoss_contrib/rmoss_power_rune2019) ignored
[0.202s] Level 1:colcon.colcon_core.package_identification:_identify(src/rmoss_master/rmoss_core) by extensions ['ignore', 'ignore_ament_install']
[0.202s] Level 1:colcon.colcon_core.package_identification:_identify(src/rmoss_master/rmoss_core) by extension 'ignore'
[0.203s] Level 1:colcon.colcon_core.package_identification:_identify(src/rmoss_master/rmoss_core) by extension 'ignore_ament_install'
[0.203s] Level 1:colcon.colcon_core.package_identification:_identify(src/rmoss_master/rmoss_core) by extensions ['colcon_pkg']
[0.203s] Level 1:colcon.colcon_core.package_identification:_identify(src/rmoss_master/rmoss_core) by extension 'colcon_pkg'
[0.203s] Level 1:colcon.colcon_core.package_identification:_identify(src/rmoss_master/rmoss_core) by extensions ['colcon_meta']
[0.203s] Level 1:colcon.colcon_core.package_identification:_identify(src/rmoss_master/rmoss_core) by extension 'colcon_meta'
[0.203s] Level 1:colcon.colcon_core.package_identification:_identify(src/rmoss_master/rmoss_core) by extensions ['ros']
[0.203s] Level 1:colcon.colcon_core.package_identification:_identify(src/rmoss_master/rmoss_core) by extension 'ros'
[0.203s] Level 1:colcon.colcon_core.package_identification:_identify(src/rmoss_master/rmoss_core) by extensions ['cmake', 'python']
[0.203s] Level 1:colcon.colcon_core.package_identification:_identify(src/rmoss_master/rmoss_core) by extension 'cmake'
[0.203s] Level 1:colcon.colcon_core.package_identification:_identify(src/rmoss_master/rmoss_core) by extension 'python'
[0.203s] Level 1:colcon.colcon_core.package_identification:_identify(src/rmoss_master/rmoss_core) by extensions ['python_setup_py']
[0.203s] Level 1:colcon.colcon_core.package_identification:_identify(src/rmoss_master/rmoss_core) by extension 'python_setup_py'
[0.203s] Level 1:colcon.colcon_core.package_identification:_identify(src/rmoss_master/rmoss_core/rmoss_base) by extensions ['ignore', 'ignore_ament_install']
[0.203s] Level 1:colcon.colcon_core.package_identification:_identify(src/rmoss_master/rmoss_core/rmoss_base) by extension 'ignore'
[0.204s] Level 1:colcon.colcon_core.package_identification:_identify(src/rmoss_master/rmoss_core/rmoss_base) by extension 'ignore_ament_install'
[0.204s] Level 1:colcon.colcon_core.package_identification:_identify(src/rmoss_master/rmoss_core/rmoss_base) by extensions ['colcon_pkg']
[0.204s] Level 1:colcon.colcon_core.package_identification:_identify(src/rmoss_master/rmoss_core/rmoss_base) by extension 'colcon_pkg'
[0.204s] Level 1:colcon.colcon_core.package_identification:_identify(src/rmoss_master/rmoss_core/rmoss_base) by extensions ['colcon_meta']
[0.204s] Level 1:colcon.colcon_core.package_identification:_identify(src/rmoss_master/rmoss_core/rmoss_base) by extension 'colcon_meta'
[0.204s] Level 1:colcon.colcon_core.package_identification:_identify(src/rmoss_master/rmoss_core/rmoss_base) by extensions ['ros']
[0.204s] Level 1:colcon.colcon_core.package_identification:_identify(src/rmoss_master/rmoss_core/rmoss_base) by extension 'ros'
[0.205s] DEBUG:colcon.colcon_core.package_identification:Package 'src/rmoss_master/rmoss_core/rmoss_base' with type 'ros.ament_cmake' and name 'rmoss_base'
[0.205s] Level 1:colcon.colcon_core.package_identification:_identify(src/rmoss_master/rmoss_core/rmoss_cam) by extensions ['ignore', 'ignore_ament_install']
[0.205s] Level 1:colcon.colcon_core.package_identification:_identify(src/rmoss_master/rmoss_core/rmoss_cam) by extension 'ignore'
[0.205s] Level 1:colcon.colcon_core.package_identification:_identify(src/rmoss_master/rmoss_core/rmoss_cam) by extension 'ignore_ament_install'
[0.205s] Level 1:colcon.colcon_core.package_identification:_identify(src/rmoss_master/rmoss_core/rmoss_cam) by extensions ['colcon_pkg']
[0.205s] Level 1:colcon.colcon_core.package_identification:_identify(src/rmoss_master/rmoss_core/rmoss_cam) by extension 'colcon_pkg'
[0.205s] Level 1:colcon.colcon_core.package_identification:_identify(src/rmoss_master/rmoss_core/rmoss_cam) by extensions ['colcon_meta']
[0.205s] Level 1:colcon.colcon_core.package_identification:_identify(src/rmoss_master/rmoss_core/rmoss_cam) by extension 'colcon_meta'
[0.205s] Level 1:colcon.colcon_core.package_identification:_identify(src/rmoss_master/rmoss_core/rmoss_cam) by extensions ['ros']
[0.205s] Level 1:colcon.colcon_core.package_identification:_identify(src/rmoss_master/rmoss_core/rmoss_cam) by extension 'ros'
[0.207s] DEBUG:colcon.colcon_core.package_identification:Package 'src/rmoss_master/rmoss_core/rmoss_cam' with type 'ros.ament_cmake' and name 'rmoss_cam'
[0.207s] Level 1:colcon.colcon_core.package_identification:_identify(src/rmoss_master/rmoss_core/rmoss_core) by extensions ['ignore', 'ignore_ament_install']
[0.207s] Level 1:colcon.colcon_core.package_identification:_identify(src/rmoss_master/rmoss_core/rmoss_core) by extension 'ignore'
[0.207s] Level 1:colcon.colcon_core.package_identification:_identify(src/rmoss_master/rmoss_core/rmoss_core) by extension 'ignore_ament_install'
[0.207s] Level 1:colcon.colcon_core.package_identification:_identify(src/rmoss_master/rmoss_core/rmoss_core) by extensions ['colcon_pkg']
[0.207s] Level 1:colcon.colcon_core.package_identification:_identify(src/rmoss_master/rmoss_core/rmoss_core) by extension 'colcon_pkg'
[0.207s] Level 1:colcon.colcon_core.package_identification:_identify(src/rmoss_master/rmoss_core/rmoss_core) by extensions ['colcon_meta']
[0.207s] Level 1:colcon.colcon_core.package_identification:_identify(src/rmoss_master/rmoss_core/rmoss_core) by extension 'colcon_meta'
[0.207s] Level 1:colcon.colcon_core.package_identification:_identify(src/rmoss_master/rmoss_core/rmoss_core) by extensions ['ros']
[0.207s] Level 1:colcon.colcon_core.package_identification:_identify(src/rmoss_master/rmoss_core/rmoss_core) by extension 'ros'
[0.208s] DEBUG:colcon.colcon_core.package_identification:Package 'src/rmoss_master/rmoss_core/rmoss_core' with type 'ros.ament_cmake' and name 'rmoss_core'
[0.208s] Level 1:colcon.colcon_core.package_identification:_identify(src/rmoss_master/rmoss_core/rmoss_projectile_motion) by extensions ['ignore', 'ignore_ament_install']
[0.208s] Level 1:colcon.colcon_core.package_identification:_identify(src/rmoss_master/rmoss_core/rmoss_projectile_motion) by extension 'ignore'
[0.209s] Level 1:colcon.colcon_core.package_identification:_identify(src/rmoss_master/rmoss_core/rmoss_projectile_motion) by extension 'ignore_ament_install'
[0.209s] Level 1:colcon.colcon_core.package_identification:_identify(src/rmoss_master/rmoss_core/rmoss_projectile_motion) by extensions ['colcon_pkg']
[0.209s] Level 1:colcon.colcon_core.package_identification:_identify(src/rmoss_master/rmoss_core/rmoss_projectile_motion) by extension 'colcon_pkg'
[0.209s] Level 1:colcon.colcon_core.package_identification:_identify(src/rmoss_master/rmoss_core/rmoss_projectile_motion) by extensions ['colcon_meta']
[0.209s] Level 1:colcon.colcon_core.package_identification:_identify(src/rmoss_master/rmoss_core/rmoss_projectile_motion) by extension 'colcon_meta'
[0.209s] Level 1:colcon.colcon_core.package_identification:_identify(src/rmoss_master/rmoss_core/rmoss_projectile_motion) by extensions ['ros']
[0.209s] Level 1:colcon.colcon_core.package_identification:_identify(src/rmoss_master/rmoss_core/rmoss_projectile_motion) by extension 'ros'
[0.210s] DEBUG:colcon.colcon_core.package_identification:Package 'src/rmoss_master/rmoss_core/rmoss_projectile_motion' with type 'ros.ament_cmake' and name 'rmoss_projectile_motion'
[0.210s] Level 1:colcon.colcon_core.package_identification:_identify(src/rmoss_master/rmoss_core/rmoss_util) by extensions ['ignore', 'ignore_ament_install']
[0.210s] Level 1:colcon.colcon_core.package_identification:_identify(src/rmoss_master/rmoss_core/rmoss_util) by extension 'ignore'
[0.210s] Level 1:colcon.colcon_core.package_identification:_identify(src/rmoss_master/rmoss_core/rmoss_util) by extension 'ignore_ament_install'
[0.210s] Level 1:colcon.colcon_core.package_identification:_identify(src/rmoss_master/rmoss_core/rmoss_util) by extensions ['colcon_pkg']
[0.210s] Level 1:colcon.colcon_core.package_identification:_identify(src/rmoss_master/rmoss_core/rmoss_util) by extension 'colcon_pkg'
[0.210s] Level 1:colcon.colcon_core.package_identification:_identify(src/rmoss_master/rmoss_core/rmoss_util) by extensions ['colcon_meta']
[0.210s] Level 1:colcon.colcon_core.package_identification:_identify(src/rmoss_master/rmoss_core/rmoss_util) by extension 'colcon_meta'
[0.210s] Level 1:colcon.colcon_core.package_identification:_identify(src/rmoss_master/rmoss_core/rmoss_util) by extensions ['ros']
[0.210s] Level 1:colcon.colcon_core.package_identification:_identify(src/rmoss_master/rmoss_core/rmoss_util) by extension 'ros'
[0.211s] DEBUG:colcon.colcon_core.package_identification:Package 'src/rmoss_master/rmoss_core/rmoss_util' with type 'ros.ament_cmake' and name 'rmoss_util'
[0.211s] Level 1:colcon.colcon_core.package_identification:_identify(src/rmoss_master/rmoss_core/tools) by extensions ['ignore', 'ignore_ament_install']
[0.211s] Level 1:colcon.colcon_core.package_identification:_identify(src/rmoss_master/rmoss_core/tools) by extension 'ignore'
[0.211s] Level 1:colcon.colcon_core.package_identification:_identify(src/rmoss_master/rmoss_core/tools) by extension 'ignore_ament_install'
[0.211s] Level 1:colcon.colcon_core.package_identification:_identify(src/rmoss_master/rmoss_core/tools) by extensions ['colcon_pkg']
[0.211s] Level 1:colcon.colcon_core.package_identification:_identify(src/rmoss_master/rmoss_core/tools) by extension 'colcon_pkg'
[0.211s] Level 1:colcon.colcon_core.package_identification:_identify(src/rmoss_master/rmoss_core/tools) by extensions ['colcon_meta']
[0.211s] Level 1:colcon.colcon_core.package_identification:_identify(src/rmoss_master/rmoss_core/tools) by extension 'colcon_meta'
[0.211s] Level 1:colcon.colcon_core.package_identification:_identify(src/rmoss_master/rmoss_core/tools) by extensions ['ros']
[0.211s] Level 1:colcon.colcon_core.package_identification:_identify(src/rmoss_master/rmoss_core/tools) by extension 'ros'
[0.211s] Level 1:colcon.colcon_core.package_identification:_identify(src/rmoss_master/rmoss_core/tools) by extensions ['cmake', 'python']
[0.211s] Level 1:colcon.colcon_core.package_identification:_identify(src/rmoss_master/rmoss_core/tools) by extension 'cmake'
[0.211s] Level 1:colcon.colcon_core.package_identification:_identify(src/rmoss_master/rmoss_core/tools) by extension 'python'
[0.211s] Level 1:colcon.colcon_core.package_identification:_identify(src/rmoss_master/rmoss_core/tools) by extensions ['python_setup_py']
[0.211s] Level 1:colcon.colcon_core.package_identification:_identify(src/rmoss_master/rmoss_core/tools) by extension 'python_setup_py'
[0.211s] Level 1:colcon.colcon_core.package_identification:_identify(src/rmoss_master/rmoss_daheng_driver) by extensions ['ignore', 'ignore_ament_install']
[0.212s] Level 1:colcon.colcon_core.package_identification:_identify(src/rmoss_master/rmoss_daheng_driver) by extension 'ignore'
[0.212s] Level 1:colcon.colcon_core.package_identification:_identify(src/rmoss_master/rmoss_daheng_driver) by extension 'ignore_ament_install'
[0.212s] Level 1:colcon.colcon_core.package_identification:_identify(src/rmoss_master/rmoss_daheng_driver) by extensions ['colcon_pkg']
[0.212s] Level 1:colcon.colcon_core.package_identification:_identify(src/rmoss_master/rmoss_daheng_driver) by extension 'colcon_pkg'
[0.212s] Level 1:colcon.colcon_core.package_identification:_identify(src/rmoss_master/rmoss_daheng_driver) by extensions ['colcon_meta']
[0.212s] Level 1:colcon.colcon_core.package_identification:_identify(src/rmoss_master/rmoss_daheng_driver) by extension 'colcon_meta'
[0.212s] Level 1:colcon.colcon_core.package_identification:_identify(src/rmoss_master/rmoss_daheng_driver) by extensions ['ros']
[0.212s] Level 1:colcon.colcon_core.package_identification:_identify(src/rmoss_master/rmoss_daheng_driver) by extension 'ros'
[0.213s] DEBUG:colcon.colcon_core.package_identification:Package 'src/rmoss_master/rmoss_daheng_driver' with type 'ros.ament_cmake' and name 'rmoss_daheng_driver'
[0.213s] Level 1:colcon.colcon_core.package_identification:_identify(src/rmoss_master/rmoss_ign) by extensions ['ignore', 'ignore_ament_install']
[0.213s] Level 1:colcon.colcon_core.package_identification:_identify(src/rmoss_master/rmoss_ign) by extension 'ignore'
[0.213s] Level 1:colcon.colcon_core.package_identification:_identify(src/rmoss_master/rmoss_ign) by extension 'ignore_ament_install'
[0.213s] Level 1:colcon.colcon_core.package_identification:_identify(src/rmoss_master/rmoss_ign) by extensions ['colcon_pkg']
[0.213s] Level 1:colcon.colcon_core.package_identification:_identify(src/rmoss_master/rmoss_ign) by extension 'colcon_pkg'
[0.213s] Level 1:colcon.colcon_core.package_identification:_identify(src/rmoss_master/rmoss_ign) by extensions ['colcon_meta']
[0.213s] Level 1:colcon.colcon_core.package_identification:_identify(src/rmoss_master/rmoss_ign) by extension 'colcon_meta'
[0.213s] Level 1:colcon.colcon_core.package_identification:_identify(src/rmoss_master/rmoss_ign) by extensions ['ros']
[0.213s] Level 1:colcon.colcon_core.package_identification:_identify(src/rmoss_master/rmoss_ign) by extension 'ros'
[0.214s] Level 1:colcon.colcon_core.package_identification:_identify(src/rmoss_master/rmoss_ign) ignored
[0.214s] Level 1:colcon.colcon_core.package_identification:_identify(src/rmoss_master/rmoss_ign_resources) by extensions ['ignore', 'ignore_ament_install']
[0.214s] Level 1:colcon.colcon_core.package_identification:_identify(src/rmoss_master/rmoss_ign_resources) by extension 'ignore'
[0.214s] Level 1:colcon.colcon_core.package_identification:_identify(src/rmoss_master/rmoss_ign_resources) by extension 'ignore_ament_install'
[0.214s] Level 1:colcon.colcon_core.package_identification:_identify(src/rmoss_master/rmoss_ign_resources) by extensions ['colcon_pkg']
[0.214s] Level 1:colcon.colcon_core.package_identification:_identify(src/rmoss_master/rmoss_ign_resources) by extension 'colcon_pkg'
[0.214s] Level 1:colcon.colcon_core.package_identification:_identify(src/rmoss_master/rmoss_ign_resources) by extensions ['colcon_meta']
[0.214s] Level 1:colcon.colcon_core.package_identification:_identify(src/rmoss_master/rmoss_ign_resources) by extension 'colcon_meta'
[0.214s] Level 1:colcon.colcon_core.package_identification:_identify(src/rmoss_master/rmoss_ign_resources) by extensions ['ros']
[0.214s] Level 1:colcon.colcon_core.package_identification:_identify(src/rmoss_master/rmoss_ign_resources) by extension 'ros'
[0.214s] Level 1:colcon.colcon_core.package_identification:_identify(src/rmoss_master/rmoss_ign_resources) ignored
[0.214s] Level 1:colcon.colcon_core.package_identification:_identify(src/rmoss_master/rmoss_interfaces) by extensions ['ignore', 'ignore_ament_install']
[0.214s] Level 1:colcon.colcon_core.package_identification:_identify(src/rmoss_master/rmoss_interfaces) by extension 'ignore'
[0.214s] Level 1:colcon.colcon_core.package_identification:_identify(src/rmoss_master/rmoss_interfaces) by extension 'ignore_ament_install'
[0.214s] Level 1:colcon.colcon_core.package_identification:_identify(src/rmoss_master/rmoss_interfaces) by extensions ['colcon_pkg']
[0.214s] Level 1:colcon.colcon_core.package_identification:_identify(src/rmoss_master/rmoss_interfaces) by extension 'colcon_pkg'
[0.214s] Level 1:colcon.colcon_core.package_identification:_identify(src/rmoss_master/rmoss_interfaces) by extensions ['colcon_meta']
[0.214s] Level 1:colcon.colcon_core.package_identification:_identify(src/rmoss_master/rmoss_interfaces) by extension 'colcon_meta'
[0.214s] Level 1:colcon.colcon_core.package_identification:_identify(src/rmoss_master/rmoss_interfaces) by extensions ['ros']
[0.214s] Level 1:colcon.colcon_core.package_identification:_identify(src/rmoss_master/rmoss_interfaces) by extension 'ros'
[0.215s] DEBUG:colcon.colcon_core.package_identification:Package 'src/rmoss_master/rmoss_interfaces' with type 'ros.ament_cmake' and name 'rmoss_interfaces'
[0.215s] Level 1:colcon.colcon_core.package_identification:_identify(src/serialport) by extensions ['ignore', 'ignore_ament_install']
[0.215s] Level 1:colcon.colcon_core.package_identification:_identify(src/serialport) by extension 'ignore'
[0.215s] Level 1:colcon.colcon_core.package_identification:_identify(src/serialport) by extension 'ignore_ament_install'
[0.215s] Level 1:colcon.colcon_core.package_identification:_identify(src/serialport) by extensions ['colcon_pkg']
[0.215s] Level 1:colcon.colcon_core.package_identification:_identify(src/serialport) by extension 'colcon_pkg'
[0.215s] Level 1:colcon.colcon_core.package_identification:_identify(src/serialport) by extensions ['colcon_meta']
[0.215s] Level 1:colcon.colcon_core.package_identification:_identify(src/serialport) by extension 'colcon_meta'
[0.216s] Level 1:colcon.colcon_core.package_identification:_identify(src/serialport) by extensions ['ros']
[0.216s] Level 1:colcon.colcon_core.package_identification:_identify(src/serialport) by extension 'ros'
[0.217s] DEBUG:colcon.colcon_core.package_identification:Package 'src/serialport' with type 'ros.ament_cmake' and name 'serialport'
[0.217s] Level 1:colcon.colcon_core.package_identification:_identify(src/vehicle_system) by extensions ['ignore', 'ignore_ament_install']
[0.217s] Level 1:colcon.colcon_core.package_identification:_identify(src/vehicle_system) by extension 'ignore'
[0.217s] Level 1:colcon.colcon_core.package_identification:_identify(src/vehicle_system) by extension 'ignore_ament_install'
[0.217s] Level 1:colcon.colcon_core.package_identification:_identify(src/vehicle_system) by extensions ['colcon_pkg']
[0.217s] Level 1:colcon.colcon_core.package_identification:_identify(src/vehicle_system) by extension 'colcon_pkg'
[0.217s] Level 1:colcon.colcon_core.package_identification:_identify(src/vehicle_system) by extensions ['colcon_meta']
[0.218s] Level 1:colcon.colcon_core.package_identification:_identify(src/vehicle_system) by extension 'colcon_meta'
[0.218s] Level 1:colcon.colcon_core.package_identification:_identify(src/vehicle_system) by extensions ['ros']
[0.218s] Level 1:colcon.colcon_core.package_identification:_identify(src/vehicle_system) by extension 'ros'
[0.218s] Level 1:colcon.colcon_core.package_identification:_identify(src/vehicle_system) by extensions ['cmake', 'python']
[0.218s] Level 1:colcon.colcon_core.package_identification:_identify(src/vehicle_system) by extension 'cmake'
[0.218s] Level 1:colcon.colcon_core.package_identification:_identify(src/vehicle_system) by extension 'python'
[0.218s] Level 1:colcon.colcon_core.package_identification:_identify(src/vehicle_system) by extensions ['python_setup_py']
[0.218s] Level 1:colcon.colcon_core.package_identification:_identify(src/vehicle_system) by extension 'python_setup_py'
[0.218s] Level 1:colcon.colcon_core.package_identification:_identify(src/vehicle_system/autoaim) by extensions ['ignore', 'ignore_ament_install']
[0.218s] Level 1:colcon.colcon_core.package_identification:_identify(src/vehicle_system/autoaim) by extension 'ignore'
[0.218s] Level 1:colcon.colcon_core.package_identification:_identify(src/vehicle_system/autoaim) by extension 'ignore_ament_install'
[0.218s] Level 1:colcon.colcon_core.package_identification:_identify(src/vehicle_system/autoaim) by extensions ['colcon_pkg']
[0.218s] Level 1:colcon.colcon_core.package_identification:_identify(src/vehicle_system/autoaim) by extension 'colcon_pkg'
[0.218s] Level 1:colcon.colcon_core.package_identification:_identify(src/vehicle_system/autoaim) by extensions ['colcon_meta']
[0.218s] Level 1:colcon.colcon_core.package_identification:_identify(src/vehicle_system/autoaim) by extension 'colcon_meta'
[0.218s] Level 1:colcon.colcon_core.package_identification:_identify(src/vehicle_system/autoaim) by extensions ['ros']
[0.218s] Level 1:colcon.colcon_core.package_identification:_identify(src/vehicle_system/autoaim) by extension 'ros'
[0.218s] Level 1:colcon.colcon_core.package_identification:_identify(src/vehicle_system/autoaim) by extensions ['cmake', 'python']
[0.218s] Level 1:colcon.colcon_core.package_identification:_identify(src/vehicle_system/autoaim) by extension 'cmake'
[0.218s] Level 1:colcon.colcon_core.package_identification:_identify(src/vehicle_system/autoaim) by extension 'python'
[0.218s] Level 1:colcon.colcon_core.package_identification:_identify(src/vehicle_system/autoaim) by extensions ['python_setup_py']
[0.219s] Level 1:colcon.colcon_core.package_identification:_identify(src/vehicle_system/autoaim) by extension 'python_setup_py'
[0.219s] Level 1:colcon.colcon_core.package_identification:_identify(src/vehicle_system/autoaim/armor_detector) by extensions ['ignore', 'ignore_ament_install']
[0.219s] Level 1:colcon.colcon_core.package_identification:_identify(src/vehicle_system/autoaim/armor_detector) by extension 'ignore'
[0.219s] Level 1:colcon.colcon_core.package_identification:_identify(src/vehicle_system/autoaim/armor_detector) by extension 'ignore_ament_install'
[0.219s] Level 1:colcon.colcon_core.package_identification:_identify(src/vehicle_system/autoaim/armor_detector) by extensions ['colcon_pkg']
[0.219s] Level 1:colcon.colcon_core.package_identification:_identify(src/vehicle_system/autoaim/armor_detector) by extension 'colcon_pkg'
[0.219s] Level 1:colcon.colcon_core.package_identification:_identify(src/vehicle_system/autoaim/armor_detector) by extensions ['colcon_meta']
[0.219s] Level 1:colcon.colcon_core.package_identification:_identify(src/vehicle_system/autoaim/armor_detector) by extension 'colcon_meta'
[0.219s] Level 1:colcon.colcon_core.package_identification:_identify(src/vehicle_system/autoaim/armor_detector) by extensions ['ros']
[0.219s] Level 1:colcon.colcon_core.package_identification:_identify(src/vehicle_system/autoaim/armor_detector) by extension 'ros'
[0.220s] DEBUG:colcon.colcon_core.package_identification:Package 'src/vehicle_system/autoaim/armor_detector' with type 'ros.ament_cmake' and name 'armor_detector'
[0.220s] Level 1:colcon.colcon_core.package_identification:_identify(src/vehicle_system/autoaim/armor_processor) by extensions ['ignore', 'ignore_ament_install']
[0.220s] Level 1:colcon.colcon_core.package_identification:_identify(src/vehicle_system/autoaim/armor_processor) by extension 'ignore'
[0.220s] Level 1:colcon.colcon_core.package_identification:_identify(src/vehicle_system/autoaim/armor_processor) by extension 'ignore_ament_install'
[0.221s] Level 1:colcon.colcon_core.package_identification:_identify(src/vehicle_system/autoaim/armor_processor) by extensions ['colcon_pkg']
[0.221s] Level 1:colcon.colcon_core.package_identification:_identify(src/vehicle_system/autoaim/armor_processor) by extension 'colcon_pkg'
[0.221s] Level 1:colcon.colcon_core.package_identification:_identify(src/vehicle_system/autoaim/armor_processor) by extensions ['colcon_meta']
[0.221s] Level 1:colcon.colcon_core.package_identification:_identify(src/vehicle_system/autoaim/armor_processor) by extension 'colcon_meta'
[0.221s] Level 1:colcon.colcon_core.package_identification:_identify(src/vehicle_system/autoaim/armor_processor) by extensions ['ros']
[0.221s] Level 1:colcon.colcon_core.package_identification:_identify(src/vehicle_system/autoaim/armor_processor) by extension 'ros'
[0.222s] DEBUG:colcon.colcon_core.package_identification:Package 'src/vehicle_system/autoaim/armor_processor' with type 'ros.ament_cmake' and name 'armor_processor'
[0.222s] Level 1:colcon.colcon_core.package_identification:_identify(src/vehicle_system/binocular) by extensions ['ignore', 'ignore_ament_install']
[0.222s] Level 1:colcon.colcon_core.package_identification:_identify(src/vehicle_system/binocular) by extension 'ignore'
[0.222s] Level 1:colcon.colcon_core.package_identification:_identify(src/vehicle_system/binocular) by extension 'ignore_ament_install'
[0.222s] Level 1:colcon.colcon_core.package_identification:_identify(src/vehicle_system/binocular) by extensions ['colcon_pkg']
[0.222s] Level 1:colcon.colcon_core.package_identification:_identify(src/vehicle_system/binocular) by extension 'colcon_pkg'
[0.223s] Level 1:colcon.colcon_core.package_identification:_identify(src/vehicle_system/binocular) by extensions ['colcon_meta']
[0.223s] Level 1:colcon.colcon_core.package_identification:_identify(src/vehicle_system/binocular) by extension 'colcon_meta'
[0.223s] Level 1:colcon.colcon_core.package_identification:_identify(src/vehicle_system/binocular) by extensions ['ros']
[0.223s] Level 1:colcon.colcon_core.package_identification:_identify(src/vehicle_system/binocular) by extension 'ros'
[0.225s] DEBUG:colcon.colcon_core.package_identification:Package 'src/vehicle_system/binocular' with type 'ros.ament_cmake' and name 'binocular'
[0.225s] Level 1:colcon.colcon_core.package_identification:_identify(src/vehicle_system/buff) by extensions ['ignore', 'ignore_ament_install']
[0.225s] Level 1:colcon.colcon_core.package_identification:_identify(src/vehicle_system/buff) by extension 'ignore'
[0.225s] Level 1:colcon.colcon_core.package_identification:_identify(src/vehicle_system/buff) by extension 'ignore_ament_install'
[0.225s] Level 1:colcon.colcon_core.package_identification:_identify(src/vehicle_system/buff) by extensions ['colcon_pkg']
[0.225s] Level 1:colcon.colcon_core.package_identification:_identify(src/vehicle_system/buff) by extension 'colcon_pkg'
[0.225s] Level 1:colcon.colcon_core.package_identification:_identify(src/vehicle_system/buff) by extensions ['colcon_meta']
[0.225s] Level 1:colcon.colcon_core.package_identification:_identify(src/vehicle_system/buff) by extension 'colcon_meta'
[0.225s] Level 1:colcon.colcon_core.package_identification:_identify(src/vehicle_system/buff) by extensions ['ros']
[0.225s] Level 1:colcon.colcon_core.package_identification:_identify(src/vehicle_system/buff) by extension 'ros'
[0.227s] DEBUG:colcon.colcon_core.package_identification:Package 'src/vehicle_system/buff' with type 'ros.ament_cmake' and name 'buff'
[0.227s] Level 1:colcon.colcon_core.package_identification:_identify(src/vehicle_system/filter) by extensions ['ignore', 'ignore_ament_install']
[0.227s] Level 1:colcon.colcon_core.package_identification:_identify(src/vehicle_system/filter) by extension 'ignore'
[0.227s] Level 1:colcon.colcon_core.package_identification:_identify(src/vehicle_system/filter) by extension 'ignore_ament_install'
[0.227s] Level 1:colcon.colcon_core.package_identification:_identify(src/vehicle_system/filter) by extensions ['colcon_pkg']
[0.227s] Level 1:colcon.colcon_core.package_identification:_identify(src/vehicle_system/filter) by extension 'colcon_pkg'
[0.228s] Level 1:colcon.colcon_core.package_identification:_identify(src/vehicle_system/filter) by extensions ['colcon_meta']
[0.228s] Level 1:colcon.colcon_core.package_identification:_identify(src/vehicle_system/filter) by extension 'colcon_meta'
[0.228s] Level 1:colcon.colcon_core.package_identification:_identify(src/vehicle_system/filter) by extensions ['ros']
[0.228s] Level 1:colcon.colcon_core.package_identification:_identify(src/vehicle_system/filter) by extension 'ros'
[0.229s] DEBUG:colcon.colcon_core.package_identification:Package 'src/vehicle_system/filter' with type 'ros.ament_cmake' and name 'filter'
[0.229s] Level 1:colcon.colcon_core.package_discovery:discover_packages(recursive) using defaults
[0.229s] Level 1:colcon.colcon_core.package_discovery:discover_packages(ignore) discover
[0.229s] Level 1:colcon.colcon_core.package_discovery:discover_packages(ignore) using defaults
[0.229s] Level 1:colcon.colcon_core.package_discovery:discover_packages(path) discover
[0.230s] Level 1:colcon.colcon_core.package_discovery:discover_packages(path) using defaults
[0.248s] INFO:colcon.colcon_core.package_selection:Skipping not selected package 'arm_controller' in 'src/arm_controller'
[0.248s] INFO:colcon.colcon_core.package_selection:Skipping not selected package 'auto_navigation' in 'src/auto_navigation'
[0.248s] INFO:colcon.colcon_core.package_selection:Skipping not selected package 'binocular' in 'src/vehicle_system/binocular'
[0.248s] INFO:colcon.colcon_core.package_selection:Skipping not selected package 'buff' in 'src/vehicle_system/buff'
[0.248s] INFO:colcon.colcon_core.package_selection:Skipping not selected package 'global_interface' in 'src/global_interface'
[0.248s] INFO:colcon.colcon_core.package_selection:Skipping not selected package 'global_user' in 'src/global_user'
[0.248s] INFO:colcon.colcon_core.package_selection:Skipping not selected package 'rmoss_interfaces' in 'src/rmoss_master/rmoss_interfaces'
[0.248s] INFO:colcon.colcon_core.package_selection:Skipping not selected package 'rmoss_projectile_motion' in 'src/rmoss_master/rmoss_core/rmoss_projectile_motion'
[0.248s] INFO:colcon.colcon_core.package_selection:Skipping not selected package 'armor_processor' in 'src/vehicle_system/autoaim/armor_processor'
[0.248s] INFO:colcon.colcon_core.package_selection:Skipping not selected package 'camera_driver' in 'src/camera_driver'
[0.248s] INFO:colcon.colcon_core.package_selection:Skipping not selected package 'filter' in 'src/vehicle_system/filter'
[0.248s] INFO:colcon.colcon_core.package_selection:Skipping not selected package 'rmoss_base' in 'src/rmoss_master/rmoss_core/rmoss_base'
[0.248s] INFO:colcon.colcon_core.package_selection:Skipping not selected package 'rmoss_util' in 'src/rmoss_master/rmoss_core/rmoss_util'
[0.248s] INFO:colcon.colcon_core.package_selection:Skipping not selected package 'serialport' in 'src/serialport'
[0.248s] INFO:colcon.colcon_core.package_selection:Skipping not selected package 'rmoss_cam' in 'src/rmoss_master/rmoss_core/rmoss_cam'
[0.248s] INFO:colcon.colcon_core.package_selection:Skipping not selected package 'rmoss_auto_aim' in 'src/rmoss_master/rmoss_contrib/rmoss_auto_aim'
[0.249s] INFO:colcon.colcon_core.package_selection:Skipping not selected package 'rmoss_core' in 'src/rmoss_master/rmoss_core/rmoss_core'
[0.249s] INFO:colcon.colcon_core.package_selection:Skipping not selected package 'rmoss_daheng_driver' in 'src/rmoss_master/rmoss_daheng_driver'
[0.249s] Level 1:colcon.colcon_core.package_discovery:discover_packages(prefix_path) check parameters
[0.249s] Level 1:colcon.colcon_core.package_discovery:discover_packages(prefix_path) discover
[0.252s] DEBUG:colcon.colcon_installed_package_information.package_discovery:Found 4 installed packages in /home/liyuhang/Desktop/TUP-Vision-2023-Based/install
[0.253s] DEBUG:colcon.colcon_installed_package_information.package_discovery:Found 272 installed packages in /opt/ros/galactic
[0.255s] Level 1:colcon.colcon_core.package_discovery:discover_packages(prefix_path) using defaults
[0.323s] Level 5:colcon.colcon_core.verb:set package 'armor_detector' build argument 'cmake_args' from command line to 'None'
[0.323s] Level 5:colcon.colcon_core.verb:set package 'armor_detector' build argument 'cmake_target' from command line to 'None'
[0.323s] Level 5:colcon.colcon_core.verb:set package 'armor_detector' build argument 'cmake_target_skip_unavailable' from command line to 'False'
[0.323s] Level 5:colcon.colcon_core.verb:set package 'armor_detector' build argument 'cmake_clean_cache' from command line to 'False'
[0.323s] Level 5:colcon.colcon_core.verb:set package 'armor_detector' build argument 'cmake_clean_first' from command line to 'False'
[0.324s] Level 5:colcon.colcon_core.verb:set package 'armor_detector' build argument 'cmake_force_configure' from command line to 'False'
[0.324s] Level 5:colcon.colcon_core.verb:set package 'armor_detector' build argument 'ament_cmake_args' from command line to 'None'
[0.324s] Level 5:colcon.colcon_core.verb:set package 'armor_detector' build argument 'catkin_cmake_args' from command line to 'None'
[0.324s] Level 5:colcon.colcon_core.verb:set package 'armor_detector' build argument 'catkin_skip_building_tests' from command line to 'False'
[0.324s] DEBUG:colcon.colcon_core.verb:Building package 'armor_detector' with the following arguments: {'ament_cmake_args': None, 'build_base': '/home/liyuhang/Desktop/TUP-Vision-2023-Based/build/armor_detector', 'catkin_cmake_args': None, 'catkin_skip_building_tests': False, 'cmake_args': None, 'cmake_clean_cache': False, 'cmake_clean_first': False, 'cmake_force_configure': False, 'cmake_target': None, 'cmake_target_skip_unavailable': False, 'install_base': '/home/liyuhang/Desktop/TUP-Vision-2023-Based/install/armor_detector', 'merge_install': False, 'path': '/home/liyuhang/Desktop/TUP-Vision-2023-Based/src/vehicle_system/autoaim/armor_detector', 'symlink_install': False, 'test_result_base': None}
[0.324s] INFO:colcon.colcon_core.executor:Executing jobs using 'parallel' executor
[0.328s] DEBUG:colcon.colcon_parallel_executor.executor.parallel:run_until_complete
[0.328s] INFO:colcon.colcon_ros.task.ament_cmake.build:Building ROS package in '/home/liyuhang/Desktop/TUP-Vision-2023-Based/src/vehicle_system/autoaim/armor_detector' with build type 'ament_cmake'
[0.328s] INFO:colcon.colcon_cmake.task.cmake.build:Building CMake package in '/home/liyuhang/Desktop/TUP-Vision-2023-Based/src/vehicle_system/autoaim/armor_detector'
[0.334s] INFO:colcon.colcon_core.plugin_system:Skipping extension 'colcon_core.shell.bat': Not used on non-Windows systems
[0.334s] INFO:colcon.colcon_core.shell:Skip shell extension 'powershell' for command environment: Not usable outside of PowerShell
[0.334s] DEBUG:colcon.colcon_core.shell:Skip shell extension 'dsv' for command environment
[0.348s] DEBUG:colcon.colcon_core.event_handler.log_command:Invoking command in '/home/liyuhang/Desktop/TUP-Vision-2023-Based/build/armor_detector': CMAKE_PREFIX_PATH=${CMAKE_PREFIX_PATH}:/opt/ros/galactic /usr/local/bin/cmake --build /home/liyuhang/Desktop/TUP-Vision-2023-Based/build/armor_detector -- -j8 -l8
[13.090s] DEBUG:colcon.colcon_core.event_handler.log_command:Invoked command in '/home/liyuhang/Desktop/TUP-Vision-2023-Based/build/armor_detector' returned '0': CMAKE_PREFIX_PATH=${CMAKE_PREFIX_PATH}:/opt/ros/galactic /usr/local/bin/cmake --build /home/liyuhang/Desktop/TUP-Vision-2023-Based/build/armor_detector -- -j8 -l8
[13.136s] DEBUG:colcon.colcon_core.event_handler.log_command:Invoking command in '/home/liyuhang/Desktop/TUP-Vision-2023-Based/build/armor_detector': CMAKE_PREFIX_PATH=${CMAKE_PREFIX_PATH}:/opt/ros/galactic /usr/local/bin/cmake --install /home/liyuhang/Desktop/TUP-Vision-2023-Based/build/armor_detector
[13.162s] Level 1:colcon.colcon_core.environment:create_environment_scripts_only(armor_detector)
[13.165s] DEBUG:colcon.colcon_core.event_handler.log_command:Invoked command in '/home/liyuhang/Desktop/TUP-Vision-2023-Based/build/armor_detector' returned '0': CMAKE_PREFIX_PATH=${CMAKE_PREFIX_PATH}:/opt/ros/galactic /usr/local/bin/cmake --install /home/liyuhang/Desktop/TUP-Vision-2023-Based/build/armor_detector
[13.170s] Level 1:colcon.colcon_core.environment:checking '/home/liyuhang/Desktop/TUP-Vision-2023-Based/install/armor_detector' for CMake module files
[13.171s] Level 1:colcon.colcon_core.environment:checking '/home/liyuhang/Desktop/TUP-Vision-2023-Based/install/armor_detector' for CMake config files
[13.172s] Level 1:colcon.colcon_core.shell:create_environment_hook('armor_detector', 'cmake_prefix_path')
[13.176s] INFO:colcon.colcon_core.shell:Creating environment hook '/home/liyuhang/Desktop/TUP-Vision-2023-Based/install/armor_detector/share/armor_detector/hook/cmake_prefix_path.ps1'
[13.178s] INFO:colcon.colcon_core.shell:Creating environment descriptor '/home/liyuhang/Desktop/TUP-Vision-2023-Based/install/armor_detector/share/armor_detector/hook/cmake_prefix_path.dsv'
[13.179s] INFO:colcon.colcon_core.shell:Creating environment hook '/home/liyuhang/Desktop/TUP-Vision-2023-Based/install/armor_detector/share/armor_detector/hook/cmake_prefix_path.sh'
[13.180s] Level 1:colcon.colcon_core.environment:checking '/home/liyuhang/Desktop/TUP-Vision-2023-Based/install/armor_detector/lib'
[13.181s] Level 1:colcon.colcon_core.environment:checking '/home/liyuhang/Desktop/TUP-Vision-2023-Based/install/armor_detector/bin'
[13.181s] Level 1:colcon.colcon_core.environment:checking '/home/liyuhang/Desktop/TUP-Vision-2023-Based/install/armor_detector/lib/pkgconfig/armor_detector.pc'
[13.181s] Level 1:colcon.colcon_core.environment:checking '/home/liyuhang/Desktop/TUP-Vision-2023-Based/install/armor_detector/lib/python3.8/site-packages'
[13.181s] Level 1:colcon.colcon_core.environment:checking '/home/liyuhang/Desktop/TUP-Vision-2023-Based/install/armor_detector/bin'
[13.183s] INFO:colcon.colcon_core.shell:Creating package script '/home/liyuhang/Desktop/TUP-Vision-2023-Based/install/armor_detector/share/armor_detector/package.ps1'
[13.184s] INFO:colcon.colcon_core.shell:Creating package descriptor '/home/liyuhang/Desktop/TUP-Vision-2023-Based/install/armor_detector/share/armor_detector/package.dsv'
[13.184s] INFO:colcon.colcon_core.shell:Creating package script '/home/liyuhang/Desktop/TUP-Vision-2023-Based/install/armor_detector/share/armor_detector/package.sh'
[13.185s] INFO:colcon.colcon_core.shell:Creating package script '/home/liyuhang/Desktop/TUP-Vision-2023-Based/install/armor_detector/share/armor_detector/package.bash'
[13.186s] INFO:colcon.colcon_core.shell:Creating package script '/home/liyuhang/Desktop/TUP-Vision-2023-Based/install/armor_detector/share/armor_detector/package.zsh'
[13.186s] Level 1:colcon.colcon_core.environment:create_file_with_runtime_dependencies(/home/liyuhang/Desktop/TUP-Vision-2023-Based/install/armor_detector/share/colcon-core/packages/armor_detector)
[13.218s] Level 1:colcon.colcon_core.environment:create_environment_scripts_only(armor_detector)
[13.221s] Level 1:colcon.colcon_core.environment:checking '/home/liyuhang/Desktop/TUP-Vision-2023-Based/install/armor_detector' for CMake module files
[13.222s] Level 1:colcon.colcon_core.environment:checking '/home/liyuhang/Desktop/TUP-Vision-2023-Based/install/armor_detector' for CMake config files
[13.222s] Level 1:colcon.colcon_core.shell:create_environment_hook('armor_detector', 'cmake_prefix_path')
[13.223s] INFO:colcon.colcon_core.shell:Creating environment hook '/home/liyuhang/Desktop/TUP-Vision-2023-Based/install/armor_detector/share/armor_detector/hook/cmake_prefix_path.ps1'
[13.224s] INFO:colcon.colcon_core.shell:Creating environment descriptor '/home/liyuhang/Desktop/TUP-Vision-2023-Based/install/armor_detector/share/armor_detector/hook/cmake_prefix_path.dsv'
[13.224s] INFO:colcon.colcon_core.shell:Creating environment hook '/home/liyuhang/Desktop/TUP-Vision-2023-Based/install/armor_detector/share/armor_detector/hook/cmake_prefix_path.sh'
[13.225s] Level 1:colcon.colcon_core.environment:checking '/home/liyuhang/Desktop/TUP-Vision-2023-Based/install/armor_detector/lib'
[13.225s] Level 1:colcon.colcon_core.environment:checking '/home/liyuhang/Desktop/TUP-Vision-2023-Based/install/armor_detector/bin'
[13.225s] Level 1:colcon.colcon_core.environment:checking '/home/liyuhang/Desktop/TUP-Vision-2023-Based/install/armor_detector/lib/pkgconfig/armor_detector.pc'
[13.225s] Level 1:colcon.colcon_core.environment:checking '/home/liyuhang/Desktop/TUP-Vision-2023-Based/install/armor_detector/lib/python3.8/site-packages'
[13.226s] Level 1:colcon.colcon_core.environment:checking '/home/liyuhang/Desktop/TUP-Vision-2023-Based/install/armor_detector/bin'
[13.227s] INFO:colcon.colcon_core.shell:Creating package script '/home/liyuhang/Desktop/TUP-Vision-2023-Based/install/armor_detector/share/armor_detector/package.ps1'
[13.227s] INFO:colcon.colcon_core.shell:Creating package descriptor '/home/liyuhang/Desktop/TUP-Vision-2023-Based/install/armor_detector/share/armor_detector/package.dsv'
[13.228s] INFO:colcon.colcon_core.shell:Creating package script '/home/liyuhang/Desktop/TUP-Vision-2023-Based/install/armor_detector/share/armor_detector/package.sh'
[13.228s] INFO:colcon.colcon_core.shell:Creating package script '/home/liyuhang/Desktop/TUP-Vision-2023-Based/install/armor_detector/share/armor_detector/package.bash'
[13.228s] INFO:colcon.colcon_core.shell:Creating package script '/home/liyuhang/Desktop/TUP-Vision-2023-Based/install/armor_detector/share/armor_detector/package.zsh'
[13.228s] Level 1:colcon.colcon_core.environment:create_file_with_runtime_dependencies(/home/liyuhang/Desktop/TUP-Vision-2023-Based/install/armor_detector/share/colcon-core/packages/armor_detector)
[13.229s] DEBUG:colcon.colcon_parallel_executor.executor.parallel:closing loop
[13.229s] DEBUG:colcon.colcon_parallel_executor.executor.parallel:loop closed
[13.229s] DEBUG:colcon.colcon_parallel_executor.executor.parallel:run_until_complete finished with '0'
[13.229s] DEBUG:colcon.colcon_core.event_reactor:joining thread
[13.240s] INFO:colcon.colcon_core.plugin_system:Skipping extension 'colcon_notification.desktop_notification.terminal_notifier': Not used on non-Darwin systems
[13.240s] INFO:colcon.colcon_core.plugin_system:Skipping extension 'colcon_notification.desktop_notification.win32': Not used on non-Windows systems
[13.241s] INFO:colcon.colcon_notification.desktop_notification:Sending desktop notification using 'notify2'
[13.262s] DEBUG:colcon.colcon_core.event_reactor:joined thread
[13.265s] INFO:colcon.colcon_core.shell:Creating prefix script '/home/liyuhang/Desktop/TUP-Vision-2023-Based/install/local_setup.ps1'
[13.267s] INFO:colcon.colcon_core.shell:Creating prefix util module '/home/liyuhang/Desktop/TUP-Vision-2023-Based/install/_local_setup_util_ps1.py'
[13.269s] INFO:colcon.colcon_core.shell:Creating prefix chain script '/home/liyuhang/Desktop/TUP-Vision-2023-Based/install/setup.ps1'
[13.271s] INFO:colcon.colcon_core.shell:Creating prefix script '/home/liyuhang/Desktop/TUP-Vision-2023-Based/install/local_setup.sh'
[13.271s] INFO:colcon.colcon_core.shell:Creating prefix util module '/home/liyuhang/Desktop/TUP-Vision-2023-Based/install/_local_setup_util_sh.py'
[13.272s] INFO:colcon.colcon_core.shell:Creating prefix chain script '/home/liyuhang/Desktop/TUP-Vision-2023-Based/install/setup.sh'
[13.274s] INFO:colcon.colcon_core.shell:Creating prefix script '/home/liyuhang/Desktop/TUP-Vision-2023-Based/install/local_setup.bash'
[13.274s] INFO:colcon.colcon_core.shell:Creating prefix chain script '/home/liyuhang/Desktop/TUP-Vision-2023-Based/install/setup.bash'
[13.276s] INFO:colcon.colcon_core.shell:Creating prefix script '/home/liyuhang/Desktop/TUP-Vision-2023-Based/install/local_setup.zsh'
[13.277s] INFO:colcon.colcon_core.shell:Creating prefix chain script '/home/liyuhang/Desktop/TUP-Vision-2023-Based/install/setup.zsh'
