[0.018s] Invoking command in '/home/liyuhang/Desktop/TUP-Vision-2023-Based/build/camera_driver': AMENT_PREFIX_PATH=/home/liyuhang/Desktop/TUP-Vision-2023-Based/install/global_user:/home/liyuhang/Desktop/TUP-Vision-2023-Based/install/global_interface:${AMENT_PREFIX_PATH} CMAKE_PREFIX_PATH=/home/liyuhang/Desktop/TUP-Vision-2023-Based/install/global_user:/home/liyuhang/Desktop/TUP-Vision-2023-Based/install/global_interface:/opt/ros/galactic LD_LIBRARY_PATH=/home/liyuhang/Desktop/TUP-Vision-2023-Based/install/global_user/lib:/home/liyuhang/Desktop/TUP-Vision-2023-Based/install/global_interface/lib:/opt/ros/galactic/opt/yaml_cpp_vendor/lib:/opt/ros/galactic/opt/rviz_ogre_vendor/lib:/opt/ros/galactic/lib/x86_64-linux-gnu:/opt/ros/galactic/lib:/opt/MVS/lib/64:/opt/MVS/lib/32:/opt/intel/openvino_2022/tools/compile_tool:/opt/intel/openvino_2022/runtime/3rdparty/tbb/lib:/opt/intel/openvino_2022/runtime/3rdparty/hddl/lib:/opt/intel/openvino_2022/runtime/lib/intel64:/opt/MVS/lib/64:/opt/MVS/lib/32:/opt/MVS/lib/64:/opt/MVS/lib/32 PYTHONPATH=/home/liyuhang/Desktop/TUP-Vision-2023-Based/install/global_interface/lib/python3.8/site-packages:/opt/intel/openvino_2022/python/python3.8:/opt/intel/openvino_2022/python/python3:/opt/ros/galactic/lib/python3.8/site-packages:/opt/intel/openvino_2022/python/python3.8:/opt/intel/openvino_2022/python/python3 /usr/local/bin/cmake /home/liyuhang/Desktop/TUP-Vision-2023-Based/src/camera_driver -DCMAKE_INSTALL_PREFIX=/home/liyuhang/Desktop/TUP-Vision-2023-Based/install/camera_driver
[0.067s] -- The C compiler identification is GNU 9.4.0
[0.121s] -- The CXX compiler identification is GNU 9.4.0
[0.129s] -- Detecting C compiler ABI info
[0.175s] -- Detecting C compiler ABI info - done
[0.184s] -- Check for working C compiler: /usr/bin/cc - skipped
[0.184s] -- Detecting C compile features
[0.185s] -- Detecting C compile features - done
[0.188s] -- Detecting CXX compiler ABI info
[0.247s] -- Detecting CXX compiler ABI info - done
[0.257s] -- Check for working CXX compiler: /usr/bin/c++ - skipped
[0.257s] -- Detecting CXX compile features
[0.258s] -- Detecting CXX compile features - done
[0.260s] -- Found ament_cmake: 1.1.5 (/opt/ros/galactic/share/ament_cmake/cmake)
[0.282s] -- Found PythonInterp: /usr/bin/python3 (found suitable version "3.8.10", minimum required is "3") 
[0.283s] -- Using PYTHON_EXECUTABLE: /usr/bin/python3
[0.355s] -- Found rclcpp: 9.2.1 (/opt/ros/galactic/share/rclcpp/cmake)
[0.397s] -- Using all available rosidl_typesupport_c: rosidl_typesupport_fastrtps_c;rosidl_typesupport_introspection_c
[0.403s] -- Found rosidl_adapter: 2.2.2 (/opt/ros/galactic/share/rosidl_adapter/cmake)
[0.477s] -- Found OpenSSL: /usr/lib/x86_64-linux-gnu/libcrypto.so (found version "1.1.1f")  
[0.509s] -- Found FastRTPS: /opt/ros/galactic/include  
[0.583s] -- Using all available rosidl_typesupport_cpp: rosidl_typesupport_fastrtps_cpp;rosidl_typesupport_introspection_cpp
[0.639s] -- Found rmw_implementation_cmake: 3.3.1 (/opt/ros/galactic/share/rmw_implementation_cmake/cmake)
[0.641s] -- Found rmw_cyclonedds_cpp: 0.22.5 (/opt/ros/galactic/share/rmw_cyclonedds_cpp/cmake)
[0.659s] -- Using RMW implementation 'rmw_cyclonedds_cpp' as default
[0.660s] -- Looking for pthread.h
[0.712s] -- Looking for pthread.h - found
[0.712s] -- Performing Test CMAKE_HAVE_LIBC_PTHREAD
[0.764s] -- Performing Test CMAKE_HAVE_LIBC_PTHREAD - Failed
[0.764s] -- Looking for pthread_create in pthreads
[0.803s] -- Looking for pthread_create in pthreads - not found
[0.804s] -- Looking for pthread_create in pthread
[0.856s] -- Looking for pthread_create in pthread - found
[0.857s] -- Found Threads: TRUE  
[0.985s] -- Found rclcpp_components: 9.2.1 (/opt/ros/galactic/share/rclcpp_components/cmake)
[1.042s] -- Found OpenCV: /usr/local (found version "4.5.5") 
[1.043s] -- Found geometry_msgs: 2.2.4 (/opt/ros/galactic/share/geometry_msgs/cmake)
[1.072s] -- Found tf2_geometry_msgs: 0.17.4 (/opt/ros/galactic/share/tf2_geometry_msgs/cmake)
[1.079s] -- Found eigen3_cmake_module: 0.1.1 (/opt/ros/galactic/share/eigen3_cmake_module/cmake)
[1.082s] -- Found Eigen3: TRUE (found version "3.4.0") 
[1.376s] -- Found rclpy: 1.9.2 (/opt/ros/galactic/share/rclpy/cmake)
[1.377s] -- Found rclcpp_lifecycle: 9.2.1 (/opt/ros/galactic/share/rclcpp_lifecycle/cmake)
[1.406s] -- Found laser_geometry: 2.2.1 (/opt/ros/galactic/share/laser_geometry/cmake)
[1.410s] -- Found sensor_msgs: 2.2.4 (/opt/ros/galactic/share/sensor_msgs/cmake)
[1.472s] -- Found tf2_sensor_msgs: 0.17.4 (/opt/ros/galactic/share/tf2_sensor_msgs/cmake)
[1.487s] -- Found visualization_msgs: 2.2.4 (/opt/ros/galactic/share/visualization_msgs/cmake)
[1.551s] -- Found angles: 1.14.0 (/opt/ros/galactic/share/angles/cmake)
[1.552s] -- Found robot_state_publisher: 2.5.3 (/opt/ros/galactic/share/robot_state_publisher/cmake)
[1.612s] -- Found global_user: 0.0.0 (/home/liyuhang/Desktop/TUP-Vision-2023-Based/install/global_user/share/global_user/cmake)
[2.038s] -- Found BLAS: /usr/lib/x86_64-linux-gnu/libopenblas.so  
[2.181s] -- Found AMD headers in: /usr/include/suitesparse
[2.182s] -- Found AMD library: /usr/lib/x86_64-linux-gnu/libamd.so
[2.182s] -- Found CAMD headers in: /usr/include/suitesparse
[2.183s] -- Found CAMD library: /usr/lib/x86_64-linux-gnu/libcamd.so
[2.183s] -- Found CCOLAMD headers in: /usr/include/suitesparse
[2.184s] -- Found CCOLAMD library: /usr/lib/x86_64-linux-gnu/libccolamd.so
[2.184s] -- Found CHOLMOD headers in: /usr/include/suitesparse
[2.185s] -- Found CHOLMOD library: /usr/lib/x86_64-linux-gnu/libcholmod.so
[2.185s] -- Found COLAMD headers in: /usr/include/suitesparse
[2.186s] -- Found COLAMD library: /usr/lib/x86_64-linux-gnu/libcolamd.so
[2.186s] -- Found SPQR headers in: /usr/include/suitesparse
[2.187s] -- Found SPQR library: /usr/lib/x86_64-linux-gnu/libspqr.so
[2.187s] -- Found Config headers in: /usr/include/suitesparse
[2.187s] -- Found Config library: /usr/lib/x86_64-linux-gnu/libsuitesparseconfig.so
[2.188s] -- Found Intel Thread Building Blocks (TBB) library (2020.2 / 11102) include location: . Assuming SuiteSparseQR was compiled with TBB.
[2.188s] -- Looking for shm_open in rt
[2.247s] -- Looking for shm_open in rt - found
[2.247s] -- Adding librt to SuiteSparse_config libraries (required on Linux & Unix [not OSX] if SuiteSparse is compiled with timing).
[2.251s] -- Found METIS: /usr/include (found version "5.1.0") 
[2.264s] -- Found global_interface: 0.0.0 (/home/liyuhang/Desktop/TUP-Vision-2023-Based/install/global_interface/share/global_interface/cmake)
[2.415s] -- Found image_transport: 2.5.0 (/opt/ros/galactic/share/image_transport/cmake)
[2.523s] -- Found camera_info_manager: 2.5.0 (/opt/ros/galactic/share/camera_info_manager/cmake)
[2.907s] -- Found PythonLibs: /usr/lib/x86_64-linux-gnu/libpython3.8.so (found version "3.8.10") 
[3.276s] -- Found Python3: /usr/bin/python3.8 (found version "3.8.10") found components: Interpreter Development Development.Module Development.Embed 
[3.540s] -- Found Python3: /usr/include/python3.8 (found version "3.8.10") found components: NumPy Interpreter Development.Module 
[3.861s] -- Found ament_lint_auto: 0.10.7 (/opt/ros/galactic/share/ament_lint_auto/cmake)
[3.935s] -- Added test 'copyright' to check source files copyright and LICENSE
[3.938s] -- Added test 'cppcheck' to perform static code analysis on C / C++ code
[3.939s] -- Configured cppcheck include dirs: /home/liyuhang/Desktop/TUP-Vision-2023-Based/src/camera_driver/include;/home/liyuhang/Desktop/TUP-Vision-2023-Based/src/camera_driver/dependencies/hik_sdk/include;/home/liyuhang/Desktop/TUP-Vision-2023-Based/src/camera_driver/dependencies/daheng_sdk/include
[3.940s] -- Configured cppcheck exclude dirs and/or files: 
[3.942s] -- Added test 'cpplint' to check C / C++ code against the Google style
[3.942s] -- Configured cpplint exclude dirs and/or files: 
[3.943s] -- Added test 'flake8' to check Python code syntax and style conventions
[3.944s] -- Added test 'lint_cmake' to check CMake code style
[3.944s] -- Added test 'pep257' to check Python code against some of the style conventions in PEP 257
[3.947s] -- Added test 'uncrustify' to check C / C++ code style
[3.947s] -- Configured uncrustify additional arguments: 
[3.947s] -- Added test 'xmllint' to check XML markup files
[3.948s] -- Configuring done
[4.217s] -- Generating done
[4.219s] -- Build files have been written to: /home/liyuhang/Desktop/TUP-Vision-2023-Based/build/camera_driver
[4.232s] Invoked command in '/home/liyuhang/Desktop/TUP-Vision-2023-Based/build/camera_driver' returned '0': AMENT_PREFIX_PATH=/home/liyuhang/Desktop/TUP-Vision-2023-Based/install/global_user:/home/liyuhang/Desktop/TUP-Vision-2023-Based/install/global_interface:${AMENT_PREFIX_PATH} CMAKE_PREFIX_PATH=/home/liyuhang/Desktop/TUP-Vision-2023-Based/install/global_user:/home/liyuhang/Desktop/TUP-Vision-2023-Based/install/global_interface:/opt/ros/galactic LD_LIBRARY_PATH=/home/liyuhang/Desktop/TUP-Vision-2023-Based/install/global_user/lib:/home/liyuhang/Desktop/TUP-Vision-2023-Based/install/global_interface/lib:/opt/ros/galactic/opt/yaml_cpp_vendor/lib:/opt/ros/galactic/opt/rviz_ogre_vendor/lib:/opt/ros/galactic/lib/x86_64-linux-gnu:/opt/ros/galactic/lib:/opt/MVS/lib/64:/opt/MVS/lib/32:/opt/intel/openvino_2022/tools/compile_tool:/opt/intel/openvino_2022/runtime/3rdparty/tbb/lib:/opt/intel/openvino_2022/runtime/3rdparty/hddl/lib:/opt/intel/openvino_2022/runtime/lib/intel64:/opt/MVS/lib/64:/opt/MVS/lib/32:/opt/MVS/lib/64:/opt/MVS/lib/32 PYTHONPATH=/home/liyuhang/Desktop/TUP-Vision-2023-Based/install/global_interface/lib/python3.8/site-packages:/opt/intel/openvino_2022/python/python3.8:/opt/intel/openvino_2022/python/python3:/opt/ros/galactic/lib/python3.8/site-packages:/opt/intel/openvino_2022/python/python3.8:/opt/intel/openvino_2022/python/python3 /usr/local/bin/cmake /home/liyuhang/Desktop/TUP-Vision-2023-Based/src/camera_driver -DCMAKE_INSTALL_PREFIX=/home/liyuhang/Desktop/TUP-Vision-2023-Based/install/camera_driver
[4.235s] Invoking command in '/home/liyuhang/Desktop/TUP-Vision-2023-Based/build/camera_driver': AMENT_PREFIX_PATH=/home/liyuhang/Desktop/TUP-Vision-2023-Based/install/global_user:/home/liyuhang/Desktop/TUP-Vision-2023-Based/install/global_interface:${AMENT_PREFIX_PATH} CMAKE_PREFIX_PATH=/home/liyuhang/Desktop/TUP-Vision-2023-Based/install/global_user:/home/liyuhang/Desktop/TUP-Vision-2023-Based/install/global_interface:/opt/ros/galactic LD_LIBRARY_PATH=/home/liyuhang/Desktop/TUP-Vision-2023-Based/install/global_user/lib:/home/liyuhang/Desktop/TUP-Vision-2023-Based/install/global_interface/lib:/opt/ros/galactic/opt/yaml_cpp_vendor/lib:/opt/ros/galactic/opt/rviz_ogre_vendor/lib:/opt/ros/galactic/lib/x86_64-linux-gnu:/opt/ros/galactic/lib:/opt/MVS/lib/64:/opt/MVS/lib/32:/opt/intel/openvino_2022/tools/compile_tool:/opt/intel/openvino_2022/runtime/3rdparty/tbb/lib:/opt/intel/openvino_2022/runtime/3rdparty/hddl/lib:/opt/intel/openvino_2022/runtime/lib/intel64:/opt/MVS/lib/64:/opt/MVS/lib/32:/opt/MVS/lib/64:/opt/MVS/lib/32 PYTHONPATH=/home/liyuhang/Desktop/TUP-Vision-2023-Based/install/global_interface/lib/python3.8/site-packages:/opt/intel/openvino_2022/python/python3.8:/opt/intel/openvino_2022/python/python3:/opt/ros/galactic/lib/python3.8/site-packages:/opt/intel/openvino_2022/python/python3.8:/opt/intel/openvino_2022/python/python3 /usr/local/bin/cmake --build /home/liyuhang/Desktop/TUP-Vision-2023-Based/build/camera_driver -- -j8 -l8
[4.256s] [35m[1mScanning dependencies of target camera_driver[0m
[4.674s] [ 10%] [32mBuilding CXX object CMakeFiles/camera_driver.dir/src/usb_driver/usb_cam.cpp.o[0m
[4.676s] [ 20%] [32mBuilding CXX object CMakeFiles/camera_driver.dir/src/hik_driver/hik_camera.cpp.o[0m
[4.676s] [ 30%] [32mBuilding CXX object CMakeFiles/camera_driver.dir/src/daheng_driver/daheng_camera.cpp.o[0m
[7.836s] [01m[K/home/liyuhang/Desktop/TUP-Vision-2023-Based/src/camera_driver/src/hik_driver/hik_camera.cpp:[m[K In member function ‘[01m[Kbool camera_driver::hik_camera::set_trigger_mode(unsigned int, const char*, const char*, unsigned int, unsigned int, unsigned int, unsigned int, unsigned int, unsigned int)[m[K’:
[7.837s] [01m[K/home/liyuhang/Desktop/TUP-Vision-2023-Based/src/camera_driver/src/hik_driver/hik_camera.cpp:393:21:[m[K [01;35m[Kwarning: [m[Kunused parameter ‘[01m[Kacquisition_start[m[K’ [[01;35m[K-Wunused-parameter[m[K]
[7.837s]   393 |         [01;35m[Kconst char* acquisition_start[m[K,
[7.837s]       |         [01;35m[K~~~~~~~~~~~~^~~~~~~~~~~~~~~~~[m[K
[7.837s] [01m[K/home/liyuhang/Desktop/TUP-Vision-2023-Based/src/camera_driver/src/hik_driver/hik_camera.cpp:394:21:[m[K [01;35m[Kwarning: [m[Kunused parameter ‘[01m[Kacquisition_stop[m[K’ [[01;35m[K-Wunused-parameter[m[K]
[7.837s]   394 |         [01;35m[Kconst char* acquisition_stop[m[K,
[7.837s]       |         [01;35m[K~~~~~~~~~~~~^~~~~~~~~~~~~~~~[m[K
[7.837s] [01m[K/home/liyuhang/Desktop/TUP-Vision-2023-Based/src/camera_driver/src/hik_driver/hik_camera.cpp:396:22:[m[K [01;35m[Kwarning: [m[Kunused parameter ‘[01m[Ktrigger_selector[m[K’ [[01;35m[K-Wunused-parameter[m[K]
[7.837s]   396 |         [01;35m[Kunsigned int trigger_selector[m[K,
[7.837s]       |         [01;35m[K~~~~~~~~~~~~~^~~~~~~~~~~~~~~~[m[K
[7.837s] [01m[K/home/liyuhang/Desktop/TUP-Vision-2023-Based/src/camera_driver/src/hik_driver/hik_camera.cpp:398:22:[m[K [01;35m[Kwarning: [m[Kunused parameter ‘[01m[Ktrigger_source_line[m[K’ [[01;35m[K-Wunused-parameter[m[K]
[7.837s]   398 |         [01;35m[Kunsigned int trigger_source_line[m[K,
[7.837s]       |         [01;35m[K~~~~~~~~~~~~~^~~~~~~~~~~~~~~~~~~[m[K
[7.838s] [01m[K/home/liyuhang/Desktop/TUP-Vision-2023-Based/src/camera_driver/src/hik_driver/hik_camera.cpp:399:22:[m[K [01;35m[Kwarning: [m[Kunused parameter ‘[01m[Ktrigger_activation[m[K’ [[01;35m[K-Wunused-parameter[m[K]
[7.838s]   399 |         [01;35m[Kunsigned int trigger_activation[m[K,
[7.838s]       |         [01;35m[K~~~~~~~~~~~~~^~~~~~~~~~~~~~~~~~[m[K
[7.838s] [01m[K/home/liyuhang/Desktop/TUP-Vision-2023-Based/src/camera_driver/src/hik_driver/hik_camera.cpp:400:22:[m[K [01;35m[Kwarning: [m[Kunused parameter ‘[01m[Ktrigger_delay[m[K’ [[01;35m[K-Wunused-parameter[m[K]
[7.838s]   400 |         [01;35m[Kunsigned int trigger_delay[m[K)
[7.838s]       |         [01;35m[K~~~~~~~~~~~~~^~~~~~~~~~~~~[m[K
[7.838s] [01m[K/home/liyuhang/Desktop/TUP-Vision-2023-Based/src/camera_driver/src/hik_driver/hik_camera.cpp:[m[K In member function ‘[01m[Kbool camera_driver::hik_camera::set_digital_io_control(unsigned int, unsigned int, bool, unsigned int)[m[K’:
[7.838s] [01m[K/home/liyuhang/Desktop/TUP-Vision-2023-Based/src/camera_driver/src/hik_driver/hik_camera.cpp:510:5:[m[K [01;35m[Kwarning: [m[Kno return statement in function returning non-void [[01;35m[K-Wreturn-type[m[K]
[7.838s]   510 |     [01;35m[K}[m[K
[7.839s]       |     [01;35m[K^[m[K
[7.839s] [01m[K/home/liyuhang/Desktop/TUP-Vision-2023-Based/src/camera_driver/src/hik_driver/hik_camera.cpp:474:22:[m[K [01;35m[Kwarning: [m[Kunused parameter ‘[01m[Ktrigger_selector[m[K’ [[01;35m[K-Wunused-parameter[m[K]
[7.839s]   474 |         [01;35m[Kunsigned int trigger_selector[m[K)
[7.839s]       |         [01;35m[K~~~~~~~~~~~~~^~~~~~~~~~~~~~~~[m[K
[8.866s] [ 40%] [32m[1mLinking CXX shared library libcamera_driver.so[0m
[8.989s] [ 40%] Built target camera_driver
[8.994s] [35m[1mScanning dependencies of target usb_cam_driver_node[0m
[8.994s] [35m[1mScanning dependencies of target daheng_cam_driver_node[0m
[8.994s] [35m[1mScanning dependencies of target hik_cam_driver_node[0m
[9.041s] [ 50%] [32mBuilding CXX object CMakeFiles/daheng_cam_driver_node.dir/src/daheng_driver/daheng_cam_node.cpp.o[0m
[9.061s] [ 60%] [32mBuilding CXX object CMakeFiles/hik_cam_driver_node.dir/src/hik_driver/hik_cam_node.cpp.o[0m
[9.066s] [ 70%] [32mBuilding CXX object CMakeFiles/usb_cam_driver_node.dir/src/usb_driver/usb_cam_node.cpp.o[0m
[14.395s] [ 80%] [32m[1mLinking CXX executable daheng_cam_driver_node[0m
[14.889s] [ 80%] Built target daheng_cam_driver_node
[15.041s] [ 90%] [32m[1mLinking CXX executable hik_cam_driver_node[0m
[15.322s] [100%] [32m[1mLinking CXX executable usb_cam_driver_node[0m
[15.483s] [100%] Built target hik_cam_driver_node
[15.745s] [100%] Built target usb_cam_driver_node
[15.749s] Invoked command in '/home/liyuhang/Desktop/TUP-Vision-2023-Based/build/camera_driver' returned '0': AMENT_PREFIX_PATH=/home/liyuhang/Desktop/TUP-Vision-2023-Based/install/global_user:/home/liyuhang/Desktop/TUP-Vision-2023-Based/install/global_interface:${AMENT_PREFIX_PATH} CMAKE_PREFIX_PATH=/home/liyuhang/Desktop/TUP-Vision-2023-Based/install/global_user:/home/liyuhang/Desktop/TUP-Vision-2023-Based/install/global_interface:/opt/ros/galactic LD_LIBRARY_PATH=/home/liyuhang/Desktop/TUP-Vision-2023-Based/install/global_user/lib:/home/liyuhang/Desktop/TUP-Vision-2023-Based/install/global_interface/lib:/opt/ros/galactic/opt/yaml_cpp_vendor/lib:/opt/ros/galactic/opt/rviz_ogre_vendor/lib:/opt/ros/galactic/lib/x86_64-linux-gnu:/opt/ros/galactic/lib:/opt/MVS/lib/64:/opt/MVS/lib/32:/opt/intel/openvino_2022/tools/compile_tool:/opt/intel/openvino_2022/runtime/3rdparty/tbb/lib:/opt/intel/openvino_2022/runtime/3rdparty/hddl/lib:/opt/intel/openvino_2022/runtime/lib/intel64:/opt/MVS/lib/64:/opt/MVS/lib/32:/opt/MVS/lib/64:/opt/MVS/lib/32 PYTHONPATH=/home/liyuhang/Desktop/TUP-Vision-2023-Based/install/global_interface/lib/python3.8/site-packages:/opt/intel/openvino_2022/python/python3.8:/opt/intel/openvino_2022/python/python3:/opt/ros/galactic/lib/python3.8/site-packages:/opt/intel/openvino_2022/python/python3.8:/opt/intel/openvino_2022/python/python3 /usr/local/bin/cmake --build /home/liyuhang/Desktop/TUP-Vision-2023-Based/build/camera_driver -- -j8 -l8
[15.788s] Invoking command in '/home/liyuhang/Desktop/TUP-Vision-2023-Based/build/camera_driver': AMENT_PREFIX_PATH=/home/liyuhang/Desktop/TUP-Vision-2023-Based/install/global_user:/home/liyuhang/Desktop/TUP-Vision-2023-Based/install/global_interface:${AMENT_PREFIX_PATH} CMAKE_PREFIX_PATH=/home/liyuhang/Desktop/TUP-Vision-2023-Based/install/global_user:/home/liyuhang/Desktop/TUP-Vision-2023-Based/install/global_interface:/opt/ros/galactic LD_LIBRARY_PATH=/home/liyuhang/Desktop/TUP-Vision-2023-Based/install/global_user/lib:/home/liyuhang/Desktop/TUP-Vision-2023-Based/install/global_interface/lib:/opt/ros/galactic/opt/yaml_cpp_vendor/lib:/opt/ros/galactic/opt/rviz_ogre_vendor/lib:/opt/ros/galactic/lib/x86_64-linux-gnu:/opt/ros/galactic/lib:/opt/MVS/lib/64:/opt/MVS/lib/32:/opt/intel/openvino_2022/tools/compile_tool:/opt/intel/openvino_2022/runtime/3rdparty/tbb/lib:/opt/intel/openvino_2022/runtime/3rdparty/hddl/lib:/opt/intel/openvino_2022/runtime/lib/intel64:/opt/MVS/lib/64:/opt/MVS/lib/32:/opt/MVS/lib/64:/opt/MVS/lib/32 PYTHONPATH=/home/liyuhang/Desktop/TUP-Vision-2023-Based/install/global_interface/lib/python3.8/site-packages:/opt/intel/openvino_2022/python/python3.8:/opt/intel/openvino_2022/python/python3:/opt/ros/galactic/lib/python3.8/site-packages:/opt/intel/openvino_2022/python/python3.8:/opt/intel/openvino_2022/python/python3 /usr/local/bin/cmake --install /home/liyuhang/Desktop/TUP-Vision-2023-Based/build/camera_driver
[15.791s] -- Install configuration: ""
[15.792s] -- Installing: /home/liyuhang/Desktop/TUP-Vision-2023-Based/install/camera_driver/lib/libcamera_driver.so
[15.792s] -- Set runtime path of "/home/liyuhang/Desktop/TUP-Vision-2023-Based/install/camera_driver/lib/libcamera_driver.so" to ""
[15.792s] -- Installing: /home/liyuhang/Desktop/TUP-Vision-2023-Based/install/camera_driver/lib/camera_driver/usb_cam_driver_node
[15.794s] -- Set runtime path of "/home/liyuhang/Desktop/TUP-Vision-2023-Based/install/camera_driver/lib/camera_driver/usb_cam_driver_node" to ""
[15.794s] -- Installing: /home/liyuhang/Desktop/TUP-Vision-2023-Based/install/camera_driver/lib/camera_driver/hik_cam_driver_node
[15.795s] -- Set runtime path of "/home/liyuhang/Desktop/TUP-Vision-2023-Based/install/camera_driver/lib/camera_driver/hik_cam_driver_node" to ""
[15.795s] -- Installing: /home/liyuhang/Desktop/TUP-Vision-2023-Based/install/camera_driver/lib/camera_driver/daheng_cam_driver_node
[15.796s] -- Set runtime path of "/home/liyuhang/Desktop/TUP-Vision-2023-Based/install/camera_driver/lib/camera_driver/daheng_cam_driver_node" to ""
[15.797s] -- Installing: /home/liyuhang/Desktop/TUP-Vision-2023-Based/install/camera_driver/share/camera_driver/launch
[15.797s] -- Installing: /home/liyuhang/Desktop/TUP-Vision-2023-Based/install/camera_driver/share/camera_driver/launch/hik_cam_node.launch.py
[15.797s] -- Installing: /home/liyuhang/Desktop/TUP-Vision-2023-Based/install/camera_driver/share/camera_driver/launch/daheng_cam_node.launch.py
[15.797s] -- Installing: /home/liyuhang/Desktop/TUP-Vision-2023-Based/install/camera_driver/share/camera_driver/launch/usb_cam_node.launch.py
[15.797s] -- Installing: /home/liyuhang/Desktop/TUP-Vision-2023-Based/install/camera_driver/share/camera_driver/config
[15.797s] -- Installing: /home/liyuhang/Desktop/TUP-Vision-2023-Based/install/camera_driver/share/camera_driver/config/camera.yaml
[15.797s] -- Installing: /home/liyuhang/Desktop/TUP-Vision-2023-Based/install/camera_driver/share/ament_index/resource_index/package_run_dependencies/camera_driver
[15.798s] -- Installing: /home/liyuhang/Desktop/TUP-Vision-2023-Based/install/camera_driver/share/ament_index/resource_index/parent_prefix_path/camera_driver
[15.798s] -- Installing: /home/liyuhang/Desktop/TUP-Vision-2023-Based/install/camera_driver/share/camera_driver/environment/ament_prefix_path.sh
[15.798s] -- Installing: /home/liyuhang/Desktop/TUP-Vision-2023-Based/install/camera_driver/share/camera_driver/environment/ament_prefix_path.dsv
[15.798s] -- Installing: /home/liyuhang/Desktop/TUP-Vision-2023-Based/install/camera_driver/share/camera_driver/environment/path.sh
[15.798s] -- Installing: /home/liyuhang/Desktop/TUP-Vision-2023-Based/install/camera_driver/share/camera_driver/environment/path.dsv
[15.798s] -- Installing: /home/liyuhang/Desktop/TUP-Vision-2023-Based/install/camera_driver/share/camera_driver/local_setup.bash
[15.798s] -- Installing: /home/liyuhang/Desktop/TUP-Vision-2023-Based/install/camera_driver/share/camera_driver/local_setup.sh
[15.799s] -- Installing: /home/liyuhang/Desktop/TUP-Vision-2023-Based/install/camera_driver/share/camera_driver/local_setup.zsh
[15.799s] -- Installing: /home/liyuhang/Desktop/TUP-Vision-2023-Based/install/camera_driver/share/camera_driver/local_setup.dsv
[15.799s] -- Installing: /home/liyuhang/Desktop/TUP-Vision-2023-Based/install/camera_driver/share/camera_driver/package.dsv
[15.799s] -- Installing: /home/liyuhang/Desktop/TUP-Vision-2023-Based/install/camera_driver/share/ament_index/resource_index/packages/camera_driver
[15.799s] -- Installing: /home/liyuhang/Desktop/TUP-Vision-2023-Based/install/camera_driver/share/ament_index/resource_index/rclcpp_components/camera_driver
[15.799s] -- Installing: /home/liyuhang/Desktop/TUP-Vision-2023-Based/install/camera_driver/share/camera_driver/cmake/camera_driverConfig.cmake
[15.799s] -- Installing: /home/liyuhang/Desktop/TUP-Vision-2023-Based/install/camera_driver/share/camera_driver/cmake/camera_driverConfig-version.cmake
[15.800s] -- Installing: /home/liyuhang/Desktop/TUP-Vision-2023-Based/install/camera_driver/share/camera_driver/package.xml
[15.801s] Invoked command in '/home/liyuhang/Desktop/TUP-Vision-2023-Based/build/camera_driver' returned '0': AMENT_PREFIX_PATH=/home/liyuhang/Desktop/TUP-Vision-2023-Based/install/global_user:/home/liyuhang/Desktop/TUP-Vision-2023-Based/install/global_interface:${AMENT_PREFIX_PATH} CMAKE_PREFIX_PATH=/home/liyuhang/Desktop/TUP-Vision-2023-Based/install/global_user:/home/liyuhang/Desktop/TUP-Vision-2023-Based/install/global_interface:/opt/ros/galactic LD_LIBRARY_PATH=/home/liyuhang/Desktop/TUP-Vision-2023-Based/install/global_user/lib:/home/liyuhang/Desktop/TUP-Vision-2023-Based/install/global_interface/lib:/opt/ros/galactic/opt/yaml_cpp_vendor/lib:/opt/ros/galactic/opt/rviz_ogre_vendor/lib:/opt/ros/galactic/lib/x86_64-linux-gnu:/opt/ros/galactic/lib:/opt/MVS/lib/64:/opt/MVS/lib/32:/opt/intel/openvino_2022/tools/compile_tool:/opt/intel/openvino_2022/runtime/3rdparty/tbb/lib:/opt/intel/openvino_2022/runtime/3rdparty/hddl/lib:/opt/intel/openvino_2022/runtime/lib/intel64:/opt/MVS/lib/64:/opt/MVS/lib/32:/opt/MVS/lib/64:/opt/MVS/lib/32 PYTHONPATH=/home/liyuhang/Desktop/TUP-Vision-2023-Based/install/global_interface/lib/python3.8/site-packages:/opt/intel/openvino_2022/python/python3.8:/opt/intel/openvino_2022/python/python3:/opt/ros/galactic/lib/python3.8/site-packages:/opt/intel/openvino_2022/python/python3.8:/opt/intel/openvino_2022/python/python3 /usr/local/bin/cmake --install /home/liyuhang/Desktop/TUP-Vision-2023-Based/build/camera_driver
