[01m[K/home/zhengtu/Desktop/TUP-Vision-2023-Based/src/camera_driver/src/hik_driver/hik_camera.cpp:[m[K In member function ‘[01m[Kbool camera_driver::hik_camera::set_trigger_mode(unsigned int, const char*, const char*, unsigned int, unsigned int, unsigned int, unsigned int, unsigned int, unsigned int)[m[K’:
[01m[K/home/zhengtu/Desktop/TUP-Vision-2023-Based/src/camera_driver/src/hik_driver/hik_camera.cpp:393:21:[m[K [01;35m[Kwarning: [m[Kunused parameter ‘[01m[Kacquisition_start[m[K’ [[01;35m[K-Wunused-parameter[m[K]
  393 |         [01;35m[Kconst char* acquisition_start[m[K,
      |         [01;35m[K~~~~~~~~~~~~^~~~~~~~~~~~~~~~~[m[K
[01m[K/home/zhengtu/Desktop/TUP-Vision-2023-Based/src/camera_driver/src/hik_driver/hik_camera.cpp:394:21:[m[K [01;35m[Kwarning: [m[Kunused parameter ‘[01m[Kacquisition_stop[m[K’ [[01;35m[K-Wunused-parameter[m[K]
  394 |         [01;35m[Kconst char* acquisition_stop[m[K,
      |         [01;35m[K~~~~~~~~~~~~^~~~~~~~~~~~~~~~[m[K
[01m[K/home/zhengtu/Desktop/TUP-Vision-2023-Based/src/camera_driver/src/hik_driver/hik_camera.cpp:396:22:[m[K [01;35m[Kwarning: [m[Kunused parameter ‘[01m[Ktrigger_selector[m[K’ [[01;35m[K-Wunused-parameter[m[K]
  396 |         [01;35m[Kunsigned int trigger_selector[m[K,
      |         [01;35m[K~~~~~~~~~~~~~^~~~~~~~~~~~~~~~[m[K
[01m[K/home/zhengtu/Desktop/TUP-Vision-2023-Based/src/camera_driver/src/hik_driver/hik_camera.cpp:398:22:[m[K [01;35m[Kwarning: [m[Kunused parameter ‘[01m[Ktrigger_source_line[m[K’ [[01;35m[K-Wunused-parameter[m[K]
  398 |         [01;35m[Kunsigned int trigger_source_line[m[K,
      |         [01;35m[K~~~~~~~~~~~~~^~~~~~~~~~~~~~~~~~~[m[K
[01m[K/home/zhengtu/Desktop/TUP-Vision-2023-Based/src/camera_driver/src/hik_driver/hik_camera.cpp:399:22:[m[K [01;35m[Kwarning: [m[Kunused parameter ‘[01m[Ktrigger_activation[m[K’ [[01;35m[K-Wunused-parameter[m[K]
  399 |         [01;35m[Kunsigned int trigger_activation[m[K,
      |         [01;35m[K~~~~~~~~~~~~~^~~~~~~~~~~~~~~~~~[m[K
[01m[K/home/zhengtu/Desktop/TUP-Vision-2023-Based/src/camera_driver/src/hik_driver/hik_camera.cpp:400:22:[m[K [01;35m[Kwarning: [m[Kunused parameter ‘[01m[Ktrigger_delay[m[K’ [[01;35m[K-Wunused-parameter[m[K]
  400 |         [01;35m[Kunsigned int trigger_delay[m[K)
      |         [01;35m[K~~~~~~~~~~~~~^~~~~~~~~~~~~[m[K
[01m[K/home/zhengtu/Desktop/TUP-Vision-2023-Based/src/camera_driver/src/hik_driver/hik_camera.cpp:[m[K In member function ‘[01m[Kbool camera_driver::hik_camera::set_digital_io_control(unsigned int, unsigned int, bool, unsigned int)[m[K’:
[01m[K/home/zhengtu/Desktop/TUP-Vision-2023-Based/src/camera_driver/src/hik_driver/hik_camera.cpp:510:5:[m[K [01;35m[Kwarning: [m[Kno return statement in function returning non-void [[01;35m[K-Wreturn-type[m[K]
  510 |     [01;35m[K}[m[K
      |     [01;35m[K^[m[K
[01m[K/home/zhengtu/Desktop/TUP-Vision-2023-Based/src/camera_driver/src/hik_driver/hik_camera.cpp:474:22:[m[K [01;35m[Kwarning: [m[Kunused parameter ‘[01m[Ktrigger_selector[m[K’ [[01;35m[K-Wunused-parameter[m[K]
  474 |         [01;35m[Kunsigned int trigger_selector[m[K)
      |         [01;35m[K~~~~~~~~~~~~~^~~~~~~~~~~~~~~~[m[K
