-- The C compiler identification is GNU 9.4.0
-- The CXX compiler identification is GNU 9.4.0
-- Check for working C compiler: /usr/bin/cc
-- Check for working C compiler: /usr/bin/cc -- works
-- Detecting C compiler ABI info
-- Detecting C compiler ABI info - done
-- Detecting C compile features
-- Detecting C compile features - done
-- Check for working CXX compiler: /usr/bin/c++
-- Check for working CXX compiler: /usr/bin/c++ -- works
-- Detecting CXX compiler ABI info
-- Detecting CXX compiler ABI info - done
-- Detecting CXX compile features
-- Detecting CXX compile features - done
-- Found ament_cmake: 1.1.5 (/opt/ros/galactic/share/ament_cmake/cmake)
-- Found PythonInterp: /usr/bin/python3 (found suitable version "3.8.10", minimum required is "3") 
-- Using PYTHON_EXECUTABLE: /usr/bin/python3
-- Found rclcpp: 9.2.1 (/opt/ros/galactic/share/rclcpp/cmake)
-- Using all available rosidl_typesupport_c: rosidl_typesupport_fastrtps_c;rosidl_typesupport_introspection_c
-- Found rosidl_adapter: 2.2.2 (/opt/ros/galactic/share/rosidl_adapter/cmake)
-- Found OpenSSL: /usr/lib/x86_64-linux-gnu/libcrypto.so (found version "1.1.1f")  
-- Found FastRTPS: /opt/ros/galactic/include  
-- Using all available rosidl_typesupport_cpp: rosidl_typesupport_fastrtps_cpp;rosidl_typesupport_introspection_cpp
-- Found rmw_implementation_cmake: 3.3.1 (/opt/ros/galactic/share/rmw_implementation_cmake/cmake)
-- Found rmw_cyclonedds_cpp: 0.22.5 (/opt/ros/galactic/share/rmw_cyclonedds_cpp/cmake)
-- Using RMW implementation 'rmw_cyclonedds_cpp' as default
-- Looking for pthread.h
-- Looking for pthread.h - found
-- Performing Test CMAKE_HAVE_LIBC_PTHREAD
-- Performing Test CMAKE_HAVE_LIBC_PTHREAD - Failed
-- Looking for pthread_create in pthreads
-- Looking for pthread_create in pthreads - not found
-- Looking for pthread_create in pthread
-- Looking for pthread_create in pthread - found
-- Found Threads: TRUE  
-- Found rclcpp_components: 9.2.1 (/opt/ros/galactic/share/rclcpp_components/cmake)
-- Found OpenCV: /usr/local (found version "4.5.5") 
-- Found geometry_msgs: 2.2.4 (/opt/ros/galactic/share/geometry_msgs/cmake)
-- Found tf2_geometry_msgs: 0.17.4 (/opt/ros/galactic/share/tf2_geometry_msgs/cmake)
-- Found eigen3_cmake_module: 0.1.1 (/opt/ros/galactic/share/eigen3_cmake_module/cmake)
-- Found Eigen3: TRUE (found version "3.4.0") 
-- Found rclpy: 1.9.2 (/opt/ros/galactic/share/rclpy/cmake)
-- Found rclcpp_lifecycle: 9.2.1 (/opt/ros/galactic/share/rclcpp_lifecycle/cmake)
-- Found laser_geometry: 2.2.1 (/opt/ros/galactic/share/laser_geometry/cmake)
-- Found sensor_msgs: 2.2.4 (/opt/ros/galactic/share/sensor_msgs/cmake)
-- Found tf2_sensor_msgs: 0.17.4 (/opt/ros/galactic/share/tf2_sensor_msgs/cmake)
-- Found visualization_msgs: 2.2.4 (/opt/ros/galactic/share/visualization_msgs/cmake)
-- Found angles: 1.14.0 (/opt/ros/galactic/share/angles/cmake)
-- Found robot_state_publisher: 2.5.3 (/opt/ros/galactic/share/robot_state_publisher/cmake)
-- Found global_user: 0.0.0 (/home/zhengtu/Desktop/TUP-Vision-2023-Based/install/global_user/share/global_user/cmake)
-- Found global_interface: 0.0.0 (/home/zhengtu/Desktop/TUP-Vision-2023-Based/install/global_interface/share/global_interface/cmake)
-- Found image_transport: 2.5.0 (/opt/ros/galactic/share/image_transport/cmake)
-- Found camera_info_manager: 2.5.0 (/opt/ros/galactic/share/camera_info_manager/cmake)
-- Found PythonLibs: /usr/lib/x86_64-linux-gnu/libpython3.8.so (found version "3.8.10") 
-- Found Python3: /usr/bin/python3.8 (found version "3.8.10") found components: Interpreter Development 
-- Found Python3: /home/zhengtu/.local/lib/python3.8/site-packages/numpy/core/include (found version "3.8.10") found components: NumPy Interpreter Development 
-- Found ament_lint_auto: 0.10.7 (/opt/ros/galactic/share/ament_lint_auto/cmake)
-- Added test 'copyright' to check source files copyright and LICENSE
-- Added test 'cppcheck' to perform static code analysis on C / C++ code
-- Configured cppcheck include dirs: /home/zhengtu/Desktop/TUP-Vision-2023-Based/src/camera_driver/include;/home/zhengtu/Desktop/TUP-Vision-2023-Based/src/camera_driver/dependencies/hik_sdk/include;/home/zhengtu/Desktop/TUP-Vision-2023-Based/src/camera_driver/dependencies/daheng_sdk/include
-- Configured cppcheck exclude dirs and/or files: 
-- Added test 'cpplint' to check C / C++ code against the Google style
-- Configured cpplint exclude dirs and/or files: 
-- Added test 'flake8' to check Python code syntax and style conventions
-- Added test 'lint_cmake' to check CMake code style
-- Added test 'pep257' to check Python code against some of the style conventions in PEP 257
-- Added test 'uncrustify' to check C / C++ code style
-- Configured uncrustify additional arguments: 
-- Added test 'xmllint' to check XML markup files
-- Configuring done
-- Generating done
-- Build files have been written to: /home/zhengtu/Desktop/TUP-Vision-2023-Based/build/camera_driver
[35m[1mScanning dependencies of target camera_driver[0m
[ 10%] [32mBuilding CXX object CMakeFiles/camera_driver.dir/src/usb_driver/usb_cam.cpp.o[0m
[ 20%] [32mBuilding CXX object CMakeFiles/camera_driver.dir/src/hik_driver/hik_camera.cpp.o[0m
[ 30%] [32mBuilding CXX object CMakeFiles/camera_driver.dir/src/daheng_driver/daheng_camera.cpp.o[0m
[ 40%] [32m[1mLinking CXX shared library libcamera_driver.so[0m
[ 40%] Built target camera_driver
[35m[1mScanning dependencies of target hik_cam_driver_node[0m
[35m[1mScanning dependencies of target usb_cam_driver_node[0m
[35m[1mScanning dependencies of target daheng_cam_driver_node[0m
[ 50%] [32mBuilding CXX object CMakeFiles/daheng_cam_driver_node.dir/src/daheng_driver/daheng_cam_node.cpp.o[0m
[ 70%] [32mBuilding CXX object CMakeFiles/hik_cam_driver_node.dir/src/hik_driver/hik_cam_node.cpp.o[0m
[ 70%] [32mBuilding CXX object CMakeFiles/usb_cam_driver_node.dir/src/usb_driver/usb_cam_node.cpp.o[0m
[ 80%] [32m[1mLinking CXX executable daheng_cam_driver_node[0m
[ 90%] [32m[1mLinking CXX executable usb_cam_driver_node[0m
[ 90%] Built target daheng_cam_driver_node
[100%] [32m[1mLinking CXX executable hik_cam_driver_node[0m
[100%] Built target usb_cam_driver_node
[100%] Built target hik_cam_driver_node
-- Install configuration: ""
-- Installing: /home/zhengtu/Desktop/TUP-Vision-2023-Based/install/camera_driver/lib/libcamera_driver.so
-- Set runtime path of "/home/zhengtu/Desktop/TUP-Vision-2023-Based/install/camera_driver/lib/libcamera_driver.so" to ""
-- Installing: /home/zhengtu/Desktop/TUP-Vision-2023-Based/install/camera_driver/lib/camera_driver/usb_cam_driver_node
-- Set runtime path of "/home/zhengtu/Desktop/TUP-Vision-2023-Based/install/camera_driver/lib/camera_driver/usb_cam_driver_node" to ""
-- Installing: /home/zhengtu/Desktop/TUP-Vision-2023-Based/install/camera_driver/lib/camera_driver/hik_cam_driver_node
-- Set runtime path of "/home/zhengtu/Desktop/TUP-Vision-2023-Based/install/camera_driver/lib/camera_driver/hik_cam_driver_node" to ""
-- Installing: /home/zhengtu/Desktop/TUP-Vision-2023-Based/install/camera_driver/lib/camera_driver/daheng_cam_driver_node
-- Set runtime path of "/home/zhengtu/Desktop/TUP-Vision-2023-Based/install/camera_driver/lib/camera_driver/daheng_cam_driver_node" to ""
-- Installing: /home/zhengtu/Desktop/TUP-Vision-2023-Based/install/camera_driver/share/camera_driver/launch
-- Installing: /home/zhengtu/Desktop/TUP-Vision-2023-Based/install/camera_driver/share/camera_driver/launch/daheng_cam_node.launch.py
-- Installing: /home/zhengtu/Desktop/TUP-Vision-2023-Based/install/camera_driver/share/camera_driver/launch/usb_cam_node.launch.py
-- Installing: /home/zhengtu/Desktop/TUP-Vision-2023-Based/install/camera_driver/share/camera_driver/launch/hik_cam_node.launch.py
-- Installing: /home/zhengtu/Desktop/TUP-Vision-2023-Based/install/camera_driver/share/camera_driver/config
-- Installing: /home/zhengtu/Desktop/TUP-Vision-2023-Based/install/camera_driver/share/camera_driver/config/camera.yaml
-- Installing: /home/zhengtu/Desktop/TUP-Vision-2023-Based/install/camera_driver/share/ament_index/resource_index/package_run_dependencies/camera_driver
-- Installing: /home/zhengtu/Desktop/TUP-Vision-2023-Based/install/camera_driver/share/ament_index/resource_index/parent_prefix_path/camera_driver
-- Installing: /home/zhengtu/Desktop/TUP-Vision-2023-Based/install/camera_driver/share/camera_driver/environment/ament_prefix_path.sh
-- Installing: /home/zhengtu/Desktop/TUP-Vision-2023-Based/install/camera_driver/share/camera_driver/environment/ament_prefix_path.dsv
-- Installing: /home/zhengtu/Desktop/TUP-Vision-2023-Based/install/camera_driver/share/camera_driver/environment/path.sh
-- Installing: /home/zhengtu/Desktop/TUP-Vision-2023-Based/install/camera_driver/share/camera_driver/environment/path.dsv
-- Installing: /home/zhengtu/Desktop/TUP-Vision-2023-Based/install/camera_driver/share/camera_driver/local_setup.bash
-- Installing: /home/zhengtu/Desktop/TUP-Vision-2023-Based/install/camera_driver/share/camera_driver/local_setup.sh
-- Installing: /home/zhengtu/Desktop/TUP-Vision-2023-Based/install/camera_driver/share/camera_driver/local_setup.zsh
-- Installing: /home/zhengtu/Desktop/TUP-Vision-2023-Based/install/camera_driver/share/camera_driver/local_setup.dsv
-- Installing: /home/zhengtu/Desktop/TUP-Vision-2023-Based/install/camera_driver/share/camera_driver/package.dsv
-- Installing: /home/zhengtu/Desktop/TUP-Vision-2023-Based/install/camera_driver/share/ament_index/resource_index/packages/camera_driver
-- Installing: /home/zhengtu/Desktop/TUP-Vision-2023-Based/install/camera_driver/share/ament_index/resource_index/rclcpp_components/camera_driver
-- Installing: /home/zhengtu/Desktop/TUP-Vision-2023-Based/install/camera_driver/share/camera_driver/cmake/camera_driverConfig.cmake
-- Installing: /home/zhengtu/Desktop/TUP-Vision-2023-Based/install/camera_driver/share/camera_driver/cmake/camera_driverConfig-version.cmake
-- Installing: /home/zhengtu/Desktop/TUP-Vision-2023-Based/install/camera_driver/share/camera_driver/package.xml
