[0.020s] Invoking command in '/home/zhengtu/Desktop/TUP-Vision-2023-Based/build/camera_driver': AMENT_PREFIX_PATH=/home/zhengtu/Desktop/TUP-Vision-2023-Based/install/global_user:/home/zhengtu/Desktop/TUP-Vision-2023-Based/install/global_interface:${AMENT_PREFIX_PATH} CMAKE_PREFIX_PATH=/home/zhengtu/Desktop/TUP-Vision-2023-Based/install/global_user:/home/zhengtu/Desktop/TUP-Vision-2023-Based/install/global_interface:/opt/ros/galactic LD_LIBRARY_PATH=/home/zhengtu/Desktop/TUP-Vision-2023-Based/install/global_user/lib:/home/zhengtu/Desktop/TUP-Vision-2023-Based/install/global_interface/lib:/opt/MVS/lib/64:/opt/MVS/lib/32:/opt/ros/galactic/opt/yaml_cpp_vendor/lib:/opt/ros/galactic/opt/rviz_ogre_vendor/lib:/opt/ros/galactic/lib/x86_64-linux-gnu:/opt/ros/galactic/lib:/opt/MVS/lib/64:/opt/MVS/lib/32:/opt/MVS/lib/64:/opt/MVS/lib/32:/opt/MVS/lib/64:/opt/MVS/lib/32 PYTHONPATH=/home/zhengtu/Desktop/TUP-Vision-2023-Based/install/global_interface/lib/python3.8/site-packages:${PYTHONPATH} /usr/bin/cmake /home/zhengtu/Desktop/TUP-Vision-2023-Based/src/camera_driver -DCMAKE_INSTALL_PREFIX=/home/zhengtu/Desktop/TUP-Vision-2023-Based/install/camera_driver
[0.096s] -- The C compiler identification is GNU 9.4.0
[0.167s] -- The CXX compiler identification is GNU 9.4.0
[0.173s] -- Check for working C compiler: /usr/bin/cc
[0.278s] -- Check for working C compiler: /usr/bin/cc -- works
[0.281s] -- Detecting C compiler ABI info
[0.389s] -- Detecting C compiler ABI info - done
[0.404s] -- Detecting C compile features
[0.404s] -- Detecting C compile features - done
[0.406s] -- Check for working CXX compiler: /usr/bin/c++
[0.507s] -- Check for working CXX compiler: /usr/bin/c++ -- works
[0.510s] -- Detecting CXX compiler ABI info
[0.621s] -- Detecting CXX compiler ABI info - done
[0.637s] -- Detecting CXX compile features
[0.638s] -- Detecting CXX compile features - done
[0.639s] -- Found ament_cmake: 1.1.5 (/opt/ros/galactic/share/ament_cmake/cmake)
[0.666s] -- Found PythonInterp: /usr/bin/python3 (found suitable version "3.8.10", minimum required is "3") 
[0.666s] -- Using PYTHON_EXECUTABLE: /usr/bin/python3
[0.752s] -- Found rclcpp: 9.2.1 (/opt/ros/galactic/share/rclcpp/cmake)
[0.790s] -- Using all available rosidl_typesupport_c: rosidl_typesupport_fastrtps_c;rosidl_typesupport_introspection_c
[0.798s] -- Found rosidl_adapter: 2.2.2 (/opt/ros/galactic/share/rosidl_adapter/cmake)
[0.903s] -- Found OpenSSL: /usr/lib/x86_64-linux-gnu/libcrypto.so (found version "1.1.1f")  
[0.934s] -- Found FastRTPS: /opt/ros/galactic/include  
[1.018s] -- Using all available rosidl_typesupport_cpp: rosidl_typesupport_fastrtps_cpp;rosidl_typesupport_introspection_cpp
[1.068s] -- Found rmw_implementation_cmake: 3.3.1 (/opt/ros/galactic/share/rmw_implementation_cmake/cmake)
[1.070s] -- Found rmw_cyclonedds_cpp: 0.22.5 (/opt/ros/galactic/share/rmw_cyclonedds_cpp/cmake)
[1.085s] -- Using RMW implementation 'rmw_cyclonedds_cpp' as default
[1.085s] -- Looking for pthread.h
[1.184s] -- Looking for pthread.h - found
[1.185s] -- Performing Test CMAKE_HAVE_LIBC_PTHREAD
[1.280s] -- Performing Test CMAKE_HAVE_LIBC_PTHREAD - Failed
[1.280s] -- Looking for pthread_create in pthreads
[1.363s] -- Looking for pthread_create in pthreads - not found
[1.363s] -- Looking for pthread_create in pthread
[1.465s] -- Looking for pthread_create in pthread - found
[1.468s] -- Found Threads: TRUE  
[1.599s] -- Found rclcpp_components: 9.2.1 (/opt/ros/galactic/share/rclcpp_components/cmake)
[1.659s] -- Found OpenCV: /usr/local (found version "4.5.5") 
[1.660s] -- Found geometry_msgs: 2.2.4 (/opt/ros/galactic/share/geometry_msgs/cmake)
[1.687s] -- Found tf2_geometry_msgs: 0.17.4 (/opt/ros/galactic/share/tf2_geometry_msgs/cmake)
[1.693s] -- Found eigen3_cmake_module: 0.1.1 (/opt/ros/galactic/share/eigen3_cmake_module/cmake)
[1.695s] -- Found Eigen3: TRUE (found version "3.4.0") 
[1.964s] -- Found rclpy: 1.9.2 (/opt/ros/galactic/share/rclpy/cmake)
[1.965s] -- Found rclcpp_lifecycle: 9.2.1 (/opt/ros/galactic/share/rclcpp_lifecycle/cmake)
[1.992s] -- Found laser_geometry: 2.2.1 (/opt/ros/galactic/share/laser_geometry/cmake)
[1.997s] -- Found sensor_msgs: 2.2.4 (/opt/ros/galactic/share/sensor_msgs/cmake)
[2.054s] -- Found tf2_sensor_msgs: 0.17.4 (/opt/ros/galactic/share/tf2_sensor_msgs/cmake)
[2.068s] -- Found visualization_msgs: 2.2.4 (/opt/ros/galactic/share/visualization_msgs/cmake)
[2.125s] -- Found angles: 1.14.0 (/opt/ros/galactic/share/angles/cmake)
[2.127s] -- Found robot_state_publisher: 2.5.3 (/opt/ros/galactic/share/robot_state_publisher/cmake)
[2.177s] -- Found global_user: 0.0.0 (/home/zhengtu/Desktop/TUP-Vision-2023-Based/install/global_user/share/global_user/cmake)
[2.294s] -- Found global_interface: 0.0.0 (/home/zhengtu/Desktop/TUP-Vision-2023-Based/install/global_interface/share/global_interface/cmake)
[2.397s] -- Found image_transport: 2.5.0 (/opt/ros/galactic/share/image_transport/cmake)
[2.412s] -- Found camera_info_manager: 2.5.0 (/opt/ros/galactic/share/camera_info_manager/cmake)
[2.474s] -- Found PythonLibs: /usr/lib/x86_64-linux-gnu/libpython3.8.so (found version "3.8.10") 
[2.751s] -- Found Python3: /usr/bin/python3.8 (found version "3.8.10") found components: Interpreter Development 
[3.079s] -- Found Python3: /home/zhengtu/.local/lib/python3.8/site-packages/numpy/core/include (found version "3.8.10") found components: NumPy Interpreter Development 
[3.402s] -- Found ament_lint_auto: 0.10.7 (/opt/ros/galactic/share/ament_lint_auto/cmake)
[3.480s] -- Added test 'copyright' to check source files copyright and LICENSE
[3.481s] -- Added test 'cppcheck' to perform static code analysis on C / C++ code
[3.483s] -- Configured cppcheck include dirs: /home/zhengtu/Desktop/TUP-Vision-2023-Based/src/camera_driver/include;/home/zhengtu/Desktop/TUP-Vision-2023-Based/src/camera_driver/dependencies/hik_sdk/include;/home/zhengtu/Desktop/TUP-Vision-2023-Based/src/camera_driver/dependencies/daheng_sdk/include
[3.483s] -- Configured cppcheck exclude dirs and/or files: 
[3.484s] -- Added test 'cpplint' to check C / C++ code against the Google style
[3.485s] -- Configured cpplint exclude dirs and/or files: 
[3.485s] -- Added test 'flake8' to check Python code syntax and style conventions
[3.486s] -- Added test 'lint_cmake' to check CMake code style
[3.486s] -- Added test 'pep257' to check Python code against some of the style conventions in PEP 257
[3.488s] -- Added test 'uncrustify' to check C / C++ code style
[3.488s] -- Configured uncrustify additional arguments: 
[3.489s] -- Added test 'xmllint' to check XML markup files
[3.492s] -- Configuring done
[3.567s] -- Generating done
[3.569s] -- Build files have been written to: /home/zhengtu/Desktop/TUP-Vision-2023-Based/build/camera_driver
[3.580s] Invoked command in '/home/zhengtu/Desktop/TUP-Vision-2023-Based/build/camera_driver' returned '0': AMENT_PREFIX_PATH=/home/zhengtu/Desktop/TUP-Vision-2023-Based/install/global_user:/home/zhengtu/Desktop/TUP-Vision-2023-Based/install/global_interface:${AMENT_PREFIX_PATH} CMAKE_PREFIX_PATH=/home/zhengtu/Desktop/TUP-Vision-2023-Based/install/global_user:/home/zhengtu/Desktop/TUP-Vision-2023-Based/install/global_interface:/opt/ros/galactic LD_LIBRARY_PATH=/home/zhengtu/Desktop/TUP-Vision-2023-Based/install/global_user/lib:/home/zhengtu/Desktop/TUP-Vision-2023-Based/install/global_interface/lib:/opt/MVS/lib/64:/opt/MVS/lib/32:/opt/ros/galactic/opt/yaml_cpp_vendor/lib:/opt/ros/galactic/opt/rviz_ogre_vendor/lib:/opt/ros/galactic/lib/x86_64-linux-gnu:/opt/ros/galactic/lib:/opt/MVS/lib/64:/opt/MVS/lib/32:/opt/MVS/lib/64:/opt/MVS/lib/32:/opt/MVS/lib/64:/opt/MVS/lib/32 PYTHONPATH=/home/zhengtu/Desktop/TUP-Vision-2023-Based/install/global_interface/lib/python3.8/site-packages:${PYTHONPATH} /usr/bin/cmake /home/zhengtu/Desktop/TUP-Vision-2023-Based/src/camera_driver -DCMAKE_INSTALL_PREFIX=/home/zhengtu/Desktop/TUP-Vision-2023-Based/install/camera_driver
[3.585s] Invoking command in '/home/zhengtu/Desktop/TUP-Vision-2023-Based/build/camera_driver': AMENT_PREFIX_PATH=/home/zhengtu/Desktop/TUP-Vision-2023-Based/install/global_user:/home/zhengtu/Desktop/TUP-Vision-2023-Based/install/global_interface:${AMENT_PREFIX_PATH} CMAKE_PREFIX_PATH=/home/zhengtu/Desktop/TUP-Vision-2023-Based/install/global_user:/home/zhengtu/Desktop/TUP-Vision-2023-Based/install/global_interface:/opt/ros/galactic LD_LIBRARY_PATH=/home/zhengtu/Desktop/TUP-Vision-2023-Based/install/global_user/lib:/home/zhengtu/Desktop/TUP-Vision-2023-Based/install/global_interface/lib:/opt/MVS/lib/64:/opt/MVS/lib/32:/opt/ros/galactic/opt/yaml_cpp_vendor/lib:/opt/ros/galactic/opt/rviz_ogre_vendor/lib:/opt/ros/galactic/lib/x86_64-linux-gnu:/opt/ros/galactic/lib:/opt/MVS/lib/64:/opt/MVS/lib/32:/opt/MVS/lib/64:/opt/MVS/lib/32:/opt/MVS/lib/64:/opt/MVS/lib/32 PYTHONPATH=/home/zhengtu/Desktop/TUP-Vision-2023-Based/install/global_interface/lib/python3.8/site-packages:${PYTHONPATH} /usr/bin/cmake --build /home/zhengtu/Desktop/TUP-Vision-2023-Based/build/camera_driver -- -j16 -l16
[3.646s] [35m[1mScanning dependencies of target camera_driver[0m
[3.737s] [ 10%] [32mBuilding CXX object CMakeFiles/camera_driver.dir/src/usb_driver/usb_cam.cpp.o[0m
[3.739s] [ 20%] [32mBuilding CXX object CMakeFiles/camera_driver.dir/src/hik_driver/hik_camera.cpp.o[0m
[3.741s] [ 30%] [32mBuilding CXX object CMakeFiles/camera_driver.dir/src/daheng_driver/daheng_camera.cpp.o[0m
[6.741s] [01m[K/home/zhengtu/Desktop/TUP-Vision-2023-Based/src/camera_driver/src/hik_driver/hik_camera.cpp:[m[K In member function ‘[01m[Kbool camera_driver::hik_camera::set_trigger_mode(unsigned int, const char*, const char*, unsigned int, unsigned int, unsigned int, unsigned int, unsigned int, unsigned int)[m[K’:
[6.741s] [01m[K/home/zhengtu/Desktop/TUP-Vision-2023-Based/src/camera_driver/src/hik_driver/hik_camera.cpp:393:21:[m[K [01;35m[Kwarning: [m[Kunused parameter ‘[01m[Kacquisition_start[m[K’ [[01;35m[K-Wunused-parameter[m[K]
[6.741s]   393 |         [01;35m[Kconst char* acquisition_start[m[K,
[6.741s]       |         [01;35m[K~~~~~~~~~~~~^~~~~~~~~~~~~~~~~[m[K
[6.742s] [01m[K/home/zhengtu/Desktop/TUP-Vision-2023-Based/src/camera_driver/src/hik_driver/hik_camera.cpp:394:21:[m[K [01;35m[Kwarning: [m[Kunused parameter ‘[01m[Kacquisition_stop[m[K’ [[01;35m[K-Wunused-parameter[m[K]
[6.742s]   394 |         [01;35m[Kconst char* acquisition_stop[m[K,
[6.742s]       |         [01;35m[K~~~~~~~~~~~~^~~~~~~~~~~~~~~~[m[K
[6.742s] [01m[K/home/zhengtu/Desktop/TUP-Vision-2023-Based/src/camera_driver/src/hik_driver/hik_camera.cpp:396:22:[m[K [01;35m[Kwarning: [m[Kunused parameter ‘[01m[Ktrigger_selector[m[K’ [[01;35m[K-Wunused-parameter[m[K]
[6.742s]   396 |         [01;35m[Kunsigned int trigger_selector[m[K,
[6.742s]       |         [01;35m[K~~~~~~~~~~~~~^~~~~~~~~~~~~~~~[m[K
[6.743s] [01m[K/home/zhengtu/Desktop/TUP-Vision-2023-Based/src/camera_driver/src/hik_driver/hik_camera.cpp:398:22:[m[K [01;35m[Kwarning: [m[Kunused parameter ‘[01m[Ktrigger_source_line[m[K’ [[01;35m[K-Wunused-parameter[m[K]
[6.743s]   398 |         [01;35m[Kunsigned int trigger_source_line[m[K,
[6.743s]       |         [01;35m[K~~~~~~~~~~~~~^~~~~~~~~~~~~~~~~~~[m[K
[6.743s] [01m[K/home/zhengtu/Desktop/TUP-Vision-2023-Based/src/camera_driver/src/hik_driver/hik_camera.cpp:399:22:[m[K [01;35m[Kwarning: [m[Kunused parameter ‘[01m[Ktrigger_activation[m[K’ [[01;35m[K-Wunused-parameter[m[K]
[6.743s]   399 |         [01;35m[Kunsigned int trigger_activation[m[K,
[6.744s]       |         [01;35m[K~~~~~~~~~~~~~^~~~~~~~~~~~~~~~~~[m[K
[6.744s] [01m[K/home/zhengtu/Desktop/TUP-Vision-2023-Based/src/camera_driver/src/hik_driver/hik_camera.cpp:400:22:[m[K [01;35m[Kwarning: [m[Kunused parameter ‘[01m[Ktrigger_delay[m[K’ [[01;35m[K-Wunused-parameter[m[K]
[6.744s]   400 |         [01;35m[Kunsigned int trigger_delay[m[K)
[6.744s]       |         [01;35m[K~~~~~~~~~~~~~^~~~~~~~~~~~~[m[K
[6.744s] [01m[K/home/zhengtu/Desktop/TUP-Vision-2023-Based/src/camera_driver/src/hik_driver/hik_camera.cpp:[m[K In member function ‘[01m[Kbool camera_driver::hik_camera::set_digital_io_control(unsigned int, unsigned int, bool, unsigned int)[m[K’:
[6.744s] [01m[K/home/zhengtu/Desktop/TUP-Vision-2023-Based/src/camera_driver/src/hik_driver/hik_camera.cpp:510:5:[m[K [01;35m[Kwarning: [m[Kno return statement in function returning non-void [[01;35m[K-Wreturn-type[m[K]
[6.745s]   510 |     [01;35m[K}[m[K
[6.745s]       |     [01;35m[K^[m[K
[6.745s] [01m[K/home/zhengtu/Desktop/TUP-Vision-2023-Based/src/camera_driver/src/hik_driver/hik_camera.cpp:474:22:[m[K [01;35m[Kwarning: [m[Kunused parameter ‘[01m[Ktrigger_selector[m[K’ [[01;35m[K-Wunused-parameter[m[K]
[6.745s]   474 |         [01;35m[Kunsigned int trigger_selector[m[K)
[6.745s]       |         [01;35m[K~~~~~~~~~~~~~^~~~~~~~~~~~~~~~[m[K
[7.868s] [ 40%] [32m[1mLinking CXX shared library libcamera_driver.so[0m
[8.032s] [ 40%] Built target camera_driver
[8.048s] [35m[1mScanning dependencies of target hik_cam_driver_node[0m
[8.048s] [35m[1mScanning dependencies of target usb_cam_driver_node[0m
[8.049s] [35m[1mScanning dependencies of target daheng_cam_driver_node[0m
[8.112s] [ 50%] [32mBuilding CXX object CMakeFiles/daheng_cam_driver_node.dir/src/daheng_driver/daheng_cam_node.cpp.o[0m
[8.140s] [ 70%] [32mBuilding CXX object CMakeFiles/hik_cam_driver_node.dir/src/hik_driver/hik_cam_node.cpp.o[0m
[8.140s] [ 70%] [32mBuilding CXX object CMakeFiles/usb_cam_driver_node.dir/src/usb_driver/usb_cam_node.cpp.o[0m
[14.070s] [ 80%] [32m[1mLinking CXX executable daheng_cam_driver_node[0m
[14.540s] [ 90%] [32m[1mLinking CXX executable usb_cam_driver_node[0m
[14.629s] [ 90%] Built target daheng_cam_driver_node
[14.784s] [100%] [32m[1mLinking CXX executable hik_cam_driver_node[0m
[15.124s] [100%] Built target usb_cam_driver_node
[15.305s] [100%] Built target hik_cam_driver_node
[15.322s] Invoked command in '/home/zhengtu/Desktop/TUP-Vision-2023-Based/build/camera_driver' returned '0': AMENT_PREFIX_PATH=/home/zhengtu/Desktop/TUP-Vision-2023-Based/install/global_user:/home/zhengtu/Desktop/TUP-Vision-2023-Based/install/global_interface:${AMENT_PREFIX_PATH} CMAKE_PREFIX_PATH=/home/zhengtu/Desktop/TUP-Vision-2023-Based/install/global_user:/home/zhengtu/Desktop/TUP-Vision-2023-Based/install/global_interface:/opt/ros/galactic LD_LIBRARY_PATH=/home/zhengtu/Desktop/TUP-Vision-2023-Based/install/global_user/lib:/home/zhengtu/Desktop/TUP-Vision-2023-Based/install/global_interface/lib:/opt/MVS/lib/64:/opt/MVS/lib/32:/opt/ros/galactic/opt/yaml_cpp_vendor/lib:/opt/ros/galactic/opt/rviz_ogre_vendor/lib:/opt/ros/galactic/lib/x86_64-linux-gnu:/opt/ros/galactic/lib:/opt/MVS/lib/64:/opt/MVS/lib/32:/opt/MVS/lib/64:/opt/MVS/lib/32:/opt/MVS/lib/64:/opt/MVS/lib/32 PYTHONPATH=/home/zhengtu/Desktop/TUP-Vision-2023-Based/install/global_interface/lib/python3.8/site-packages:${PYTHONPATH} /usr/bin/cmake --build /home/zhengtu/Desktop/TUP-Vision-2023-Based/build/camera_driver -- -j16 -l16
[15.389s] Invoking command in '/home/zhengtu/Desktop/TUP-Vision-2023-Based/build/camera_driver': AMENT_PREFIX_PATH=/home/zhengtu/Desktop/TUP-Vision-2023-Based/install/global_user:/home/zhengtu/Desktop/TUP-Vision-2023-Based/install/global_interface:${AMENT_PREFIX_PATH} CMAKE_PREFIX_PATH=/home/zhengtu/Desktop/TUP-Vision-2023-Based/install/global_user:/home/zhengtu/Desktop/TUP-Vision-2023-Based/install/global_interface:/opt/ros/galactic LD_LIBRARY_PATH=/home/zhengtu/Desktop/TUP-Vision-2023-Based/install/global_user/lib:/home/zhengtu/Desktop/TUP-Vision-2023-Based/install/global_interface/lib:/opt/MVS/lib/64:/opt/MVS/lib/32:/opt/ros/galactic/opt/yaml_cpp_vendor/lib:/opt/ros/galactic/opt/rviz_ogre_vendor/lib:/opt/ros/galactic/lib/x86_64-linux-gnu:/opt/ros/galactic/lib:/opt/MVS/lib/64:/opt/MVS/lib/32:/opt/MVS/lib/64:/opt/MVS/lib/32:/opt/MVS/lib/64:/opt/MVS/lib/32 PYTHONPATH=/home/zhengtu/Desktop/TUP-Vision-2023-Based/install/global_interface/lib/python3.8/site-packages:${PYTHONPATH} /usr/bin/cmake --install /home/zhengtu/Desktop/TUP-Vision-2023-Based/build/camera_driver
[15.401s] -- Install configuration: ""
[15.402s] -- Installing: /home/zhengtu/Desktop/TUP-Vision-2023-Based/install/camera_driver/lib/libcamera_driver.so
[15.402s] -- Set runtime path of "/home/zhengtu/Desktop/TUP-Vision-2023-Based/install/camera_driver/lib/libcamera_driver.so" to ""
[15.402s] -- Installing: /home/zhengtu/Desktop/TUP-Vision-2023-Based/install/camera_driver/lib/camera_driver/usb_cam_driver_node
[15.403s] -- Set runtime path of "/home/zhengtu/Desktop/TUP-Vision-2023-Based/install/camera_driver/lib/camera_driver/usb_cam_driver_node" to ""
[15.403s] -- Installing: /home/zhengtu/Desktop/TUP-Vision-2023-Based/install/camera_driver/lib/camera_driver/hik_cam_driver_node
[15.404s] -- Set runtime path of "/home/zhengtu/Desktop/TUP-Vision-2023-Based/install/camera_driver/lib/camera_driver/hik_cam_driver_node" to ""
[15.405s] -- Installing: /home/zhengtu/Desktop/TUP-Vision-2023-Based/install/camera_driver/lib/camera_driver/daheng_cam_driver_node
[15.406s] -- Set runtime path of "/home/zhengtu/Desktop/TUP-Vision-2023-Based/install/camera_driver/lib/camera_driver/daheng_cam_driver_node" to ""
[15.406s] -- Installing: /home/zhengtu/Desktop/TUP-Vision-2023-Based/install/camera_driver/share/camera_driver/launch
[15.406s] -- Installing: /home/zhengtu/Desktop/TUP-Vision-2023-Based/install/camera_driver/share/camera_driver/launch/daheng_cam_node.launch.py
[15.406s] -- Installing: /home/zhengtu/Desktop/TUP-Vision-2023-Based/install/camera_driver/share/camera_driver/launch/usb_cam_node.launch.py
[15.407s] -- Installing: /home/zhengtu/Desktop/TUP-Vision-2023-Based/install/camera_driver/share/camera_driver/launch/hik_cam_node.launch.py
[15.407s] -- Installing: /home/zhengtu/Desktop/TUP-Vision-2023-Based/install/camera_driver/share/camera_driver/config
[15.407s] -- Installing: /home/zhengtu/Desktop/TUP-Vision-2023-Based/install/camera_driver/share/camera_driver/config/camera.yaml
[15.407s] -- Installing: /home/zhengtu/Desktop/TUP-Vision-2023-Based/install/camera_driver/share/ament_index/resource_index/package_run_dependencies/camera_driver
[15.407s] -- Installing: /home/zhengtu/Desktop/TUP-Vision-2023-Based/install/camera_driver/share/ament_index/resource_index/parent_prefix_path/camera_driver
[15.407s] -- Installing: /home/zhengtu/Desktop/TUP-Vision-2023-Based/install/camera_driver/share/camera_driver/environment/ament_prefix_path.sh
[15.407s] -- Installing: /home/zhengtu/Desktop/TUP-Vision-2023-Based/install/camera_driver/share/camera_driver/environment/ament_prefix_path.dsv
[15.407s] -- Installing: /home/zhengtu/Desktop/TUP-Vision-2023-Based/install/camera_driver/share/camera_driver/environment/path.sh
[15.407s] -- Installing: /home/zhengtu/Desktop/TUP-Vision-2023-Based/install/camera_driver/share/camera_driver/environment/path.dsv
[15.408s] -- Installing: /home/zhengtu/Desktop/TUP-Vision-2023-Based/install/camera_driver/share/camera_driver/local_setup.bash
[15.408s] -- Installing: /home/zhengtu/Desktop/TUP-Vision-2023-Based/install/camera_driver/share/camera_driver/local_setup.sh
[15.408s] -- Installing: /home/zhengtu/Desktop/TUP-Vision-2023-Based/install/camera_driver/share/camera_driver/local_setup.zsh
[15.408s] -- Installing: /home/zhengtu/Desktop/TUP-Vision-2023-Based/install/camera_driver/share/camera_driver/local_setup.dsv
[15.408s] -- Installing: /home/zhengtu/Desktop/TUP-Vision-2023-Based/install/camera_driver/share/camera_driver/package.dsv
[15.408s] -- Installing: /home/zhengtu/Desktop/TUP-Vision-2023-Based/install/camera_driver/share/ament_index/resource_index/packages/camera_driver
[15.408s] -- Installing: /home/zhengtu/Desktop/TUP-Vision-2023-Based/install/camera_driver/share/ament_index/resource_index/rclcpp_components/camera_driver
[15.408s] -- Installing: /home/zhengtu/Desktop/TUP-Vision-2023-Based/install/camera_driver/share/camera_driver/cmake/camera_driverConfig.cmake
[15.408s] -- Installing: /home/zhengtu/Desktop/TUP-Vision-2023-Based/install/camera_driver/share/camera_driver/cmake/camera_driverConfig-version.cmake
[15.408s] -- Installing: /home/zhengtu/Desktop/TUP-Vision-2023-Based/install/camera_driver/share/camera_driver/package.xml
[15.415s] Invoked command in '/home/zhengtu/Desktop/TUP-Vision-2023-Based/build/camera_driver' returned '0': AMENT_PREFIX_PATH=/home/zhengtu/Desktop/TUP-Vision-2023-Based/install/global_user:/home/zhengtu/Desktop/TUP-Vision-2023-Based/install/global_interface:${AMENT_PREFIX_PATH} CMAKE_PREFIX_PATH=/home/zhengtu/Desktop/TUP-Vision-2023-Based/install/global_user:/home/zhengtu/Desktop/TUP-Vision-2023-Based/install/global_interface:/opt/ros/galactic LD_LIBRARY_PATH=/home/zhengtu/Desktop/TUP-Vision-2023-Based/install/global_user/lib:/home/zhengtu/Desktop/TUP-Vision-2023-Based/install/global_interface/lib:/opt/MVS/lib/64:/opt/MVS/lib/32:/opt/ros/galactic/opt/yaml_cpp_vendor/lib:/opt/ros/galactic/opt/rviz_ogre_vendor/lib:/opt/ros/galactic/lib/x86_64-linux-gnu:/opt/ros/galactic/lib:/opt/MVS/lib/64:/opt/MVS/lib/32:/opt/MVS/lib/64:/opt/MVS/lib/32:/opt/MVS/lib/64:/opt/MVS/lib/32 PYTHONPATH=/home/zhengtu/Desktop/TUP-Vision-2023-Based/install/global_interface/lib/python3.8/site-packages:${PYTHONPATH} /usr/bin/cmake --install /home/zhengtu/Desktop/TUP-Vision-2023-Based/build/camera_driver
